[ 2015-10-16T10:17:45+08:00 ] ::1 /backup/wxtest/Home/DataStatistics/pub_index
INFO: [ app_init ] --START--
INFO: Run Behavior\BuildLiteBehavior [ RunTime:0.000039s ]
INFO: [ app_init ] --END-- [ RunTime:0.026216s ]
INFO: [ app_begin ] --START--
INFO: Run Behavior\ReadHtmlCacheBehavior [ RunTime:0.012424s ]
INFO: [ app_begin ] --END-- [ RunTime:0.012690s ]

[ 2015-10-16T10:17:45+08:00 ] ::1 /backup/wxtest/Home/Login/index.html
INFO: [ app_init ] --START--
INFO: Run Behavior\BuildLiteBehavior [ RunTime:0.000046s ]
INFO: [ app_init ] --END-- [ RunTime:0.000612s ]
INFO: [ app_begin ] --START--
INFO: Run Behavior\ReadHtmlCacheBehavior [ RunTime:0.000948s ]
INFO: [ app_begin ] --END-- [ RunTime:0.001214s ]
INFO: [ view_parse ] --START--
INFO: [ template_filter ] --START--
INFO: Run Behavior\ContentReplaceBehavior [ RunTime:0.000140s ]
INFO: [ template_filter ] --END-- [ RunTime:0.000650s ]
INFO: Run Behavior\ParseTemplateBehavior [ RunTime:0.041889s ]
INFO: [ view_parse ] --END-- [ RunTime:0.042080s ]
INFO: [ view_filter ] --START--
INFO: Run Behavior\WriteHtmlCacheBehavior [ RunTime:0.000796s ]
INFO: [ view_filter ] --END-- [ RunTime:0.001029s ]
INFO: [ app_end ] --START--
INFO: Run Behavior\ShowPageTraceBehavior [ RunTime:0.000991s ]
INFO: [ app_end ] --END-- [ RunTime:0.001177s ]

[ 2015-10-16T10:17:46+08:00 ] ::1 /backup/wxtest/Home/Login/index.html
INFO: [ app_init ] --START--
INFO: Run Behavior\BuildLiteBehavior [ RunTime:0.000033s ]
INFO: [ app_init ] --END-- [ RunTime:0.000553s ]
INFO: [ app_begin ] --START--
INFO: Run Behavior\ReadHtmlCacheBehavior [ RunTime:0.000890s ]
INFO: [ app_begin ] --END-- [ RunTime:0.001116s ]
INFO: [ view_parse ] --START--
INFO: [ template_filter ] --START--
INFO: Run Behavior\ContentReplaceBehavior [ RunTime:0.000112s ]
INFO: [ template_filter ] --END-- [ RunTime:0.000360s ]
INFO: Run Behavior\ParseTemplateBehavior [ RunTime:0.011826s ]
INFO: [ view_parse ] --END-- [ RunTime:0.012208s ]
INFO: [ view_filter ] --START--
INFO: Run Behavior\WriteHtmlCacheBehavior [ RunTime:0.000558s ]
INFO: [ view_filter ] --END-- [ RunTime:0.000775s ]
INFO: [ app_end ] --START--
INFO: Run Behavior\ShowPageTraceBehavior [ RunTime:0.000899s ]
INFO: [ app_end ] --END-- [ RunTime:0.001147s ]

[ 2015-10-16T10:17:49+08:00 ] ::1 /backup/wxtest/Home/Login/dologin.html
INFO: [ app_init ] --START--
INFO: Run Behavior\BuildLiteBehavior [ RunTime:0.000030s ]
INFO: [ app_init ] --END-- [ RunTime:0.000520s ]
INFO: [ app_begin ] --START--
INFO: Run Behavior\ReadHtmlCacheBehavior [ RunTime:0.000530s ]
INFO: [ app_begin ] --END-- [ RunTime:0.000675s ]
SQL: SHOW COLUMNS FROM `wx_user` [ RunTime:0.1423s ]
SQL: SELECT * FROM `wx_user` WHERE `user_name` = 'admin' LIMIT 1   [ RunTime:0.0152s ]
SQL: UPDATE `wx_user` SET `user_logtime`='1444961868' WHERE ( id=1 ) [ RunTime:0.0601s ]

[ 2015-10-16T10:17:49+08:00 ] ::1 /backup/wxtest/Home/Login/Index/index
INFO: [ app_init ] --START--
INFO: Run Behavior\BuildLiteBehavior [ RunTime:0.000048s ]
INFO: [ app_init ] --END-- [ RunTime:0.000671s ]
INFO: [ app_begin ] --START--
INFO: Run Behavior\ReadHtmlCacheBehavior [ RunTime:0.000864s ]
INFO: [ app_begin ] --END-- [ RunTime:0.001218s ]

[ 2015-10-16T10:17:49+08:00 ] ::1 /backup/wxtest/Home/Index/index.html
INFO: [ app_init ] --START--
INFO: Run Behavior\BuildLiteBehavior [ RunTime:0.000040s ]
INFO: [ app_init ] --END-- [ RunTime:0.000442s ]
INFO: [ app_begin ] --START--
INFO: Run Behavior\ReadHtmlCacheBehavior [ RunTime:0.000488s ]
INFO: [ app_begin ] --END-- [ RunTime:0.000635s ]
SQL: SHOW COLUMNS FROM `wx_role` [ RunTime:0.0323s ]
INFO: [ view_parse ] --START--
INFO: [ template_filter ] --START--
INFO: Run Behavior\ContentReplaceBehavior [ RunTime:0.000136s ]
INFO: [ template_filter ] --END-- [ RunTime:0.000295s ]
INFO: Run Behavior\ParseTemplateBehavior [ RunTime:0.036371s ]
INFO: [ view_parse ] --END-- [ RunTime:0.036569s ]
INFO: [ view_filter ] --START--
INFO: Run Behavior\WriteHtmlCacheBehavior [ RunTime:0.000658s ]
INFO: [ view_filter ] --END-- [ RunTime:0.000836s ]
INFO: [ app_end ] --START--
INFO: Run Behavior\ShowPageTraceBehavior [ RunTime:0.000948s ]
INFO: [ app_end ] --END-- [ RunTime:0.001158s ]

[ 2015-10-16T10:17:51+08:00 ] ::1 /backup/wxtest/Home/Manage/pub_list.html
INFO: [ app_init ] --START--
INFO: Run Behavior\BuildLiteBehavior [ RunTime:0.000056s ]
INFO: [ app_init ] --END-- [ RunTime:0.000920s ]
INFO: [ app_begin ] --START--
INFO: Run Behavior\ReadHtmlCacheBehavior [ RunTime:0.000794s ]
INFO: [ app_begin ] --END-- [ RunTime:0.001072s ]
SQL: SHOW COLUMNS FROM `wx_account` [ RunTime:0.5627s ]
SQL: SELECT * FROM `wx_account` WHERE ( id=1 ) LIMIT 1   [ RunTime:0.0004s ]
SQL: SELECT * FROM `wx_account` WHERE ( id=1 ) LIMIT 1   [ RunTime:0.0003s ]
SQL: UPDATE `wx_account` SET `access_token`=NULL,`token_c_time`='1444961871',`token_e_time`=NULL WHERE ( id=1 ) [ RunTime:0.0469s ]
SQL: UPDATE `wx_account` SET `preauthcode`=NULL,`preauthcode_c_time`='1444961871',`preauthcode_e_time`=NULL WHERE ( id=1 ) [ RunTime:0.0323s ]
SQL: SHOW COLUMNS FROM `wx_pub_account` [ RunTime:0.0223s ]
SQL: SELECT COUNT(*) AS tp_count FROM `wx_pub_account` LIMIT 1   [ RunTime:0.0272s ]
NOTIC: [8] Undefined index: gid D:\wamp\www\backup\wxtest\Application\Home\Controller\ManageController.class.php 第 20 行.
NOTIC: [8] Undefined index: gid D:\wamp\www\backup\wxtest\Application\Home\Controller\ManageController.class.php 第 21 行.
SQL: SELECT * FROM `wx_pub_account` ORDER BY create_time desc LIMIT 0,20   [ RunTime:0.0005s ]
SQL: SHOW COLUMNS FROM `wx_group` [ RunTime:0.0172s ]
SQL: select '全部' gname,0 gid ,count(1) groupno  from wx_pub_account union (select IFNULL(b.gname,'待分组') gname,IFNULL(b.id,0) gid,count(1) groupno  from wx_pub_account a left join  (select * from wx_group where type=1) b   on  a.pub_group = b.id group by b.gname order by a.pub_group); [ RunTime:0.0317s ]
SQL: select id,gname from wx_group where type = 1 order by id; [ RunTime:0.0003s ]
SQL: SHOW COLUMNS FROM `wx_cityarea_info` [ RunTime:0.0224s ]
SQL: select * from wx_cityarea_info where type=1; [ RunTime:0.0004s ]
INFO: [ view_parse ] --START--
INFO: [ template_filter ] --START--
INFO: Run Behavior\ContentReplaceBehavior [ RunTime:0.000190s ]
INFO: [ template_filter ] --END-- [ RunTime:0.000358s ]
NOTIC: [8] Use of undefined constant gid - assumed 'gid' D:\wamp\www\backup\wxtest\Application\Runtime\Cache\Home\c618b6a8bf343c6c90dcc71db2f99d53.php 第 98 行.
NOTIC: [8] Use of undefined constant gid - assumed 'gid' D:\wamp\www\backup\wxtest\Application\Runtime\Cache\Home\c618b6a8bf343c6c90dcc71db2f99d53.php 第 98 行.
NOTIC: [8] Use of undefined constant gid - assumed 'gid' D:\wamp\www\backup\wxtest\Application\Runtime\Cache\Home\c618b6a8bf343c6c90dcc71db2f99d53.php 第 98 行.
NOTIC: [8] Use of undefined constant id - assumed 'id' D:\wamp\www\backup\wxtest\Application\Runtime\Cache\Home\c618b6a8bf343c6c90dcc71db2f99d53.php 第 156 行.
NOTIC: [8] Use of undefined constant id - assumed 'id' D:\wamp\www\backup\wxtest\Application\Runtime\Cache\Home\c618b6a8bf343c6c90dcc71db2f99d53.php 第 157 行.
NOTIC: [8] Use of undefined constant id - assumed 'id' D:\wamp\www\backup\wxtest\Application\Runtime\Cache\Home\c618b6a8bf343c6c90dcc71db2f99d53.php 第 158 行.
NOTIC: [8] Use of undefined constant id - assumed 'id' D:\wamp\www\backup\wxtest\Application\Runtime\Cache\Home\c618b6a8bf343c6c90dcc71db2f99d53.php 第 160 行.
NOTIC: [8] Use of undefined constant id - assumed 'id' D:\wamp\www\backup\wxtest\Application\Runtime\Cache\Home\c618b6a8bf343c6c90dcc71db2f99d53.php 第 161 行.
NOTIC: [8] Use of undefined constant selected - assumed 'selected' D:\wamp\www\backup\wxtest\Application\Runtime\Cache\Home\c618b6a8bf343c6c90dcc71db2f99d53.php 第 178 行.
NOTIC: [8] Use of undefined constant id - assumed 'id' D:\wamp\www\backup\wxtest\Application\Runtime\Cache\Home\c618b6a8bf343c6c90dcc71db2f99d53.php 第 156 行.
NOTIC: [8] Use of undefined constant id - assumed 'id' D:\wamp\www\backup\wxtest\Application\Runtime\Cache\Home\c618b6a8bf343c6c90dcc71db2f99d53.php 第 157 行.
NOTIC: [8] Use of undefined constant id - assumed 'id' D:\wamp\www\backup\wxtest\Application\Runtime\Cache\Home\c618b6a8bf343c6c90dcc71db2f99d53.php 第 158 行.
NOTIC: [8] Use of undefined constant id - assumed 'id' D:\wamp\www\backup\wxtest\Application\Runtime\Cache\Home\c618b6a8bf343c6c90dcc71db2f99d53.php 第 160 行.
NOTIC: [8] Use of undefined constant id - assumed 'id' D:\wamp\www\backup\wxtest\Application\Runtime\Cache\Home\c618b6a8bf343c6c90dcc71db2f99d53.php 第 161 行.
NOTIC: [8] Use of undefined constant selected - assumed 'selected' D:\wamp\www\backup\wxtest\Application\Runtime\Cache\Home\c618b6a8bf343c6c90dcc71db2f99d53.php 第 178 行.
NOTIC: [8] Use of undefined constant id - assumed 'id' D:\wamp\www\backup\wxtest\Application\Runtime\Cache\Home\c618b6a8bf343c6c90dcc71db2f99d53.php 第 156 行.
NOTIC: [8] Use of undefined constant id - assumed 'id' D:\wamp\www\backup\wxtest\Application\Runtime\Cache\Home\c618b6a8bf343c6c90dcc71db2f99d53.php 第 157 行.
NOTIC: [8] Use of undefined constant id - assumed 'id' D:\wamp\www\backup\wxtest\Application\Runtime\Cache\Home\c618b6a8bf343c6c90dcc71db2f99d53.php 第 158 行.
NOTIC: [8] Use of undefined constant id - assumed 'id' D:\wamp\www\backup\wxtest\Application\Runtime\Cache\Home\c618b6a8bf343c6c90dcc71db2f99d53.php 第 160 行.
NOTIC: [8] Use of undefined constant id - assumed 'id' D:\wamp\www\backup\wxtest\Application\Runtime\Cache\Home\c618b6a8bf343c6c90dcc71db2f99d53.php 第 161 行.
NOTIC: [8] Use of undefined constant selected - assumed 'selected' D:\wamp\www\backup\wxtest\Application\Runtime\Cache\Home\c618b6a8bf343c6c90dcc71db2f99d53.php 第 178 行.
NOTIC: [8] Use of undefined constant pub_id - assumed 'pub_id' D:\wamp\www\backup\wxtest\Application\Runtime\Cache\Home\c618b6a8bf343c6c90dcc71db2f99d53.php 第 222 行.
NOTIC: [8] Use of undefined constant group_id - assumed 'group_id' D:\wamp\www\backup\wxtest\Application\Runtime\Cache\Home\c618b6a8bf343c6c90dcc71db2f99d53.php 第 222 行.
INFO: Run Behavior\ParseTemplateBehavior [ RunTime:0.048989s ]
INFO: [ view_parse ] --END-- [ RunTime:0.049131s ]
INFO: [ view_filter ] --START--
INFO: Run Behavior\WriteHtmlCacheBehavior [ RunTime:0.001450s ]
INFO: [ view_filter ] --END-- [ RunTime:0.001636s ]
INFO: [ app_end ] --START--
INFO: Run Behavior\ShowPageTraceBehavior [ RunTime:0.001055s ]
INFO: [ app_end ] --END-- [ RunTime:0.001366s ]

[ 2015-10-16T10:17:58+08:00 ] ::1 /backup/wxtest/Home/DataStatistics/pub_index
INFO: [ app_init ] --START--
INFO: Run Behavior\BuildLiteBehavior [ RunTime:0.000056s ]
INFO: [ app_init ] --END-- [ RunTime:0.000801s ]
INFO: [ app_begin ] --START--
INFO: Run Behavior\ReadHtmlCacheBehavior [ RunTime:0.000969s ]
INFO: [ app_begin ] --END-- [ RunTime:0.001254s ]
INFO: [ view_parse ] --START--
INFO: [ template_filter ] --START--
INFO: Run Behavior\ContentReplaceBehavior [ RunTime:0.000189s ]
INFO: [ template_filter ] --END-- [ RunTime:0.000330s ]
NOTIC: [8] Undefined variable: shi D:\wamp\www\backup\wxtest\Application\Runtime\Cache\Home\c80f87e60f65b96d5f34823704c88ae6.php 第 216 行.
NOTIC: [8] Undefined variable: atName D:\wamp\www\backup\wxtest\Application\Runtime\Cache\Home\c80f87e60f65b96d5f34823704c88ae6.php 第 218 行.
NOTIC: [8] Undefined variable: result D:\wamp\www\backup\wxtest\Application\Runtime\Cache\Home\c80f87e60f65b96d5f34823704c88ae6.php 第 249 行.
NOTIC: [8] Undefined variable: show D:\wamp\www\backup\wxtest\Application\Runtime\Cache\Home\c80f87e60f65b96d5f34823704c88ae6.php 第 272 行.
INFO: Run Behavior\ParseTemplateBehavior [ RunTime:0.063405s ]
INFO: [ view_parse ] --END-- [ RunTime:0.063539s ]
INFO: [ view_filter ] --START--
INFO: Run Behavior\WriteHtmlCacheBehavior [ RunTime:0.000279s ]
INFO: [ view_filter ] --END-- [ RunTime:0.000399s ]
INFO: [ app_end ] --START--
INFO: Run Behavior\ShowPageTraceBehavior [ RunTime:0.003509s ]
INFO: [ app_end ] --END-- [ RunTime:0.004276s ]

[ 2015-10-16T10:19:45+08:00 ] ::1 /backup/wxtest/Home/DataStatistics/pub_index
INFO: [ app_init ] --START--
INFO: Run Behavior\BuildLiteBehavior [ RunTime:0.000034s ]
INFO: [ app_init ] --END-- [ RunTime:0.000520s ]
INFO: [ app_begin ] --START--
INFO: Run Behavior\ReadHtmlCacheBehavior [ RunTime:0.001019s ]
INFO: [ app_begin ] --END-- [ RunTime:0.001991s ]
INFO: [ view_parse ] --START--
INFO: [ template_filter ] --START--
INFO: Run Behavior\ContentReplaceBehavior [ RunTime:0.000277s ]
INFO: [ template_filter ] --END-- [ RunTime:0.000545s ]
NOTIC: [8] Undefined variable: shi D:\wamp\www\backup\wxtest\Application\Runtime\Cache\Home\c80f87e60f65b96d5f34823704c88ae6.php 第 216 行.
NOTIC: [8] Undefined variable: atName D:\wamp\www\backup\wxtest\Application\Runtime\Cache\Home\c80f87e60f65b96d5f34823704c88ae6.php 第 218 行.
NOTIC: [8] Undefined variable: result D:\wamp\www\backup\wxtest\Application\Runtime\Cache\Home\c80f87e60f65b96d5f34823704c88ae6.php 第 251 行.
NOTIC: [8] Undefined variable: show D:\wamp\www\backup\wxtest\Application\Runtime\Cache\Home\c80f87e60f65b96d5f34823704c88ae6.php 第 274 行.
INFO: Run Behavior\ParseTemplateBehavior [ RunTime:0.021893s ]
INFO: [ view_parse ] --END-- [ RunTime:0.022116s ]
INFO: [ view_filter ] --START--
INFO: Run Behavior\WriteHtmlCacheBehavior [ RunTime:0.000612s ]
INFO: [ view_filter ] --END-- [ RunTime:0.000898s ]
INFO: [ app_end ] --START--
INFO: Run Behavior\ShowPageTraceBehavior [ RunTime:0.010123s ]
INFO: [ app_end ] --END-- [ RunTime:0.010426s ]

[ 2015-10-16T10:23:46+08:00 ] ::1 /backup/wxtest/Home/DataStatistics/pub_index
INFO: [ app_init ] --START--
INFO: Run Behavior\BuildLiteBehavior [ RunTime:0.000049s ]
INFO: [ app_init ] --END-- [ RunTime:0.000795s ]
INFO: [ app_begin ] --START--
INFO: Run Behavior\ReadHtmlCacheBehavior [ RunTime:0.000551s ]
INFO: [ app_begin ] --END-- [ RunTime:0.000696s ]
INFO: [ view_parse ] --START--
INFO: [ template_filter ] --START--
INFO: Run Behavior\ContentReplaceBehavior [ RunTime:0.000138s ]
INFO: [ template_filter ] --END-- [ RunTime:0.000312s ]
NOTIC: [8] Undefined variable: shi D:\wamp\www\backup\wxtest\Application\Runtime\Cache\Home\c80f87e60f65b96d5f34823704c88ae6.php 第 216 行.
NOTIC: [8] Undefined variable: atName D:\wamp\www\backup\wxtest\Application\Runtime\Cache\Home\c80f87e60f65b96d5f34823704c88ae6.php 第 218 行.
NOTIC: [8] Undefined variable: result D:\wamp\www\backup\wxtest\Application\Runtime\Cache\Home\c80f87e60f65b96d5f34823704c88ae6.php 第 251 行.
NOTIC: [8] Undefined variable: show D:\wamp\www\backup\wxtest\Application\Runtime\Cache\Home\c80f87e60f65b96d5f34823704c88ae6.php 第 274 行.
INFO: Run Behavior\ParseTemplateBehavior [ RunTime:0.013468s ]
INFO: [ view_parse ] --END-- [ RunTime:0.013608s ]
INFO: [ view_filter ] --START--
INFO: Run Behavior\WriteHtmlCacheBehavior [ RunTime:0.000422s ]
INFO: [ view_filter ] --END-- [ RunTime:0.000545s ]
INFO: [ app_end ] --START--
INFO: Run Behavior\ShowPageTraceBehavior [ RunTime:0.002593s ]
INFO: [ app_end ] --END-- [ RunTime:0.002939s ]

[ 2015-10-16T10:24:14+08:00 ] ::1 /backup/wxtest/Home/DataStatistics/pub_index
INFO: [ app_init ] --START--
INFO: Run Behavior\BuildLiteBehavior [ RunTime:0.000052s ]
INFO: [ app_init ] --END-- [ RunTime:0.000684s ]
INFO: [ app_begin ] --START--
INFO: Run Behavior\ReadHtmlCacheBehavior [ RunTime:0.000738s ]
INFO: [ app_begin ] --END-- [ RunTime:0.000965s ]
INFO: [ view_parse ] --START--
INFO: [ template_filter ] --START--
INFO: Run Behavior\ContentReplaceBehavior [ RunTime:0.000370s ]
INFO: [ template_filter ] --END-- [ RunTime:0.000722s ]
NOTIC: [8] Undefined variable: shi D:\wamp\www\backup\wxtest\Application\Runtime\Cache\Home\c80f87e60f65b96d5f34823704c88ae6.php 第 216 行.
NOTIC: [8] Undefined variable: atName D:\wamp\www\backup\wxtest\Application\Runtime\Cache\Home\c80f87e60f65b96d5f34823704c88ae6.php 第 218 行.
NOTIC: [8] Undefined variable: result D:\wamp\www\backup\wxtest\Application\Runtime\Cache\Home\c80f87e60f65b96d5f34823704c88ae6.php 第 251 行.
NOTIC: [8] Undefined variable: show D:\wamp\www\backup\wxtest\Application\Runtime\Cache\Home\c80f87e60f65b96d5f34823704c88ae6.php 第 274 行.
INFO: Run Behavior\ParseTemplateBehavior [ RunTime:0.019237s ]
INFO: [ view_parse ] --END-- [ RunTime:0.019445s ]
INFO: [ view_filter ] --START--
INFO: Run Behavior\WriteHtmlCacheBehavior [ RunTime:0.000709s ]
INFO: [ view_filter ] --END-- [ RunTime:0.000953s ]
INFO: [ app_end ] --START--
INFO: Run Behavior\ShowPageTraceBehavior [ RunTime:0.001435s ]
INFO: [ app_end ] --END-- [ RunTime:0.001693s ]

[ 2015-10-16T10:25:02+08:00 ] ::1 /backup/wxtest/Home/DataStatistics/pub_index
INFO: [ app_init ] --START--
INFO: Run Behavior\BuildLiteBehavior [ RunTime:0.000052s ]
INFO: [ app_init ] --END-- [ RunTime:0.000860s ]
INFO: [ app_begin ] --START--
INFO: Run Behavior\ReadHtmlCacheBehavior [ RunTime:0.000657s ]
INFO: [ app_begin ] --END-- [ RunTime:0.000831s ]
INFO: [ view_parse ] --START--
INFO: [ template_filter ] --START--
INFO: Run Behavior\ContentReplaceBehavior [ RunTime:0.000155s ]
INFO: [ template_filter ] --END-- [ RunTime:0.000310s ]
NOTIC: [8] Undefined variable: shi D:\wamp\www\backup\wxtest\Application\Runtime\Cache\Home\c80f87e60f65b96d5f34823704c88ae6.php 第 216 行.
NOTIC: [8] Undefined variable: atName D:\wamp\www\backup\wxtest\Application\Runtime\Cache\Home\c80f87e60f65b96d5f34823704c88ae6.php 第 218 行.
NOTIC: [8] Undefined variable: result D:\wamp\www\backup\wxtest\Application\Runtime\Cache\Home\c80f87e60f65b96d5f34823704c88ae6.php 第 251 行.
NOTIC: [8] Undefined variable: show D:\wamp\www\backup\wxtest\Application\Runtime\Cache\Home\c80f87e60f65b96d5f34823704c88ae6.php 第 274 行.
INFO: Run Behavior\ParseTemplateBehavior [ RunTime:0.015267s ]
INFO: [ view_parse ] --END-- [ RunTime:0.015522s ]
INFO: [ view_filter ] --START--
INFO: Run Behavior\WriteHtmlCacheBehavior [ RunTime:0.000674s ]
INFO: [ view_filter ] --END-- [ RunTime:0.000978s ]
INFO: [ app_end ] --START--
INFO: Run Behavior\ShowPageTraceBehavior [ RunTime:0.001284s ]
INFO: [ app_end ] --END-- [ RunTime:0.001540s ]

[ 2015-10-16T10:33:23+08:00 ] ::1 /backup/wxtest/Home/DataStatistics/pub_index
INFO: [ app_init ] --START--
INFO: Run Behavior\BuildLiteBehavior [ RunTime:0.000060s ]
INFO: [ app_init ] --END-- [ RunTime:0.000846s ]
INFO: [ app_begin ] --START--
INFO: Run Behavior\ReadHtmlCacheBehavior [ RunTime:0.000891s ]
INFO: [ app_begin ] --END-- [ RunTime:0.001141s ]
INFO: [ view_parse ] --START--
INFO: [ template_filter ] --START--
INFO: Run Behavior\ContentReplaceBehavior [ RunTime:0.000279s ]
INFO: [ template_filter ] --END-- [ RunTime:0.000559s ]
NOTIC: [8] Undefined variable: shi D:\wamp\www\backup\wxtest\Application\Runtime\Cache\Home\c80f87e60f65b96d5f34823704c88ae6.php 第 216 行.
NOTIC: [8] Undefined variable: atName D:\wamp\www\backup\wxtest\Application\Runtime\Cache\Home\c80f87e60f65b96d5f34823704c88ae6.php 第 218 行.
NOTIC: [8] Undefined variable: result D:\wamp\www\backup\wxtest\Application\Runtime\Cache\Home\c80f87e60f65b96d5f34823704c88ae6.php 第 251 行.
NOTIC: [8] Undefined variable: show D:\wamp\www\backup\wxtest\Application\Runtime\Cache\Home\c80f87e60f65b96d5f34823704c88ae6.php 第 274 行.
INFO: Run Behavior\ParseTemplateBehavior [ RunTime:0.028047s ]
INFO: [ view_parse ] --END-- [ RunTime:0.028301s ]
INFO: [ view_filter ] --START--
INFO: Run Behavior\WriteHtmlCacheBehavior [ RunTime:0.000726s ]
INFO: [ view_filter ] --END-- [ RunTime:0.001012s ]
INFO: [ app_end ] --START--
INFO: Run Behavior\ShowPageTraceBehavior [ RunTime:0.001413s ]
INFO: [ app_end ] --END-- [ RunTime:0.001680s ]

[ 2015-10-16T10:33:37+08:00 ] ::1 /backup/wxtest/Home/DataStatistics/pub_index
INFO: [ app_init ] --START--
INFO: Run Behavior\BuildLiteBehavior [ RunTime:0.000045s ]
INFO: [ app_init ] --END-- [ RunTime:0.000771s ]
INFO: [ app_begin ] --START--
INFO: Run Behavior\ReadHtmlCacheBehavior [ RunTime:0.000634s ]
INFO: [ app_begin ] --END-- [ RunTime:0.000803s ]
INFO: [ view_parse ] --START--
INFO: [ template_filter ] --START--
INFO: Run Behavior\ContentReplaceBehavior [ RunTime:0.000153s ]
INFO: [ template_filter ] --END-- [ RunTime:0.000308s ]
NOTIC: [8] Undefined variable: shi D:\wamp\www\backup\wxtest\Application\Runtime\Cache\Home\c80f87e60f65b96d5f34823704c88ae6.php 第 216 行.
NOTIC: [8] Undefined variable: atName D:\wamp\www\backup\wxtest\Application\Runtime\Cache\Home\c80f87e60f65b96d5f34823704c88ae6.php 第 218 行.
NOTIC: [8] Undefined variable: result D:\wamp\www\backup\wxtest\Application\Runtime\Cache\Home\c80f87e60f65b96d5f34823704c88ae6.php 第 251 行.
NOTIC: [8] Undefined variable: show D:\wamp\www\backup\wxtest\Application\Runtime\Cache\Home\c80f87e60f65b96d5f34823704c88ae6.php 第 274 行.
INFO: Run Behavior\ParseTemplateBehavior [ RunTime:0.016637s ]
INFO: [ view_parse ] --END-- [ RunTime:0.016823s ]
INFO: [ view_filter ] --START--
INFO: Run Behavior\WriteHtmlCacheBehavior [ RunTime:0.000440s ]
INFO: [ view_filter ] --END-- [ RunTime:0.000607s ]
INFO: [ app_end ] --START--
INFO: Run Behavior\ShowPageTraceBehavior [ RunTime:0.004361s ]
INFO: [ app_end ] --END-- [ RunTime:0.004645s ]

[ 2015-10-16T10:33:46+08:00 ] ::1 /backup/wxtest/Home/DataStatistics/pub_index
INFO: [ app_init ] --START--
INFO: Run Behavior\BuildLiteBehavior [ RunTime:0.000052s ]
INFO: [ app_init ] --END-- [ RunTime:0.000965s ]
INFO: [ app_begin ] --START--
INFO: Run Behavior\ReadHtmlCacheBehavior [ RunTime:0.001069s ]
INFO: [ app_begin ] --END-- [ RunTime:0.001382s ]
INFO: [ view_parse ] --START--
INFO: [ template_filter ] --START--
INFO: Run Behavior\ContentReplaceBehavior [ RunTime:0.000276s ]
INFO: [ template_filter ] --END-- [ RunTime:0.000573s ]
NOTIC: [8] Undefined variable: shi D:\wamp\www\backup\wxtest\Application\Runtime\Cache\Home\c80f87e60f65b96d5f34823704c88ae6.php 第 216 行.
NOTIC: [8] Undefined variable: atName D:\wamp\www\backup\wxtest\Application\Runtime\Cache\Home\c80f87e60f65b96d5f34823704c88ae6.php 第 218 行.
NOTIC: [8] Undefined variable: result D:\wamp\www\backup\wxtest\Application\Runtime\Cache\Home\c80f87e60f65b96d5f34823704c88ae6.php 第 251 行.
NOTIC: [8] Undefined variable: show D:\wamp\www\backup\wxtest\Application\Runtime\Cache\Home\c80f87e60f65b96d5f34823704c88ae6.php 第 274 行.
INFO: Run Behavior\ParseTemplateBehavior [ RunTime:0.066861s ]
INFO: [ view_parse ] --END-- [ RunTime:0.067119s ]
INFO: [ view_filter ] --START--
INFO: Run Behavior\WriteHtmlCacheBehavior [ RunTime:0.000635s ]
INFO: [ view_filter ] --END-- [ RunTime:0.000882s ]
INFO: [ app_end ] --START--
INFO: Run Behavior\ShowPageTraceBehavior [ RunTime:0.003884s ]
INFO: [ app_end ] --END-- [ RunTime:0.004147s ]

[ 2015-10-16T10:33:47+08:00 ] ::1 /backup/wxtest/Home/DataStatistics/pub_index
INFO: [ app_init ] --START--
INFO: Run Behavior\BuildLiteBehavior [ RunTime:0.000062s ]
INFO: [ app_init ] --END-- [ RunTime:0.000660s ]
INFO: [ app_begin ] --START--
INFO: Run Behavior\ReadHtmlCacheBehavior [ RunTime:0.001037s ]
INFO: [ app_begin ] --END-- [ RunTime:0.001296s ]
INFO: [ view_parse ] --START--
INFO: [ template_filter ] --START--
INFO: Run Behavior\ContentReplaceBehavior [ RunTime:0.000235s ]
INFO: [ template_filter ] --END-- [ RunTime:0.000445s ]
NOTIC: [8] Undefined variable: shi D:\wamp\www\backup\wxtest\Application\Runtime\Cache\Home\c80f87e60f65b96d5f34823704c88ae6.php 第 216 行.
NOTIC: [8] Undefined variable: atName D:\wamp\www\backup\wxtest\Application\Runtime\Cache\Home\c80f87e60f65b96d5f34823704c88ae6.php 第 218 行.
NOTIC: [8] Undefined variable: result D:\wamp\www\backup\wxtest\Application\Runtime\Cache\Home\c80f87e60f65b96d5f34823704c88ae6.php 第 251 行.
NOTIC: [8] Undefined variable: show D:\wamp\www\backup\wxtest\Application\Runtime\Cache\Home\c80f87e60f65b96d5f34823704c88ae6.php 第 274 行.
INFO: Run Behavior\ParseTemplateBehavior [ RunTime:0.020876s ]
INFO: [ view_parse ] --END-- [ RunTime:0.021094s ]
INFO: [ view_filter ] --START--
INFO: Run Behavior\WriteHtmlCacheBehavior [ RunTime:0.000461s ]
INFO: [ view_filter ] --END-- [ RunTime:0.000600s ]
INFO: [ app_end ] --START--
INFO: Run Behavior\ShowPageTraceBehavior [ RunTime:0.002548s ]
INFO: [ app_end ] --END-- [ RunTime:0.002770s ]

[ 2015-10-16T10:33:48+08:00 ] ::1 /backup/wxtest/Home/DataStatistics/pub_index
INFO: [ app_init ] --START--
INFO: Run Behavior\BuildLiteBehavior [ RunTime:0.000070s ]
INFO: [ app_init ] --END-- [ RunTime:0.001054s ]
INFO: [ app_begin ] --START--
INFO: Run Behavior\ReadHtmlCacheBehavior [ RunTime:0.000902s ]
INFO: [ app_begin ] --END-- [ RunTime:0.001209s ]
INFO: [ view_parse ] --START--
INFO: [ template_filter ] --START--
INFO: Run Behavior\ContentReplaceBehavior [ RunTime:0.000247s ]
INFO: [ template_filter ] --END-- [ RunTime:0.000535s ]
NOTIC: [8] Undefined variable: shi D:\wamp\www\backup\wxtest\Application\Runtime\Cache\Home\c80f87e60f65b96d5f34823704c88ae6.php 第 216 行.
NOTIC: [8] Undefined variable: atName D:\wamp\www\backup\wxtest\Application\Runtime\Cache\Home\c80f87e60f65b96d5f34823704c88ae6.php 第 218 行.
NOTIC: [8] Undefined variable: result D:\wamp\www\backup\wxtest\Application\Runtime\Cache\Home\c80f87e60f65b96d5f34823704c88ae6.php 第 251 行.
NOTIC: [8] Undefined variable: show D:\wamp\www\backup\wxtest\Application\Runtime\Cache\Home\c80f87e60f65b96d5f34823704c88ae6.php 第 274 行.
INFO: Run Behavior\ParseTemplateBehavior [ RunTime:0.016256s ]
INFO: [ view_parse ] --END-- [ RunTime:0.016410s ]
INFO: [ view_filter ] --START--
INFO: Run Behavior\WriteHtmlCacheBehavior [ RunTime:0.000314s ]
INFO: [ view_filter ] --END-- [ RunTime:0.000461s ]
INFO: [ app_end ] --START--
INFO: Run Behavior\ShowPageTraceBehavior [ RunTime:0.000755s ]
INFO: [ app_end ] --END-- [ RunTime:0.000968s ]

[ 2015-10-16T10:33:59+08:00 ] ::1 /backup/wxtest/Home/DataStatistics/pub_index
INFO: [ app_init ] --START--
INFO: Run Behavior\BuildLiteBehavior [ RunTime:0.000060s ]
INFO: [ app_init ] --END-- [ RunTime:0.000870s ]
INFO: [ app_begin ] --START--
INFO: Run Behavior\ReadHtmlCacheBehavior [ RunTime:0.000524s ]
INFO: [ app_begin ] --END-- [ RunTime:0.000694s ]
INFO: [ view_parse ] --START--
INFO: [ template_filter ] --START--
INFO: Run Behavior\ContentReplaceBehavior [ RunTime:0.000154s ]
INFO: [ template_filter ] --END-- [ RunTime:0.000309s ]
NOTIC: [8] Undefined variable: shi D:\wamp\www\backup\wxtest\Application\Runtime\Cache\Home\c80f87e60f65b96d5f34823704c88ae6.php 第 216 行.
NOTIC: [8] Undefined variable: atName D:\wamp\www\backup\wxtest\Application\Runtime\Cache\Home\c80f87e60f65b96d5f34823704c88ae6.php 第 218 行.
NOTIC: [8] Undefined variable: result D:\wamp\www\backup\wxtest\Application\Runtime\Cache\Home\c80f87e60f65b96d5f34823704c88ae6.php 第 251 行.
NOTIC: [8] Undefined variable: show D:\wamp\www\backup\wxtest\Application\Runtime\Cache\Home\c80f87e60f65b96d5f34823704c88ae6.php 第 274 行.
INFO: Run Behavior\ParseTemplateBehavior [ RunTime:0.017827s ]
INFO: [ view_parse ] --END-- [ RunTime:0.017974s ]
INFO: [ view_filter ] --START--
INFO: Run Behavior\WriteHtmlCacheBehavior [ RunTime:0.000332s ]
INFO: [ view_filter ] --END-- [ RunTime:0.000485s ]
INFO: [ app_end ] --START--
INFO: Run Behavior\ShowPageTraceBehavior [ RunTime:0.001265s ]
INFO: [ app_end ] --END-- [ RunTime:0.001485s ]

[ 2015-10-16T10:34:01+08:00 ] ::1 /backup/wxtest/Home/DataStatistics/impUser
INFO: [ app_init ] --START--
INFO: Run Behavior\BuildLiteBehavior [ RunTime:0.000028s ]
INFO: [ app_init ] --END-- [ RunTime:0.000447s ]
INFO: [ app_begin ] --START--
INFO: Run Behavior\ReadHtmlCacheBehavior [ RunTime:0.000584s ]
INFO: [ app_begin ] --END-- [ RunTime:0.000816s ]

[ 2015-10-16T10:34:15+08:00 ] ::1 /backup/wxtest/Home/DataStatistics/impUser
INFO: [ app_init ] --START--
INFO: Run Behavior\BuildLiteBehavior [ RunTime:0.000030s ]
INFO: [ app_init ] --END-- [ RunTime:0.000416s ]
INFO: [ app_begin ] --START--
INFO: Run Behavior\ReadHtmlCacheBehavior [ RunTime:0.000414s ]
INFO: [ app_begin ] --END-- [ RunTime:0.000557s ]

[ 2015-10-16T10:34:34+08:00 ] ::1 /backup/wxtest/Home/DataStatistics/pub_index
INFO: [ app_init ] --START--
INFO: Run Behavior\BuildLiteBehavior [ RunTime:0.000100s ]
INFO: [ app_init ] --END-- [ RunTime:0.001266s ]
INFO: [ app_begin ] --START--
INFO: Run Behavior\ReadHtmlCacheBehavior [ RunTime:0.001101s ]
INFO: [ app_begin ] --END-- [ RunTime:0.001514s ]
INFO: [ view_parse ] --START--
INFO: [ template_filter ] --START--
INFO: Run Behavior\ContentReplaceBehavior [ RunTime:0.000159s ]
INFO: [ template_filter ] --END-- [ RunTime:0.000374s ]
NOTIC: [8] Undefined variable: shi D:\wamp\www\backup\wxtest\Application\Runtime\Cache\Home\c80f87e60f65b96d5f34823704c88ae6.php 第 216 行.
NOTIC: [8] Undefined variable: atName D:\wamp\www\backup\wxtest\Application\Runtime\Cache\Home\c80f87e60f65b96d5f34823704c88ae6.php 第 218 行.
NOTIC: [8] Undefined variable: result D:\wamp\www\backup\wxtest\Application\Runtime\Cache\Home\c80f87e60f65b96d5f34823704c88ae6.php 第 251 行.
NOTIC: [8] Undefined variable: show D:\wamp\www\backup\wxtest\Application\Runtime\Cache\Home\c80f87e60f65b96d5f34823704c88ae6.php 第 274 行.
INFO: Run Behavior\ParseTemplateBehavior [ RunTime:0.014700s ]
INFO: [ view_parse ] --END-- [ RunTime:0.015343s ]
INFO: [ view_filter ] --START--
INFO: Run Behavior\WriteHtmlCacheBehavior [ RunTime:0.000953s ]
INFO: [ view_filter ] --END-- [ RunTime:0.001753s ]
INFO: [ app_end ] --START--
INFO: Run Behavior\ShowPageTraceBehavior [ RunTime:0.001774s ]
INFO: [ app_end ] --END-- [ RunTime:0.002060s ]

[ 2015-10-16T10:57:56+08:00 ] ::1 /backup/wxtest/Home/DataStatistics/impUser
INFO: [ app_init ] --START--
INFO: Run Behavior\BuildLiteBehavior [ RunTime:0.000033s ]
INFO: [ app_init ] --END-- [ RunTime:0.000527s ]
INFO: [ app_begin ] --START--
INFO: Run Behavior\ReadHtmlCacheBehavior [ RunTime:0.000667s ]
INFO: [ app_begin ] --END-- [ RunTime:0.000864s ]

[ 2015-10-16T11:01:23+08:00 ] ::1 /backup/wxtest/Home/DataStatistics/pub_index
INFO: [ app_init ] --START--
INFO: Run Behavior\BuildLiteBehavior [ RunTime:0.000038s ]
INFO: [ app_init ] --END-- [ RunTime:0.000622s ]
INFO: [ app_begin ] --START--
INFO: Run Behavior\ReadHtmlCacheBehavior [ RunTime:0.000781s ]
INFO: [ app_begin ] --END-- [ RunTime:0.000998s ]

[ 2015-10-16T11:01:52+08:00 ] ::1 /backup/wxtest/Home/DataStatistics/pub_index
INFO: [ app_init ] --START--
INFO: Run Behavior\BuildLiteBehavior [ RunTime:0.000032s ]
INFO: [ app_init ] --END-- [ RunTime:0.000566s ]
INFO: [ app_begin ] --START--
INFO: Run Behavior\ReadHtmlCacheBehavior [ RunTime:0.000532s ]
INFO: [ app_begin ] --END-- [ RunTime:0.000696s ]

[ 2015-10-16T11:02:16+08:00 ] ::1 /backup/wxtest/Home/DataStatistics/pub_index
INFO: [ app_init ] --START--
INFO: Run Behavior\BuildLiteBehavior [ RunTime:0.000053s ]
INFO: [ app_init ] --END-- [ RunTime:0.000760s ]
INFO: [ app_begin ] --START--
INFO: Run Behavior\ReadHtmlCacheBehavior [ RunTime:0.000805s ]
INFO: [ app_begin ] --END-- [ RunTime:0.001114s ]
INFO: [ view_parse ] --START--
INFO: [ template_filter ] --START--
INFO: Run Behavior\ContentReplaceBehavior [ RunTime:0.000657s ]
INFO: [ template_filter ] --END-- [ RunTime:0.001174s ]
NOTIC: [8] Undefined variable: shi D:\wamp\www\backup\wxtest\Application\Runtime\Cache\Home\c80f87e60f65b96d5f34823704c88ae6.php 第 216 行.
NOTIC: [8] Undefined variable: atName D:\wamp\www\backup\wxtest\Application\Runtime\Cache\Home\c80f87e60f65b96d5f34823704c88ae6.php 第 218 行.
NOTIC: [8] Undefined variable: result D:\wamp\www\backup\wxtest\Application\Runtime\Cache\Home\c80f87e60f65b96d5f34823704c88ae6.php 第 251 行.
NOTIC: [8] Undefined variable: show D:\wamp\www\backup\wxtest\Application\Runtime\Cache\Home\c80f87e60f65b96d5f34823704c88ae6.php 第 274 行.
INFO: Run Behavior\ParseTemplateBehavior [ RunTime:0.018560s ]
INFO: [ view_parse ] --END-- [ RunTime:0.018972s ]
INFO: [ view_filter ] --START--
INFO: Run Behavior\WriteHtmlCacheBehavior [ RunTime:0.000752s ]
INFO: [ view_filter ] --END-- [ RunTime:0.000988s ]
INFO: [ app_end ] --START--
INFO: Run Behavior\ShowPageTraceBehavior [ RunTime:0.001094s ]
INFO: [ app_end ] --END-- [ RunTime:0.001306s ]

[ 2015-10-16T11:02:18+08:00 ] ::1 /backup/wxtest/Home/DataStatistics/impUser
INFO: [ app_init ] --START--
INFO: Run Behavior\BuildLiteBehavior [ RunTime:0.000031s ]
INFO: [ app_init ] --END-- [ RunTime:0.000580s ]
INFO: [ app_begin ] --START--
INFO: Run Behavior\ReadHtmlCacheBehavior [ RunTime:0.000529s ]
INFO: [ app_begin ] --END-- [ RunTime:0.000675s ]
INFO: [ app_end ] --START--
INFO: Run Behavior\ShowPageTraceBehavior [ RunTime:0.000608s ]
INFO: [ app_end ] --END-- [ RunTime:0.000768s ]

[ 2015-10-16T11:02:24+08:00 ] ::1 /backup/wxtest/Home/DataStatistics/impUser
INFO: [ app_init ] --START--
INFO: Run Behavior\BuildLiteBehavior [ RunTime:0.000032s ]
INFO: [ app_init ] --END-- [ RunTime:0.000457s ]
INFO: [ app_begin ] --START--
INFO: Run Behavior\ReadHtmlCacheBehavior [ RunTime:0.000605s ]
INFO: [ app_begin ] --END-- [ RunTime:0.000825s ]
INFO: [ app_end ] --START--
INFO: Run Behavior\ShowPageTraceBehavior [ RunTime:0.000643s ]
INFO: [ app_end ] --END-- [ RunTime:0.000841s ]

[ 2015-10-16T11:02:35+08:00 ] ::1 /backup/wxtest/Home/DataStatistics/impUser
INFO: [ app_init ] --START--
INFO: Run Behavior\BuildLiteBehavior [ RunTime:0.000028s ]
INFO: [ app_init ] --END-- [ RunTime:0.000405s ]
INFO: [ app_begin ] --START--
INFO: Run Behavior\ReadHtmlCacheBehavior [ RunTime:0.000461s ]
INFO: [ app_begin ] --END-- [ RunTime:0.000606s ]
INFO: [ app_end ] --START--
INFO: Run Behavior\ShowPageTraceBehavior [ RunTime:0.000503s ]
INFO: [ app_end ] --END-- [ RunTime:0.000669s ]

[ 2015-10-16T11:02:59+08:00 ] ::1 /backup/wxtest/Home/DataStatistics/pub_index
INFO: [ app_init ] --START--
INFO: Run Behavior\BuildLiteBehavior [ RunTime:0.000041s ]
INFO: [ app_init ] --END-- [ RunTime:0.000772s ]
INFO: [ app_begin ] --START--
INFO: Run Behavior\ReadHtmlCacheBehavior [ RunTime:0.001133s ]
INFO: [ app_begin ] --END-- [ RunTime:0.001374s ]
INFO: [ view_parse ] --START--
INFO: [ template_filter ] --START--
INFO: Run Behavior\ContentReplaceBehavior [ RunTime:0.000225s ]
INFO: [ template_filter ] --END-- [ RunTime:0.000475s ]
NOTIC: [8] Undefined variable: shi D:\wamp\www\backup\wxtest\Application\Runtime\Cache\Home\c80f87e60f65b96d5f34823704c88ae6.php 第 216 行.
NOTIC: [8] Undefined variable: atName D:\wamp\www\backup\wxtest\Application\Runtime\Cache\Home\c80f87e60f65b96d5f34823704c88ae6.php 第 218 行.
NOTIC: [8] Undefined variable: result D:\wamp\www\backup\wxtest\Application\Runtime\Cache\Home\c80f87e60f65b96d5f34823704c88ae6.php 第 251 行.
NOTIC: [8] Undefined variable: show D:\wamp\www\backup\wxtest\Application\Runtime\Cache\Home\c80f87e60f65b96d5f34823704c88ae6.php 第 274 行.
INFO: Run Behavior\ParseTemplateBehavior [ RunTime:0.015671s ]
INFO: [ view_parse ] --END-- [ RunTime:0.015968s ]
INFO: [ view_filter ] --START--
INFO: Run Behavior\WriteHtmlCacheBehavior [ RunTime:0.000388s ]
INFO: [ view_filter ] --END-- [ RunTime:0.000587s ]
INFO: [ app_end ] --START--
INFO: Run Behavior\ShowPageTraceBehavior [ RunTime:0.000755s ]
INFO: [ app_end ] --END-- [ RunTime:0.001064s ]

[ 2015-10-16T11:03:01+08:00 ] ::1 /backup/wxtest/Home/DataStatistics/impUser
INFO: [ app_init ] --START--
INFO: Run Behavior\BuildLiteBehavior [ RunTime:0.000055s ]
INFO: [ app_init ] --END-- [ RunTime:0.000753s ]
INFO: [ app_begin ] --START--
INFO: Run Behavior\ReadHtmlCacheBehavior [ RunTime:0.000733s ]
INFO: [ app_begin ] --END-- [ RunTime:0.001015s ]

[ 2015-10-16T11:03:08+08:00 ] ::1 /backup/wxtest/Home/DataStatistics/impUser
INFO: [ app_init ] --START--
INFO: Run Behavior\BuildLiteBehavior [ RunTime:0.000036s ]
INFO: [ app_init ] --END-- [ RunTime:0.000523s ]
INFO: [ app_begin ] --START--
INFO: Run Behavior\ReadHtmlCacheBehavior [ RunTime:0.001182s ]
INFO: [ app_begin ] --END-- [ RunTime:0.001412s ]

[ 2015-10-16T11:03:55+08:00 ] ::1 /backup/wxtest/Home/DataStatistics/impUser
INFO: [ app_init ] --START--
INFO: Run Behavior\BuildLiteBehavior [ RunTime:0.000129s ]
INFO: [ app_init ] --END-- [ RunTime:0.001065s ]
INFO: [ app_begin ] --START--
INFO: Run Behavior\ReadHtmlCacheBehavior [ RunTime:0.000784s ]
INFO: [ app_begin ] --END-- [ RunTime:0.000974s ]

[ 2015-10-16T11:03:58+08:00 ] ::1 /backup/wxtest/Home/DataStatistics/pub_index
INFO: [ app_init ] --START--
INFO: Run Behavior\BuildLiteBehavior [ RunTime:0.000034s ]
INFO: [ app_init ] --END-- [ RunTime:0.000471s ]
INFO: [ app_begin ] --START--
INFO: Run Behavior\ReadHtmlCacheBehavior [ RunTime:0.001142s ]
INFO: [ app_begin ] --END-- [ RunTime:0.001464s ]
INFO: [ view_parse ] --START--
INFO: [ template_filter ] --START--
INFO: Run Behavior\ContentReplaceBehavior [ RunTime:0.000157s ]
INFO: [ template_filter ] --END-- [ RunTime:0.000310s ]
NOTIC: [8] Undefined variable: shi D:\wamp\www\backup\wxtest\Application\Runtime\Cache\Home\c80f87e60f65b96d5f34823704c88ae6.php 第 216 行.
NOTIC: [8] Undefined variable: atName D:\wamp\www\backup\wxtest\Application\Runtime\Cache\Home\c80f87e60f65b96d5f34823704c88ae6.php 第 218 行.
NOTIC: [8] Undefined variable: result D:\wamp\www\backup\wxtest\Application\Runtime\Cache\Home\c80f87e60f65b96d5f34823704c88ae6.php 第 251 行.
NOTIC: [8] Undefined variable: show D:\wamp\www\backup\wxtest\Application\Runtime\Cache\Home\c80f87e60f65b96d5f34823704c88ae6.php 第 274 行.
INFO: Run Behavior\ParseTemplateBehavior [ RunTime:0.014492s ]
INFO: [ view_parse ] --END-- [ RunTime:0.014771s ]
INFO: [ view_filter ] --START--
INFO: Run Behavior\WriteHtmlCacheBehavior [ RunTime:0.000971s ]
INFO: [ view_filter ] --END-- [ RunTime:0.001180s ]
INFO: [ app_end ] --START--
INFO: Run Behavior\ShowPageTraceBehavior [ RunTime:0.000651s ]
INFO: [ app_end ] --END-- [ RunTime:0.000864s ]

[ 2015-10-16T11:04:01+08:00 ] ::1 /backup/wxtest/Home/DataStatistics/impUser
INFO: [ app_init ] --START--
INFO: Run Behavior\BuildLiteBehavior [ RunTime:0.000053s ]
INFO: [ app_init ] --END-- [ RunTime:0.000807s ]
INFO: [ app_begin ] --START--
INFO: Run Behavior\ReadHtmlCacheBehavior [ RunTime:0.000705s ]
INFO: [ app_begin ] --END-- [ RunTime:0.000889s ]

[ 2015-10-16T11:04:27+08:00 ] ::1 /backup/wxtest/Home/DataStatistics/pub_index
INFO: [ app_init ] --START--
INFO: Run Behavior\BuildLiteBehavior [ RunTime:0.000032s ]
INFO: [ app_init ] --END-- [ RunTime:0.000571s ]
INFO: [ app_begin ] --START--
INFO: Run Behavior\ReadHtmlCacheBehavior [ RunTime:0.000500s ]
INFO: [ app_begin ] --END-- [ RunTime:0.000673s ]
INFO: [ view_parse ] --START--
INFO: [ template_filter ] --START--
INFO: Run Behavior\ContentReplaceBehavior [ RunTime:0.000153s ]
INFO: [ template_filter ] --END-- [ RunTime:0.000307s ]
NOTIC: [8] Undefined variable: shi D:\wamp\www\backup\wxtest\Application\Runtime\Cache\Home\c80f87e60f65b96d5f34823704c88ae6.php 第 216 行.
NOTIC: [8] Undefined variable: atName D:\wamp\www\backup\wxtest\Application\Runtime\Cache\Home\c80f87e60f65b96d5f34823704c88ae6.php 第 218 行.
NOTIC: [8] Undefined variable: result D:\wamp\www\backup\wxtest\Application\Runtime\Cache\Home\c80f87e60f65b96d5f34823704c88ae6.php 第 251 行.
NOTIC: [8] Undefined variable: show D:\wamp\www\backup\wxtest\Application\Runtime\Cache\Home\c80f87e60f65b96d5f34823704c88ae6.php 第 274 行.
INFO: Run Behavior\ParseTemplateBehavior [ RunTime:0.015512s ]
INFO: [ view_parse ] --END-- [ RunTime:0.015733s ]
INFO: [ view_filter ] --START--
INFO: Run Behavior\WriteHtmlCacheBehavior [ RunTime:0.000485s ]
INFO: [ view_filter ] --END-- [ RunTime:0.000626s ]
INFO: [ app_end ] --START--
INFO: Run Behavior\ShowPageTraceBehavior [ RunTime:0.001243s ]
INFO: [ app_end ] --END-- [ RunTime:0.001462s ]

[ 2015-10-16T11:04:32+08:00 ] ::1 /backup/wxtest/Home/DataStatistics/impUser
INFO: [ app_init ] --START--
INFO: Run Behavior\BuildLiteBehavior [ RunTime:0.000031s ]
INFO: [ app_init ] --END-- [ RunTime:0.000468s ]
INFO: [ app_begin ] --START--
INFO: Run Behavior\ReadHtmlCacheBehavior [ RunTime:0.000568s ]
INFO: [ app_begin ] --END-- [ RunTime:0.000713s ]
NOTIC: [8] Undefined index: file_stu D:\wamp\www\backup\wxtest\Application\Home\Controller\DataStatisticsController.class.php 第 355 行.
NOTIC: [8] Undefined index: file_stu D:\wamp\www\backup\wxtest\Application\Home\Controller\DataStatisticsController.class.php 第 356 行.
NOTIC: [8] Undefined variable: file_type D:\wamp\www\backup\wxtest\Application\Home\Controller\DataStatisticsController.class.php 第 357 行.

[ 2015-10-16T11:04:53+08:00 ] ::1 /backup/wxtest/Home/DataStatistics/impUser
INFO: [ app_init ] --START--
INFO: Run Behavior\BuildLiteBehavior [ RunTime:0.000033s ]
INFO: [ app_init ] --END-- [ RunTime:0.000478s ]
INFO: [ app_begin ] --START--
INFO: Run Behavior\ReadHtmlCacheBehavior [ RunTime:0.000480s ]
INFO: [ app_begin ] --END-- [ RunTime:0.000636s ]
NOTIC: [8] Undefined index: file_stu D:\wamp\www\backup\wxtest\Application\Home\Controller\DataStatisticsController.class.php 第 354 行.
NOTIC: [8] Undefined index: file_stu D:\wamp\www\backup\wxtest\Application\Home\Controller\DataStatisticsController.class.php 第 355 行.
NOTIC: [8] Array to string conversion D:\wamp\www\backup\wxtest\Application\Home\Controller\DataStatisticsController.class.php 第 356 行.

[ 2015-10-16T11:05:05+08:00 ] ::1 /backup/wxtest/Home/DataStatistics/impUser
INFO: [ app_init ] --START--
INFO: Run Behavior\BuildLiteBehavior [ RunTime:0.000028s ]
INFO: [ app_init ] --END-- [ RunTime:0.000447s ]
INFO: [ app_begin ] --START--
INFO: Run Behavior\ReadHtmlCacheBehavior [ RunTime:0.000549s ]
INFO: [ app_begin ] --END-- [ RunTime:0.000732s ]
NOTIC: [8] Array to string conversion D:\wamp\www\backup\wxtest\Application\Home\Controller\DataStatisticsController.class.php 第 356 行.

[ 2015-10-16T11:05:09+08:00 ] ::1 /backup/wxtest/Home/DataStatistics/pub_index
INFO: [ app_init ] --START--
INFO: Run Behavior\BuildLiteBehavior [ RunTime:0.000034s ]
INFO: [ app_init ] --END-- [ RunTime:0.000647s ]
INFO: [ app_begin ] --START--
INFO: Run Behavior\ReadHtmlCacheBehavior [ RunTime:0.000524s ]
INFO: [ app_begin ] --END-- [ RunTime:0.000692s ]
INFO: [ view_parse ] --START--
INFO: [ template_filter ] --START--
INFO: Run Behavior\ContentReplaceBehavior [ RunTime:0.000244s ]
INFO: [ template_filter ] --END-- [ RunTime:0.000512s ]
NOTIC: [8] Undefined variable: shi D:\wamp\www\backup\wxtest\Application\Runtime\Cache\Home\c80f87e60f65b96d5f34823704c88ae6.php 第 216 行.
NOTIC: [8] Undefined variable: atName D:\wamp\www\backup\wxtest\Application\Runtime\Cache\Home\c80f87e60f65b96d5f34823704c88ae6.php 第 218 行.
NOTIC: [8] Undefined variable: result D:\wamp\www\backup\wxtest\Application\Runtime\Cache\Home\c80f87e60f65b96d5f34823704c88ae6.php 第 251 行.
NOTIC: [8] Undefined variable: show D:\wamp\www\backup\wxtest\Application\Runtime\Cache\Home\c80f87e60f65b96d5f34823704c88ae6.php 第 274 行.
INFO: Run Behavior\ParseTemplateBehavior [ RunTime:0.021261s ]
INFO: [ view_parse ] --END-- [ RunTime:0.021480s ]
INFO: [ view_filter ] --START--
INFO: Run Behavior\WriteHtmlCacheBehavior [ RunTime:0.000422s ]
INFO: [ view_filter ] --END-- [ RunTime:0.000562s ]
INFO: [ app_end ] --START--
INFO: Run Behavior\ShowPageTraceBehavior [ RunTime:0.000915s ]
INFO: [ app_end ] --END-- [ RunTime:0.001175s ]

[ 2015-10-16T11:05:13+08:00 ] ::1 /backup/wxtest/Home/DataStatistics/impUser
INFO: [ app_init ] --START--
INFO: Run Behavior\BuildLiteBehavior [ RunTime:0.000034s ]
INFO: [ app_init ] --END-- [ RunTime:0.000516s ]
INFO: [ app_begin ] --START--
INFO: Run Behavior\ReadHtmlCacheBehavior [ RunTime:0.000641s ]
INFO: [ app_begin ] --END-- [ RunTime:0.000832s ]
NOTIC: [8] Array to string conversion D:\wamp\www\backup\wxtest\Application\Home\Controller\DataStatisticsController.class.php 第 356 行.

[ 2015-10-16T11:05:33+08:00 ] ::1 /backup/wxtest/Home/DataStatistics/impUser
INFO: [ app_init ] --START--
INFO: Run Behavior\BuildLiteBehavior [ RunTime:0.000060s ]
INFO: [ app_init ] --END-- [ RunTime:0.002070s ]
INFO: [ app_begin ] --START--
INFO: Run Behavior\ReadHtmlCacheBehavior [ RunTime:0.000496s ]
INFO: [ app_begin ] --END-- [ RunTime:0.000669s ]

[ 2015-10-16T11:05:50+08:00 ] ::1 /backup/wxtest/Home/DataStatistics/impUser
INFO: [ app_init ] --START--
INFO: Run Behavior\BuildLiteBehavior [ RunTime:0.000029s ]
INFO: [ app_init ] --END-- [ RunTime:0.000485s ]
INFO: [ app_begin ] --START--
INFO: Run Behavior\ReadHtmlCacheBehavior [ RunTime:0.001146s ]
INFO: [ app_begin ] --END-- [ RunTime:0.001674s ]

[ 2015-10-16T11:06:27+08:00 ] ::1 /backup/wxtest/Home/DataStatistics/impUser
INFO: [ app_init ] --START--
INFO: Run Behavior\BuildLiteBehavior [ RunTime:0.000033s ]
INFO: [ app_init ] --END-- [ RunTime:0.000481s ]
INFO: [ app_begin ] --START--
INFO: Run Behavior\ReadHtmlCacheBehavior [ RunTime:0.000794s ]
INFO: [ app_begin ] --END-- [ RunTime:0.001242s ]
INFO: [ view_parse ] --START--
INFO: [ template_filter ] --START--
INFO: Run Behavior\ContentReplaceBehavior [ RunTime:0.000147s ]
INFO: [ template_filter ] --END-- [ RunTime:0.000387s ]
INFO: Run Behavior\ParseTemplateBehavior [ RunTime:0.048217s ]
INFO: [ view_parse ] --END-- [ RunTime:0.048476s ]
INFO: [ view_filter ] --START--
INFO: Run Behavior\WriteHtmlCacheBehavior [ RunTime:0.000629s ]
INFO: [ view_filter ] --END-- [ RunTime:0.000839s ]

[ 2015-10-16T11:08:31+08:00 ] ::1 /backup/wxtest/Home/DataStatistics/pub_index
INFO: [ app_init ] --START--
INFO: Run Behavior\BuildLiteBehavior [ RunTime:0.000130s ]
INFO: [ app_init ] --END-- [ RunTime:0.002666s ]
INFO: [ app_begin ] --START--
INFO: Run Behavior\ReadHtmlCacheBehavior [ RunTime:0.000692s ]
INFO: [ app_begin ] --END-- [ RunTime:0.000874s ]
INFO: [ view_parse ] --START--
INFO: [ template_filter ] --START--
INFO: Run Behavior\ContentReplaceBehavior [ RunTime:0.000150s ]
INFO: [ template_filter ] --END-- [ RunTime:0.000307s ]
NOTIC: [8] Undefined variable: shi D:\wamp\www\backup\wxtest\Application\Runtime\Cache\Home\c80f87e60f65b96d5f34823704c88ae6.php 第 216 行.
NOTIC: [8] Undefined variable: atName D:\wamp\www\backup\wxtest\Application\Runtime\Cache\Home\c80f87e60f65b96d5f34823704c88ae6.php 第 218 行.
NOTIC: [8] Undefined variable: result D:\wamp\www\backup\wxtest\Application\Runtime\Cache\Home\c80f87e60f65b96d5f34823704c88ae6.php 第 251 行.
NOTIC: [8] Undefined variable: show D:\wamp\www\backup\wxtest\Application\Runtime\Cache\Home\c80f87e60f65b96d5f34823704c88ae6.php 第 274 行.
INFO: Run Behavior\ParseTemplateBehavior [ RunTime:0.013359s ]
INFO: [ view_parse ] --END-- [ RunTime:0.013551s ]
INFO: [ view_filter ] --START--
INFO: Run Behavior\WriteHtmlCacheBehavior [ RunTime:0.000365s ]
INFO: [ view_filter ] --END-- [ RunTime:0.000497s ]
INFO: [ app_end ] --START--
INFO: Run Behavior\ShowPageTraceBehavior [ RunTime:0.001349s ]
INFO: [ app_end ] --END-- [ RunTime:0.001560s ]

[ 2015-10-16T11:08:36+08:00 ] ::1 /backup/wxtest/Home/DataStatistics/impUser
INFO: [ app_init ] --START--
INFO: Run Behavior\BuildLiteBehavior [ RunTime:0.000056s ]
INFO: [ app_init ] --END-- [ RunTime:0.000780s ]
INFO: [ app_begin ] --START--
INFO: Run Behavior\ReadHtmlCacheBehavior [ RunTime:0.000787s ]
INFO: [ app_begin ] --END-- [ RunTime:0.001072s ]
INFO: [ view_parse ] --START--
INFO: [ template_filter ] --START--
INFO: Run Behavior\ContentReplaceBehavior [ RunTime:0.000201s ]
INFO: [ template_filter ] --END-- [ RunTime:0.000470s ]
INFO: Run Behavior\ParseTemplateBehavior [ RunTime:0.015501s ]
INFO: [ view_parse ] --END-- [ RunTime:0.016686s ]
INFO: [ view_filter ] --START--
INFO: Run Behavior\WriteHtmlCacheBehavior [ RunTime:0.000532s ]
INFO: [ view_filter ] --END-- [ RunTime:0.000793s ]

[ 2015-10-16T11:09:38+08:00 ] ::1 /backup/wxtest/Home/DataStatistics/pub_index
INFO: [ app_init ] --START--
INFO: Run Behavior\BuildLiteBehavior [ RunTime:0.000029s ]
INFO: [ app_init ] --END-- [ RunTime:0.000459s ]
INFO: [ app_begin ] --START--
INFO: Run Behavior\ReadHtmlCacheBehavior [ RunTime:0.000468s ]
INFO: [ app_begin ] --END-- [ RunTime:0.000611s ]
INFO: [ view_parse ] --START--
INFO: [ template_filter ] --START--
INFO: Run Behavior\ContentReplaceBehavior [ RunTime:0.000300s ]
INFO: [ template_filter ] --END-- [ RunTime:0.000514s ]
NOTIC: [8] Undefined variable: shi D:\wamp\www\backup\wxtest\Application\Runtime\Cache\Home\c80f87e60f65b96d5f34823704c88ae6.php 第 216 行.
NOTIC: [8] Undefined variable: atName D:\wamp\www\backup\wxtest\Application\Runtime\Cache\Home\c80f87e60f65b96d5f34823704c88ae6.php 第 218 行.
NOTIC: [8] Undefined variable: result D:\wamp\www\backup\wxtest\Application\Runtime\Cache\Home\c80f87e60f65b96d5f34823704c88ae6.php 第 251 行.
NOTIC: [8] Undefined variable: show D:\wamp\www\backup\wxtest\Application\Runtime\Cache\Home\c80f87e60f65b96d5f34823704c88ae6.php 第 274 行.
INFO: Run Behavior\ParseTemplateBehavior [ RunTime:0.018438s ]
INFO: [ view_parse ] --END-- [ RunTime:0.018655s ]
INFO: [ view_filter ] --START--
INFO: Run Behavior\WriteHtmlCacheBehavior [ RunTime:0.000354s ]
INFO: [ view_filter ] --END-- [ RunTime:0.000509s ]
INFO: [ app_end ] --START--
INFO: Run Behavior\ShowPageTraceBehavior [ RunTime:0.000755s ]
INFO: [ app_end ] --END-- [ RunTime:0.001081s ]

[ 2015-10-16T11:09:42+08:00 ] ::1 /backup/wxtest/Home/DataStatistics/impUser
INFO: [ app_init ] --START--
INFO: Run Behavior\BuildLiteBehavior [ RunTime:0.000052s ]
INFO: [ app_init ] --END-- [ RunTime:0.000809s ]
INFO: [ app_begin ] --START--
INFO: Run Behavior\ReadHtmlCacheBehavior [ RunTime:0.000642s ]
INFO: [ app_begin ] --END-- [ RunTime:0.000813s ]
NOTIC: [8] Use of undefined constant SITE_PATH - assumed 'SITE_PATH' D:\wamp\www\backup\wxtest\Application\Home\Controller\DataStatisticsController.class.php 第 362 行.
NOTIC: [2] copy(SITE_PATH/public/upfile/Excel/20151016110942.xlsx): failed to open stream: No such file or directory D:\wamp\www\backup\wxtest\Application\Home\Controller\DataStatisticsController.class.php 第 367 行.
INFO: [ view_parse ] --START--
INFO: [ template_filter ] --START--
INFO: Run Behavior\ContentReplaceBehavior [ RunTime:0.000114s ]
INFO: [ template_filter ] --END-- [ RunTime:0.000275s ]
INFO: Run Behavior\ParseTemplateBehavior [ RunTime:0.007189s ]
INFO: [ view_parse ] --END-- [ RunTime:0.007338s ]
INFO: [ view_filter ] --START--
INFO: Run Behavior\WriteHtmlCacheBehavior [ RunTime:0.000787s ]
INFO: [ view_filter ] --END-- [ RunTime:0.000944s ]

[ 2015-10-16T11:17:10+08:00 ] ::1 /backup/wxtest/Home/DataStatistics/pub_index
INFO: [ app_init ] --START--
INFO: Run Behavior\BuildLiteBehavior [ RunTime:0.000029s ]
INFO: [ app_init ] --END-- [ RunTime:0.000519s ]
INFO: [ app_begin ] --START--
INFO: Run Behavior\ReadHtmlCacheBehavior [ RunTime:0.000675s ]
INFO: [ app_begin ] --END-- [ RunTime:0.000878s ]
INFO: [ view_parse ] --START--
INFO: [ template_filter ] --START--
INFO: Run Behavior\ContentReplaceBehavior [ RunTime:0.000141s ]
INFO: [ template_filter ] --END-- [ RunTime:0.000282s ]
NOTIC: [8] Undefined variable: shi D:\wamp\www\backup\wxtest\Application\Runtime\Cache\Home\c80f87e60f65b96d5f34823704c88ae6.php 第 216 行.
NOTIC: [8] Undefined variable: atName D:\wamp\www\backup\wxtest\Application\Runtime\Cache\Home\c80f87e60f65b96d5f34823704c88ae6.php 第 218 行.
NOTIC: [8] Undefined variable: result D:\wamp\www\backup\wxtest\Application\Runtime\Cache\Home\c80f87e60f65b96d5f34823704c88ae6.php 第 251 行.
NOTIC: [8] Undefined variable: show D:\wamp\www\backup\wxtest\Application\Runtime\Cache\Home\c80f87e60f65b96d5f34823704c88ae6.php 第 274 行.
INFO: Run Behavior\ParseTemplateBehavior [ RunTime:0.014427s ]
INFO: [ view_parse ] --END-- [ RunTime:0.014869s ]
INFO: [ view_filter ] --START--
INFO: Run Behavior\WriteHtmlCacheBehavior [ RunTime:0.001981s ]
INFO: [ view_filter ] --END-- [ RunTime:0.002280s ]
INFO: [ app_end ] --START--
INFO: Run Behavior\ShowPageTraceBehavior [ RunTime:0.002186s ]
INFO: [ app_end ] --END-- [ RunTime:0.002438s ]

[ 2015-10-16T11:17:17+08:00 ] ::1 /backup/wxtest/Home/DataStatistics/impUser
INFO: [ app_init ] --START--
INFO: Run Behavior\BuildLiteBehavior [ RunTime:0.000033s ]
INFO: [ app_init ] --END-- [ RunTime:0.000517s ]
INFO: [ app_begin ] --START--
INFO: Run Behavior\ReadHtmlCacheBehavior [ RunTime:0.001118s ]
INFO: [ app_begin ] --END-- [ RunTime:0.001479s ]
NOTIC: [8] Use of undefined constant SITE_PATH - assumed 'SITE_PATH' D:\wamp\www\backup\wxtest\Application\Home\Controller\DataStatisticsController.class.php 第 362 行.
NOTIC: [2] copy(SITE_PATH/public/upfile/Excel/20151016111717.xlsx): failed to open stream: No such file or directory D:\wamp\www\backup\wxtest\Application\Home\Controller\DataStatisticsController.class.php 第 367 行.
INFO: [ view_parse ] --START--
INFO: [ template_filter ] --START--
INFO: Run Behavior\ContentReplaceBehavior [ RunTime:0.000081s ]
INFO: [ template_filter ] --END-- [ RunTime:0.000211s ]
INFO: Run Behavior\ParseTemplateBehavior [ RunTime:0.006850s ]
INFO: [ view_parse ] --END-- [ RunTime:0.007021s ]
INFO: [ view_filter ] --START--
INFO: Run Behavior\WriteHtmlCacheBehavior [ RunTime:0.000591s ]
INFO: [ view_filter ] --END-- [ RunTime:0.000811s ]

[ 2015-10-16T11:20:48+08:00 ] ::1 /backup/wxtest/Home/DataStatistics/pub_index
INFO: [ app_init ] --START--
INFO: Run Behavior\BuildLiteBehavior [ RunTime:0.000050s ]
INFO: [ app_init ] --END-- [ RunTime:0.001004s ]
INFO: [ app_begin ] --START--
INFO: Run Behavior\ReadHtmlCacheBehavior [ RunTime:0.000648s ]
INFO: [ app_begin ] --END-- [ RunTime:0.000817s ]
INFO: [ view_parse ] --START--
INFO: [ template_filter ] --START--
INFO: Run Behavior\ContentReplaceBehavior [ RunTime:0.000198s ]
INFO: [ template_filter ] --END-- [ RunTime:0.000400s ]
NOTIC: [8] Undefined variable: shi D:\wamp\www\backup\wxtest\Application\Runtime\Cache\Home\c80f87e60f65b96d5f34823704c88ae6.php 第 216 行.
NOTIC: [8] Undefined variable: atName D:\wamp\www\backup\wxtest\Application\Runtime\Cache\Home\c80f87e60f65b96d5f34823704c88ae6.php 第 218 行.
NOTIC: [8] Undefined variable: result D:\wamp\www\backup\wxtest\Application\Runtime\Cache\Home\c80f87e60f65b96d5f34823704c88ae6.php 第 251 行.
NOTIC: [8] Undefined variable: show D:\wamp\www\backup\wxtest\Application\Runtime\Cache\Home\c80f87e60f65b96d5f34823704c88ae6.php 第 274 行.
INFO: Run Behavior\ParseTemplateBehavior [ RunTime:0.020059s ]
INFO: [ view_parse ] --END-- [ RunTime:0.020219s ]
INFO: [ view_filter ] --START--
INFO: Run Behavior\WriteHtmlCacheBehavior [ RunTime:0.000421s ]
INFO: [ view_filter ] --END-- [ RunTime:0.000575s ]
INFO: [ app_end ] --START--
INFO: Run Behavior\ShowPageTraceBehavior [ RunTime:0.003164s ]
INFO: [ app_end ] --END-- [ RunTime:0.003378s ]

[ 2015-10-16T11:20:53+08:00 ] ::1 /backup/wxtest/Home/DataStatistics/impUser
INFO: [ app_init ] --START--
INFO: Run Behavior\BuildLiteBehavior [ RunTime:0.000033s ]
INFO: [ app_init ] --END-- [ RunTime:0.000536s ]
INFO: [ app_begin ] --START--
INFO: Run Behavior\ReadHtmlCacheBehavior [ RunTime:0.000652s ]
INFO: [ app_begin ] --END-- [ RunTime:0.000822s ]
INFO: [ app_end ] --START--
INFO: Run Behavior\ShowPageTraceBehavior [ RunTime:0.002503s ]
INFO: [ app_end ] --END-- [ RunTime:0.002764s ]

[ 2015-10-16T11:21:51+08:00 ] ::1 /backup/wxtest/Home/DataStatistics/pub_index
INFO: [ app_init ] --START--
INFO: Run Behavior\BuildLiteBehavior [ RunTime:0.000028s ]
INFO: [ app_init ] --END-- [ RunTime:0.000413s ]
INFO: [ app_begin ] --START--
INFO: Run Behavior\ReadHtmlCacheBehavior [ RunTime:0.000437s ]
INFO: [ app_begin ] --END-- [ RunTime:0.000609s ]
INFO: [ view_parse ] --START--
INFO: [ template_filter ] --START--
INFO: Run Behavior\ContentReplaceBehavior [ RunTime:0.000231s ]
INFO: [ template_filter ] --END-- [ RunTime:0.000499s ]
NOTIC: [8] Undefined variable: shi D:\wamp\www\backup\wxtest\Application\Runtime\Cache\Home\c80f87e60f65b96d5f34823704c88ae6.php 第 216 行.
NOTIC: [8] Undefined variable: atName D:\wamp\www\backup\wxtest\Application\Runtime\Cache\Home\c80f87e60f65b96d5f34823704c88ae6.php 第 218 行.
NOTIC: [8] Undefined variable: result D:\wamp\www\backup\wxtest\Application\Runtime\Cache\Home\c80f87e60f65b96d5f34823704c88ae6.php 第 251 行.
NOTIC: [8] Undefined variable: show D:\wamp\www\backup\wxtest\Application\Runtime\Cache\Home\c80f87e60f65b96d5f34823704c88ae6.php 第 274 行.
INFO: Run Behavior\ParseTemplateBehavior [ RunTime:0.017929s ]
INFO: [ view_parse ] --END-- [ RunTime:0.018121s ]
INFO: [ view_filter ] --START--
INFO: Run Behavior\WriteHtmlCacheBehavior [ RunTime:0.000496s ]
INFO: [ view_filter ] --END-- [ RunTime:0.000638s ]
INFO: [ app_end ] --START--
INFO: Run Behavior\ShowPageTraceBehavior [ RunTime:0.000680s ]
INFO: [ app_end ] --END-- [ RunTime:0.000947s ]

[ 2015-10-16T11:21:56+08:00 ] ::1 /backup/wxtest/Home/DataStatistics/impUser
INFO: [ app_init ] --START--
INFO: Run Behavior\BuildLiteBehavior [ RunTime:0.000058s ]
INFO: [ app_init ] --END-- [ RunTime:0.000699s ]
INFO: [ app_begin ] --START--
INFO: Run Behavior\ReadHtmlCacheBehavior [ RunTime:0.000767s ]
INFO: [ app_begin ] --END-- [ RunTime:0.001064s ]
INFO: [ app_end ] --START--
INFO: Run Behavior\ShowPageTraceBehavior [ RunTime:0.001658s ]
INFO: [ app_end ] --END-- [ RunTime:0.002122s ]

[ 2015-10-16T11:24:12+08:00 ] ::1 /backup/wxtest/Home/DataStatistics/impUser
INFO: [ app_init ] --START--
INFO: Run Behavior\BuildLiteBehavior [ RunTime:0.000053s ]
INFO: [ app_init ] --END-- [ RunTime:0.000869s ]
INFO: [ app_begin ] --START--
INFO: Run Behavior\ReadHtmlCacheBehavior [ RunTime:0.000767s ]
INFO: [ app_begin ] --END-- [ RunTime:0.000986s ]
INFO: [ app_end ] --START--
INFO: Run Behavior\ShowPageTraceBehavior [ RunTime:0.000748s ]
INFO: [ app_end ] --END-- [ RunTime:0.000963s ]

[ 2015-10-16T11:31:32+08:00 ] ::1 /backup/wxtest/Home/DataStatistics/impUser
INFO: [ app_init ] --START--
INFO: Run Behavior\BuildLiteBehavior [ RunTime:0.000031s ]
INFO: [ app_init ] --END-- [ RunTime:0.000518s ]
INFO: [ app_begin ] --START--
INFO: Run Behavior\ReadHtmlCacheBehavior [ RunTime:0.000575s ]
INFO: [ app_begin ] --END-- [ RunTime:0.000722s ]

[ 2015-10-16T11:36:02+08:00 ] ::1 /backup/wxtest/Home/DataStatistics/impUser
INFO: [ app_init ] --START--
INFO: Run Behavior\BuildLiteBehavior [ RunTime:0.000029s ]
INFO: [ app_init ] --END-- [ RunTime:0.000514s ]
INFO: [ app_begin ] --START--
INFO: Run Behavior\ReadHtmlCacheBehavior [ RunTime:0.000572s ]
INFO: [ app_begin ] --END-- [ RunTime:0.000717s ]
ERR: SQLSTATE[42S02]: Base table or view not found: 1146 La table 'wxtest.wx_excel_to_array' n'existe pas

[ 2015-10-16T11:38:00+08:00 ] ::1 /backup/wxtest/Home/DataStatistics/impUser
INFO: [ app_init ] --START--
INFO: Run Behavior\BuildLiteBehavior [ RunTime:0.000057s ]
INFO: [ app_init ] --END-- [ RunTime:0.001297s ]
INFO: [ app_begin ] --START--
INFO: Run Behavior\ReadHtmlCacheBehavior [ RunTime:0.000585s ]
INFO: [ app_begin ] --END-- [ RunTime:0.000803s ]
ERR: SQLSTATE[42S02]: Base table or view not found: 1146 La table 'wxtest.wx_excel_to_array' n'existe pas

[ 2015-10-16T11:39:47+08:00 ] ::1 /backup/wxtest/Home/DataStatistics/impUser
INFO: [ app_init ] --START--
INFO: Run Behavior\BuildLiteBehavior [ RunTime:0.000042s ]
INFO: [ app_init ] --END-- [ RunTime:0.000691s ]
INFO: [ app_begin ] --START--
INFO: Run Behavior\ReadHtmlCacheBehavior [ RunTime:0.003566s ]
INFO: [ app_begin ] --END-- [ RunTime:0.004386s ]
ERR: SQLSTATE[42S02]: Base table or view not found: 1146 La table 'wxtest.wx_excel_to_array' n'existe pas

[ 2015-10-16T11:40:22+08:00 ] ::1 /backup/wxtest/Home/DataStatistics/impUser
INFO: [ app_init ] --START--
INFO: Run Behavior\BuildLiteBehavior [ RunTime:0.000049s ]
INFO: [ app_init ] --END-- [ RunTime:0.000835s ]
INFO: [ app_begin ] --START--
INFO: Run Behavior\ReadHtmlCacheBehavior [ RunTime:0.001534s ]
INFO: [ app_begin ] --END-- [ RunTime:0.001889s ]
ERR: SQLSTATE[42S02]: Base table or view not found: 1146 La table 'wxtest.wx_excel_to_array' n'existe pas

[ 2015-10-16T11:41:42+08:00 ] ::1 /backup/wxtest/Home/DataStatistics/impUser
INFO: [ app_init ] --START--
INFO: Run Behavior\BuildLiteBehavior [ RunTime:0.000065s ]
INFO: [ app_init ] --END-- [ RunTime:0.000652s ]
INFO: [ app_begin ] --START--
INFO: Run Behavior\ReadHtmlCacheBehavior [ RunTime:0.000510s ]
INFO: [ app_begin ] --END-- [ RunTime:0.000668s ]
SQL: SHOW COLUMNS FROM `wx_pub_data` [ RunTime:0.0058s ]

[ 2015-10-16T11:44:02+08:00 ] ::1 /backup/wxtest/Home/DataStatistics/impUser
INFO: [ app_init ] --START--
INFO: Run Behavior\BuildLiteBehavior [ RunTime:0.000051s ]
INFO: [ app_init ] --END-- [ RunTime:0.000673s ]
INFO: [ app_begin ] --START--
INFO: Run Behavior\ReadHtmlCacheBehavior [ RunTime:0.001023s ]
INFO: [ app_begin ] --END-- [ RunTime:0.001335s ]

[ 2015-10-16T11:49:35+08:00 ] ::1 /backup/wxtest/Home/DataStatistics/impUser
INFO: [ app_init ] --START--
INFO: Run Behavior\BuildLiteBehavior [ RunTime:0.000054s ]
INFO: [ app_init ] --END-- [ RunTime:0.000689s ]
INFO: [ app_begin ] --START--
INFO: Run Behavior\ReadHtmlCacheBehavior [ RunTime:0.000624s ]
INFO: [ app_begin ] --END-- [ RunTime:0.000789s ]

[ 2015-10-16T12:20:01+08:00 ] ::1 /backup/wxtest/Home/DataStatistics/impUser
INFO: [ app_init ] --START--
INFO: Run Behavior\BuildLiteBehavior [ RunTime:0.000054s ]
INFO: [ app_init ] --END-- [ RunTime:0.000821s ]
INFO: [ app_begin ] --START--
INFO: Run Behavior\ReadHtmlCacheBehavior [ RunTime:0.004461s ]
INFO: [ app_begin ] --END-- [ RunTime:0.004774s ]

[ 2015-10-16T13:23:27+08:00 ] ::1 /backup/wxtest/Home/DataStatistics/impUser
INFO: [ app_init ] --START--
INFO: Run Behavior\BuildLiteBehavior [ RunTime:0.000031s ]
INFO: [ app_init ] --END-- [ RunTime:0.000606s ]
INFO: [ app_begin ] --START--
INFO: Run Behavior\ReadHtmlCacheBehavior [ RunTime:0.000642s ]
INFO: [ app_begin ] --END-- [ RunTime:0.000789s ]

[ 2015-10-16T13:23:35+08:00 ] ::1 /backup/wxtest/Home/DataStatistics/impUser
INFO: [ app_init ] --START--
INFO: Run Behavior\BuildLiteBehavior [ RunTime:0.000033s ]
INFO: [ app_init ] --END-- [ RunTime:0.000527s ]
INFO: [ app_begin ] --START--
INFO: Run Behavior\ReadHtmlCacheBehavior [ RunTime:0.000949s ]
INFO: [ app_begin ] --END-- [ RunTime:0.001247s ]

[ 2015-10-16T13:23:36+08:00 ] ::1 /backup/wxtest/Home/DataStatistics/impUser
INFO: [ app_init ] --START--
INFO: Run Behavior\BuildLiteBehavior [ RunTime:0.000056s ]
INFO: [ app_init ] --END-- [ RunTime:0.000766s ]
INFO: [ app_begin ] --START--
INFO: Run Behavior\ReadHtmlCacheBehavior [ RunTime:0.000515s ]
INFO: [ app_begin ] --END-- [ RunTime:0.000685s ]

[ 2015-10-16T13:23:56+08:00 ] ::1 /backup/wxtest/Home/DataStatistics/impUser
INFO: [ app_init ] --START--
INFO: Run Behavior\BuildLiteBehavior [ RunTime:0.000053s ]
INFO: [ app_init ] --END-- [ RunTime:0.000762s ]
INFO: [ app_begin ] --START--
INFO: Run Behavior\ReadHtmlCacheBehavior [ RunTime:0.000960s ]
INFO: [ app_begin ] --END-- [ RunTime:0.001141s ]

[ 2015-10-16T13:24:39+08:00 ] ::1 /backup/wxtest/Home/DataStatistics/impUser
INFO: [ app_init ] --START--
INFO: Run Behavior\BuildLiteBehavior [ RunTime:0.000029s ]
INFO: [ app_init ] --END-- [ RunTime:0.000411s ]
INFO: [ app_begin ] --START--
INFO: Run Behavior\ReadHtmlCacheBehavior [ RunTime:0.000765s ]
INFO: [ app_begin ] --END-- [ RunTime:0.001015s ]

[ 2015-10-16T13:24:45+08:00 ] ::1 /backup/wxtest/Home/DataStatistics/impUser
INFO: [ app_init ] --START--
INFO: Run Behavior\BuildLiteBehavior [ RunTime:0.000029s ]
INFO: [ app_init ] --END-- [ RunTime:0.000443s ]
INFO: [ app_begin ] --START--
INFO: Run Behavior\ReadHtmlCacheBehavior [ RunTime:0.000796s ]
INFO: [ app_begin ] --END-- [ RunTime:0.001068s ]

[ 2015-10-16T13:25:05+08:00 ] ::1 /backup/wxtest/Home/DataStatistics/impUser
INFO: [ app_init ] --START--
INFO: Run Behavior\BuildLiteBehavior [ RunTime:0.000048s ]
INFO: [ app_init ] --END-- [ RunTime:0.001730s ]
INFO: [ app_begin ] --START--
INFO: Run Behavior\ReadHtmlCacheBehavior [ RunTime:0.000499s ]
INFO: [ app_begin ] --END-- [ RunTime:0.000645s ]

[ 2015-10-16T13:25:20+08:00 ] ::1 /backup/wxtest/Home/DataStatistics/impUser
INFO: [ app_init ] --START--
INFO: Run Behavior\BuildLiteBehavior [ RunTime:0.000053s ]
INFO: [ app_init ] --END-- [ RunTime:0.000959s ]
INFO: [ app_begin ] --START--
INFO: Run Behavior\ReadHtmlCacheBehavior [ RunTime:0.000742s ]
INFO: [ app_begin ] --END-- [ RunTime:0.001015s ]

[ 2015-10-16T13:25:58+08:00 ] ::1 /backup/wxtest/Home/DataStatistics/impUser
INFO: [ app_init ] --START--
INFO: Run Behavior\BuildLiteBehavior [ RunTime:0.000097s ]
INFO: [ app_init ] --END-- [ RunTime:0.000910s ]
INFO: [ app_begin ] --START--
INFO: Run Behavior\ReadHtmlCacheBehavior [ RunTime:0.000665s ]
INFO: [ app_begin ] --END-- [ RunTime:0.000879s ]

[ 2015-10-16T13:26:13+08:00 ] ::1 /backup/wxtest/Home/DataStatistics/impUser
INFO: [ app_init ] --START--
INFO: Run Behavior\BuildLiteBehavior [ RunTime:0.000036s ]
INFO: [ app_init ] --END-- [ RunTime:0.000552s ]
INFO: [ app_begin ] --START--
INFO: Run Behavior\ReadHtmlCacheBehavior [ RunTime:0.000512s ]
INFO: [ app_begin ] --END-- [ RunTime:0.000679s ]

[ 2015-10-16T13:34:54+08:00 ] ::1 /backup/wxtest/Home/DataStatistics/impUser
INFO: [ app_init ] --START--
INFO: Run Behavior\BuildLiteBehavior [ RunTime:0.000041s ]
INFO: [ app_init ] --END-- [ RunTime:0.000602s ]
INFO: [ app_begin ] --START--
INFO: Run Behavior\ReadHtmlCacheBehavior [ RunTime:0.000677s ]
INFO: [ app_begin ] --END-- [ RunTime:0.000892s ]

[ 2015-10-16T13:35:11+08:00 ] ::1 /backup/wxtest/Home/DataStatistics/impUser
INFO: [ app_init ] --START--
INFO: Run Behavior\BuildLiteBehavior [ RunTime:0.000056s ]
INFO: [ app_init ] --END-- [ RunTime:0.001448s ]
INFO: [ app_begin ] --START--
INFO: Run Behavior\ReadHtmlCacheBehavior [ RunTime:0.000484s ]
INFO: [ app_begin ] --END-- [ RunTime:0.000654s ]

[ 2015-10-16T13:35:51+08:00 ] ::1 /backup/wxtest/Home/DataStatistics/impUser
INFO: [ app_init ] --START--
INFO: Run Behavior\BuildLiteBehavior [ RunTime:0.000034s ]
INFO: [ app_init ] --END-- [ RunTime:0.000584s ]
INFO: [ app_begin ] --START--
INFO: Run Behavior\ReadHtmlCacheBehavior [ RunTime:0.000859s ]
INFO: [ app_begin ] --END-- [ RunTime:0.001011s ]

[ 2015-10-16T13:36:52+08:00 ] ::1 /backup/wxtest/Home/DataStatistics/impUser
INFO: [ app_init ] --START--
INFO: Run Behavior\BuildLiteBehavior [ RunTime:0.000053s ]
INFO: [ app_init ] --END-- [ RunTime:0.000753s ]
INFO: [ app_begin ] --START--
INFO: Run Behavior\ReadHtmlCacheBehavior [ RunTime:0.001000s ]
INFO: [ app_begin ] --END-- [ RunTime:0.001164s ]

[ 2015-10-16T13:37:03+08:00 ] ::1 /backup/wxtest/Home/DataStatistics/impUser
INFO: [ app_init ] --START--
INFO: Run Behavior\BuildLiteBehavior [ RunTime:0.000039s ]
INFO: [ app_init ] --END-- [ RunTime:0.000747s ]
INFO: [ app_begin ] --START--
INFO: Run Behavior\ReadHtmlCacheBehavior [ RunTime:0.002548s ]
INFO: [ app_begin ] --END-- [ RunTime:0.003223s ]

[ 2015-10-16T13:37:16+08:00 ] ::1 /backup/wxtest/Home/DataStatistics/impUser
INFO: [ app_init ] --START--
INFO: Run Behavior\BuildLiteBehavior [ RunTime:0.000055s ]
INFO: [ app_init ] --END-- [ RunTime:0.000856s ]
INFO: [ app_begin ] --START--
INFO: Run Behavior\ReadHtmlCacheBehavior [ RunTime:0.001278s ]
INFO: [ app_begin ] --END-- [ RunTime:0.001562s ]

[ 2015-10-16T13:38:03+08:00 ] ::1 /backup/wxtest/Home/DataStatistics/impUser
INFO: [ app_init ] --START--
INFO: Run Behavior\BuildLiteBehavior [ RunTime:0.000051s ]
INFO: [ app_init ] --END-- [ RunTime:0.000774s ]
INFO: [ app_begin ] --START--
INFO: Run Behavior\ReadHtmlCacheBehavior [ RunTime:0.001655s ]
INFO: [ app_begin ] --END-- [ RunTime:0.001957s ]

[ 2015-10-16T13:38:08+08:00 ] ::1 /backup/wxtest/Home/DataStatistics/impUser
INFO: [ app_init ] --START--
INFO: Run Behavior\BuildLiteBehavior [ RunTime:0.000049s ]
INFO: [ app_init ] --END-- [ RunTime:0.000787s ]
INFO: [ app_begin ] --START--
INFO: Run Behavior\ReadHtmlCacheBehavior [ RunTime:0.001726s ]
INFO: [ app_begin ] --END-- [ RunTime:0.002045s ]

[ 2015-10-16T13:41:54+08:00 ] ::1 /backup/wxtest/Home/DataStatistics/impUser
INFO: [ app_init ] --START--
INFO: Run Behavior\BuildLiteBehavior [ RunTime:0.000028s ]
INFO: [ app_init ] --END-- [ RunTime:0.000456s ]
INFO: [ app_begin ] --START--
INFO: Run Behavior\ReadHtmlCacheBehavior [ RunTime:0.002386s ]
INFO: [ app_begin ] --END-- [ RunTime:0.002676s ]

[ 2015-10-16T13:46:43+08:00 ] ::1 /backup/wxtest/Home/DataStatistics/impUser
INFO: [ app_init ] --START--
INFO: Run Behavior\BuildLiteBehavior [ RunTime:0.000029s ]
INFO: [ app_init ] --END-- [ RunTime:0.000505s ]
INFO: [ app_begin ] --START--
INFO: Run Behavior\ReadHtmlCacheBehavior [ RunTime:0.000780s ]
INFO: [ app_begin ] --END-- [ RunTime:0.000929s ]

[ 2015-10-16T13:47:09+08:00 ] ::1 /backup/wxtest/Home/DataStatistics/impUser
INFO: [ app_init ] --START--
INFO: Run Behavior\BuildLiteBehavior [ RunTime:0.000497s ]
INFO: [ app_init ] --END-- [ RunTime:0.002670s ]
INFO: [ app_begin ] --START--
INFO: Run Behavior\ReadHtmlCacheBehavior [ RunTime:0.001272s ]
INFO: [ app_begin ] --END-- [ RunTime:0.001508s ]

[ 2015-10-16T13:48:45+08:00 ] ::1 /backup/wxtest/Home/DataStatistics/impUser
INFO: [ app_init ] --START--
INFO: Run Behavior\BuildLiteBehavior [ RunTime:0.000055s ]
INFO: [ app_init ] --END-- [ RunTime:0.001306s ]
INFO: [ app_begin ] --START--
INFO: Run Behavior\ReadHtmlCacheBehavior [ RunTime:0.001086s ]
INFO: [ app_begin ] --END-- [ RunTime:0.001283s ]

[ 2015-10-16T13:48:57+08:00 ] ::1 /backup/wxtest/Home/DataStatistics/impUser
INFO: [ app_init ] --START--
INFO: Run Behavior\BuildLiteBehavior [ RunTime:0.000036s ]
INFO: [ app_init ] --END-- [ RunTime:0.000707s ]
INFO: [ app_begin ] --START--
INFO: Run Behavior\ReadHtmlCacheBehavior [ RunTime:0.000722s ]
INFO: [ app_begin ] --END-- [ RunTime:0.000875s ]

[ 2015-10-16T13:50:14+08:00 ] ::1 /backup/wxtest/Home/DataStatistics/impUser
INFO: [ app_init ] --START--
INFO: Run Behavior\BuildLiteBehavior [ RunTime:0.000060s ]
INFO: [ app_init ] --END-- [ RunTime:0.001077s ]
INFO: [ app_begin ] --START--
INFO: Run Behavior\ReadHtmlCacheBehavior [ RunTime:0.000819s ]
INFO: [ app_begin ] --END-- [ RunTime:0.000991s ]
NOTIC: [8] Use of undefined constant Excel5 - assumed 'Excel5' D:\wamp\www\backup\wxtest\Application\Home\Controller\DataStatisticsController.class.php 第 379 行.
ERR: The filename ./Uploads/excel/20151016015014.xlsx is not recognised as an OLE file

[ 2015-10-16T13:53:08+08:00 ] ::1 /backup/wxtest/Home/DataStatistics/index/csv/1/tm/1/gz/1
INFO: [ app_init ] --START--
INFO: Run Behavior\BuildLiteBehavior [ RunTime:0.000029s ]
INFO: [ app_init ] --END-- [ RunTime:0.000493s ]
INFO: [ app_begin ] --START--
INFO: Run Behavior\ReadHtmlCacheBehavior [ RunTime:0.001142s ]
INFO: [ app_begin ] --END-- [ RunTime:0.001449s ]
NOTIC: [8] Undefined index: city D:\wamp\www\backup\wxtest\Application\Home\Controller\DataStatisticsController.class.php 第 22 行.
NOTIC: [8] Undefined index: area D:\wamp\www\backup\wxtest\Application\Home\Controller\DataStatisticsController.class.php 第 27 行.
SQL: SHOW COLUMNS FROM `wx_pubdate` [ RunTime:0.0845s ]
NOTIC: [8] Undefined index: city D:\wamp\www\backup\wxtest\Application\Home\Controller\DataStatisticsController.class.php 第 54 行.
NOTIC: [8] Undefined index: area D:\wamp\www\backup\wxtest\Application\Home\Controller\DataStatisticsController.class.php 第 55 行.
NOTIC: [2] Missing argument 6 for Home\Controller\DataStatisticsController::dateFun(), called in D:\wamp\www\backup\wxtest\Application\Home\Controller\DataStatisticsController.class.php on line 57 and defined D:\wamp\www\backup\wxtest\Application\Home\Controller\DataStatisticsController.class.php 第 234 行.
NOTIC: [8] Undefined variable: limit D:\wamp\www\backup\wxtest\Application\Home\Controller\DataStatisticsController.class.php 第 285 行.
SQL: SELECT * FROM `wx_pubdate` ORDER BY  shijian desc  [ RunTime:0.0010s ]

[ 2015-10-16T13:53:45+08:00 ] ::1 /backup/wxtest/Home/DataStatistics/impUser
INFO: [ app_init ] --START--
INFO: Run Behavior\BuildLiteBehavior [ RunTime:0.000030s ]
INFO: [ app_init ] --END-- [ RunTime:0.000467s ]
INFO: [ app_begin ] --START--
INFO: Run Behavior\ReadHtmlCacheBehavior [ RunTime:0.000733s ]
INFO: [ app_begin ] --END-- [ RunTime:0.000885s ]
INFO: [ view_parse ] --START--
INFO: [ template_filter ] --START--
INFO: Run Behavior\ContentReplaceBehavior [ RunTime:0.000152s ]
INFO: [ template_filter ] --END-- [ RunTime:0.000439s ]
INFO: Run Behavior\ParseTemplateBehavior [ RunTime:0.015408s ]
INFO: [ view_parse ] --END-- [ RunTime:0.015622s ]
INFO: [ view_filter ] --START--
INFO: Run Behavior\WriteHtmlCacheBehavior [ RunTime:0.000928s ]
INFO: [ view_filter ] --END-- [ RunTime:0.001189s ]

[ 2015-10-16T13:54:43+08:00 ] ::1 /backup/wxtest/Home/DataStatistics/impUser
INFO: [ app_init ] --START--
INFO: Run Behavior\BuildLiteBehavior [ RunTime:0.000055s ]
INFO: [ app_init ] --END-- [ RunTime:0.000926s ]
INFO: [ app_begin ] --START--
INFO: Run Behavior\ReadHtmlCacheBehavior [ RunTime:0.001002s ]
INFO: [ app_begin ] --END-- [ RunTime:0.001248s ]
NOTIC: [8] Use of undefined constant Excel5 - assumed 'Excel5' D:\wamp\www\backup\wxtest\Application\Home\Controller\DataStatisticsController.class.php 第 379 行.

[ 2015-10-16T13:55:05+08:00 ] ::1 /backup/wxtest/Home/DataStatistics/impUser
INFO: [ app_init ] --START--
INFO: Run Behavior\BuildLiteBehavior [ RunTime:0.000130s ]
INFO: [ app_init ] --END-- [ RunTime:0.001186s ]
INFO: [ app_begin ] --START--
INFO: Run Behavior\ReadHtmlCacheBehavior [ RunTime:0.001385s ]
INFO: [ app_begin ] --END-- [ RunTime:0.001667s ]
NOTIC: [8] Use of undefined constant Excel5 - assumed 'Excel5' D:\wamp\www\backup\wxtest\Application\Home\Controller\DataStatisticsController.class.php 第 379 行.
ERR: Passed array does not specify an existing static method (class 'Think' not found)

[ 2015-10-16T13:55:24+08:00 ] ::1 /backup/wxtest/Home/DataStatistics/impUser
INFO: [ app_init ] --START--
INFO: Run Behavior\BuildLiteBehavior [ RunTime:0.000121s ]
INFO: [ app_init ] --END-- [ RunTime:0.001009s ]
INFO: [ app_begin ] --START--
INFO: Run Behavior\ReadHtmlCacheBehavior [ RunTime:0.001346s ]
INFO: [ app_begin ] --END-- [ RunTime:0.001711s ]
NOTIC: [8] Use of undefined constant Excel5 - assumed 'Excel5' D:\wamp\www\backup\wxtest\Application\Home\Controller\DataStatisticsController.class.php 第 379 行.
INFO: [ app_end ] --START--
INFO: Run Behavior\ShowPageTraceBehavior [ RunTime:0.000949s ]
INFO: [ app_end ] --END-- [ RunTime:0.001112s ]

[ 2015-10-16T13:57:55+08:00 ] ::1 /backup/wxtest/Home/DataStatistics/impUser
INFO: [ app_init ] --START--
INFO: Run Behavior\BuildLiteBehavior [ RunTime:0.000052s ]
INFO: [ app_init ] --END-- [ RunTime:0.000818s ]
INFO: [ app_begin ] --START--
INFO: Run Behavior\ReadHtmlCacheBehavior [ RunTime:0.001021s ]
INFO: [ app_begin ] --END-- [ RunTime:0.001221s ]
NOTIC: [8] Use of undefined constant Excel5 - assumed 'Excel5' D:\wamp\www\backup\wxtest\Application\Home\Controller\DataStatisticsController.class.php 第 379 行.
INFO: [ app_end ] --START--
INFO: Run Behavior\ShowPageTraceBehavior [ RunTime:0.002181s ]
INFO: [ app_end ] --END-- [ RunTime:0.002400s ]

[ 2015-10-16T14:18:38+08:00 ] ::1 /backup/wxtest/Home/DataStatistics/pub_index
INFO: [ app_init ] --START--
INFO: Run Behavior\BuildLiteBehavior [ RunTime:0.000053s ]
INFO: [ app_init ] --END-- [ RunTime:0.000825s ]
INFO: [ app_begin ] --START--
INFO: Run Behavior\ReadHtmlCacheBehavior [ RunTime:0.001077s ]
INFO: [ app_begin ] --END-- [ RunTime:0.001364s ]
INFO: [ view_parse ] --START--
INFO: [ template_filter ] --START--
INFO: Run Behavior\ContentReplaceBehavior [ RunTime:0.000261s ]
INFO: [ template_filter ] --END-- [ RunTime:0.000529s ]
NOTIC: [8] Undefined variable: shi D:\wamp\www\backup\wxtest\Application\Runtime\Cache\Home\c80f87e60f65b96d5f34823704c88ae6.php 第 216 行.
NOTIC: [8] Undefined variable: atName D:\wamp\www\backup\wxtest\Application\Runtime\Cache\Home\c80f87e60f65b96d5f34823704c88ae6.php 第 218 行.
NOTIC: [8] Undefined variable: result D:\wamp\www\backup\wxtest\Application\Runtime\Cache\Home\c80f87e60f65b96d5f34823704c88ae6.php 第 251 行.
NOTIC: [8] Undefined variable: show D:\wamp\www\backup\wxtest\Application\Runtime\Cache\Home\c80f87e60f65b96d5f34823704c88ae6.php 第 274 行.
INFO: Run Behavior\ParseTemplateBehavior [ RunTime:0.027385s ]
INFO: [ view_parse ] --END-- [ RunTime:0.027615s ]
INFO: [ view_filter ] --START--
INFO: Run Behavior\WriteHtmlCacheBehavior [ RunTime:0.000894s ]
INFO: [ view_filter ] --END-- [ RunTime:0.001135s ]
INFO: [ app_end ] --START--
INFO: Run Behavior\ShowPageTraceBehavior [ RunTime:0.002076s ]
INFO: [ app_end ] --END-- [ RunTime:0.002346s ]

[ 2015-10-16T14:18:46+08:00 ] ::1 /backup/wxtest/Home/DataStatistics/impUser
INFO: [ app_init ] --START--
INFO: Run Behavior\BuildLiteBehavior [ RunTime:0.000033s ]
INFO: [ app_init ] --END-- [ RunTime:0.000529s ]
INFO: [ app_begin ] --START--
INFO: Run Behavior\ReadHtmlCacheBehavior [ RunTime:0.000668s ]
INFO: [ app_begin ] --END-- [ RunTime:0.000856s ]
INFO: [ view_parse ] --START--
INFO: [ template_filter ] --START--
INFO: Run Behavior\ContentReplaceBehavior [ RunTime:0.000095s ]
INFO: [ template_filter ] --END-- [ RunTime:0.000249s ]
INFO: Run Behavior\ParseTemplateBehavior [ RunTime:0.026573s ]
INFO: [ view_parse ] --END-- [ RunTime:0.026783s ]
INFO: [ view_filter ] --START--
INFO: Run Behavior\WriteHtmlCacheBehavior [ RunTime:0.000612s ]
INFO: [ view_filter ] --END-- [ RunTime:0.000832s ]

[ 2015-10-16T14:20:25+08:00 ] ::1 /backup/wxtest/Home/DataStatistics/pub_index
INFO: [ app_init ] --START--
INFO: Run Behavior\BuildLiteBehavior [ RunTime:0.000048s ]
INFO: [ app_init ] --END-- [ RunTime:0.000737s ]
INFO: [ app_begin ] --START--
INFO: Run Behavior\ReadHtmlCacheBehavior [ RunTime:0.000781s ]
INFO: [ app_begin ] --END-- [ RunTime:0.001060s ]
INFO: [ view_parse ] --START--
INFO: [ template_filter ] --START--
INFO: Run Behavior\ContentReplaceBehavior [ RunTime:0.000152s ]
INFO: [ template_filter ] --END-- [ RunTime:0.000341s ]
NOTIC: [8] Undefined variable: shi D:\wamp\www\backup\wxtest\Application\Runtime\Cache\Home\c80f87e60f65b96d5f34823704c88ae6.php 第 216 行.
NOTIC: [8] Undefined variable: atName D:\wamp\www\backup\wxtest\Application\Runtime\Cache\Home\c80f87e60f65b96d5f34823704c88ae6.php 第 218 行.
NOTIC: [8] Undefined variable: result D:\wamp\www\backup\wxtest\Application\Runtime\Cache\Home\c80f87e60f65b96d5f34823704c88ae6.php 第 251 行.
NOTIC: [8] Undefined variable: show D:\wamp\www\backup\wxtest\Application\Runtime\Cache\Home\c80f87e60f65b96d5f34823704c88ae6.php 第 274 行.
INFO: Run Behavior\ParseTemplateBehavior [ RunTime:0.015276s ]
INFO: [ view_parse ] --END-- [ RunTime:0.015443s ]
INFO: [ view_filter ] --START--
INFO: Run Behavior\WriteHtmlCacheBehavior [ RunTime:0.000940s ]
INFO: [ view_filter ] --END-- [ RunTime:0.001175s ]
INFO: [ app_end ] --START--
INFO: Run Behavior\ShowPageTraceBehavior [ RunTime:0.000997s ]
INFO: [ app_end ] --END-- [ RunTime:0.001231s ]

[ 2015-10-16T14:20:31+08:00 ] ::1 /backup/wxtest/Home/DataStatistics/impUser
INFO: [ app_init ] --START--
INFO: Run Behavior\BuildLiteBehavior [ RunTime:0.000064s ]
INFO: [ app_init ] --END-- [ RunTime:0.000908s ]
INFO: [ app_begin ] --START--
INFO: Run Behavior\ReadHtmlCacheBehavior [ RunTime:0.000972s ]
INFO: [ app_begin ] --END-- [ RunTime:0.001260s ]
INFO: [ view_parse ] --START--
INFO: [ template_filter ] --START--
INFO: Run Behavior\ContentReplaceBehavior [ RunTime:0.000162s ]
INFO: [ template_filter ] --END-- [ RunTime:0.000438s ]
INFO: Run Behavior\ParseTemplateBehavior [ RunTime:0.010963s ]
INFO: [ view_parse ] --END-- [ RunTime:0.011198s ]
INFO: [ view_filter ] --START--
INFO: Run Behavior\WriteHtmlCacheBehavior [ RunTime:0.000544s ]
INFO: [ view_filter ] --END-- [ RunTime:0.000739s ]

[ 2015-10-16T14:20:52+08:00 ] ::1 /backup/wxtest/Home/DataStatistics/pub_index
INFO: [ app_init ] --START--
INFO: Run Behavior\BuildLiteBehavior [ RunTime:0.000035s ]
INFO: [ app_init ] --END-- [ RunTime:0.000856s ]
INFO: [ app_begin ] --START--
INFO: Run Behavior\ReadHtmlCacheBehavior [ RunTime:0.001188s ]
INFO: [ app_begin ] --END-- [ RunTime:0.001398s ]
INFO: [ view_parse ] --START--
INFO: [ template_filter ] --START--
INFO: Run Behavior\ContentReplaceBehavior [ RunTime:0.000137s ]
INFO: [ template_filter ] --END-- [ RunTime:0.000330s ]
NOTIC: [8] Undefined variable: shi D:\wamp\www\backup\wxtest\Application\Runtime\Cache\Home\c80f87e60f65b96d5f34823704c88ae6.php 第 216 行.
NOTIC: [8] Undefined variable: atName D:\wamp\www\backup\wxtest\Application\Runtime\Cache\Home\c80f87e60f65b96d5f34823704c88ae6.php 第 218 行.
NOTIC: [8] Undefined variable: result D:\wamp\www\backup\wxtest\Application\Runtime\Cache\Home\c80f87e60f65b96d5f34823704c88ae6.php 第 251 行.
NOTIC: [8] Undefined variable: show D:\wamp\www\backup\wxtest\Application\Runtime\Cache\Home\c80f87e60f65b96d5f34823704c88ae6.php 第 274 行.
INFO: Run Behavior\ParseTemplateBehavior [ RunTime:0.014923s ]
INFO: [ view_parse ] --END-- [ RunTime:0.015104s ]
INFO: [ view_filter ] --START--
INFO: Run Behavior\WriteHtmlCacheBehavior [ RunTime:0.000904s ]
INFO: [ view_filter ] --END-- [ RunTime:0.001526s ]
INFO: [ app_end ] --START--
INFO: Run Behavior\ShowPageTraceBehavior [ RunTime:0.002587s ]
INFO: [ app_end ] --END-- [ RunTime:0.003018s ]

[ 2015-10-16T14:21:31+08:00 ] ::1 /backup/wxtest/Home/DataStatistics/pub_index
INFO: [ app_init ] --START--
INFO: Run Behavior\BuildLiteBehavior [ RunTime:0.000128s ]
INFO: [ app_init ] --END-- [ RunTime:0.001066s ]
INFO: [ app_begin ] --START--
INFO: Run Behavior\ReadHtmlCacheBehavior [ RunTime:0.001312s ]
INFO: [ app_begin ] --END-- [ RunTime:0.001621s ]
INFO: [ view_parse ] --START--
INFO: [ template_filter ] --START--
INFO: Run Behavior\ContentReplaceBehavior [ RunTime:0.000266s ]
INFO: [ template_filter ] --END-- [ RunTime:0.000493s ]
NOTIC: [8] Undefined variable: shi D:\wamp\www\backup\wxtest\Application\Runtime\Cache\Home\c80f87e60f65b96d5f34823704c88ae6.php 第 216 行.
NOTIC: [8] Undefined variable: atName D:\wamp\www\backup\wxtest\Application\Runtime\Cache\Home\c80f87e60f65b96d5f34823704c88ae6.php 第 218 行.
NOTIC: [8] Undefined variable: result D:\wamp\www\backup\wxtest\Application\Runtime\Cache\Home\c80f87e60f65b96d5f34823704c88ae6.php 第 251 行.
NOTIC: [8] Undefined variable: show D:\wamp\www\backup\wxtest\Application\Runtime\Cache\Home\c80f87e60f65b96d5f34823704c88ae6.php 第 274 行.
INFO: Run Behavior\ParseTemplateBehavior [ RunTime:0.029822s ]
INFO: [ view_parse ] --END-- [ RunTime:0.030195s ]
INFO: [ view_filter ] --START--
INFO: Run Behavior\WriteHtmlCacheBehavior [ RunTime:0.000842s ]
INFO: [ view_filter ] --END-- [ RunTime:0.001090s ]
INFO: [ app_end ] --START--
INFO: Run Behavior\ShowPageTraceBehavior [ RunTime:0.001679s ]
INFO: [ app_end ] --END-- [ RunTime:0.001937s ]

[ 2015-10-16T14:21:36+08:00 ] ::1 /backup/wxtest/Home/DataStatistics/impUser
INFO: [ app_init ] --START--
INFO: Run Behavior\BuildLiteBehavior [ RunTime:0.000062s ]
INFO: [ app_init ] --END-- [ RunTime:0.000775s ]
INFO: [ app_begin ] --START--
INFO: Run Behavior\ReadHtmlCacheBehavior [ RunTime:0.000506s ]
INFO: [ app_begin ] --END-- [ RunTime:0.000665s ]
NOTIC: [8] Undefined variable: options D:\wamp\www\backup\wxtest\ThinkPHP\Library\Vendor\PHPExcel\PHPExcel\Settings.php 第 384 行.
NOTIC: [8] Undefined variable: options D:\wamp\www\backup\wxtest\ThinkPHP\Library\Vendor\PHPExcel\PHPExcel\Settings.php 第 384 行.
NOTIC: [8] Undefined variable: options D:\wamp\www\backup\wxtest\ThinkPHP\Library\Vendor\PHPExcel\PHPExcel\Settings.php 第 384 行.
NOTIC: [8] Undefined variable: options D:\wamp\www\backup\wxtest\ThinkPHP\Library\Vendor\PHPExcel\PHPExcel\Settings.php 第 384 行.
NOTIC: [8] Undefined variable: options D:\wamp\www\backup\wxtest\ThinkPHP\Library\Vendor\PHPExcel\PHPExcel\Settings.php 第 384 行.
NOTIC: [8] Undefined variable: options D:\wamp\www\backup\wxtest\ThinkPHP\Library\Vendor\PHPExcel\PHPExcel\Settings.php 第 384 行.
NOTIC: [8] Undefined variable: options D:\wamp\www\backup\wxtest\ThinkPHP\Library\Vendor\PHPExcel\PHPExcel\Settings.php 第 384 行.
NOTIC: [8] Undefined variable: options D:\wamp\www\backup\wxtest\ThinkPHP\Library\Vendor\PHPExcel\PHPExcel\Settings.php 第 384 行.
NOTIC: [8] Undefined variable: options D:\wamp\www\backup\wxtest\ThinkPHP\Library\Vendor\PHPExcel\PHPExcel\Settings.php 第 384 行.
NOTIC: [8] Undefined variable: options D:\wamp\www\backup\wxtest\ThinkPHP\Library\Vendor\PHPExcel\PHPExcel\Settings.php 第 384 行.
NOTIC: [8] Undefined variable: options D:\wamp\www\backup\wxtest\ThinkPHP\Library\Vendor\PHPExcel\PHPExcel\Settings.php 第 384 行.
NOTIC: [8] Undefined variable: options D:\wamp\www\backup\wxtest\ThinkPHP\Library\Vendor\PHPExcel\PHPExcel\Settings.php 第 384 行.
NOTIC: [8] Undefined variable: options D:\wamp\www\backup\wxtest\ThinkPHP\Library\Vendor\PHPExcel\PHPExcel\Settings.php 第 384 行.
INFO: [ app_end ] --START--
INFO: Run Behavior\ShowPageTraceBehavior [ RunTime:0.001788s ]
INFO: [ app_end ] --END-- [ RunTime:0.002071s ]

