[ 2015-11-23T16:40:48+08:00 ] ::1 /backup/wxtest/
INFO: [ app_init ] --START--
INFO: Run Behavior\BuildLiteBehavior [ RunTime:0.000037s ]
INFO: [ app_init ] --END-- [ RunTime:0.031875s ]
INFO: [ app_begin ] --START--
INFO: Run Behavior\ReadHtmlCacheBehavior [ RunTime:0.006945s ]
INFO: [ app_begin ] --END-- [ RunTime:0.007292s ]

[ 2015-11-23T16:40:48+08:00 ] ::1 /backup/wxtest/Home/Login/index.html
INFO: [ app_init ] --START--
INFO: Run Behavior\BuildLiteBehavior [ RunTime:0.000033s ]
INFO: [ app_init ] --END-- [ RunTime:0.000539s ]
INFO: [ app_begin ] --START--
INFO: Run Behavior\ReadHtmlCacheBehavior [ RunTime:0.000818s ]
INFO: [ app_begin ] --END-- [ RunTime:0.001231s ]
INFO: [ view_parse ] --START--
INFO: [ template_filter ] --START--
INFO: Run Behavior\ContentReplaceBehavior [ RunTime:0.000101s ]
INFO: [ template_filter ] --END-- [ RunTime:0.000254s ]
INFO: Run Behavior\ParseTemplateBehavior [ RunTime:0.039127s ]
INFO: [ view_parse ] --END-- [ RunTime:0.039308s ]
INFO: [ view_filter ] --START--
INFO: Run Behavior\WriteHtmlCacheBehavior [ RunTime:0.000872s ]
INFO: [ view_filter ] --END-- [ RunTime:0.001020s ]
INFO: [ app_end ] --START--
INFO: Run Behavior\ShowPageTraceBehavior [ RunTime:0.007251s ]
INFO: [ app_end ] --END-- [ RunTime:0.007477s ]

[ 2015-11-23T16:40:52+08:00 ] ::1 /backup/wxtest/Home/Login/dologin.html
INFO: [ app_init ] --START--
INFO: Run Behavior\BuildLiteBehavior [ RunTime:0.000052s ]
INFO: [ app_init ] --END-- [ RunTime:0.000946s ]
INFO: [ app_begin ] --START--
INFO: Run Behavior\ReadHtmlCacheBehavior [ RunTime:0.000739s ]
INFO: [ app_begin ] --END-- [ RunTime:0.000924s ]
SQL: SHOW COLUMNS FROM `wx_opera_log` [ RunTime:0.0861s ]
SQL: INSERT INTO `wx_opera_log` (`user_name`,`module`,`method`,`operation`,`bak`,`opera_time`) VALUES ('admin','登录','登录','dologin','0.0.0.0','1448268051') [ RunTime:0.0753s ]
SQL: SHOW COLUMNS FROM `wx_user` [ RunTime:0.2566s ]
SQL: SELECT * FROM `wx_user` WHERE `user_name` = 'admin' LIMIT 1   [ RunTime:0.0311s ]
SQL: UPDATE `wx_user` SET `user_logtime`='1448268052' WHERE ( id=1 ) [ RunTime:0.0773s ]

[ 2015-11-23T16:40:52+08:00 ] ::1 /backup/wxtest/Home/Login/Index/index
INFO: [ app_init ] --START--
INFO: Run Behavior\BuildLiteBehavior [ RunTime:0.000032s ]
INFO: [ app_init ] --END-- [ RunTime:0.000509s ]
INFO: [ app_begin ] --START--
INFO: Run Behavior\ReadHtmlCacheBehavior [ RunTime:0.000696s ]
INFO: [ app_begin ] --END-- [ RunTime:0.000961s ]

[ 2015-11-23T16:40:52+08:00 ] ::1 /backup/wxtest/Home/Index/index.html
INFO: [ app_init ] --START--
INFO: Run Behavior\BuildLiteBehavior [ RunTime:0.000034s ]
INFO: [ app_init ] --END-- [ RunTime:0.000682s ]
INFO: [ app_begin ] --START--
INFO: Run Behavior\ReadHtmlCacheBehavior [ RunTime:0.000527s ]
INFO: [ app_begin ] --END-- [ RunTime:0.000689s ]
SQL: SHOW COLUMNS FROM `wx_role` [ RunTime:0.0276s ]
INFO: [ view_parse ] --START--
INFO: [ template_filter ] --START--
INFO: Run Behavior\ContentReplaceBehavior [ RunTime:0.000227s ]
INFO: [ template_filter ] --END-- [ RunTime:0.000479s ]
INFO: Run Behavior\ParseTemplateBehavior [ RunTime:0.051534s ]
INFO: [ view_parse ] --END-- [ RunTime:0.051807s ]
INFO: [ view_filter ] --START--
INFO: Run Behavior\WriteHtmlCacheBehavior [ RunTime:0.001047s ]
INFO: [ view_filter ] --END-- [ RunTime:0.001244s ]
INFO: [ app_end ] --START--
INFO: Run Behavior\ShowPageTraceBehavior [ RunTime:0.001130s ]
INFO: [ app_end ] --END-- [ RunTime:0.001388s ]

[ 2015-11-23T16:40:55+08:00 ] ::1 /backup/wxtest/Home/Manage/pub_list.html
INFO: [ app_init ] --START--
INFO: Run Behavior\BuildLiteBehavior [ RunTime:0.000313s ]
INFO: [ app_init ] --END-- [ RunTime:0.001248s ]
INFO: [ app_begin ] --START--
INFO: Run Behavior\ReadHtmlCacheBehavior [ RunTime:0.000936s ]
INFO: [ app_begin ] --END-- [ RunTime:0.001247s ]
SQL: SHOW COLUMNS FROM `wx_account` [ RunTime:0.0223s ]
SQL: SELECT * FROM `wx_account` WHERE ( id=1 ) LIMIT 1   [ RunTime:0.0006s ]
SQL: SELECT * FROM `wx_account` WHERE ( id=1 ) LIMIT 1   [ RunTime:0.0005s ]
SQL: UPDATE `wx_account` SET `access_token`=NULL,`token_c_time`='1448268054',`token_e_time`=NULL WHERE ( id=1 ) [ RunTime:0.0548s ]
SQL: UPDATE `wx_account` SET `preauthcode`=NULL,`preauthcode_c_time`='1448268054',`preauthcode_e_time`=NULL WHERE ( id=1 ) [ RunTime:0.1386s ]
SQL: SHOW COLUMNS FROM `wx_pub_account` [ RunTime:0.0471s ]
NOTIC: [8] Undefined index: gid D:\wamp\www\backup\wxtest\Application\Home\Controller\ManageController.class.php 第 13 行.
NOTIC: [8] Undefined index: gid D:\wamp\www\backup\wxtest\Application\Home\Controller\ManageController.class.php 第 14 行.
SQL: SELECT COUNT(*) AS tp_count FROM `wx_pub_account` LIMIT 1   [ RunTime:0.0210s ]
NOTIC: [8] Undefined index: gid D:\wamp\www\backup\wxtest\Application\Home\Controller\ManageController.class.php 第 26 行.
SQL: SELECT * FROM `wx_pub_account` ORDER BY create_time LIMIT 0,20   [ RunTime:0.0198s ]
SQL: SHOW COLUMNS FROM `wx_group` [ RunTime:0.0220s ]
SQL: select '全部' gname,0 gid ,count(1) groupno  from wx_pub_account union (select IFNULL(b.gname,'待分组') gname,IFNULL(b.id,0) gid,count(1) groupno  from wx_pub_account a left join  (select * from wx_group where type=1) b   on  a.pub_group = b.id group by b.gname order by a.pub_group); [ RunTime:0.0359s ]
SQL: select id,gname from wx_group where type = 1 order by id; [ RunTime:0.0003s ]
SQL: SHOW COLUMNS FROM `wx_cityarea_info` [ RunTime:0.0126s ]
SQL: select * from wx_cityarea_info where type=1; [ RunTime:0.0005s ]
INFO: [ view_parse ] --START--
INFO: [ template_filter ] --START--
INFO: Run Behavior\ContentReplaceBehavior [ RunTime:0.000211s ]
INFO: [ template_filter ] --END-- [ RunTime:0.000404s ]
NOTIC: [8] Use of undefined constant gid - assumed 'gid' D:\wamp\www\backup\wxtest\Application\Runtime\Cache\Home\c618b6a8bf343c6c90dcc71db2f99d53.php 第 98 行.
NOTIC: [8] Use of undefined constant gid - assumed 'gid' D:\wamp\www\backup\wxtest\Application\Runtime\Cache\Home\c618b6a8bf343c6c90dcc71db2f99d53.php 第 98 行.
NOTIC: [8] Use of undefined constant gid - assumed 'gid' D:\wamp\www\backup\wxtest\Application\Runtime\Cache\Home\c618b6a8bf343c6c90dcc71db2f99d53.php 第 98 行.
NOTIC: [8] Use of undefined constant id - assumed 'id' D:\wamp\www\backup\wxtest\Application\Runtime\Cache\Home\c618b6a8bf343c6c90dcc71db2f99d53.php 第 154 行.
NOTIC: [8] Use of undefined constant id - assumed 'id' D:\wamp\www\backup\wxtest\Application\Runtime\Cache\Home\c618b6a8bf343c6c90dcc71db2f99d53.php 第 155 行.
NOTIC: [8] Use of undefined constant id - assumed 'id' D:\wamp\www\backup\wxtest\Application\Runtime\Cache\Home\c618b6a8bf343c6c90dcc71db2f99d53.php 第 156 行.
NOTIC: [8] Use of undefined constant id - assumed 'id' D:\wamp\www\backup\wxtest\Application\Runtime\Cache\Home\c618b6a8bf343c6c90dcc71db2f99d53.php 第 158 行.
NOTIC: [8] Use of undefined constant id - assumed 'id' D:\wamp\www\backup\wxtest\Application\Runtime\Cache\Home\c618b6a8bf343c6c90dcc71db2f99d53.php 第 159 行.
NOTIC: [8] Use of undefined constant selected - assumed 'selected' D:\wamp\www\backup\wxtest\Application\Runtime\Cache\Home\c618b6a8bf343c6c90dcc71db2f99d53.php 第 176 行.
NOTIC: [8] Use of undefined constant id - assumed 'id' D:\wamp\www\backup\wxtest\Application\Runtime\Cache\Home\c618b6a8bf343c6c90dcc71db2f99d53.php 第 154 行.
NOTIC: [8] Use of undefined constant id - assumed 'id' D:\wamp\www\backup\wxtest\Application\Runtime\Cache\Home\c618b6a8bf343c6c90dcc71db2f99d53.php 第 155 行.
NOTIC: [8] Use of undefined constant id - assumed 'id' D:\wamp\www\backup\wxtest\Application\Runtime\Cache\Home\c618b6a8bf343c6c90dcc71db2f99d53.php 第 156 行.
NOTIC: [8] Use of undefined constant id - assumed 'id' D:\wamp\www\backup\wxtest\Application\Runtime\Cache\Home\c618b6a8bf343c6c90dcc71db2f99d53.php 第 158 行.
NOTIC: [8] Use of undefined constant id - assumed 'id' D:\wamp\www\backup\wxtest\Application\Runtime\Cache\Home\c618b6a8bf343c6c90dcc71db2f99d53.php 第 159 行.
NOTIC: [8] Use of undefined constant selected - assumed 'selected' D:\wamp\www\backup\wxtest\Application\Runtime\Cache\Home\c618b6a8bf343c6c90dcc71db2f99d53.php 第 176 行.
NOTIC: [8] Use of undefined constant id - assumed 'id' D:\wamp\www\backup\wxtest\Application\Runtime\Cache\Home\c618b6a8bf343c6c90dcc71db2f99d53.php 第 154 行.
NOTIC: [8] Use of undefined constant id - assumed 'id' D:\wamp\www\backup\wxtest\Application\Runtime\Cache\Home\c618b6a8bf343c6c90dcc71db2f99d53.php 第 155 行.
NOTIC: [8] Use of undefined constant id - assumed 'id' D:\wamp\www\backup\wxtest\Application\Runtime\Cache\Home\c618b6a8bf343c6c90dcc71db2f99d53.php 第 156 行.
NOTIC: [8] Use of undefined constant id - assumed 'id' D:\wamp\www\backup\wxtest\Application\Runtime\Cache\Home\c618b6a8bf343c6c90dcc71db2f99d53.php 第 158 行.
NOTIC: [8] Use of undefined constant id - assumed 'id' D:\wamp\www\backup\wxtest\Application\Runtime\Cache\Home\c618b6a8bf343c6c90dcc71db2f99d53.php 第 159 行.
NOTIC: [8] Use of undefined constant selected - assumed 'selected' D:\wamp\www\backup\wxtest\Application\Runtime\Cache\Home\c618b6a8bf343c6c90dcc71db2f99d53.php 第 176 行.
NOTIC: [8] Use of undefined constant pub_id - assumed 'pub_id' D:\wamp\www\backup\wxtest\Application\Runtime\Cache\Home\c618b6a8bf343c6c90dcc71db2f99d53.php 第 220 行.
NOTIC: [8] Use of undefined constant group_id - assumed 'group_id' D:\wamp\www\backup\wxtest\Application\Runtime\Cache\Home\c618b6a8bf343c6c90dcc71db2f99d53.php 第 220 行.
INFO: Run Behavior\ParseTemplateBehavior [ RunTime:0.040358s ]
INFO: [ view_parse ] --END-- [ RunTime:0.040564s ]
INFO: [ view_filter ] --START--
INFO: Run Behavior\WriteHtmlCacheBehavior [ RunTime:0.000399s ]
INFO: [ view_filter ] --END-- [ RunTime:0.000575s ]
INFO: [ app_end ] --START--
INFO: Run Behavior\ShowPageTraceBehavior [ RunTime:0.000957s ]
INFO: [ app_end ] --END-- [ RunTime:0.001214s ]

[ 2015-11-23T16:41:02+08:00 ] ::1 /backup/wxtest/Home/Material/article_list.html
INFO: [ app_init ] --START--
INFO: Run Behavior\BuildLiteBehavior [ RunTime:0.000037s ]
INFO: [ app_init ] --END-- [ RunTime:0.000630s ]
INFO: [ app_begin ] --START--
INFO: Run Behavior\ReadHtmlCacheBehavior [ RunTime:0.000996s ]
INFO: [ app_begin ] --END-- [ RunTime:0.001238s ]
SQL: SHOW COLUMNS FROM `wx_article_manage` [ RunTime:0.1350s ]
SQL: SELECT COUNT(*) AS tp_count FROM `wx_article_manage` WHERE `is_del` = 0 LIMIT 1   [ RunTime:0.0003s ]
SQL: select t1.*,t.remark from (select * from wx_article_manage a where a.is_del=0) t1 left join  
                (select b.user_name,c.remark from wx_user b ,wx_role c,wx_role_user d where b.id=d.user_id and d.role_id=c.id) t  
            on t1.article_publisher = t.user_name  order by t1.pub_time desc limit 0,20 [ RunTime:0.0383s ]
SQL: SHOW COLUMNS FROM `wx_group` [ RunTime:0.0055s ]
SQL: select id,gname from wx_group where type = 2 order by id; [ RunTime:0.0003s ]
SQL: select id,gname from wx_group where type = 3 order by id; [ RunTime:0.0003s ]
INFO: [ view_parse ] --START--
INFO: [ template_filter ] --START--
INFO: Run Behavior\ContentReplaceBehavior [ RunTime:0.000315s ]
INFO: [ template_filter ] --END-- [ RunTime:0.000572s ]
NOTIC: [8] Use of undefined constant admin - assumed 'admin' D:\wamp\www\backup\wxtest\Application\Runtime\Cache\Home\a2592b6662e81bd3ff3d9071dd0ec136.php 第 143 行.
NOTIC: [8] Use of undefined constant id - assumed 'id' D:\wamp\www\backup\wxtest\Application\Runtime\Cache\Home\a2592b6662e81bd3ff3d9071dd0ec136.php 第 150 行.
NOTIC: [8] Use of undefined constant admin - assumed 'admin' D:\wamp\www\backup\wxtest\Application\Runtime\Cache\Home\a2592b6662e81bd3ff3d9071dd0ec136.php 第 143 行.
NOTIC: [8] Use of undefined constant id - assumed 'id' D:\wamp\www\backup\wxtest\Application\Runtime\Cache\Home\a2592b6662e81bd3ff3d9071dd0ec136.php 第 150 行.
INFO: Run Behavior\ParseTemplateBehavior [ RunTime:0.029982s ]
INFO: [ view_parse ] --END-- [ RunTime:0.030128s ]
INFO: [ view_filter ] --START--
INFO: Run Behavior\WriteHtmlCacheBehavior [ RunTime:0.000558s ]
INFO: [ view_filter ] --END-- [ RunTime:0.000713s ]
INFO: [ app_end ] --START--
INFO: Run Behavior\ShowPageTraceBehavior [ RunTime:0.001151s ]
INFO: [ app_end ] --END-- [ RunTime:0.001399s ]

[ 2015-11-23T16:41:03+08:00 ] ::1 /backup/wxtest/Home/Material/publish.html
INFO: [ app_init ] --START--
INFO: Run Behavior\BuildLiteBehavior [ RunTime:0.000053s ]
INFO: [ app_init ] --END-- [ RunTime:0.000807s ]
INFO: [ app_begin ] --START--
INFO: Run Behavior\ReadHtmlCacheBehavior [ RunTime:0.000878s ]
INFO: [ app_begin ] --END-- [ RunTime:0.001182s ]
SQL: SHOW COLUMNS FROM `wx_opera_log` [ RunTime:0.0052s ]
SQL: INSERT INTO `wx_opera_log` (`user_name`,`module`,`method`,`operation`,`bak`,`opera_time`) VALUES ('admin','文章管理','发表文章编辑','publish','','1448268063') [ RunTime:0.0720s ]
SQL: SHOW COLUMNS FROM `wx_group` [ RunTime:0.0051s ]
SQL: SELECT * FROM `wx_group` WHERE ( type=2 )  [ RunTime:0.0003s ]
SQL: SELECT * FROM `wx_group` WHERE ( type=3 )  [ RunTime:0.0002s ]
INFO: [ view_parse ] --START--
INFO: [ template_filter ] --START--
INFO: Run Behavior\ContentReplaceBehavior [ RunTime:0.001320s ]
INFO: [ template_filter ] --END-- [ RunTime:0.001664s ]
NOTIC: [8] Undefined variable: ma D:\wamp\www\backup\wxtest\Application\Runtime\Cache\Home\7013cb0e56d26c832b94fccff668f55f.php 第 480 行.
NOTIC: [8] Undefined variable: ma D:\wamp\www\backup\wxtest\Application\Runtime\Cache\Home\7013cb0e56d26c832b94fccff668f55f.php 第 504 行.
NOTIC: [8] Undefined variable: ma D:\wamp\www\backup\wxtest\Application\Runtime\Cache\Home\7013cb0e56d26c832b94fccff668f55f.php 第 515 行.
NOTIC: [8] Undefined variable: ma D:\wamp\www\backup\wxtest\Application\Runtime\Cache\Home\7013cb0e56d26c832b94fccff668f55f.php 第 524 行.
NOTIC: [8] Use of undefined constant id - assumed 'id' D:\wamp\www\backup\wxtest\Application\Runtime\Cache\Home\7013cb0e56d26c832b94fccff668f55f.php 第 524 行.
NOTIC: [8] Array to string conversion D:\wamp\www\backup\wxtest\Application\Runtime\Cache\Home\7013cb0e56d26c832b94fccff668f55f.php 第 524 行.
NOTIC: [8] Undefined variable: ma D:\wamp\www\backup\wxtest\Application\Runtime\Cache\Home\7013cb0e56d26c832b94fccff668f55f.php 第 528 行.
NOTIC: [8] Undefined variable: ma D:\wamp\www\backup\wxtest\Application\Runtime\Cache\Home\7013cb0e56d26c832b94fccff668f55f.php 第 536 行.
NOTIC: [8] Use of undefined constant id - assumed 'id' D:\wamp\www\backup\wxtest\Application\Runtime\Cache\Home\7013cb0e56d26c832b94fccff668f55f.php 第 536 行.
NOTIC: [8] Array to string conversion D:\wamp\www\backup\wxtest\Application\Runtime\Cache\Home\7013cb0e56d26c832b94fccff668f55f.php 第 536 行.
NOTIC: [8] Undefined variable: ma D:\wamp\www\backup\wxtest\Application\Runtime\Cache\Home\7013cb0e56d26c832b94fccff668f55f.php 第 536 行.
NOTIC: [8] Use of undefined constant id - assumed 'id' D:\wamp\www\backup\wxtest\Application\Runtime\Cache\Home\7013cb0e56d26c832b94fccff668f55f.php 第 536 行.
NOTIC: [8] Array to string conversion D:\wamp\www\backup\wxtest\Application\Runtime\Cache\Home\7013cb0e56d26c832b94fccff668f55f.php 第 536 行.
NOTIC: [8] Undefined variable: ma D:\wamp\www\backup\wxtest\Application\Runtime\Cache\Home\7013cb0e56d26c832b94fccff668f55f.php 第 536 行.
NOTIC: [8] Use of undefined constant id - assumed 'id' D:\wamp\www\backup\wxtest\Application\Runtime\Cache\Home\7013cb0e56d26c832b94fccff668f55f.php 第 536 行.
NOTIC: [8] Array to string conversion D:\wamp\www\backup\wxtest\Application\Runtime\Cache\Home\7013cb0e56d26c832b94fccff668f55f.php 第 536 行.
NOTIC: [8] Undefined variable: ma D:\wamp\www\backup\wxtest\Application\Runtime\Cache\Home\7013cb0e56d26c832b94fccff668f55f.php 第 536 行.
NOTIC: [8] Use of undefined constant id - assumed 'id' D:\wamp\www\backup\wxtest\Application\Runtime\Cache\Home\7013cb0e56d26c832b94fccff668f55f.php 第 536 行.
NOTIC: [8] Array to string conversion D:\wamp\www\backup\wxtest\Application\Runtime\Cache\Home\7013cb0e56d26c832b94fccff668f55f.php 第 536 行.
NOTIC: [8] Undefined variable: ma D:\wamp\www\backup\wxtest\Application\Runtime\Cache\Home\7013cb0e56d26c832b94fccff668f55f.php 第 536 行.
NOTIC: [8] Use of undefined constant id - assumed 'id' D:\wamp\www\backup\wxtest\Application\Runtime\Cache\Home\7013cb0e56d26c832b94fccff668f55f.php 第 536 行.
NOTIC: [8] Array to string conversion D:\wamp\www\backup\wxtest\Application\Runtime\Cache\Home\7013cb0e56d26c832b94fccff668f55f.php 第 536 行.
NOTIC: [8] Undefined variable: ma D:\wamp\www\backup\wxtest\Application\Runtime\Cache\Home\7013cb0e56d26c832b94fccff668f55f.php 第 539 行.
NOTIC: [8] Undefined variable: ma D:\wamp\www\backup\wxtest\Application\Runtime\Cache\Home\7013cb0e56d26c832b94fccff668f55f.php 第 541 行.
NOTIC: [8] Undefined variable: root D:\wamp\www\backup\wxtest\Application\Runtime\Cache\Home\7013cb0e56d26c832b94fccff668f55f.php 第 552 行.
NOTIC: [8] Undefined variable: ma D:\wamp\www\backup\wxtest\Application\Runtime\Cache\Home\7013cb0e56d26c832b94fccff668f55f.php 第 552 行.
SQL: SHOW COLUMNS FROM `wx_wxstyle` [ RunTime:0.0257s ]
SQL: SELECT * FROM `wx_wxstyle` WHERE `type` = 1 ORDER BY id desc  [ RunTime:0.0210s ]
SQL: SELECT * FROM `wx_wxstyle` WHERE `type` = 2 ORDER BY id desc  [ RunTime:0.0046s ]
SQL: SELECT * FROM `wx_wxstyle` WHERE `type` = 3 ORDER BY id desc  [ RunTime:0.0047s ]
SQL: SELECT * FROM `wx_wxstyle` WHERE `type` = 5 ORDER BY id desc  [ RunTime:0.0024s ]
SQL: SELECT * FROM `wx_wxstyle` WHERE `type` = 4 ORDER BY id desc  [ RunTime:0.0015s ]
SQL: SELECT * FROM `wx_wxstyle` WHERE `type` = 6 ORDER BY id desc  [ RunTime:0.0017s ]
SQL: SELECT * FROM `wx_wxstyle` WHERE `type` = 7 ORDER BY id desc  [ RunTime:0.0015s ]
SQL: SELECT * FROM `wx_wxstyle` WHERE `type` = 8 ORDER BY id desc  [ RunTime:0.0033s ]
SQL: SELECT * FROM `wx_wxstyle` WHERE `type` = 9 ORDER BY id desc  [ RunTime:0.0013s ]
SQL: SELECT * FROM `wx_wxstyle` WHERE `type` = 10 ORDER BY id desc  [ RunTime:0.0013s ]
SQL: SELECT * FROM `wx_wxstyle` WHERE `type` = 11 ORDER BY id desc  [ RunTime:0.0048s ]
SQL: SELECT * FROM `wx_wxstyle` WHERE `type` = 12 ORDER BY id desc  [ RunTime:0.0014s ]
SQL: SELECT * FROM `wx_wxstyle` WHERE `type` = 13 ORDER BY id desc  [ RunTime:0.0012s ]
SQL: SELECT * FROM `wx_wxstyle` WHERE `type` = 14 ORDER BY id desc  [ RunTime:0.0010s ]
SQL: SELECT * FROM `wx_wxstyle` WHERE `type` = 15 ORDER BY id desc  [ RunTime:0.0012s ]
NOTIC: [8192] mysql_query(): The mysql extension is deprecated and will be removed in the future: use mysqli or PDO instead D:\wamp\www\backup\wxtest\Application\Runtime\Cache\Home\7013cb0e56d26c832b94fccff668f55f.php 第 1247 行.
NOTIC: [8] Undefined variable: link D:\wamp\www\backup\wxtest\Application\Runtime\Cache\Home\7013cb0e56d26c832b94fccff668f55f.php 第 1247 行.
NOTIC: [2] mysql_query() expects parameter 2 to be resource, null given D:\wamp\www\backup\wxtest\Application\Runtime\Cache\Home\7013cb0e56d26c832b94fccff668f55f.php 第 1247 行.
NOTIC: [2] mysql_fetch_array() expects parameter 1 to be resource, null given D:\wamp\www\backup\wxtest\Application\Runtime\Cache\Home\7013cb0e56d26c832b94fccff668f55f.php 第 1247 行.
NOTIC: [8] Undefined variable: ma D:\wamp\www\backup\wxtest\Application\Runtime\Cache\Home\7013cb0e56d26c832b94fccff668f55f.php 第 1681 行.
NOTIC: [8] Undefined variable: ma D:\wamp\www\backup\wxtest\Application\Runtime\Cache\Home\7013cb0e56d26c832b94fccff668f55f.php 第 1685 行.
INFO: Run Behavior\ParseTemplateBehavior [ RunTime:0.176579s ]
INFO: [ view_parse ] --END-- [ RunTime:0.176851s ]
INFO: [ view_filter ] --START--
INFO: Run Behavior\WriteHtmlCacheBehavior [ RunTime:0.000577s ]
INFO: [ view_filter ] --END-- [ RunTime:0.000857s ]
INFO: [ app_end ] --START--
INFO: Run Behavior\ShowPageTraceBehavior [ RunTime:0.001002s ]
INFO: [ app_end ] --END-- [ RunTime:0.001274s ]

[ 2015-11-23T16:41:04+08:00 ] ::1 /backup/wxtest/Home/Material/images/tuwen/20150301164627_aejum.thumb.180_180_c.jpeg
INFO: [ app_init ] --START--
INFO: Run Behavior\BuildLiteBehavior [ RunTime:0.000062s ]
INFO: [ app_init ] --END-- [ RunTime:0.001093s ]
INFO: [ app_begin ] --START--
INFO: Run Behavior\ReadHtmlCacheBehavior [ RunTime:0.001746s ]
INFO: [ app_begin ] --END-- [ RunTime:0.002284s ]
ERR: 非法操作:images

[ 2015-11-23T16:41:07+08:00 ] ::1 /backup/wxtest/Home/Material/ueditor/third-party/zeroclipboard/ZeroClipboard.swf?noCache=1448268065942
INFO: [ app_init ] --START--
INFO: Run Behavior\BuildLiteBehavior [ RunTime:0.000057s ]
INFO: [ app_init ] --END-- [ RunTime:0.000787s ]
INFO: [ app_begin ] --START--
INFO: Run Behavior\ReadHtmlCacheBehavior [ RunTime:0.000788s ]
INFO: [ app_begin ] --END-- [ RunTime:0.001081s ]
ERR: 非法操作:ueditor

[ 2015-11-23T16:41:07+08:00 ] ::1 /backup/wxtest/Home/Material/js/ueditor/third-party/zeroclipboard/ZeroClipboard.swf?noCache=1439172085753
INFO: [ app_init ] --START--
INFO: Run Behavior\BuildLiteBehavior [ RunTime:0.000088s ]
INFO: [ app_init ] --END-- [ RunTime:0.000890s ]
INFO: [ app_begin ] --START--
INFO: Run Behavior\ReadHtmlCacheBehavior [ RunTime:0.000807s ]
INFO: [ app_begin ] --END-- [ RunTime:0.001091s ]
ERR: 非法操作:js

[ 2015-11-23T16:41:19+08:00 ] ::1 /backup/wxtest/Home/Material/caiji.php?do=add
INFO: [ app_init ] --START--
INFO: Run Behavior\BuildLiteBehavior [ RunTime:0.000051s ]
INFO: [ app_init ] --END-- [ RunTime:0.000756s ]
INFO: [ app_begin ] --START--
INFO: Run Behavior\ReadHtmlCacheBehavior [ RunTime:0.000854s ]
INFO: [ app_begin ] --END-- [ RunTime:0.001127s ]
ERR: 非法操作:caiji.php

[ 2015-11-23T16:41:21+08:00 ] ::1 /backup/wxtest/Home/Material/article_list.html
INFO: [ app_init ] --START--
INFO: Run Behavior\BuildLiteBehavior [ RunTime:0.000055s ]
INFO: [ app_init ] --END-- [ RunTime:0.000691s ]
INFO: [ app_begin ] --START--
INFO: Run Behavior\ReadHtmlCacheBehavior [ RunTime:0.000702s ]
INFO: [ app_begin ] --END-- [ RunTime:0.000968s ]
SQL: SHOW COLUMNS FROM `wx_article_manage` [ RunTime:0.0053s ]
SQL: SELECT COUNT(*) AS tp_count FROM `wx_article_manage` WHERE `is_del` = 0 LIMIT 1   [ RunTime:0.0003s ]
SQL: select t1.*,t.remark from (select * from wx_article_manage a where a.is_del=0) t1 left join  
                (select b.user_name,c.remark from wx_user b ,wx_role c,wx_role_user d where b.id=d.user_id and d.role_id=c.id) t  
            on t1.article_publisher = t.user_name  order by t1.pub_time desc limit 0,20 [ RunTime:0.0068s ]
SQL: SHOW COLUMNS FROM `wx_group` [ RunTime:0.0067s ]
SQL: select id,gname from wx_group where type = 2 order by id; [ RunTime:0.0003s ]
SQL: select id,gname from wx_group where type = 3 order by id; [ RunTime:0.0002s ]
INFO: [ view_parse ] --START--
INFO: [ template_filter ] --START--
INFO: Run Behavior\ContentReplaceBehavior [ RunTime:0.000271s ]
INFO: [ template_filter ] --END-- [ RunTime:0.000508s ]
NOTIC: [8] Use of undefined constant admin - assumed 'admin' D:\wamp\www\backup\wxtest\Application\Runtime\Cache\Home\a2592b6662e81bd3ff3d9071dd0ec136.php 第 143 行.
NOTIC: [8] Use of undefined constant id - assumed 'id' D:\wamp\www\backup\wxtest\Application\Runtime\Cache\Home\a2592b6662e81bd3ff3d9071dd0ec136.php 第 150 行.
NOTIC: [8] Use of undefined constant admin - assumed 'admin' D:\wamp\www\backup\wxtest\Application\Runtime\Cache\Home\a2592b6662e81bd3ff3d9071dd0ec136.php 第 143 行.
NOTIC: [8] Use of undefined constant id - assumed 'id' D:\wamp\www\backup\wxtest\Application\Runtime\Cache\Home\a2592b6662e81bd3ff3d9071dd0ec136.php 第 150 行.
INFO: Run Behavior\ParseTemplateBehavior [ RunTime:0.024769s ]
INFO: [ view_parse ] --END-- [ RunTime:0.024960s ]
INFO: [ view_filter ] --START--
INFO: Run Behavior\WriteHtmlCacheBehavior [ RunTime:0.000513s ]
INFO: [ view_filter ] --END-- [ RunTime:0.000703s ]
INFO: [ app_end ] --START--
INFO: Run Behavior\ShowPageTraceBehavior [ RunTime:0.001116s ]
INFO: [ app_end ] --END-- [ RunTime:0.001363s ]

[ 2015-11-23T16:41:25+08:00 ] ::1 /backup/wxtest/Home/Material/publish.html
INFO: [ app_init ] --START--
INFO: Run Behavior\BuildLiteBehavior [ RunTime:0.000076s ]
INFO: [ app_init ] --END-- [ RunTime:0.001027s ]
INFO: [ app_begin ] --START--
INFO: Run Behavior\ReadHtmlCacheBehavior [ RunTime:0.000853s ]
INFO: [ app_begin ] --END-- [ RunTime:0.001140s ]
SQL: SHOW COLUMNS FROM `wx_opera_log` [ RunTime:0.0061s ]
SQL: INSERT INTO `wx_opera_log` (`user_name`,`module`,`method`,`operation`,`bak`,`opera_time`) VALUES ('admin','文章管理','发表文章编辑','publish','','1448268085') [ RunTime:0.0343s ]
SQL: SHOW COLUMNS FROM `wx_group` [ RunTime:0.0061s ]
SQL: SELECT * FROM `wx_group` WHERE ( type=2 )  [ RunTime:0.0004s ]
SQL: SELECT * FROM `wx_group` WHERE ( type=3 )  [ RunTime:0.0002s ]
INFO: [ view_parse ] --START--
INFO: [ template_filter ] --START--
INFO: Run Behavior\ContentReplaceBehavior [ RunTime:0.001911s ]
INFO: [ template_filter ] --END-- [ RunTime:0.003009s ]
NOTIC: [8] Undefined variable: ma D:\wamp\www\backup\wxtest\Application\Runtime\Cache\Home\7013cb0e56d26c832b94fccff668f55f.php 第 480 行.
NOTIC: [8] Undefined variable: ma D:\wamp\www\backup\wxtest\Application\Runtime\Cache\Home\7013cb0e56d26c832b94fccff668f55f.php 第 504 行.
NOTIC: [8] Undefined variable: ma D:\wamp\www\backup\wxtest\Application\Runtime\Cache\Home\7013cb0e56d26c832b94fccff668f55f.php 第 515 行.
NOTIC: [8] Undefined variable: ma D:\wamp\www\backup\wxtest\Application\Runtime\Cache\Home\7013cb0e56d26c832b94fccff668f55f.php 第 524 行.
NOTIC: [8] Use of undefined constant id - assumed 'id' D:\wamp\www\backup\wxtest\Application\Runtime\Cache\Home\7013cb0e56d26c832b94fccff668f55f.php 第 524 行.
NOTIC: [8] Array to string conversion D:\wamp\www\backup\wxtest\Application\Runtime\Cache\Home\7013cb0e56d26c832b94fccff668f55f.php 第 524 行.
NOTIC: [8] Undefined variable: ma D:\wamp\www\backup\wxtest\Application\Runtime\Cache\Home\7013cb0e56d26c832b94fccff668f55f.php 第 528 行.
NOTIC: [8] Undefined variable: ma D:\wamp\www\backup\wxtest\Application\Runtime\Cache\Home\7013cb0e56d26c832b94fccff668f55f.php 第 536 行.
NOTIC: [8] Use of undefined constant id - assumed 'id' D:\wamp\www\backup\wxtest\Application\Runtime\Cache\Home\7013cb0e56d26c832b94fccff668f55f.php 第 536 行.
NOTIC: [8] Array to string conversion D:\wamp\www\backup\wxtest\Application\Runtime\Cache\Home\7013cb0e56d26c832b94fccff668f55f.php 第 536 行.
NOTIC: [8] Undefined variable: ma D:\wamp\www\backup\wxtest\Application\Runtime\Cache\Home\7013cb0e56d26c832b94fccff668f55f.php 第 536 行.
NOTIC: [8] Use of undefined constant id - assumed 'id' D:\wamp\www\backup\wxtest\Application\Runtime\Cache\Home\7013cb0e56d26c832b94fccff668f55f.php 第 536 行.
NOTIC: [8] Array to string conversion D:\wamp\www\backup\wxtest\Application\Runtime\Cache\Home\7013cb0e56d26c832b94fccff668f55f.php 第 536 行.
NOTIC: [8] Undefined variable: ma D:\wamp\www\backup\wxtest\Application\Runtime\Cache\Home\7013cb0e56d26c832b94fccff668f55f.php 第 536 行.
NOTIC: [8] Use of undefined constant id - assumed 'id' D:\wamp\www\backup\wxtest\Application\Runtime\Cache\Home\7013cb0e56d26c832b94fccff668f55f.php 第 536 行.
NOTIC: [8] Array to string conversion D:\wamp\www\backup\wxtest\Application\Runtime\Cache\Home\7013cb0e56d26c832b94fccff668f55f.php 第 536 行.
NOTIC: [8] Undefined variable: ma D:\wamp\www\backup\wxtest\Application\Runtime\Cache\Home\7013cb0e56d26c832b94fccff668f55f.php 第 536 行.
NOTIC: [8] Use of undefined constant id - assumed 'id' D:\wamp\www\backup\wxtest\Application\Runtime\Cache\Home\7013cb0e56d26c832b94fccff668f55f.php 第 536 行.
NOTIC: [8] Array to string conversion D:\wamp\www\backup\wxtest\Application\Runtime\Cache\Home\7013cb0e56d26c832b94fccff668f55f.php 第 536 行.
NOTIC: [8] Undefined variable: ma D:\wamp\www\backup\wxtest\Application\Runtime\Cache\Home\7013cb0e56d26c832b94fccff668f55f.php 第 536 行.
NOTIC: [8] Use of undefined constant id - assumed 'id' D:\wamp\www\backup\wxtest\Application\Runtime\Cache\Home\7013cb0e56d26c832b94fccff668f55f.php 第 536 行.
NOTIC: [8] Array to string conversion D:\wamp\www\backup\wxtest\Application\Runtime\Cache\Home\7013cb0e56d26c832b94fccff668f55f.php 第 536 行.
NOTIC: [8] Undefined variable: ma D:\wamp\www\backup\wxtest\Application\Runtime\Cache\Home\7013cb0e56d26c832b94fccff668f55f.php 第 539 行.
NOTIC: [8] Undefined variable: ma D:\wamp\www\backup\wxtest\Application\Runtime\Cache\Home\7013cb0e56d26c832b94fccff668f55f.php 第 541 行.
NOTIC: [8] Undefined variable: root D:\wamp\www\backup\wxtest\Application\Runtime\Cache\Home\7013cb0e56d26c832b94fccff668f55f.php 第 552 行.
NOTIC: [8] Undefined variable: ma D:\wamp\www\backup\wxtest\Application\Runtime\Cache\Home\7013cb0e56d26c832b94fccff668f55f.php 第 552 行.
SQL: SHOW COLUMNS FROM `wx_wxstyle` [ RunTime:0.0068s ]
SQL: SELECT * FROM `wx_wxstyle` WHERE `type` = 1 ORDER BY id desc  [ RunTime:0.0032s ]
SQL: SELECT * FROM `wx_wxstyle` WHERE `type` = 2 ORDER BY id desc  [ RunTime:0.0054s ]
SQL: SELECT * FROM `wx_wxstyle` WHERE `type` = 3 ORDER BY id desc  [ RunTime:0.0045s ]
SQL: SELECT * FROM `wx_wxstyle` WHERE `type` = 5 ORDER BY id desc  [ RunTime:0.0021s ]
SQL: SELECT * FROM `wx_wxstyle` WHERE `type` = 4 ORDER BY id desc  [ RunTime:0.0017s ]
SQL: SELECT * FROM `wx_wxstyle` WHERE `type` = 6 ORDER BY id desc  [ RunTime:0.0023s ]
SQL: SELECT * FROM `wx_wxstyle` WHERE `type` = 7 ORDER BY id desc  [ RunTime:0.0017s ]
SQL: SELECT * FROM `wx_wxstyle` WHERE `type` = 8 ORDER BY id desc  [ RunTime:0.0035s ]
SQL: SELECT * FROM `wx_wxstyle` WHERE `type` = 9 ORDER BY id desc  [ RunTime:0.0010s ]
SQL: SELECT * FROM `wx_wxstyle` WHERE `type` = 10 ORDER BY id desc  [ RunTime:0.0009s ]
SQL: SELECT * FROM `wx_wxstyle` WHERE `type` = 11 ORDER BY id desc  [ RunTime:0.0041s ]
SQL: SELECT * FROM `wx_wxstyle` WHERE `type` = 12 ORDER BY id desc  [ RunTime:0.0020s ]
SQL: SELECT * FROM `wx_wxstyle` WHERE `type` = 13 ORDER BY id desc  [ RunTime:0.0013s ]
SQL: SELECT * FROM `wx_wxstyle` WHERE `type` = 14 ORDER BY id desc  [ RunTime:0.0011s ]
SQL: SELECT * FROM `wx_wxstyle` WHERE `type` = 15 ORDER BY id desc  [ RunTime:0.0010s ]
NOTIC: [8192] mysql_query(): The mysql extension is deprecated and will be removed in the future: use mysqli or PDO instead D:\wamp\www\backup\wxtest\Application\Runtime\Cache\Home\7013cb0e56d26c832b94fccff668f55f.php 第 1247 行.
NOTIC: [8] Undefined variable: link D:\wamp\www\backup\wxtest\Application\Runtime\Cache\Home\7013cb0e56d26c832b94fccff668f55f.php 第 1247 行.
NOTIC: [2] mysql_query() expects parameter 2 to be resource, null given D:\wamp\www\backup\wxtest\Application\Runtime\Cache\Home\7013cb0e56d26c832b94fccff668f55f.php 第 1247 行.
NOTIC: [2] mysql_fetch_array() expects parameter 1 to be resource, null given D:\wamp\www\backup\wxtest\Application\Runtime\Cache\Home\7013cb0e56d26c832b94fccff668f55f.php 第 1247 行.
NOTIC: [8] Undefined variable: ma D:\wamp\www\backup\wxtest\Application\Runtime\Cache\Home\7013cb0e56d26c832b94fccff668f55f.php 第 1681 行.
NOTIC: [8] Undefined variable: ma D:\wamp\www\backup\wxtest\Application\Runtime\Cache\Home\7013cb0e56d26c832b94fccff668f55f.php 第 1685 行.
INFO: Run Behavior\ParseTemplateBehavior [ RunTime:0.139587s ]
INFO: [ view_parse ] --END-- [ RunTime:0.139792s ]
INFO: [ view_filter ] --START--
INFO: Run Behavior\WriteHtmlCacheBehavior [ RunTime:0.000408s ]
INFO: [ view_filter ] --END-- [ RunTime:0.000585s ]
INFO: [ app_end ] --START--
INFO: Run Behavior\ShowPageTraceBehavior [ RunTime:0.000988s ]
INFO: [ app_end ] --END-- [ RunTime:0.001302s ]

[ 2015-11-23T16:41:27+08:00 ] ::1 /backup/wxtest/Home/Material/images/tuwen/20150301164627_aejum.thumb.180_180_c.jpeg
INFO: [ app_init ] --START--
INFO: Run Behavior\BuildLiteBehavior [ RunTime:0.000058s ]
INFO: [ app_init ] --END-- [ RunTime:0.000972s ]
INFO: [ app_begin ] --START--
INFO: Run Behavior\ReadHtmlCacheBehavior [ RunTime:0.000930s ]
INFO: [ app_begin ] --END-- [ RunTime:0.001237s ]
ERR: 非法操作:images

[ 2015-11-23T16:41:29+08:00 ] ::1 /backup/wxtest/Home/Material/js/ueditor/third-party/zeroclipboard/ZeroClipboard.swf?noCache=1439172085753
INFO: [ app_init ] --START--
INFO: Run Behavior\BuildLiteBehavior [ RunTime:0.000053s ]
INFO: [ app_init ] --END-- [ RunTime:0.000817s ]
INFO: [ app_begin ] --START--
INFO: Run Behavior\ReadHtmlCacheBehavior [ RunTime:0.000913s ]
INFO: [ app_begin ] --END-- [ RunTime:0.001336s ]
ERR: 非法操作:js

[ 2015-11-23T16:41:29+08:00 ] ::1 /backup/wxtest/Home/Material/ueditor/third-party/zeroclipboard/ZeroClipboard.swf?noCache=1448268088319
INFO: [ app_init ] --START--
INFO: Run Behavior\BuildLiteBehavior [ RunTime:0.000060s ]
INFO: [ app_init ] --END-- [ RunTime:0.000876s ]
INFO: [ app_begin ] --START--
INFO: Run Behavior\ReadHtmlCacheBehavior [ RunTime:0.001005s ]
INFO: [ app_begin ] --END-- [ RunTime:0.001328s ]
ERR: 非法操作:ueditor

