[ 2015-11-25T14:34:31+08:00 ] ::1 /backup/wxtest/Home/Material/publish
INFO: [ app_init ] --START--
INFO: Run Behavior\BuildLiteBehavior [ RunTime:0.000033s ]
INFO: [ app_init ] --END-- [ RunTime:0.000629s ]
INFO: [ app_begin ] --START--
INFO: Run Behavior\ReadHtmlCacheBehavior [ RunTime:0.001278s ]
INFO: [ app_begin ] --END-- [ RunTime:0.001576s ]
SQL: SHOW COLUMNS FROM `wx_opera_log` [ RunTime:0.0093s ]
SQL: INSERT INTO `wx_opera_log` (`user_name`,`module`,`method`,`operation`,`bak`,`opera_time`) VALUES ('admin','文章管理','发表文章编辑','publish','','1448433271') [ RunTime:0.0362s ]
SQL: SHOW COLUMNS FROM `wx_group` [ RunTime:0.0087s ]
SQL: SELECT * FROM `wx_group` WHERE ( type=2 )  [ RunTime:0.0006s ]
SQL: SELECT * FROM `wx_group` WHERE ( type=3 )  [ RunTime:0.0003s ]
INFO: [ view_parse ] --START--
INFO: [ template_filter ] --START--
INFO: Run Behavior\ContentReplaceBehavior [ RunTime:0.007686s ]
INFO: [ template_filter ] --END-- [ RunTime:0.008093s ]
NOTIC: [8] Undefined variable: ma D:\wamp\www\backup\wxtest\Application\Runtime\Cache\Home\7013cb0e56d26c832b94fccff668f55f.php 第 487 行.
NOTIC: [8] Undefined variable: ma D:\wamp\www\backup\wxtest\Application\Runtime\Cache\Home\7013cb0e56d26c832b94fccff668f55f.php 第 511 行.
NOTIC: [8] Undefined variable: ma D:\wamp\www\backup\wxtest\Application\Runtime\Cache\Home\7013cb0e56d26c832b94fccff668f55f.php 第 522 行.
NOTIC: [8] Undefined variable: ma D:\wamp\www\backup\wxtest\Application\Runtime\Cache\Home\7013cb0e56d26c832b94fccff668f55f.php 第 531 行.
NOTIC: [8] Use of undefined constant id - assumed 'id' D:\wamp\www\backup\wxtest\Application\Runtime\Cache\Home\7013cb0e56d26c832b94fccff668f55f.php 第 531 行.
NOTIC: [8] Array to string conversion D:\wamp\www\backup\wxtest\Application\Runtime\Cache\Home\7013cb0e56d26c832b94fccff668f55f.php 第 531 行.
NOTIC: [8] Undefined variable: ma D:\wamp\www\backup\wxtest\Application\Runtime\Cache\Home\7013cb0e56d26c832b94fccff668f55f.php 第 535 行.
NOTIC: [8] Undefined variable: ma D:\wamp\www\backup\wxtest\Application\Runtime\Cache\Home\7013cb0e56d26c832b94fccff668f55f.php 第 543 行.
NOTIC: [8] Use of undefined constant id - assumed 'id' D:\wamp\www\backup\wxtest\Application\Runtime\Cache\Home\7013cb0e56d26c832b94fccff668f55f.php 第 543 行.
NOTIC: [8] Array to string conversion D:\wamp\www\backup\wxtest\Application\Runtime\Cache\Home\7013cb0e56d26c832b94fccff668f55f.php 第 543 行.
NOTIC: [8] Undefined variable: ma D:\wamp\www\backup\wxtest\Application\Runtime\Cache\Home\7013cb0e56d26c832b94fccff668f55f.php 第 543 行.
NOTIC: [8] Use of undefined constant id - assumed 'id' D:\wamp\www\backup\wxtest\Application\Runtime\Cache\Home\7013cb0e56d26c832b94fccff668f55f.php 第 543 行.
NOTIC: [8] Array to string conversion D:\wamp\www\backup\wxtest\Application\Runtime\Cache\Home\7013cb0e56d26c832b94fccff668f55f.php 第 543 行.
NOTIC: [8] Undefined variable: ma D:\wamp\www\backup\wxtest\Application\Runtime\Cache\Home\7013cb0e56d26c832b94fccff668f55f.php 第 543 行.
NOTIC: [8] Use of undefined constant id - assumed 'id' D:\wamp\www\backup\wxtest\Application\Runtime\Cache\Home\7013cb0e56d26c832b94fccff668f55f.php 第 543 行.
NOTIC: [8] Array to string conversion D:\wamp\www\backup\wxtest\Application\Runtime\Cache\Home\7013cb0e56d26c832b94fccff668f55f.php 第 543 行.
NOTIC: [8] Undefined variable: ma D:\wamp\www\backup\wxtest\Application\Runtime\Cache\Home\7013cb0e56d26c832b94fccff668f55f.php 第 543 行.
NOTIC: [8] Use of undefined constant id - assumed 'id' D:\wamp\www\backup\wxtest\Application\Runtime\Cache\Home\7013cb0e56d26c832b94fccff668f55f.php 第 543 行.
NOTIC: [8] Array to string conversion D:\wamp\www\backup\wxtest\Application\Runtime\Cache\Home\7013cb0e56d26c832b94fccff668f55f.php 第 543 行.
NOTIC: [8] Undefined variable: ma D:\wamp\www\backup\wxtest\Application\Runtime\Cache\Home\7013cb0e56d26c832b94fccff668f55f.php 第 543 行.
NOTIC: [8] Use of undefined constant id - assumed 'id' D:\wamp\www\backup\wxtest\Application\Runtime\Cache\Home\7013cb0e56d26c832b94fccff668f55f.php 第 543 行.
NOTIC: [8] Array to string conversion D:\wamp\www\backup\wxtest\Application\Runtime\Cache\Home\7013cb0e56d26c832b94fccff668f55f.php 第 543 行.
NOTIC: [8] Undefined variable: ma D:\wamp\www\backup\wxtest\Application\Runtime\Cache\Home\7013cb0e56d26c832b94fccff668f55f.php 第 546 行.
NOTIC: [8] Undefined variable: ma D:\wamp\www\backup\wxtest\Application\Runtime\Cache\Home\7013cb0e56d26c832b94fccff668f55f.php 第 548 行.
NOTIC: [8] Undefined variable: root D:\wamp\www\backup\wxtest\Application\Runtime\Cache\Home\7013cb0e56d26c832b94fccff668f55f.php 第 559 行.
NOTIC: [8] Undefined variable: ma D:\wamp\www\backup\wxtest\Application\Runtime\Cache\Home\7013cb0e56d26c832b94fccff668f55f.php 第 559 行.
SQL: SHOW COLUMNS FROM `wx_wxstyle` [ RunTime:0.0078s ]
SQL: SELECT * FROM `wx_wxstyle` WHERE `type` = 1 ORDER BY id
                                                                desc  [ RunTime:0.0052s ]
SQL: SELECT * FROM `wx_wxstyle` WHERE `type` = 2 ORDER BY id
                                                                desc  [ RunTime:0.0053s ]
SQL: SELECT * FROM `wx_wxstyle` WHERE `type` = 3 ORDER BY id
                                                                desc  [ RunTime:0.0063s ]
SQL: SELECT * FROM `wx_wxstyle` WHERE `type` = 5 ORDER BY id
                                                                desc  [ RunTime:0.0025s ]
SQL: SELECT * FROM `wx_wxstyle` WHERE `type` = 4 ORDER BY id
                                                                desc  [ RunTime:0.0018s ]
SQL: SELECT * FROM `wx_wxstyle` WHERE `type` = 6 ORDER BY id
                                                                desc  [ RunTime:0.0019s ]
SQL: SELECT * FROM `wx_wxstyle` WHERE `type` = 7 ORDER BY id
                                                                desc  [ RunTime:0.0029s ]
SQL: SELECT * FROM `wx_wxstyle` WHERE `type` = 8 ORDER BY id
                                                                desc  [ RunTime:0.0034s ]
SQL: SELECT * FROM `wx_wxstyle` WHERE `type` = 9 ORDER BY id
                                                                desc  [ RunTime:0.0017s ]
SQL: SELECT * FROM `wx_wxstyle` WHERE `type` = 10 ORDER BY id
                                                                desc  [ RunTime:0.0020s ]
SQL: SELECT * FROM `wx_wxstyle` WHERE `type` = 11 ORDER BY id
                                                                desc  [ RunTime:0.0052s ]
SQL: SELECT * FROM `wx_wxstyle` WHERE `type` = 12 ORDER BY id
                                                                desc  [ RunTime:0.0022s ]
SQL: SELECT * FROM `wx_wxstyle` WHERE `type` = 13 ORDER BY id
                                                                desc  [ RunTime:0.0018s ]
SQL: SELECT * FROM `wx_wxstyle` WHERE `type` = 14 ORDER BY id
                                                                desc  [ RunTime:0.0012s ]
SQL: SELECT * FROM `wx_wxstyle` WHERE `type` = 15 ORDER BY id
                                                                desc  [ RunTime:0.0014s ]
NOTIC: [8] Undefined variable: ma D:\wamp\www\backup\wxtest\Application\Runtime\Cache\Home\7013cb0e56d26c832b94fccff668f55f.php 第 953 行.
NOTIC: [8] Undefined variable: ma D:\wamp\www\backup\wxtest\Application\Runtime\Cache\Home\7013cb0e56d26c832b94fccff668f55f.php 第 1447 行.
NOTIC: [8] Undefined variable: ma D:\wamp\www\backup\wxtest\Application\Runtime\Cache\Home\7013cb0e56d26c832b94fccff668f55f.php 第 1451 行.
INFO: Run Behavior\ParseTemplateBehavior [ RunTime:0.166827s ]
INFO: [ view_parse ] --END-- [ RunTime:0.167011s ]
INFO: [ view_filter ] --START--
INFO: Run Behavior\WriteHtmlCacheBehavior [ RunTime:0.001012s ]
INFO: [ view_filter ] --END-- [ RunTime:0.001274s ]
INFO: [ app_end ] --START--
INFO: Run Behavior\ShowPageTraceBehavior [ RunTime:0.001339s ]
INFO: [ app_end ] --END-- [ RunTime:0.001694s ]

[ 2015-11-25T14:34:34+08:00 ] ::1 /backup/wxtest/Home/Material/images/tuwen/20150301164627_aejum.thumb.180_180_c.jpeg
INFO: [ app_init ] --START--
INFO: Run Behavior\BuildLiteBehavior [ RunTime:0.000055s ]
INFO: [ app_init ] --END-- [ RunTime:0.001096s ]
INFO: [ app_begin ] --START--
INFO: Run Behavior\ReadHtmlCacheBehavior [ RunTime:0.000857s ]
INFO: [ app_begin ] --END-- [ RunTime:0.001132s ]
ERR: 非法操作:images

[ 2015-11-25T14:34:40+08:00 ] ::1 /backup/wxtest/Home/Material/js/ueditor/third-party/zeroclipboard/ZeroClipboard.swf?noCache=1439172085753
INFO: [ app_init ] --START--
INFO: Run Behavior\BuildLiteBehavior [ RunTime:0.000057s ]
INFO: [ app_init ] --END-- [ RunTime:0.000838s ]
INFO: [ app_begin ] --START--
INFO: Run Behavior\ReadHtmlCacheBehavior [ RunTime:0.001175s ]
INFO: [ app_begin ] --END-- [ RunTime:0.001476s ]
ERR: 非法操作:js

[ 2015-11-25T14:34:40+08:00 ] ::1 /backup/wxtest/Home/Material/ueditor/third-party/zeroclipboard/ZeroClipboard.swf?noCache=1448433277763
INFO: [ app_init ] --START--
INFO: Run Behavior\BuildLiteBehavior [ RunTime:0.000056s ]
INFO: [ app_init ] --END-- [ RunTime:0.000997s ]
INFO: [ app_begin ] --START--
INFO: Run Behavior\ReadHtmlCacheBehavior [ RunTime:0.000887s ]
INFO: [ app_begin ] --END-- [ RunTime:0.001169s ]
ERR: 非法操作:ueditor

[ 2015-11-25T14:34:42+08:00 ] ::1 /backup/wxtest/Home/Material/favicon.ico
INFO: [ app_init ] --START--
INFO: Run Behavior\BuildLiteBehavior [ RunTime:0.000055s ]
INFO: [ app_init ] --END-- [ RunTime:0.001505s ]

[ 2015-11-25T14:34:42+08:00 ] ::1 /backup/wxtest/Home/Material/favicon.ico
INFO: [ app_init ] --START--
INFO: Run Behavior\BuildLiteBehavior [ RunTime:0.000059s ]
INFO: [ app_init ] --END-- [ RunTime:0.001591s ]

[ 2015-11-25T14:35:35+08:00 ] ::1 /backup/wxtest/Home/Material/zhuaqu.html
INFO: [ app_init ] --START--
INFO: Run Behavior\BuildLiteBehavior [ RunTime:0.000183s ]
INFO: [ app_init ] --END-- [ RunTime:0.002872s ]
INFO: [ app_begin ] --START--
INFO: Run Behavior\ReadHtmlCacheBehavior [ RunTime:0.001143s ]
INFO: [ app_begin ] --END-- [ RunTime:0.001563s ]
SQL: SHOW COLUMNS FROM `wx_group` [ RunTime:0.0086s ]
SQL: SELECT * FROM `wx_group` WHERE ( type=2 )  [ RunTime:0.0006s ]
SQL: SELECT * FROM `wx_group` WHERE ( type=3 )  [ RunTime:0.0004s ]
INFO: [ view_parse ] --START--
INFO: [ template_filter ] --START--
INFO: Run Behavior\ContentReplaceBehavior [ RunTime:0.001855s ]
INFO: [ template_filter ] --END-- [ RunTime:0.002293s ]
NOTIC: [8] Undefined variable: ma D:\wamp\www\backup\wxtest\Application\Runtime\Cache\Home\7013cb0e56d26c832b94fccff668f55f.php 第 487 行.
NOTIC: [8] Undefined variable: ma D:\wamp\www\backup\wxtest\Application\Runtime\Cache\Home\7013cb0e56d26c832b94fccff668f55f.php 第 511 行.
NOTIC: [8] Undefined variable: ma D:\wamp\www\backup\wxtest\Application\Runtime\Cache\Home\7013cb0e56d26c832b94fccff668f55f.php 第 522 行.
NOTIC: [8] Undefined variable: ma D:\wamp\www\backup\wxtest\Application\Runtime\Cache\Home\7013cb0e56d26c832b94fccff668f55f.php 第 531 行.
NOTIC: [8] Use of undefined constant id - assumed 'id' D:\wamp\www\backup\wxtest\Application\Runtime\Cache\Home\7013cb0e56d26c832b94fccff668f55f.php 第 531 行.
NOTIC: [8] Array to string conversion D:\wamp\www\backup\wxtest\Application\Runtime\Cache\Home\7013cb0e56d26c832b94fccff668f55f.php 第 531 行.
NOTIC: [8] Undefined variable: ma D:\wamp\www\backup\wxtest\Application\Runtime\Cache\Home\7013cb0e56d26c832b94fccff668f55f.php 第 535 行.
NOTIC: [8] Undefined variable: ma D:\wamp\www\backup\wxtest\Application\Runtime\Cache\Home\7013cb0e56d26c832b94fccff668f55f.php 第 543 行.
NOTIC: [8] Use of undefined constant id - assumed 'id' D:\wamp\www\backup\wxtest\Application\Runtime\Cache\Home\7013cb0e56d26c832b94fccff668f55f.php 第 543 行.
NOTIC: [8] Array to string conversion D:\wamp\www\backup\wxtest\Application\Runtime\Cache\Home\7013cb0e56d26c832b94fccff668f55f.php 第 543 行.
NOTIC: [8] Undefined variable: ma D:\wamp\www\backup\wxtest\Application\Runtime\Cache\Home\7013cb0e56d26c832b94fccff668f55f.php 第 543 行.
NOTIC: [8] Use of undefined constant id - assumed 'id' D:\wamp\www\backup\wxtest\Application\Runtime\Cache\Home\7013cb0e56d26c832b94fccff668f55f.php 第 543 行.
NOTIC: [8] Array to string conversion D:\wamp\www\backup\wxtest\Application\Runtime\Cache\Home\7013cb0e56d26c832b94fccff668f55f.php 第 543 行.
NOTIC: [8] Undefined variable: ma D:\wamp\www\backup\wxtest\Application\Runtime\Cache\Home\7013cb0e56d26c832b94fccff668f55f.php 第 543 行.
NOTIC: [8] Use of undefined constant id - assumed 'id' D:\wamp\www\backup\wxtest\Application\Runtime\Cache\Home\7013cb0e56d26c832b94fccff668f55f.php 第 543 行.
NOTIC: [8] Array to string conversion D:\wamp\www\backup\wxtest\Application\Runtime\Cache\Home\7013cb0e56d26c832b94fccff668f55f.php 第 543 行.
NOTIC: [8] Undefined variable: ma D:\wamp\www\backup\wxtest\Application\Runtime\Cache\Home\7013cb0e56d26c832b94fccff668f55f.php 第 543 行.
NOTIC: [8] Use of undefined constant id - assumed 'id' D:\wamp\www\backup\wxtest\Application\Runtime\Cache\Home\7013cb0e56d26c832b94fccff668f55f.php 第 543 行.
NOTIC: [8] Array to string conversion D:\wamp\www\backup\wxtest\Application\Runtime\Cache\Home\7013cb0e56d26c832b94fccff668f55f.php 第 543 行.
NOTIC: [8] Undefined variable: ma D:\wamp\www\backup\wxtest\Application\Runtime\Cache\Home\7013cb0e56d26c832b94fccff668f55f.php 第 543 行.
NOTIC: [8] Use of undefined constant id - assumed 'id' D:\wamp\www\backup\wxtest\Application\Runtime\Cache\Home\7013cb0e56d26c832b94fccff668f55f.php 第 543 行.
NOTIC: [8] Array to string conversion D:\wamp\www\backup\wxtest\Application\Runtime\Cache\Home\7013cb0e56d26c832b94fccff668f55f.php 第 543 行.
NOTIC: [8] Undefined variable: ma D:\wamp\www\backup\wxtest\Application\Runtime\Cache\Home\7013cb0e56d26c832b94fccff668f55f.php 第 546 行.
NOTIC: [8] Undefined variable: ma D:\wamp\www\backup\wxtest\Application\Runtime\Cache\Home\7013cb0e56d26c832b94fccff668f55f.php 第 548 行.
NOTIC: [8] Undefined variable: root D:\wamp\www\backup\wxtest\Application\Runtime\Cache\Home\7013cb0e56d26c832b94fccff668f55f.php 第 559 行.
NOTIC: [8] Undefined variable: ma D:\wamp\www\backup\wxtest\Application\Runtime\Cache\Home\7013cb0e56d26c832b94fccff668f55f.php 第 559 行.
SQL: SHOW COLUMNS FROM `wx_wxstyle` [ RunTime:0.0077s ]
SQL: SELECT * FROM `wx_wxstyle` WHERE `type` = 1 ORDER BY id
                                                                desc  [ RunTime:0.0057s ]
SQL: SELECT * FROM `wx_wxstyle` WHERE `type` = 2 ORDER BY id
                                                                desc  [ RunTime:0.0052s ]
SQL: SELECT * FROM `wx_wxstyle` WHERE `type` = 3 ORDER BY id
                                                                desc  [ RunTime:0.0061s ]
SQL: SELECT * FROM `wx_wxstyle` WHERE `type` = 5 ORDER BY id
                                                                desc  [ RunTime:0.0021s ]
SQL: SELECT * FROM `wx_wxstyle` WHERE `type` = 4 ORDER BY id
                                                                desc  [ RunTime:0.0018s ]
SQL: SELECT * FROM `wx_wxstyle` WHERE `type` = 6 ORDER BY id
                                                                desc  [ RunTime:0.0018s ]
SQL: SELECT * FROM `wx_wxstyle` WHERE `type` = 7 ORDER BY id
                                                                desc  [ RunTime:0.0020s ]
SQL: SELECT * FROM `wx_wxstyle` WHERE `type` = 8 ORDER BY id
                                                                desc  [ RunTime:0.0051s ]
SQL: SELECT * FROM `wx_wxstyle` WHERE `type` = 9 ORDER BY id
                                                                desc  [ RunTime:0.0012s ]
SQL: SELECT * FROM `wx_wxstyle` WHERE `type` = 10 ORDER BY id
                                                                desc  [ RunTime:0.0017s ]
SQL: SELECT * FROM `wx_wxstyle` WHERE `type` = 11 ORDER BY id
                                                                desc  [ RunTime:0.0050s ]
SQL: SELECT * FROM `wx_wxstyle` WHERE `type` = 12 ORDER BY id
                                                                desc  [ RunTime:0.0056s ]
SQL: SELECT * FROM `wx_wxstyle` WHERE `type` = 13 ORDER BY id
                                                                desc  [ RunTime:0.0020s ]
SQL: SELECT * FROM `wx_wxstyle` WHERE `type` = 14 ORDER BY id
                                                                desc  [ RunTime:0.0014s ]
SQL: SELECT * FROM `wx_wxstyle` WHERE `type` = 15 ORDER BY id
                                                                desc  [ RunTime:0.0018s ]
NOTIC: [8] Undefined variable: ma D:\wamp\www\backup\wxtest\Application\Runtime\Cache\Home\7013cb0e56d26c832b94fccff668f55f.php 第 953 行.
NOTIC: [8] Undefined variable: ma D:\wamp\www\backup\wxtest\Application\Runtime\Cache\Home\7013cb0e56d26c832b94fccff668f55f.php 第 1447 行.
NOTIC: [8] Undefined variable: ma D:\wamp\www\backup\wxtest\Application\Runtime\Cache\Home\7013cb0e56d26c832b94fccff668f55f.php 第 1451 行.
INFO: Run Behavior\ParseTemplateBehavior [ RunTime:0.152062s ]
INFO: [ view_parse ] --END-- [ RunTime:0.152327s ]
INFO: [ view_filter ] --START--
INFO: Run Behavior\WriteHtmlCacheBehavior [ RunTime:0.000925s ]
INFO: [ view_filter ] --END-- [ RunTime:0.001192s ]
INFO: [ app_end ] --START--
INFO: Run Behavior\ShowPageTraceBehavior [ RunTime:0.000952s ]
INFO: [ app_end ] --END-- [ RunTime:0.001338s ]

[ 2015-11-25T14:35:37+08:00 ] ::1 /backup/wxtest/Home/Material/images/tuwen/20150301164627_aejum.thumb.180_180_c.jpeg
INFO: [ app_init ] --START--
INFO: Run Behavior\BuildLiteBehavior [ RunTime:0.000076s ]
INFO: [ app_init ] --END-- [ RunTime:0.000850s ]
INFO: [ app_begin ] --START--
INFO: Run Behavior\ReadHtmlCacheBehavior [ RunTime:0.001012s ]
INFO: [ app_begin ] --END-- [ RunTime:0.001301s ]
ERR: 非法操作:images

[ 2015-11-25T14:35:40+08:00 ] ::1 /backup/wxtest/Home/Material/ueditor/third-party/zeroclipboard/ZeroClipboard.swf?noCache=1448433338464
INFO: [ app_init ] --START--
INFO: Run Behavior\BuildLiteBehavior [ RunTime:0.000058s ]
INFO: [ app_init ] --END-- [ RunTime:0.000839s ]
INFO: [ app_begin ] --START--
INFO: Run Behavior\ReadHtmlCacheBehavior [ RunTime:0.001257s ]
INFO: [ app_begin ] --END-- [ RunTime:0.001623s ]
ERR: 非法操作:ueditor

[ 2015-11-25T14:35:40+08:00 ] ::1 /backup/wxtest/Home/Material/js/ueditor/third-party/zeroclipboard/ZeroClipboard.swf?noCache=1439172085753
INFO: [ app_init ] --START--
INFO: Run Behavior\BuildLiteBehavior [ RunTime:0.000057s ]
INFO: [ app_init ] --END-- [ RunTime:0.000817s ]
INFO: [ app_begin ] --START--
INFO: Run Behavior\ReadHtmlCacheBehavior [ RunTime:0.006986s ]
INFO: [ app_begin ] --END-- [ RunTime:0.007327s ]
ERR: 非法操作:js

[ 2015-11-25T15:42:30+08:00 ] ::1 /backup/wxtest/
INFO: [ app_init ] --START--
INFO: Run Behavior\BuildLiteBehavior [ RunTime:0.000033s ]
INFO: [ app_init ] --END-- [ RunTime:0.000733s ]
INFO: [ app_begin ] --START--
INFO: Run Behavior\ReadHtmlCacheBehavior [ RunTime:0.001135s ]
INFO: [ app_begin ] --END-- [ RunTime:0.001381s ]
SQL: SHOW COLUMNS FROM `wx_role` [ RunTime:0.0080s ]
INFO: [ view_parse ] --START--
INFO: [ template_filter ] --START--
INFO: Run Behavior\ContentReplaceBehavior [ RunTime:0.000141s ]
INFO: [ template_filter ] --END-- [ RunTime:0.000299s ]
INFO: Run Behavior\ParseTemplateBehavior [ RunTime:0.017138s ]
INFO: [ view_parse ] --END-- [ RunTime:0.017450s ]
INFO: [ view_filter ] --START--
INFO: Run Behavior\WriteHtmlCacheBehavior [ RunTime:0.000975s ]
INFO: [ view_filter ] --END-- [ RunTime:0.001207s ]
INFO: [ app_end ] --START--
INFO: Run Behavior\ShowPageTraceBehavior [ RunTime:0.001255s ]
INFO: [ app_end ] --END-- [ RunTime:0.001512s ]

[ 2015-11-25T15:42:32+08:00 ] ::1 /backup/wxtest/Home/Manage/pub_primary_index.html
INFO: [ app_init ] --START--
INFO: Run Behavior\BuildLiteBehavior [ RunTime:0.000034s ]
INFO: [ app_init ] --END-- [ RunTime:0.000717s ]
INFO: [ app_begin ] --START--
INFO: Run Behavior\ReadHtmlCacheBehavior [ RunTime:0.001224s ]
INFO: [ app_begin ] --END-- [ RunTime:0.001618s ]
SQL: SHOW COLUMNS FROM `wx_account` [ RunTime:0.0073s ]
SQL: SELECT * FROM `wx_account` WHERE ( id=1 ) LIMIT 1   [ RunTime:0.0008s ]
SQL: SELECT * FROM `wx_account` WHERE ( id=1 ) LIMIT 1   [ RunTime:0.0004s ]
SQL: UPDATE `wx_account` SET `access_token`=NULL,`token_c_time`='1448437351',`token_e_time`=NULL WHERE ( id=1 ) [ RunTime:0.1384s ]
SQL: UPDATE `wx_account` SET `preauthcode`=NULL,`preauthcode_c_time`='1448437351',`preauthcode_e_time`=NULL WHERE ( id=1 ) [ RunTime:0.0449s ]
SQL: SHOW COLUMNS FROM `wx_pub_account` [ RunTime:0.0072s ]
SQL: SELECT COUNT(*) AS tp_count FROM `wx_pub_account` WHERE (  1 ) LIMIT 1   [ RunTime:0.0005s ]
SQL: SHOW COLUMNS FROM `wx_group` [ RunTime:0.0069s ]
SQL: select id,gname from wx_group where type = 1 order by id; [ RunTime:0.0005s ]
SQL: SELECT COUNT(*) AS tp_count FROM `wx_pub_account` WHERE (  1 ) LIMIT 1   [ RunTime:0.0004s ]
SQL: SELECT * FROM `wx_pub_account` WHERE (  1 ) ORDER BY create_time LIMIT 0,20   [ RunTime:0.0008s ]
SQL: SELECT COUNT(*) AS tp_count FROM `wx_pub_account` WHERE ( pub_group = 0 ) LIMIT 1   [ RunTime:0.0004s ]
SQL: SHOW COLUMNS FROM `wx_cityarea_info` [ RunTime:0.0073s ]
SQL: select * from wx_cityarea_info where type=1; [ RunTime:0.0007s ]
INFO: [ view_parse ] --START--
INFO: [ template_filter ] --START--
INFO: Run Behavior\ContentReplaceBehavior [ RunTime:0.000392s ]
INFO: [ template_filter ] --END-- [ RunTime:0.000667s ]
NOTIC: [8] Undefined variable: pubGroup D:\wamp\www\backup\wxtest\Application\Runtime\Cache\Home\65741df52db7aea56e08d007550f2849.php 第 104 行.
NOTIC: [8] Undefined variable: primaryCount D:\wamp\www\backup\wxtest\Application\Runtime\Cache\Home\65741df52db7aea56e08d007550f2849.php 第 106 行.
NOTIC: [8] Undefined variable: juniorCount D:\wamp\www\backup\wxtest\Application\Runtime\Cache\Home\65741df52db7aea56e08d007550f2849.php 第 107 行.
NOTIC: [8] Undefined variable: seniorCount D:\wamp\www\backup\wxtest\Application\Runtime\Cache\Home\65741df52db7aea56e08d007550f2849.php 第 108 行.
NOTIC: [8] Undefined variable: kinderCount D:\wamp\www\backup\wxtest\Application\Runtime\Cache\Home\65741df52db7aea56e08d007550f2849.php 第 109 行.
NOTIC: [8] Undefined variable: kindersmallCount D:\wamp\www\backup\wxtest\Application\Runtime\Cache\Home\65741df52db7aea56e08d007550f2849.php 第 110 行.
NOTIC: [8] Undefined variable: smallCount D:\wamp\www\backup\wxtest\Application\Runtime\Cache\Home\65741df52db7aea56e08d007550f2849.php 第 111 行.
NOTIC: [8] Undefined variable: highCount D:\wamp\www\backup\wxtest\Application\Runtime\Cache\Home\65741df52db7aea56e08d007550f2849.php 第 112 行.
NOTIC: [8] Undefined variable: kindersCount D:\wamp\www\backup\wxtest\Application\Runtime\Cache\Home\65741df52db7aea56e08d007550f2849.php 第 113 行.
NOTIC: [8] Undefined variable: systemCount D:\wamp\www\backup\wxtest\Application\Runtime\Cache\Home\65741df52db7aea56e08d007550f2849.php 第 114 行.
NOTIC: [8] Use of undefined constant id - assumed 'id' D:\wamp\www\backup\wxtest\Application\Runtime\Cache\Home\65741df52db7aea56e08d007550f2849.php 第 174 行.
NOTIC: [8] Use of undefined constant id - assumed 'id' D:\wamp\www\backup\wxtest\Application\Runtime\Cache\Home\65741df52db7aea56e08d007550f2849.php 第 175 行.
NOTIC: [8] Use of undefined constant id - assumed 'id' D:\wamp\www\backup\wxtest\Application\Runtime\Cache\Home\65741df52db7aea56e08d007550f2849.php 第 176 行.
NOTIC: [8] Use of undefined constant id - assumed 'id' D:\wamp\www\backup\wxtest\Application\Runtime\Cache\Home\65741df52db7aea56e08d007550f2849.php 第 178 行.
NOTIC: [8] Use of undefined constant id - assumed 'id' D:\wamp\www\backup\wxtest\Application\Runtime\Cache\Home\65741df52db7aea56e08d007550f2849.php 第 179 行.
NOTIC: [8] Use of undefined constant selected - assumed 'selected' D:\wamp\www\backup\wxtest\Application\Runtime\Cache\Home\65741df52db7aea56e08d007550f2849.php 第 196 行.
NOTIC: [8] Use of undefined constant id - assumed 'id' D:\wamp\www\backup\wxtest\Application\Runtime\Cache\Home\65741df52db7aea56e08d007550f2849.php 第 174 行.
NOTIC: [8] Use of undefined constant id - assumed 'id' D:\wamp\www\backup\wxtest\Application\Runtime\Cache\Home\65741df52db7aea56e08d007550f2849.php 第 175 行.
NOTIC: [8] Use of undefined constant id - assumed 'id' D:\wamp\www\backup\wxtest\Application\Runtime\Cache\Home\65741df52db7aea56e08d007550f2849.php 第 176 行.
NOTIC: [8] Use of undefined constant id - assumed 'id' D:\wamp\www\backup\wxtest\Application\Runtime\Cache\Home\65741df52db7aea56e08d007550f2849.php 第 178 行.
NOTIC: [8] Use of undefined constant id - assumed 'id' D:\wamp\www\backup\wxtest\Application\Runtime\Cache\Home\65741df52db7aea56e08d007550f2849.php 第 179 行.
NOTIC: [8] Use of undefined constant selected - assumed 'selected' D:\wamp\www\backup\wxtest\Application\Runtime\Cache\Home\65741df52db7aea56e08d007550f2849.php 第 196 行.
NOTIC: [8] Use of undefined constant id - assumed 'id' D:\wamp\www\backup\wxtest\Application\Runtime\Cache\Home\65741df52db7aea56e08d007550f2849.php 第 174 行.
NOTIC: [8] Use of undefined constant id - assumed 'id' D:\wamp\www\backup\wxtest\Application\Runtime\Cache\Home\65741df52db7aea56e08d007550f2849.php 第 175 行.
NOTIC: [8] Use of undefined constant id - assumed 'id' D:\wamp\www\backup\wxtest\Application\Runtime\Cache\Home\65741df52db7aea56e08d007550f2849.php 第 176 行.
NOTIC: [8] Use of undefined constant id - assumed 'id' D:\wamp\www\backup\wxtest\Application\Runtime\Cache\Home\65741df52db7aea56e08d007550f2849.php 第 178 行.
NOTIC: [8] Use of undefined constant id - assumed 'id' D:\wamp\www\backup\wxtest\Application\Runtime\Cache\Home\65741df52db7aea56e08d007550f2849.php 第 179 行.
NOTIC: [8] Use of undefined constant selected - assumed 'selected' D:\wamp\www\backup\wxtest\Application\Runtime\Cache\Home\65741df52db7aea56e08d007550f2849.php 第 196 行.
NOTIC: [8] Use of undefined constant pub_id - assumed 'pub_id' D:\wamp\www\backup\wxtest\Application\Runtime\Cache\Home\65741df52db7aea56e08d007550f2849.php 第 235 行.
NOTIC: [8] Use of undefined constant group_id - assumed 'group_id' D:\wamp\www\backup\wxtest\Application\Runtime\Cache\Home\65741df52db7aea56e08d007550f2849.php 第 235 行.
INFO: Run Behavior\ParseTemplateBehavior [ RunTime:0.053396s ]
INFO: [ view_parse ] --END-- [ RunTime:0.053644s ]
INFO: [ view_filter ] --START--
INFO: Run Behavior\WriteHtmlCacheBehavior [ RunTime:0.000957s ]
INFO: [ view_filter ] --END-- [ RunTime:0.001184s ]
INFO: [ app_end ] --START--
INFO: Run Behavior\ShowPageTraceBehavior [ RunTime:0.001840s ]
INFO: [ app_end ] --END-- [ RunTime:0.003370s ]

[ 2015-11-25T15:42:33+08:00 ] ::1 /backup/wxtest/Home/Material/article_list.html
INFO: [ app_init ] --START--
INFO: Run Behavior\BuildLiteBehavior [ RunTime:0.000051s ]
INFO: [ app_init ] --END-- [ RunTime:0.000755s ]
INFO: [ app_begin ] --START--
INFO: Run Behavior\ReadHtmlCacheBehavior [ RunTime:0.000814s ]
INFO: [ app_begin ] --END-- [ RunTime:0.001091s ]
SQL: SHOW COLUMNS FROM `wx_article_manage` [ RunTime:0.0074s ]
SQL: SELECT COUNT(*) AS tp_count FROM `wx_article_manage` WHERE `is_del` = 0 LIMIT 1   [ RunTime:0.0007s ]
SQL: select t1.*,t.remark from (select * from wx_article_manage a where a.is_del=0) t1 left join  
                (select b.user_name,c.remark from wx_user b ,wx_role c,wx_role_user d where b.id=d.user_id and d.role_id=c.id) t  
            on t1.article_publisher = t.user_name  order by t1.pub_time desc limit 0,20 [ RunTime:0.0087s ]
SQL: SHOW COLUMNS FROM `wx_group` [ RunTime:0.0059s ]
SQL: select id,gname from wx_group where type = 2 order by id; [ RunTime:0.0004s ]
SQL: select id,gname from wx_group where type = 3 order by id; [ RunTime:0.0004s ]
INFO: [ view_parse ] --START--
INFO: [ template_filter ] --START--
INFO: Run Behavior\ContentReplaceBehavior [ RunTime:0.000318s ]
INFO: [ template_filter ] --END-- [ RunTime:0.000641s ]
NOTIC: [8] Use of undefined constant admin - assumed 'admin' D:\wamp\www\backup\wxtest\Application\Runtime\Cache\Home\a2592b6662e81bd3ff3d9071dd0ec136.php 第 143 行.
NOTIC: [8] Use of undefined constant id - assumed 'id' D:\wamp\www\backup\wxtest\Application\Runtime\Cache\Home\a2592b6662e81bd3ff3d9071dd0ec136.php 第 150 行.
NOTIC: [8] Use of undefined constant admin - assumed 'admin' D:\wamp\www\backup\wxtest\Application\Runtime\Cache\Home\a2592b6662e81bd3ff3d9071dd0ec136.php 第 143 行.
NOTIC: [8] Use of undefined constant id - assumed 'id' D:\wamp\www\backup\wxtest\Application\Runtime\Cache\Home\a2592b6662e81bd3ff3d9071dd0ec136.php 第 150 行.
INFO: Run Behavior\ParseTemplateBehavior [ RunTime:0.031350s ]
INFO: [ view_parse ] --END-- [ RunTime:0.031602s ]
INFO: [ view_filter ] --START--
INFO: Run Behavior\WriteHtmlCacheBehavior [ RunTime:0.000849s ]
INFO: [ view_filter ] --END-- [ RunTime:0.001084s ]
INFO: [ app_end ] --START--
INFO: Run Behavior\ShowPageTraceBehavior [ RunTime:0.000918s ]
INFO: [ app_end ] --END-- [ RunTime:0.001201s ]

[ 2015-11-25T15:42:36+08:00 ] ::1 /backup/wxtest/Home/Material/publish.html
INFO: [ app_init ] --START--
INFO: Run Behavior\BuildLiteBehavior [ RunTime:0.000034s ]
INFO: [ app_init ] --END-- [ RunTime:0.000514s ]
INFO: [ app_begin ] --START--
INFO: Run Behavior\ReadHtmlCacheBehavior [ RunTime:0.000749s ]
INFO: [ app_begin ] --END-- [ RunTime:0.001011s ]
SQL: SHOW COLUMNS FROM `wx_opera_log` [ RunTime:0.0088s ]
SQL: INSERT INTO `wx_opera_log` (`user_name`,`module`,`method`,`operation`,`bak`,`opera_time`) VALUES ('admin','文章管理','发表文章编辑','publish','','1448437356') [ RunTime:0.0682s ]
SQL: SHOW COLUMNS FROM `wx_group` [ RunTime:0.0078s ]
SQL: SELECT * FROM `wx_group` WHERE ( type=2 )  [ RunTime:0.0004s ]
SQL: SELECT * FROM `wx_group` WHERE ( type=3 )  [ RunTime:0.0003s ]
INFO: [ view_parse ] --START--
INFO: [ template_filter ] --START--
INFO: Run Behavior\ContentReplaceBehavior [ RunTime:0.001000s ]
INFO: [ template_filter ] --END-- [ RunTime:0.001240s ]
NOTIC: [8] Undefined variable: ma D:\wamp\www\backup\wxtest\Application\Runtime\Cache\Home\7013cb0e56d26c832b94fccff668f55f.php 第 487 行.
NOTIC: [8] Undefined variable: ma D:\wamp\www\backup\wxtest\Application\Runtime\Cache\Home\7013cb0e56d26c832b94fccff668f55f.php 第 511 行.
NOTIC: [8] Undefined variable: ma D:\wamp\www\backup\wxtest\Application\Runtime\Cache\Home\7013cb0e56d26c832b94fccff668f55f.php 第 522 行.
NOTIC: [8] Undefined variable: ma D:\wamp\www\backup\wxtest\Application\Runtime\Cache\Home\7013cb0e56d26c832b94fccff668f55f.php 第 531 行.
NOTIC: [8] Use of undefined constant id - assumed 'id' D:\wamp\www\backup\wxtest\Application\Runtime\Cache\Home\7013cb0e56d26c832b94fccff668f55f.php 第 531 行.
NOTIC: [8] Array to string conversion D:\wamp\www\backup\wxtest\Application\Runtime\Cache\Home\7013cb0e56d26c832b94fccff668f55f.php 第 531 行.
NOTIC: [8] Undefined variable: ma D:\wamp\www\backup\wxtest\Application\Runtime\Cache\Home\7013cb0e56d26c832b94fccff668f55f.php 第 535 行.
NOTIC: [8] Undefined variable: ma D:\wamp\www\backup\wxtest\Application\Runtime\Cache\Home\7013cb0e56d26c832b94fccff668f55f.php 第 543 行.
NOTIC: [8] Use of undefined constant id - assumed 'id' D:\wamp\www\backup\wxtest\Application\Runtime\Cache\Home\7013cb0e56d26c832b94fccff668f55f.php 第 543 行.
NOTIC: [8] Array to string conversion D:\wamp\www\backup\wxtest\Application\Runtime\Cache\Home\7013cb0e56d26c832b94fccff668f55f.php 第 543 行.
NOTIC: [8] Undefined variable: ma D:\wamp\www\backup\wxtest\Application\Runtime\Cache\Home\7013cb0e56d26c832b94fccff668f55f.php 第 543 行.
NOTIC: [8] Use of undefined constant id - assumed 'id' D:\wamp\www\backup\wxtest\Application\Runtime\Cache\Home\7013cb0e56d26c832b94fccff668f55f.php 第 543 行.
NOTIC: [8] Array to string conversion D:\wamp\www\backup\wxtest\Application\Runtime\Cache\Home\7013cb0e56d26c832b94fccff668f55f.php 第 543 行.
NOTIC: [8] Undefined variable: ma D:\wamp\www\backup\wxtest\Application\Runtime\Cache\Home\7013cb0e56d26c832b94fccff668f55f.php 第 543 行.
NOTIC: [8] Use of undefined constant id - assumed 'id' D:\wamp\www\backup\wxtest\Application\Runtime\Cache\Home\7013cb0e56d26c832b94fccff668f55f.php 第 543 行.
NOTIC: [8] Array to string conversion D:\wamp\www\backup\wxtest\Application\Runtime\Cache\Home\7013cb0e56d26c832b94fccff668f55f.php 第 543 行.
NOTIC: [8] Undefined variable: ma D:\wamp\www\backup\wxtest\Application\Runtime\Cache\Home\7013cb0e56d26c832b94fccff668f55f.php 第 543 行.
NOTIC: [8] Use of undefined constant id - assumed 'id' D:\wamp\www\backup\wxtest\Application\Runtime\Cache\Home\7013cb0e56d26c832b94fccff668f55f.php 第 543 行.
NOTIC: [8] Array to string conversion D:\wamp\www\backup\wxtest\Application\Runtime\Cache\Home\7013cb0e56d26c832b94fccff668f55f.php 第 543 行.
NOTIC: [8] Undefined variable: ma D:\wamp\www\backup\wxtest\Application\Runtime\Cache\Home\7013cb0e56d26c832b94fccff668f55f.php 第 543 行.
NOTIC: [8] Use of undefined constant id - assumed 'id' D:\wamp\www\backup\wxtest\Application\Runtime\Cache\Home\7013cb0e56d26c832b94fccff668f55f.php 第 543 行.
NOTIC: [8] Array to string conversion D:\wamp\www\backup\wxtest\Application\Runtime\Cache\Home\7013cb0e56d26c832b94fccff668f55f.php 第 543 行.
NOTIC: [8] Undefined variable: ma D:\wamp\www\backup\wxtest\Application\Runtime\Cache\Home\7013cb0e56d26c832b94fccff668f55f.php 第 546 行.
NOTIC: [8] Undefined variable: ma D:\wamp\www\backup\wxtest\Application\Runtime\Cache\Home\7013cb0e56d26c832b94fccff668f55f.php 第 548 行.
NOTIC: [8] Undefined variable: root D:\wamp\www\backup\wxtest\Application\Runtime\Cache\Home\7013cb0e56d26c832b94fccff668f55f.php 第 559 行.
NOTIC: [8] Undefined variable: ma D:\wamp\www\backup\wxtest\Application\Runtime\Cache\Home\7013cb0e56d26c832b94fccff668f55f.php 第 559 行.
SQL: SHOW COLUMNS FROM `wx_wxstyle` [ RunTime:0.0076s ]
SQL: SELECT * FROM `wx_wxstyle` WHERE `type` = 1 ORDER BY id
                                                                desc  [ RunTime:0.0035s ]
SQL: SELECT * FROM `wx_wxstyle` WHERE `type` = 2 ORDER BY id
                                                                desc  [ RunTime:0.0045s ]
SQL: SELECT * FROM `wx_wxstyle` WHERE `type` = 3 ORDER BY id
                                                                desc  [ RunTime:0.0043s ]
SQL: SELECT * FROM `wx_wxstyle` WHERE `type` = 5 ORDER BY id
                                                                desc  [ RunTime:0.0021s ]
SQL: SELECT * FROM `wx_wxstyle` WHERE `type` = 4 ORDER BY id
                                                                desc  [ RunTime:0.0013s ]
SQL: SELECT * FROM `wx_wxstyle` WHERE `type` = 6 ORDER BY id
                                                                desc  [ RunTime:0.0016s ]
SQL: SELECT * FROM `wx_wxstyle` WHERE `type` = 7 ORDER BY id
                                                                desc  [ RunTime:0.0011s ]
SQL: SELECT * FROM `wx_wxstyle` WHERE `type` = 8 ORDER BY id
                                                                desc  [ RunTime:0.0027s ]
SQL: SELECT * FROM `wx_wxstyle` WHERE `type` = 9 ORDER BY id
                                                                desc  [ RunTime:0.0014s ]
SQL: SELECT * FROM `wx_wxstyle` WHERE `type` = 10 ORDER BY id
                                                                desc  [ RunTime:0.0018s ]
SQL: SELECT * FROM `wx_wxstyle` WHERE `type` = 11 ORDER BY id
                                                                desc  [ RunTime:0.0034s ]
SQL: SELECT * FROM `wx_wxstyle` WHERE `type` = 12 ORDER BY id
                                                                desc  [ RunTime:0.0011s ]
SQL: SELECT * FROM `wx_wxstyle` WHERE `type` = 13 ORDER BY id
                                                                desc  [ RunTime:0.0009s ]
SQL: SELECT * FROM `wx_wxstyle` WHERE `type` = 14 ORDER BY id
                                                                desc  [ RunTime:0.0010s ]
SQL: SELECT * FROM `wx_wxstyle` WHERE `type` = 15 ORDER BY id
                                                                desc  [ RunTime:0.0009s ]
NOTIC: [8] Undefined variable: ma D:\wamp\www\backup\wxtest\Application\Runtime\Cache\Home\7013cb0e56d26c832b94fccff668f55f.php 第 953 行.
NOTIC: [8] Undefined variable: ma D:\wamp\www\backup\wxtest\Application\Runtime\Cache\Home\7013cb0e56d26c832b94fccff668f55f.php 第 1447 行.
NOTIC: [8] Undefined variable: ma D:\wamp\www\backup\wxtest\Application\Runtime\Cache\Home\7013cb0e56d26c832b94fccff668f55f.php 第 1451 行.
INFO: Run Behavior\ParseTemplateBehavior [ RunTime:0.111315s ]
INFO: [ view_parse ] --END-- [ RunTime:0.111558s ]
INFO: [ view_filter ] --START--
INFO: Run Behavior\WriteHtmlCacheBehavior [ RunTime:0.000994s ]
INFO: [ view_filter ] --END-- [ RunTime:0.001249s ]
INFO: [ app_end ] --START--
INFO: Run Behavior\ShowPageTraceBehavior [ RunTime:0.000945s ]
INFO: [ app_end ] --END-- [ RunTime:0.001231s ]

[ 2015-11-25T15:42:38+08:00 ] ::1 /backup/wxtest/Home/Material/images/tuwen/20150301164627_aejum.thumb.180_180_c.jpeg
INFO: [ app_init ] --START--
INFO: Run Behavior\BuildLiteBehavior [ RunTime:0.000052s ]
INFO: [ app_init ] --END-- [ RunTime:0.000836s ]
INFO: [ app_begin ] --START--
INFO: Run Behavior\ReadHtmlCacheBehavior [ RunTime:0.000923s ]
INFO: [ app_begin ] --END-- [ RunTime:0.001214s ]
ERR: 非法操作:images

[ 2015-11-25T15:42:39+08:00 ] ::1 /backup/wxtest/Home/Material/ueditor/third-party/zeroclipboard/ZeroClipboard.swf?noCache=1448437358481
INFO: [ app_init ] --START--
INFO: Run Behavior\BuildLiteBehavior [ RunTime:0.000054s ]
INFO: [ app_init ] --END-- [ RunTime:0.000936s ]
INFO: [ app_begin ] --START--
INFO: Run Behavior\ReadHtmlCacheBehavior [ RunTime:0.001247s ]
INFO: [ app_begin ] --END-- [ RunTime:0.001654s ]
ERR: 非法操作:ueditor

[ 2015-11-25T15:42:39+08:00 ] ::1 /backup/wxtest/Home/Material/js/ueditor/third-party/zeroclipboard/ZeroClipboard.swf?noCache=1439172085753
INFO: [ app_init ] --START--
INFO: Run Behavior\BuildLiteBehavior [ RunTime:0.000053s ]
INFO: [ app_init ] --END-- [ RunTime:0.000986s ]
INFO: [ app_begin ] --START--
INFO: Run Behavior\ReadHtmlCacheBehavior [ RunTime:0.001195s ]
INFO: [ app_begin ] --END-- [ RunTime:0.001484s ]
ERR: 非法操作:js

