[ 2015-11-25T09:20:50+08:00 ] 36.32.0.248 /Application/Home/View/Public/bianjiqi/https://mmbiz.qlogo.cn/mmbiz/z9433rAGTDfiaaFED4iaX8CS6OIzViaEWFdYHqxw1jAtyo5296wzicjyFWsricb7jd6uRbdNdTZOFcIqveC0ISpbClg/0?wx_fmt=gif
INFO: [ app_init ] --START--
INFO: Run Behavior\BuildLiteBehavior [ RunTime:0.000020s ]
INFO: [ app_init ] --END-- [ RunTime:0.000502s ]
ERR: 无法加载模块:Application

[ 2015-11-25T09:20:50+08:00 ] 36.32.0.248 /Application/Home/View/Public/bianjiqi/https://mmbiz.qlogo.cn/mmbiz/SlzGSgJicOCyyFCCia7KrgN9uruqH8dB461o9ZgmIVbOdRSicIpLRPBuciaGl0YKedcIfpXGI9TEia3a14TFWdLNrgQ/0?wx_fmt=gif&tp=webp&wxfrom=5&wx_lazy=1
INFO: [ app_init ] --START--
INFO: Run Behavior\BuildLiteBehavior [ RunTime:0.000025s ]
INFO: [ app_init ] --END-- [ RunTime:0.000511s ]
ERR: 无法加载模块:Application

[ 2015-11-25T09:20:51+08:00 ] 180.153.201.64 /Application/Home/View/Public/bianjiqi/https://mmbiz.qlogo.cn/mmbiz/z9433rAGTDfiaaFED4iaX8CS6OIzViaEWFdYHqxw1jAtyo5296wzicjyFWsricb7jd6uRbdNdTZOFcIqveC0ISpbClg/0?wx_fmt=gif
INFO: [ app_init ] --START--
INFO: Run Behavior\BuildLiteBehavior [ RunTime:0.000023s ]
INFO: [ app_init ] --END-- [ RunTime:0.000523s ]
ERR: 无法加载模块:Application

[ 2015-11-25T09:20:51+08:00 ] 101.226.33.217 /Application/Home/View/Public/bianjiqi/https://mmbiz.qlogo.cn/mmbiz/SlzGSgJicOCyyFCCia7KrgN9uruqH8dB461o9ZgmIVbOdRSicIpLRPBuciaGl0YKedcIfpXGI9TEia3a14TFWdLNrgQ/0?wx_fmt=gif&tp=webp&wxfrom=5&wx_lazy=1
INFO: [ app_init ] --START--
INFO: Run Behavior\BuildLiteBehavior [ RunTime:0.000021s ]
INFO: [ app_init ] --END-- [ RunTime:0.000479s ]
ERR: 无法加载模块:Application

[ 2015-11-25T09:34:06+08:00 ] 121.42.0.18 /data/admin/allowurl.txt
INFO: [ app_init ] --START--
INFO: Run Behavior\BuildLiteBehavior [ RunTime:0.000021s ]
INFO: [ app_init ] --END-- [ RunTime:0.000511s ]
ERR: 无法加载模块:Data

[ 2015-11-25T09:34:07+08:00 ] 121.42.0.18 /data/cache/index.htm
INFO: [ app_init ] --START--
INFO: Run Behavior\BuildLiteBehavior [ RunTime:0.000022s ]
INFO: [ app_init ] --END-- [ RunTime:0.000531s ]
ERR: 无法加载模块:Data

[ 2015-11-25T09:34:10+08:00 ] 121.42.0.18 /editors/index.html
INFO: [ app_init ] --START--
INFO: Run Behavior\BuildLiteBehavior [ RunTime:0.000044s ]
INFO: [ app_init ] --END-- [ RunTime:0.000537s ]
ERR: 无法加载模块:Editors

[ 2015-11-25T09:34:12+08:00 ] 121.42.0.18 /a_d/install/data.sql
INFO: [ app_init ] --START--
INFO: Run Behavior\BuildLiteBehavior [ RunTime:0.000022s ]
INFO: [ app_init ] --END-- [ RunTime:0.000479s ]
ERR: 无法加载模块:A_d

[ 2015-11-25T09:34:13+08:00 ] 121.42.0.18 /README.txt
INFO: [ app_init ] --START--
INFO: Run Behavior\BuildLiteBehavior [ RunTime:0.000025s ]
INFO: [ app_init ] --END-- [ RunTime:0.000508s ]
ERR: 无法加载模块:README

[ 2015-11-25T09:34:13+08:00 ] 121.42.0.18 /themes/README.txt
INFO: [ app_init ] --START--
INFO: Run Behavior\BuildLiteBehavior [ RunTime:0.000021s ]
INFO: [ app_init ] --END-- [ RunTime:0.000518s ]
ERR: 无法加载模块:Themes

[ 2015-11-25T09:34:16+08:00 ] 121.42.0.18 /robots.txt
INFO: [ app_init ] --START--
INFO: Run Behavior\BuildLiteBehavior [ RunTime:0.000023s ]
INFO: [ app_init ] --END-- [ RunTime:0.000471s ]
ERR: 无法加载模块:Robots

[ 2015-11-25T09:34:53+08:00 ] 121.42.0.18 /e/tool/feedback/temp/test.txt
INFO: [ app_init ] --START--
INFO: Run Behavior\BuildLiteBehavior [ RunTime:0.000024s ]
INFO: [ app_init ] --END-- [ RunTime:0.000650s ]
ERR: 无法加载模块:E

[ 2015-11-25T09:34:53+08:00 ] 121.42.0.18 /e/data/ecmseditor/images/blank.html
INFO: [ app_init ] --START--
INFO: Run Behavior\BuildLiteBehavior [ RunTime:0.000107s ]
INFO: [ app_init ] --END-- [ RunTime:0.000621s ]
ERR: 无法加载模块:E

[ 2015-11-25T09:34:54+08:00 ] 121.42.0.18 /robots.txt
INFO: [ app_init ] --START--
INFO: Run Behavior\BuildLiteBehavior [ RunTime:0.000022s ]
INFO: [ app_init ] --END-- [ RunTime:0.000476s ]
ERR: 无法加载模块:Robots

[ 2015-11-25T09:34:54+08:00 ] 121.42.0.18 /robots.txt
INFO: [ app_init ] --START--
INFO: Run Behavior\BuildLiteBehavior [ RunTime:0.000022s ]
INFO: [ app_init ] --END-- [ RunTime:0.000469s ]
ERR: 无法加载模块:Robots

[ 2015-11-25T09:34:56+08:00 ] 121.42.0.18 /robots.txt
INFO: [ app_init ] --START--
INFO: Run Behavior\BuildLiteBehavior [ RunTime:0.000023s ]
INFO: [ app_init ] --END-- [ RunTime:0.000477s ]
ERR: 无法加载模块:Robots

[ 2015-11-25T09:35:25+08:00 ] 121.42.0.18 /robots.txt
INFO: [ app_init ] --START--
INFO: Run Behavior\BuildLiteBehavior [ RunTime:0.000021s ]
INFO: [ app_init ] --END-- [ RunTime:0.000493s ]
ERR: 无法加载模块:Robots

[ 2015-11-25T09:57:36+08:00 ] 36.32.0.248 /Application/Home/View/Public/bianjiqi/https://mmbiz.qlogo.cn/mmbiz/z9433rAGTDfiaaFED4iaX8CS6OIzViaEWFdYHqxw1jAtyo5296wzicjyFWsricb7jd6uRbdNdTZOFcIqveC0ISpbClg/0?wx_fmt=gif
INFO: [ app_init ] --START--
INFO: Run Behavior\BuildLiteBehavior [ RunTime:0.000024s ]
INFO: [ app_init ] --END-- [ RunTime:0.000510s ]
ERR: 无法加载模块:Application

[ 2015-11-25T09:57:36+08:00 ] 36.32.0.248 /Application/Home/View/Public/bianjiqi/https://mmbiz.qlogo.cn/mmbiz/SlzGSgJicOCyyFCCia7KrgN9uruqH8dB461o9ZgmIVbOdRSicIpLRPBuciaGl0YKedcIfpXGI9TEia3a14TFWdLNrgQ/0?wx_fmt=gif&tp=webp&wxfrom=5&wx_lazy=1
INFO: [ app_init ] --START--
INFO: Run Behavior\BuildLiteBehavior [ RunTime:0.000020s ]
INFO: [ app_init ] --END-- [ RunTime:0.000482s ]
ERR: 无法加载模块:Application

[ 2015-11-25T09:58:18+08:00 ] 36.32.0.248 /Application/Home/View/Public/bianjiqi/https://mmbiz.qlogo.cn/mmbiz/SlzGSgJicOCyyFCCia7KrgN9uruqH8dB461o9ZgmIVbOdRSicIpLRPBuciaGl0YKedcIfpXGI9TEia3a14TFWdLNrgQ/0?wx_fmt=gif&tp=webp&wxfrom=5&wx_lazy=1
INFO: [ app_init ] --START--
INFO: Run Behavior\BuildLiteBehavior [ RunTime:0.000024s ]
INFO: [ app_init ] --END-- [ RunTime:0.000535s ]
ERR: 无法加载模块:Application

[ 2015-11-25T09:58:18+08:00 ] 36.32.0.248 /Application/Home/View/Public/bianjiqi/https://mmbiz.qlogo.cn/mmbiz/z9433rAGTDfiaaFED4iaX8CS6OIzViaEWFdYHqxw1jAtyo5296wzicjyFWsricb7jd6uRbdNdTZOFcIqveC0ISpbClg/0?wx_fmt=gif
INFO: [ app_init ] --START--
INFO: Run Behavior\BuildLiteBehavior [ RunTime:0.000024s ]
INFO: [ app_init ] --END-- [ RunTime:0.000540s ]
ERR: 无法加载模块:Application

[ 2015-11-25T09:58:39+08:00 ] 36.32.0.248 /Application/Home/View/Public/bianjiqi/https://mmbiz.qlogo.cn/mmbiz/SlzGSgJicOCyyFCCia7KrgN9uruqH8dB461o9ZgmIVbOdRSicIpLRPBuciaGl0YKedcIfpXGI9TEia3a14TFWdLNrgQ/0?wx_fmt=gif&tp=webp&wxfrom=5&wx_lazy=1
INFO: [ app_init ] --START--
INFO: Run Behavior\BuildLiteBehavior [ RunTime:0.000030s ]
INFO: [ app_init ] --END-- [ RunTime:0.000597s ]
ERR: 无法加载模块:Application

[ 2015-11-25T09:58:39+08:00 ] 36.32.0.248 /Application/Home/View/Public/bianjiqi/https://mmbiz.qlogo.cn/mmbiz/z9433rAGTDfiaaFED4iaX8CS6OIzViaEWFdYHqxw1jAtyo5296wzicjyFWsricb7jd6uRbdNdTZOFcIqveC0ISpbClg/0?wx_fmt=gif
INFO: [ app_init ] --START--
INFO: Run Behavior\BuildLiteBehavior [ RunTime:0.000021s ]
INFO: [ app_init ] --END-- [ RunTime:0.000471s ]
ERR: 无法加载模块:Application

[ 2015-11-25T10:01:06+08:00 ] 36.32.0.248 /Application/Home/View/Public/bianjiqi/https://mmbiz.qlogo.cn/mmbiz/SlzGSgJicOCyyFCCia7KrgN9uruqH8dB461o9ZgmIVbOdRSicIpLRPBuciaGl0YKedcIfpXGI9TEia3a14TFWdLNrgQ/0?wx_fmt=gif&tp=webp&wxfrom=5&wx_lazy=1
INFO: [ app_init ] --START--
INFO: Run Behavior\BuildLiteBehavior [ RunTime:0.000023s ]
INFO: [ app_init ] --END-- [ RunTime:0.000557s ]
ERR: 无法加载模块:Application

[ 2015-11-25T10:01:06+08:00 ] 36.32.0.248 /Application/Home/View/Public/bianjiqi/https://mmbiz.qlogo.cn/mmbiz/z9433rAGTDfiaaFED4iaX8CS6OIzViaEWFdYHqxw1jAtyo5296wzicjyFWsricb7jd6uRbdNdTZOFcIqveC0ISpbClg/0?wx_fmt=gif
INFO: [ app_init ] --START--
INFO: Run Behavior\BuildLiteBehavior [ RunTime:0.000045s ]
INFO: [ app_init ] --END-- [ RunTime:0.000549s ]
ERR: 无法加载模块:Application

[ 2015-11-25T10:55:59+08:00 ] 36.32.0.248 /Application/Home/View/Public/bianjiqi/https://mmbiz.qlogo.cn/mmbiz/z9433rAGTDfiaaFED4iaX8CS6OIzViaEWFdYHqxw1jAtyo5296wzicjyFWsricb7jd6uRbdNdTZOFcIqveC0ISpbClg/0?wx_fmt=gif
INFO: [ app_init ] --START--
INFO: Run Behavior\BuildLiteBehavior [ RunTime:0.000021s ]
INFO: [ app_init ] --END-- [ RunTime:0.000478s ]
ERR: 无法加载模块:Application

[ 2015-11-25T10:55:59+08:00 ] 36.32.0.248 /Application/Home/View/Public/bianjiqi/https://mmbiz.qlogo.cn/mmbiz/SlzGSgJicOCyyFCCia7KrgN9uruqH8dB461o9ZgmIVbOdRSicIpLRPBuciaGl0YKedcIfpXGI9TEia3a14TFWdLNrgQ/0?wx_fmt=gif&tp=webp&wxfrom=5&wx_lazy=1
INFO: [ app_init ] --START--
INFO: Run Behavior\BuildLiteBehavior [ RunTime:0.000019s ]
INFO: [ app_init ] --END-- [ RunTime:0.000448s ]
ERR: 无法加载模块:Application

[ 2015-11-25T10:56:12+08:00 ] 36.32.0.248 /Application/Home/View/Public/bianjiqi/https://mmbiz.qlogo.cn/mmbiz/z9433rAGTDfiaaFED4iaX8CS6OIzViaEWFdYHqxw1jAtyo5296wzicjyFWsricb7jd6uRbdNdTZOFcIqveC0ISpbClg/0?wx_fmt=gif
INFO: [ app_init ] --START--
INFO: Run Behavior\BuildLiteBehavior [ RunTime:0.000028s ]
INFO: [ app_init ] --END-- [ RunTime:0.000555s ]
ERR: 无法加载模块:Application

[ 2015-11-25T10:56:12+08:00 ] 36.32.0.248 /Application/Home/View/Public/bianjiqi/https://mmbiz.qlogo.cn/mmbiz/SlzGSgJicOCyyFCCia7KrgN9uruqH8dB461o9ZgmIVbOdRSicIpLRPBuciaGl0YKedcIfpXGI9TEia3a14TFWdLNrgQ/0?wx_fmt=gif&tp=webp&wxfrom=5&wx_lazy=1
INFO: [ app_init ] --START--
INFO: Run Behavior\BuildLiteBehavior [ RunTime:0.000021s ]
INFO: [ app_init ] --END-- [ RunTime:0.000480s ]
ERR: 无法加载模块:Application

[ 2015-11-25T10:56:24+08:00 ] 36.32.0.248 /Application/Home/View/Public/bianjiqi/https://mmbiz.qlogo.cn/mmbiz/z9433rAGTDfiaaFED4iaX8CS6OIzViaEWFdYHqxw1jAtyo5296wzicjyFWsricb7jd6uRbdNdTZOFcIqveC0ISpbClg/0?wx_fmt=gif
INFO: [ app_init ] --START--
INFO: Run Behavior\BuildLiteBehavior [ RunTime:0.000030s ]
INFO: [ app_init ] --END-- [ RunTime:0.000571s ]
ERR: 无法加载模块:Application

[ 2015-11-25T10:56:24+08:00 ] 36.32.0.248 /Application/Home/View/Public/bianjiqi/https://mmbiz.qlogo.cn/mmbiz/SlzGSgJicOCyyFCCia7KrgN9uruqH8dB461o9ZgmIVbOdRSicIpLRPBuciaGl0YKedcIfpXGI9TEia3a14TFWdLNrgQ/0?wx_fmt=gif&tp=webp&wxfrom=5&wx_lazy=1
INFO: [ app_init ] --START--
INFO: Run Behavior\BuildLiteBehavior [ RunTime:0.000021s ]
INFO: [ app_init ] --END-- [ RunTime:0.000463s ]
ERR: 无法加载模块:Application

[ 2015-11-25T10:56:39+08:00 ] 36.32.0.248 /Application/Home/View/Public/bianjiqi/https://mmbiz.qlogo.cn/mmbiz/z9433rAGTDfiaaFED4iaX8CS6OIzViaEWFdYHqxw1jAtyo5296wzicjyFWsricb7jd6uRbdNdTZOFcIqveC0ISpbClg/0?wx_fmt=gif
INFO: [ app_init ] --START--
INFO: Run Behavior\BuildLiteBehavior [ RunTime:0.000029s ]
INFO: [ app_init ] --END-- [ RunTime:0.000600s ]
ERR: 无法加载模块:Application

[ 2015-11-25T10:56:39+08:00 ] 36.32.0.248 /Application/Home/View/Public/bianjiqi/https://mmbiz.qlogo.cn/mmbiz/SlzGSgJicOCyyFCCia7KrgN9uruqH8dB461o9ZgmIVbOdRSicIpLRPBuciaGl0YKedcIfpXGI9TEia3a14TFWdLNrgQ/0?wx_fmt=gif&tp=webp&wxfrom=5&wx_lazy=1
INFO: [ app_init ] --START--
INFO: Run Behavior\BuildLiteBehavior [ RunTime:0.000026s ]
INFO: [ app_init ] --END-- [ RunTime:0.000520s ]
ERR: 无法加载模块:Application

[ 2015-11-25T10:57:07+08:00 ] 36.32.0.248 /Application/Home/View/Public/bianjiqi/https://mmbiz.qlogo.cn/mmbiz/SlzGSgJicOCyyFCCia7KrgN9uruqH8dB461o9ZgmIVbOdRSicIpLRPBuciaGl0YKedcIfpXGI9TEia3a14TFWdLNrgQ/0?wx_fmt=gif&tp=webp&wxfrom=5&wx_lazy=1
INFO: [ app_init ] --START--
INFO: Run Behavior\BuildLiteBehavior [ RunTime:0.000025s ]
INFO: [ app_init ] --END-- [ RunTime:0.000500s ]
ERR: 无法加载模块:Application

[ 2015-11-25T10:57:07+08:00 ] 36.32.0.248 /Application/Home/View/Public/bianjiqi/https://mmbiz.qlogo.cn/mmbiz/z9433rAGTDfiaaFED4iaX8CS6OIzViaEWFdYHqxw1jAtyo5296wzicjyFWsricb7jd6uRbdNdTZOFcIqveC0ISpbClg/0?wx_fmt=gif
INFO: [ app_init ] --START--
INFO: Run Behavior\BuildLiteBehavior [ RunTime:0.000021s ]
INFO: [ app_init ] --END-- [ RunTime:0.000467s ]
ERR: 无法加载模块:Application

[ 2015-11-25T14:16:35+08:00 ] 36.32.0.248 /Application/Home/View/Public/bianjiqi/style/js/ZeroClipboard.min.map
INFO: [ app_init ] --START--
INFO: Run Behavior\BuildLiteBehavior [ RunTime:0.000022s ]
INFO: [ app_init ] --END-- [ RunTime:0.000492s ]
ERR: 无法加载模块:Application

[ 2015-11-25T14:16:59+08:00 ] 36.32.0.248 /Application/Home/View/Public/bianjiqi/https://mmbiz.qlogo.cn/mmbiz/z9433rAGTDfiaaFED4iaX8CS6OIzViaEWFdYHqxw1jAtyo5296wzicjyFWsricb7jd6uRbdNdTZOFcIqveC0ISpbClg/0?wx_fmt=gif
INFO: [ app_init ] --START--
INFO: Run Behavior\BuildLiteBehavior [ RunTime:0.000022s ]
INFO: [ app_init ] --END-- [ RunTime:0.000536s ]
ERR: 无法加载模块:Application

[ 2015-11-25T14:16:59+08:00 ] 36.32.0.248 /Application/Home/View/Public/bianjiqi/https://mmbiz.qlogo.cn/mmbiz/SlzGSgJicOCyyFCCia7KrgN9uruqH8dB461o9ZgmIVbOdRSicIpLRPBuciaGl0YKedcIfpXGI9TEia3a14TFWdLNrgQ/0?wx_fmt=gif&tp=webp&wxfrom=5&wx_lazy=1
INFO: [ app_init ] --START--
INFO: Run Behavior\BuildLiteBehavior [ RunTime:0.000022s ]
INFO: [ app_init ] --END-- [ RunTime:0.000511s ]
ERR: 无法加载模块:Application

[ 2015-11-25T14:17:09+08:00 ] 36.32.0.248 /Application/Home/View/Public/bianjiqi/https://mmbiz.qlogo.cn/mmbiz/SlzGSgJicOCyyFCCia7KrgN9uruqH8dB461o9ZgmIVbOdRSicIpLRPBuciaGl0YKedcIfpXGI9TEia3a14TFWdLNrgQ/0?wx_fmt=gif&tp=webp&wxfrom=5&wx_lazy=1
INFO: [ app_init ] --START--
INFO: Run Behavior\BuildLiteBehavior [ RunTime:0.000021s ]
INFO: [ app_init ] --END-- [ RunTime:0.000469s ]
ERR: 无法加载模块:Application

[ 2015-11-25T14:17:09+08:00 ] 36.32.0.248 /Application/Home/View/Public/bianjiqi/https://mmbiz.qlogo.cn/mmbiz/z9433rAGTDfiaaFED4iaX8CS6OIzViaEWFdYHqxw1jAtyo5296wzicjyFWsricb7jd6uRbdNdTZOFcIqveC0ISpbClg/0?wx_fmt=gif
INFO: [ app_init ] --START--
INFO: Run Behavior\BuildLiteBehavior [ RunTime:0.000020s ]
INFO: [ app_init ] --END-- [ RunTime:0.000480s ]
ERR: 无法加载模块:Application

[ 2015-11-25T14:17:20+08:00 ] 36.32.0.248 /Application/Home/View/Public/bianjiqi/style/js/ZeroClipboard.min.map
INFO: [ app_init ] --START--
INFO: Run Behavior\BuildLiteBehavior [ RunTime:0.000024s ]
INFO: [ app_init ] --END-- [ RunTime:0.000486s ]
ERR: 无法加载模块:Application

[ 2015-11-25T14:17:39+08:00 ] 36.32.0.248 /Application/Home/View/Public/bianjiqi/https://mmbiz.qlogo.cn/mmbiz/SlzGSgJicOCyyFCCia7KrgN9uruqH8dB461o9ZgmIVbOdRSicIpLRPBuciaGl0YKedcIfpXGI9TEia3a14TFWdLNrgQ/0?wx_fmt=gif&tp=webp&wxfrom=5&wx_lazy=1
INFO: [ app_init ] --START--
INFO: Run Behavior\BuildLiteBehavior [ RunTime:0.000027s ]
INFO: [ app_init ] --END-- [ RunTime:0.000666s ]
ERR: 无法加载模块:Application

[ 2015-11-25T14:17:41+08:00 ] 36.32.0.248 /Application/Home/View/Public/bianjiqi/https://mmbiz.qlogo.cn/mmbiz/z9433rAGTDfiaaFED4iaX8CS6OIzViaEWFdYHqxw1jAtyo5296wzicjyFWsricb7jd6uRbdNdTZOFcIqveC0ISpbClg/0?wx_fmt=gif
INFO: [ app_init ] --START--
INFO: Run Behavior\BuildLiteBehavior [ RunTime:0.000021s ]
INFO: [ app_init ] --END-- [ RunTime:0.000494s ]
ERR: 无法加载模块:Application

[ 2015-11-25T14:34:59+08:00 ] 36.32.0.248 /Application/Home/View/Public/bianjiqi/https://mmbiz.qlogo.cn/mmbiz/SlzGSgJicOCyyFCCia7KrgN9uruqH8dB461o9ZgmIVbOdRSicIpLRPBuciaGl0YKedcIfpXGI9TEia3a14TFWdLNrgQ/0?wx_fmt=gif&tp=webp&wxfrom=5&wx_lazy=1
INFO: [ app_init ] --START--
INFO: Run Behavior\BuildLiteBehavior [ RunTime:0.000024s ]
INFO: [ app_init ] --END-- [ RunTime:0.000504s ]
ERR: 无法加载模块:Application

[ 2015-11-25T14:34:59+08:00 ] 36.32.0.248 /Application/Home/View/Public/bianjiqi/https://mmbiz.qlogo.cn/mmbiz/z9433rAGTDfiaaFED4iaX8CS6OIzViaEWFdYHqxw1jAtyo5296wzicjyFWsricb7jd6uRbdNdTZOFcIqveC0ISpbClg/0?wx_fmt=gif
INFO: [ app_init ] --START--
INFO: Run Behavior\BuildLiteBehavior [ RunTime:0.000020s ]
INFO: [ app_init ] --END-- [ RunTime:0.000473s ]
ERR: 无法加载模块:Application

[ 2015-11-25T14:35:06+08:00 ] 36.32.0.248 /Application/Home/View/Public/bianjiqi/https://mmbiz.qlogo.cn/mmbiz/z9433rAGTDfiaaFED4iaX8CS6OIzViaEWFdYHqxw1jAtyo5296wzicjyFWsricb7jd6uRbdNdTZOFcIqveC0ISpbClg/0?wx_fmt=gif
INFO: [ app_init ] --START--
INFO: Run Behavior\BuildLiteBehavior [ RunTime:0.000024s ]
INFO: [ app_init ] --END-- [ RunTime:0.000543s ]
ERR: 无法加载模块:Application

[ 2015-11-25T14:35:06+08:00 ] 36.32.0.248 /Application/Home/View/Public/bianjiqi/https://mmbiz.qlogo.cn/mmbiz/SlzGSgJicOCyyFCCia7KrgN9uruqH8dB461o9ZgmIVbOdRSicIpLRPBuciaGl0YKedcIfpXGI9TEia3a14TFWdLNrgQ/0?wx_fmt=gif&tp=webp&wxfrom=5&wx_lazy=1
INFO: [ app_init ] --START--
INFO: Run Behavior\BuildLiteBehavior [ RunTime:0.000043s ]
INFO: [ app_init ] --END-- [ RunTime:0.000518s ]
ERR: 无法加载模块:Application

[ 2015-11-25T14:35:08+08:00 ] 36.32.0.248 /Application/Home/View/Public/bianjiqi/https://mmbiz.qlogo.cn/mmbiz/z9433rAGTDfiaaFED4iaX8CS6OIzViaEWFdYHqxw1jAtyo5296wzicjyFWsricb7jd6uRbdNdTZOFcIqveC0ISpbClg/0?wx_fmt=gif
INFO: [ app_init ] --START--
INFO: Run Behavior\BuildLiteBehavior [ RunTime:0.000021s ]
INFO: [ app_init ] --END-- [ RunTime:0.000499s ]
ERR: 无法加载模块:Application

[ 2015-11-25T14:35:08+08:00 ] 36.32.0.248 /Application/Home/View/Public/bianjiqi/https://mmbiz.qlogo.cn/mmbiz/SlzGSgJicOCyyFCCia7KrgN9uruqH8dB461o9ZgmIVbOdRSicIpLRPBuciaGl0YKedcIfpXGI9TEia3a14TFWdLNrgQ/0?wx_fmt=gif&tp=webp&wxfrom=5&wx_lazy=1
INFO: [ app_init ] --START--
INFO: Run Behavior\BuildLiteBehavior [ RunTime:0.000020s ]
INFO: [ app_init ] --END-- [ RunTime:0.000511s ]
ERR: 无法加载模块:Application

[ 2015-11-25T14:35:12+08:00 ] 36.32.0.248 /Application/Home/View/Public/bianjiqi/https://mmbiz.qlogo.cn/mmbiz/z9433rAGTDfiaaFED4iaX8CS6OIzViaEWFdYHqxw1jAtyo5296wzicjyFWsricb7jd6uRbdNdTZOFcIqveC0ISpbClg/0?wx_fmt=gif
INFO: [ app_init ] --START--
INFO: Run Behavior\BuildLiteBehavior [ RunTime:0.000029s ]
INFO: [ app_init ] --END-- [ RunTime:0.000538s ]
ERR: 无法加载模块:Application

[ 2015-11-25T14:35:12+08:00 ] 36.32.0.248 /Application/Home/View/Public/bianjiqi/https://mmbiz.qlogo.cn/mmbiz/SlzGSgJicOCyyFCCia7KrgN9uruqH8dB461o9ZgmIVbOdRSicIpLRPBuciaGl0YKedcIfpXGI9TEia3a14TFWdLNrgQ/0?wx_fmt=gif&tp=webp&wxfrom=5&wx_lazy=1
INFO: [ app_init ] --START--
INFO: Run Behavior\BuildLiteBehavior [ RunTime:0.000019s ]
INFO: [ app_init ] --END-- [ RunTime:0.000477s ]
ERR: 无法加载模块:Application

[ 2015-11-25T14:35:13+08:00 ] 36.32.0.248 /Application/Home/View/Public/bianjiqi/https://mmbiz.qlogo.cn/mmbiz/z9433rAGTDfiaaFED4iaX8CS6OIzViaEWFdYHqxw1jAtyo5296wzicjyFWsricb7jd6uRbdNdTZOFcIqveC0ISpbClg/0?wx_fmt=gif
INFO: [ app_init ] --START--
INFO: Run Behavior\BuildLiteBehavior [ RunTime:0.000022s ]
INFO: [ app_init ] --END-- [ RunTime:0.000523s ]
ERR: 无法加载模块:Application

[ 2015-11-25T14:35:13+08:00 ] 36.32.0.248 /Application/Home/View/Public/bianjiqi/https://mmbiz.qlogo.cn/mmbiz/SlzGSgJicOCyyFCCia7KrgN9uruqH8dB461o9ZgmIVbOdRSicIpLRPBuciaGl0YKedcIfpXGI9TEia3a14TFWdLNrgQ/0?wx_fmt=gif&tp=webp&wxfrom=5&wx_lazy=1
INFO: [ app_init ] --START--
INFO: Run Behavior\BuildLiteBehavior [ RunTime:0.000020s ]
INFO: [ app_init ] --END-- [ RunTime:0.000467s ]
ERR: 无法加载模块:Application

[ 2015-11-25T14:35:23+08:00 ] 36.32.0.248 /Application/Home/View/Public/bianjiqi/https://mmbiz.qlogo.cn/mmbiz/z9433rAGTDfiaaFED4iaX8CS6OIzViaEWFdYHqxw1jAtyo5296wzicjyFWsricb7jd6uRbdNdTZOFcIqveC0ISpbClg/0?wx_fmt=gif
INFO: [ app_init ] --START--
INFO: Run Behavior\BuildLiteBehavior [ RunTime:0.000022s ]
INFO: [ app_init ] --END-- [ RunTime:0.000511s ]
ERR: 无法加载模块:Application

[ 2015-11-25T14:35:23+08:00 ] 36.32.0.248 /Application/Home/View/Public/bianjiqi/https://mmbiz.qlogo.cn/mmbiz/SlzGSgJicOCyyFCCia7KrgN9uruqH8dB461o9ZgmIVbOdRSicIpLRPBuciaGl0YKedcIfpXGI9TEia3a14TFWdLNrgQ/0?wx_fmt=gif&tp=webp&wxfrom=5&wx_lazy=1
INFO: [ app_init ] --START--
INFO: Run Behavior\BuildLiteBehavior [ RunTime:0.000049s ]
INFO: [ app_init ] --END-- [ RunTime:0.000486s ]
ERR: 无法加载模块:Application

[ 2015-11-25T14:35:33+08:00 ] 36.32.0.248 /Application/Home/View/Public/bianjiqi/https://mmbiz.qlogo.cn/mmbiz/z9433rAGTDfiaaFED4iaX8CS6OIzViaEWFdYHqxw1jAtyo5296wzicjyFWsricb7jd6uRbdNdTZOFcIqveC0ISpbClg/0?wx_fmt=gif
INFO: [ app_init ] --START--
INFO: Run Behavior\BuildLiteBehavior [ RunTime:0.000023s ]
INFO: [ app_init ] --END-- [ RunTime:0.000515s ]
ERR: 无法加载模块:Application

[ 2015-11-25T14:35:33+08:00 ] 36.32.0.248 /Application/Home/View/Public/bianjiqi/https://mmbiz.qlogo.cn/mmbiz/SlzGSgJicOCyyFCCia7KrgN9uruqH8dB461o9ZgmIVbOdRSicIpLRPBuciaGl0YKedcIfpXGI9TEia3a14TFWdLNrgQ/0?wx_fmt=gif&tp=webp&wxfrom=5&wx_lazy=1
INFO: [ app_init ] --START--
INFO: Run Behavior\BuildLiteBehavior [ RunTime:0.000022s ]
INFO: [ app_init ] --END-- [ RunTime:0.000481s ]
ERR: 无法加载模块:Application

[ 2015-11-25T15:08:10+08:00 ] 36.32.0.248 /Application/Home/View/Public/bianjiqi/style/js/ZeroClipboard.min.map
INFO: [ app_init ] --START--
INFO: Run Behavior\BuildLiteBehavior [ RunTime:0.000024s ]
INFO: [ app_init ] --END-- [ RunTime:0.000491s ]
ERR: 无法加载模块:Application

[ 2015-11-25T15:38:40+08:00 ] 36.32.0.248 /Application/Home/View/Public/bianjiqi/https://mmbiz.qlogo.cn/mmbiz/z9433rAGTDfiaaFED4iaX8CS6OIzViaEWFdYHqxw1jAtyo5296wzicjyFWsricb7jd6uRbdNdTZOFcIqveC0ISpbClg/0?wx_fmt=gif
INFO: [ app_init ] --START--
INFO: Run Behavior\BuildLiteBehavior [ RunTime:0.000024s ]
INFO: [ app_init ] --END-- [ RunTime:0.000592s ]
ERR: 无法加载模块:Application

[ 2015-11-25T15:38:40+08:00 ] 36.32.0.248 /Application/Home/View/Public/bianjiqi/https://mmbiz.qlogo.cn/mmbiz/SlzGSgJicOCyyFCCia7KrgN9uruqH8dB461o9ZgmIVbOdRSicIpLRPBuciaGl0YKedcIfpXGI9TEia3a14TFWdLNrgQ/0?wx_fmt=gif&tp=webp&wxfrom=5&wx_lazy=1
INFO: [ app_init ] --START--
INFO: Run Behavior\BuildLiteBehavior [ RunTime:0.000031s ]
INFO: [ app_init ] --END-- [ RunTime:0.000583s ]
ERR: 无法加载模块:Application

[ 2015-11-25T15:38:52+08:00 ] 36.32.0.248 /Application/Home/View/Public/bianjiqi/https://mmbiz.qlogo.cn/mmbiz/z9433rAGTDfiaaFED4iaX8CS6OIzViaEWFdYHqxw1jAtyo5296wzicjyFWsricb7jd6uRbdNdTZOFcIqveC0ISpbClg/0?wx_fmt=gif
INFO: [ app_init ] --START--
INFO: Run Behavior\BuildLiteBehavior [ RunTime:0.000021s ]
INFO: [ app_init ] --END-- [ RunTime:0.000479s ]
ERR: 无法加载模块:Application

[ 2015-11-25T15:38:52+08:00 ] 36.32.0.248 /Application/Home/View/Public/bianjiqi/https://mmbiz.qlogo.cn/mmbiz/SlzGSgJicOCyyFCCia7KrgN9uruqH8dB461o9ZgmIVbOdRSicIpLRPBuciaGl0YKedcIfpXGI9TEia3a14TFWdLNrgQ/0?wx_fmt=gif&tp=webp&wxfrom=5&wx_lazy=1
INFO: [ app_init ] --START--
INFO: Run Behavior\BuildLiteBehavior [ RunTime:0.000019s ]
INFO: [ app_init ] --END-- [ RunTime:0.000457s ]
ERR: 无法加载模块:Application

[ 2015-11-25T15:39:04+08:00 ] 36.32.0.248 /Application/Home/View/Public/bianjiqi/https://mmbiz.qlogo.cn/mmbiz/SlzGSgJicOCyyFCCia7KrgN9uruqH8dB461o9ZgmIVbOdRSicIpLRPBuciaGl0YKedcIfpXGI9TEia3a14TFWdLNrgQ/0?wx_fmt=gif&tp=webp&wxfrom=5&wx_lazy=1
INFO: [ app_init ] --START--
INFO: Run Behavior\BuildLiteBehavior [ RunTime:0.000075s ]
INFO: [ app_init ] --END-- [ RunTime:0.000566s ]
ERR: 无法加载模块:Application

[ 2015-11-25T15:39:04+08:00 ] 36.32.0.248 /Application/Home/View/Public/bianjiqi/https://mmbiz.qlogo.cn/mmbiz/z9433rAGTDfiaaFED4iaX8CS6OIzViaEWFdYHqxw1jAtyo5296wzicjyFWsricb7jd6uRbdNdTZOFcIqveC0ISpbClg/0?wx_fmt=gif
INFO: [ app_init ] --START--
INFO: Run Behavior\BuildLiteBehavior [ RunTime:0.000020s ]
INFO: [ app_init ] --END-- [ RunTime:0.000472s ]
ERR: 无法加载模块:Application

[ 2015-11-25T15:39:10+08:00 ] 36.32.0.248 /Application/Home/View/Public/bianjiqi/https://mmbiz.qlogo.cn/mmbiz/SlzGSgJicOCyyFCCia7KrgN9uruqH8dB461o9ZgmIVbOdRSicIpLRPBuciaGl0YKedcIfpXGI9TEia3a14TFWdLNrgQ/0?wx_fmt=gif&tp=webp&wxfrom=5&wx_lazy=1
INFO: [ app_init ] --START--
INFO: Run Behavior\BuildLiteBehavior [ RunTime:0.000023s ]
INFO: [ app_init ] --END-- [ RunTime:0.000511s ]
ERR: 无法加载模块:Application

[ 2015-11-25T15:39:10+08:00 ] 36.32.0.248 /Application/Home/View/Public/bianjiqi/https://mmbiz.qlogo.cn/mmbiz/z9433rAGTDfiaaFED4iaX8CS6OIzViaEWFdYHqxw1jAtyo5296wzicjyFWsricb7jd6uRbdNdTZOFcIqveC0ISpbClg/0?wx_fmt=gif
INFO: [ app_init ] --START--
INFO: Run Behavior\BuildLiteBehavior [ RunTime:0.000019s ]
INFO: [ app_init ] --END-- [ RunTime:0.000498s ]
ERR: 无法加载模块:Application

[ 2015-11-25T15:41:56+08:00 ] 36.32.0.248 /Application/Home/View/Public/bianjiqi/https://mmbiz.qlogo.cn/mmbiz/z9433rAGTDfiaaFED4iaX8CS6OIzViaEWFdYHqxw1jAtyo5296wzicjyFWsricb7jd6uRbdNdTZOFcIqveC0ISpbClg/0?wx_fmt=gif
INFO: [ app_init ] --START--
INFO: Run Behavior\BuildLiteBehavior [ RunTime:0.000023s ]
INFO: [ app_init ] --END-- [ RunTime:0.000517s ]
ERR: 无法加载模块:Application

[ 2015-11-25T15:41:56+08:00 ] 36.32.0.248 /Application/Home/View/Public/bianjiqi/https://mmbiz.qlogo.cn/mmbiz/SlzGSgJicOCyyFCCia7KrgN9uruqH8dB461o9ZgmIVbOdRSicIpLRPBuciaGl0YKedcIfpXGI9TEia3a14TFWdLNrgQ/0?wx_fmt=gif&tp=webp&wxfrom=5&wx_lazy=1
INFO: [ app_init ] --START--
INFO: Run Behavior\BuildLiteBehavior [ RunTime:0.000022s ]
INFO: [ app_init ] --END-- [ RunTime:0.000468s ]
ERR: 无法加载模块:Application

[ 2015-11-25T15:42:56+08:00 ] 36.32.0.248 /Application/Home/View/Public/bianjiqi/https://mmbiz.qlogo.cn/mmbiz/z9433rAGTDfiaaFED4iaX8CS6OIzViaEWFdYHqxw1jAtyo5296wzicjyFWsricb7jd6uRbdNdTZOFcIqveC0ISpbClg/0?wx_fmt=gif
INFO: [ app_init ] --START--
INFO: Run Behavior\BuildLiteBehavior [ RunTime:0.000023s ]
INFO: [ app_init ] --END-- [ RunTime:0.000533s ]
ERR: 无法加载模块:Application

[ 2015-11-25T15:42:56+08:00 ] 36.32.0.248 /Application/Home/View/Public/bianjiqi/https://mmbiz.qlogo.cn/mmbiz/SlzGSgJicOCyyFCCia7KrgN9uruqH8dB461o9ZgmIVbOdRSicIpLRPBuciaGl0YKedcIfpXGI9TEia3a14TFWdLNrgQ/0?wx_fmt=gif&tp=webp&wxfrom=5&wx_lazy=1
INFO: [ app_init ] --START--
INFO: Run Behavior\BuildLiteBehavior [ RunTime:0.000019s ]
INFO: [ app_init ] --END-- [ RunTime:0.000456s ]
ERR: 无法加载模块:Application

[ 2015-11-25T15:43:03+08:00 ] 36.32.0.248 /Application/Home/View/Public/bianjiqi/https://mmbiz.qlogo.cn/mmbiz/z9433rAGTDfiaaFED4iaX8CS6OIzViaEWFdYHqxw1jAtyo5296wzicjyFWsricb7jd6uRbdNdTZOFcIqveC0ISpbClg/0?wx_fmt=gif
INFO: [ app_init ] --START--
INFO: Run Behavior\BuildLiteBehavior [ RunTime:0.000026s ]
INFO: [ app_init ] --END-- [ RunTime:0.000553s ]
ERR: 无法加载模块:Application

[ 2015-11-25T15:43:03+08:00 ] 36.32.0.248 /Application/Home/View/Public/bianjiqi/https://mmbiz.qlogo.cn/mmbiz/SlzGSgJicOCyyFCCia7KrgN9uruqH8dB461o9ZgmIVbOdRSicIpLRPBuciaGl0YKedcIfpXGI9TEia3a14TFWdLNrgQ/0?wx_fmt=gif&tp=webp&wxfrom=5&wx_lazy=1
INFO: [ app_init ] --START--
INFO: Run Behavior\BuildLiteBehavior [ RunTime:0.000035s ]
INFO: [ app_init ] --END-- [ RunTime:0.000613s ]
ERR: 无法加载模块:Application

[ 2015-11-25T15:43:17+08:00 ] 36.32.0.248 /Application/Home/View/Public/bianjiqi/https://mmbiz.qlogo.cn/mmbiz/SlzGSgJicOCyyFCCia7KrgN9uruqH8dB461o9ZgmIVbOdRSicIpLRPBuciaGl0YKedcIfpXGI9TEia3a14TFWdLNrgQ/0?wx_fmt=gif&tp=webp&wxfrom=5&wx_lazy=1
INFO: [ app_init ] --START--
INFO: Run Behavior\BuildLiteBehavior [ RunTime:0.000020s ]
INFO: [ app_init ] --END-- [ RunTime:0.000494s ]
ERR: 无法加载模块:Application

[ 2015-11-25T15:43:17+08:00 ] 36.32.0.248 /Application/Home/View/Public/bianjiqi/https://mmbiz.qlogo.cn/mmbiz/z9433rAGTDfiaaFED4iaX8CS6OIzViaEWFdYHqxw1jAtyo5296wzicjyFWsricb7jd6uRbdNdTZOFcIqveC0ISpbClg/0?wx_fmt=gif
INFO: [ app_init ] --START--
INFO: Run Behavior\BuildLiteBehavior [ RunTime:0.000024s ]
INFO: [ app_init ] --END-- [ RunTime:0.000506s ]
ERR: 无法加载模块:Application

[ 2015-11-25T15:46:07+08:00 ] 36.32.0.248 /Application/Home/View/Public/bianjiqi/https://mmbiz.qlogo.cn/mmbiz/z9433rAGTDfiaaFED4iaX8CS6OIzViaEWFdYHqxw1jAtyo5296wzicjyFWsricb7jd6uRbdNdTZOFcIqveC0ISpbClg/0?wx_fmt=gif
INFO: [ app_init ] --START--
INFO: Run Behavior\BuildLiteBehavior [ RunTime:0.000023s ]
INFO: [ app_init ] --END-- [ RunTime:0.000527s ]
ERR: 无法加载模块:Application

[ 2015-11-25T15:46:07+08:00 ] 36.32.0.248 /Application/Home/View/Public/bianjiqi/https://mmbiz.qlogo.cn/mmbiz/SlzGSgJicOCyyFCCia7KrgN9uruqH8dB461o9ZgmIVbOdRSicIpLRPBuciaGl0YKedcIfpXGI9TEia3a14TFWdLNrgQ/0?wx_fmt=gif&tp=webp&wxfrom=5&wx_lazy=1
INFO: [ app_init ] --START--
INFO: Run Behavior\BuildLiteBehavior [ RunTime:0.000020s ]
INFO: [ app_init ] --END-- [ RunTime:0.000523s ]
ERR: 无法加载模块:Application

[ 2015-11-25T15:59:10+08:00 ] 36.32.0.248 /Application/Home/View/Public/bianjiqi/https://mmbiz.qlogo.cn/mmbiz/z9433rAGTDfiaaFED4iaX8CS6OIzViaEWFdYHqxw1jAtyo5296wzicjyFWsricb7jd6uRbdNdTZOFcIqveC0ISpbClg/0?wx_fmt=gif
INFO: [ app_init ] --START--
INFO: Run Behavior\BuildLiteBehavior [ RunTime:0.000047s ]
INFO: [ app_init ] --END-- [ RunTime:0.000514s ]
ERR: 无法加载模块:Application

[ 2015-11-25T15:59:10+08:00 ] 36.32.0.248 /Application/Home/View/Public/bianjiqi/https://mmbiz.qlogo.cn/mmbiz/SlzGSgJicOCyyFCCia7KrgN9uruqH8dB461o9ZgmIVbOdRSicIpLRPBuciaGl0YKedcIfpXGI9TEia3a14TFWdLNrgQ/0?wx_fmt=gif&tp=webp&wxfrom=5&wx_lazy=1
INFO: [ app_init ] --START--
INFO: Run Behavior\BuildLiteBehavior [ RunTime:0.000020s ]
INFO: [ app_init ] --END-- [ RunTime:0.000504s ]
ERR: 无法加载模块:Application

[ 2015-11-25T16:00:16+08:00 ] 60.173.216.125 /Application/Home/View/Public/bianjiqi/https://mmbiz.qlogo.cn/mmbiz/z9433rAGTDfiaaFED4iaX8CS6OIzViaEWFdYHqxw1jAtyo5296wzicjyFWsricb7jd6uRbdNdTZOFcIqveC0ISpbClg/0?wx_fmt=gif
INFO: [ app_init ] --START--
INFO: Run Behavior\BuildLiteBehavior [ RunTime:0.000022s ]
INFO: [ app_init ] --END-- [ RunTime:0.000491s ]
ERR: 无法加载模块:Application

[ 2015-11-25T16:00:16+08:00 ] 60.173.216.125 /Application/Home/View/Public/bianjiqi/https://mmbiz.qlogo.cn/mmbiz/SlzGSgJicOCyyFCCia7KrgN9uruqH8dB461o9ZgmIVbOdRSicIpLRPBuciaGl0YKedcIfpXGI9TEia3a14TFWdLNrgQ/0?wx_fmt=gif&tp=webp&wxfrom=5&wx_lazy=1
INFO: [ app_init ] --START--
INFO: Run Behavior\BuildLiteBehavior [ RunTime:0.000020s ]
INFO: [ app_init ] --END-- [ RunTime:0.000452s ]
ERR: 无法加载模块:Application

[ 2015-11-25T16:07:30+08:00 ] 60.173.216.125 /Application/Home/View/Public/bianjiqi/https://mmbiz.qlogo.cn/mmbiz/SlzGSgJicOCyyFCCia7KrgN9uruqH8dB461o9ZgmIVbOdRSicIpLRPBuciaGl0YKedcIfpXGI9TEia3a14TFWdLNrgQ/0?wx_fmt=gif&tp=webp&wxfrom=5&wx_lazy=1
INFO: [ app_init ] --START--
INFO: Run Behavior\BuildLiteBehavior [ RunTime:0.000020s ]
INFO: [ app_init ] --END-- [ RunTime:0.000476s ]
ERR: 无法加载模块:Application

[ 2015-11-25T16:07:30+08:00 ] 60.173.216.125 /Application/Home/View/Public/bianjiqi/https://mmbiz.qlogo.cn/mmbiz/z9433rAGTDfiaaFED4iaX8CS6OIzViaEWFdYHqxw1jAtyo5296wzicjyFWsricb7jd6uRbdNdTZOFcIqveC0ISpbClg/0?wx_fmt=gif
INFO: [ app_init ] --START--
INFO: Run Behavior\BuildLiteBehavior [ RunTime:0.000023s ]
INFO: [ app_init ] --END-- [ RunTime:0.000484s ]
ERR: 无法加载模块:Application

[ 2015-11-25T16:07:46+08:00 ] 60.173.216.125 /Application/Home/View/Public/bianjiqi/style/js/ZeroClipboard.min.map
INFO: [ app_init ] --START--
INFO: Run Behavior\BuildLiteBehavior [ RunTime:0.000042s ]
INFO: [ app_init ] --END-- [ RunTime:0.000506s ]
ERR: 无法加载模块:Application

[ 2015-11-25T16:13:01+08:00 ] 60.173.216.125 /Application/Home/View/Public/bianjiqi/https://mmbiz.qlogo.cn/mmbiz/z9433rAGTDfiaaFED4iaX8CS6OIzViaEWFdYHqxw1jAtyo5296wzicjyFWsricb7jd6uRbdNdTZOFcIqveC0ISpbClg/0?wx_fmt=gif
INFO: [ app_init ] --START--
INFO: Run Behavior\BuildLiteBehavior [ RunTime:0.000022s ]
INFO: [ app_init ] --END-- [ RunTime:0.000485s ]
ERR: 无法加载模块:Application

[ 2015-11-25T16:13:01+08:00 ] 60.173.216.125 /Application/Home/View/Public/bianjiqi/https://mmbiz.qlogo.cn/mmbiz/SlzGSgJicOCyyFCCia7KrgN9uruqH8dB461o9ZgmIVbOdRSicIpLRPBuciaGl0YKedcIfpXGI9TEia3a14TFWdLNrgQ/0?wx_fmt=gif&tp=webp&wxfrom=5&wx_lazy=1
INFO: [ app_init ] --START--
INFO: Run Behavior\BuildLiteBehavior [ RunTime:0.000026s ]
INFO: [ app_init ] --END-- [ RunTime:0.000499s ]
ERR: 无法加载模块:Application

[ 2015-11-25T16:16:07+08:00 ] 60.173.216.125 /Application/Home/View/Public/bianjiqi/https://mmbiz.qlogo.cn/mmbiz/z9433rAGTDfiaaFED4iaX8CS6OIzViaEWFdYHqxw1jAtyo5296wzicjyFWsricb7jd6uRbdNdTZOFcIqveC0ISpbClg/0?wx_fmt=gif
INFO: [ app_init ] --START--
INFO: Run Behavior\BuildLiteBehavior [ RunTime:0.000021s ]
INFO: [ app_init ] --END-- [ RunTime:0.000550s ]
ERR: 无法加载模块:Application

[ 2015-11-25T16:16:07+08:00 ] 60.173.216.125 /Application/Home/View/Public/bianjiqi/https://mmbiz.qlogo.cn/mmbiz/SlzGSgJicOCyyFCCia7KrgN9uruqH8dB461o9ZgmIVbOdRSicIpLRPBuciaGl0YKedcIfpXGI9TEia3a14TFWdLNrgQ/0?wx_fmt=gif&tp=webp&wxfrom=5&wx_lazy=1
INFO: [ app_init ] --START--
INFO: Run Behavior\BuildLiteBehavior [ RunTime:0.000020s ]
INFO: [ app_init ] --END-- [ RunTime:0.000500s ]
ERR: 无法加载模块:Application

[ 2015-11-25T16:19:07+08:00 ] 36.32.0.248 /Application/Home/View/Public/bianjiqi/https://mmbiz.qlogo.cn/mmbiz/z9433rAGTDfiaaFED4iaX8CS6OIzViaEWFdYHqxw1jAtyo5296wzicjyFWsricb7jd6uRbdNdTZOFcIqveC0ISpbClg/0?wx_fmt=gif
INFO: [ app_init ] --START--
INFO: Run Behavior\BuildLiteBehavior [ RunTime:0.000022s ]
INFO: [ app_init ] --END-- [ RunTime:0.000490s ]
ERR: 无法加载模块:Application

[ 2015-11-25T16:19:07+08:00 ] 36.32.0.248 /Application/Home/View/Public/bianjiqi/https://mmbiz.qlogo.cn/mmbiz/SlzGSgJicOCyyFCCia7KrgN9uruqH8dB461o9ZgmIVbOdRSicIpLRPBuciaGl0YKedcIfpXGI9TEia3a14TFWdLNrgQ/0?wx_fmt=gif&tp=webp&wxfrom=5&wx_lazy=1
INFO: [ app_init ] --START--
INFO: Run Behavior\BuildLiteBehavior [ RunTime:0.000020s ]
INFO: [ app_init ] --END-- [ RunTime:0.000492s ]
ERR: 无法加载模块:Application

[ 2015-11-25T16:20:19+08:00 ] 36.32.0.248 /Application/Home/View/Public/bianjiqi/https://mmbiz.qlogo.cn/mmbiz/z9433rAGTDfiaaFED4iaX8CS6OIzViaEWFdYHqxw1jAtyo5296wzicjyFWsricb7jd6uRbdNdTZOFcIqveC0ISpbClg/0?wx_fmt=gif
INFO: [ app_init ] --START--
INFO: Run Behavior\BuildLiteBehavior [ RunTime:0.000023s ]
INFO: [ app_init ] --END-- [ RunTime:0.000556s ]
ERR: 无法加载模块:Application

[ 2015-11-25T16:20:19+08:00 ] 36.32.0.248 /Application/Home/View/Public/bianjiqi/https://mmbiz.qlogo.cn/mmbiz/SlzGSgJicOCyyFCCia7KrgN9uruqH8dB461o9ZgmIVbOdRSicIpLRPBuciaGl0YKedcIfpXGI9TEia3a14TFWdLNrgQ/0?wx_fmt=gif&tp=webp&wxfrom=5&wx_lazy=1
INFO: [ app_init ] --START--
INFO: Run Behavior\BuildLiteBehavior [ RunTime:0.000020s ]
INFO: [ app_init ] --END-- [ RunTime:0.000465s ]
ERR: 无法加载模块:Application

[ 2015-11-25T16:20:36+08:00 ] 36.32.0.248 /Application/Home/View/Public/bianjiqi/https://mmbiz.qlogo.cn/mmbiz/z9433rAGTDfiaaFED4iaX8CS6OIzViaEWFdYHqxw1jAtyo5296wzicjyFWsricb7jd6uRbdNdTZOFcIqveC0ISpbClg/0?wx_fmt=gif
INFO: [ app_init ] --START--
INFO: Run Behavior\BuildLiteBehavior [ RunTime:0.000022s ]
INFO: [ app_init ] --END-- [ RunTime:0.000481s ]
ERR: 无法加载模块:Application

[ 2015-11-25T16:20:36+08:00 ] 36.32.0.248 /Application/Home/View/Public/bianjiqi/https://mmbiz.qlogo.cn/mmbiz/SlzGSgJicOCyyFCCia7KrgN9uruqH8dB461o9ZgmIVbOdRSicIpLRPBuciaGl0YKedcIfpXGI9TEia3a14TFWdLNrgQ/0?wx_fmt=gif&tp=webp&wxfrom=5&wx_lazy=1
INFO: [ app_init ] --START--
INFO: Run Behavior\BuildLiteBehavior [ RunTime:0.000020s ]
INFO: [ app_init ] --END-- [ RunTime:0.000456s ]
ERR: 无法加载模块:Application

[ 2015-11-25T16:20:55+08:00 ] 36.32.0.248 /Application/Home/View/Public/bianjiqi/https://mmbiz.qlogo.cn/mmbiz/z9433rAGTDfiaaFED4iaX8CS6OIzViaEWFdYHqxw1jAtyo5296wzicjyFWsricb7jd6uRbdNdTZOFcIqveC0ISpbClg/0?wx_fmt=gif
INFO: [ app_init ] --START--
INFO: Run Behavior\BuildLiteBehavior [ RunTime:0.000021s ]
INFO: [ app_init ] --END-- [ RunTime:0.000490s ]
ERR: 无法加载模块:Application

[ 2015-11-25T16:20:55+08:00 ] 36.32.0.248 /Application/Home/View/Public/bianjiqi/https://mmbiz.qlogo.cn/mmbiz/SlzGSgJicOCyyFCCia7KrgN9uruqH8dB461o9ZgmIVbOdRSicIpLRPBuciaGl0YKedcIfpXGI9TEia3a14TFWdLNrgQ/0?wx_fmt=gif&tp=webp&wxfrom=5&wx_lazy=1
INFO: [ app_init ] --START--
INFO: Run Behavior\BuildLiteBehavior [ RunTime:0.000021s ]
INFO: [ app_init ] --END-- [ RunTime:0.000511s ]
ERR: 无法加载模块:Application

[ 2015-11-25T16:21:15+08:00 ] 36.32.0.248 /Application/Home/View/Public/bianjiqi/https://mmbiz.qlogo.cn/mmbiz/z9433rAGTDfiaaFED4iaX8CS6OIzViaEWFdYHqxw1jAtyo5296wzicjyFWsricb7jd6uRbdNdTZOFcIqveC0ISpbClg/0?wx_fmt=gif
INFO: [ app_init ] --START--
INFO: Run Behavior\BuildLiteBehavior [ RunTime:0.000022s ]
INFO: [ app_init ] --END-- [ RunTime:0.000499s ]
ERR: 无法加载模块:Application

[ 2015-11-25T16:21:15+08:00 ] 36.32.0.248 /Application/Home/View/Public/bianjiqi/https://mmbiz.qlogo.cn/mmbiz/SlzGSgJicOCyyFCCia7KrgN9uruqH8dB461o9ZgmIVbOdRSicIpLRPBuciaGl0YKedcIfpXGI9TEia3a14TFWdLNrgQ/0?wx_fmt=gif&tp=webp&wxfrom=5&wx_lazy=1
INFO: [ app_init ] --START--
INFO: Run Behavior\BuildLiteBehavior [ RunTime:0.000023s ]
INFO: [ app_init ] --END-- [ RunTime:0.000499s ]
ERR: 无法加载模块:Application

[ 2015-11-25T16:22:55+08:00 ] 36.32.0.248 /Application/Home/View/Public/bianjiqi/https://mmbiz.qlogo.cn/mmbiz/z9433rAGTDfiaaFED4iaX8CS6OIzViaEWFdYHqxw1jAtyo5296wzicjyFWsricb7jd6uRbdNdTZOFcIqveC0ISpbClg/0?wx_fmt=gif
INFO: [ app_init ] --START--
INFO: Run Behavior\BuildLiteBehavior [ RunTime:0.000021s ]
INFO: [ app_init ] --END-- [ RunTime:0.000466s ]
ERR: 无法加载模块:Application

[ 2015-11-25T16:22:55+08:00 ] 36.32.0.248 /Application/Home/View/Public/bianjiqi/https://mmbiz.qlogo.cn/mmbiz/SlzGSgJicOCyyFCCia7KrgN9uruqH8dB461o9ZgmIVbOdRSicIpLRPBuciaGl0YKedcIfpXGI9TEia3a14TFWdLNrgQ/0?wx_fmt=gif&tp=webp&wxfrom=5&wx_lazy=1
INFO: [ app_init ] --START--
INFO: Run Behavior\BuildLiteBehavior [ RunTime:0.000020s ]
INFO: [ app_init ] --END-- [ RunTime:0.000472s ]
ERR: 无法加载模块:Application

[ 2015-11-25T16:24:03+08:00 ] 36.32.0.248 /Application/Home/View/Public/bianjiqi/https://mmbiz.qlogo.cn/mmbiz/z9433rAGTDfiaaFED4iaX8CS6OIzViaEWFdYHqxw1jAtyo5296wzicjyFWsricb7jd6uRbdNdTZOFcIqveC0ISpbClg/0?wx_fmt=gif
INFO: [ app_init ] --START--
INFO: Run Behavior\BuildLiteBehavior [ RunTime:0.000023s ]
INFO: [ app_init ] --END-- [ RunTime:0.000495s ]
ERR: 无法加载模块:Application

[ 2015-11-25T16:24:03+08:00 ] 36.32.0.248 /Application/Home/View/Public/bianjiqi/https://mmbiz.qlogo.cn/mmbiz/SlzGSgJicOCyyFCCia7KrgN9uruqH8dB461o9ZgmIVbOdRSicIpLRPBuciaGl0YKedcIfpXGI9TEia3a14TFWdLNrgQ/0?wx_fmt=gif&tp=webp&wxfrom=5&wx_lazy=1
INFO: [ app_init ] --START--
INFO: Run Behavior\BuildLiteBehavior [ RunTime:0.000019s ]
INFO: [ app_init ] --END-- [ RunTime:0.000480s ]
ERR: 无法加载模块:Application

[ 2015-11-25T16:24:19+08:00 ] 36.32.0.248 /Application/Home/View/Public/bianjiqi/https://mmbiz.qlogo.cn/mmbiz/z9433rAGTDfiaaFED4iaX8CS6OIzViaEWFdYHqxw1jAtyo5296wzicjyFWsricb7jd6uRbdNdTZOFcIqveC0ISpbClg/0?wx_fmt=gif
INFO: [ app_init ] --START--
INFO: Run Behavior\BuildLiteBehavior [ RunTime:0.000024s ]
INFO: [ app_init ] --END-- [ RunTime:0.000516s ]
ERR: 无法加载模块:Application

[ 2015-11-25T16:24:19+08:00 ] 36.32.0.248 /Application/Home/View/Public/bianjiqi/https://mmbiz.qlogo.cn/mmbiz/SlzGSgJicOCyyFCCia7KrgN9uruqH8dB461o9ZgmIVbOdRSicIpLRPBuciaGl0YKedcIfpXGI9TEia3a14TFWdLNrgQ/0?wx_fmt=gif&tp=webp&wxfrom=5&wx_lazy=1
INFO: [ app_init ] --START--
INFO: Run Behavior\BuildLiteBehavior [ RunTime:0.000021s ]
INFO: [ app_init ] --END-- [ RunTime:0.000458s ]
ERR: 无法加载模块:Application

[ 2015-11-25T16:24:40+08:00 ] 36.32.0.248 /Application/Home/View/Public/bianjiqi/https://mmbiz.qlogo.cn/mmbiz/SlzGSgJicOCyyFCCia7KrgN9uruqH8dB461o9ZgmIVbOdRSicIpLRPBuciaGl0YKedcIfpXGI9TEia3a14TFWdLNrgQ/0?wx_fmt=gif&tp=webp&wxfrom=5&wx_lazy=1
INFO: [ app_init ] --START--
INFO: Run Behavior\BuildLiteBehavior [ RunTime:0.000024s ]
INFO: [ app_init ] --END-- [ RunTime:0.001683s ]
ERR: 无法加载模块:Application

[ 2015-11-25T16:24:40+08:00 ] 36.32.0.248 /Application/Home/View/Public/bianjiqi/https://mmbiz.qlogo.cn/mmbiz/z9433rAGTDfiaaFED4iaX8CS6OIzViaEWFdYHqxw1jAtyo5296wzicjyFWsricb7jd6uRbdNdTZOFcIqveC0ISpbClg/0?wx_fmt=gif
INFO: [ app_init ] --START--
INFO: Run Behavior\BuildLiteBehavior [ RunTime:0.000020s ]
INFO: [ app_init ] --END-- [ RunTime:0.000488s ]
ERR: 无法加载模块:Application

[ 2015-11-25T16:24:57+08:00 ] 36.32.0.248 /Application/Home/View/Public/bianjiqi/https://mmbiz.qlogo.cn/mmbiz/SlzGSgJicOCyyFCCia7KrgN9uruqH8dB461o9ZgmIVbOdRSicIpLRPBuciaGl0YKedcIfpXGI9TEia3a14TFWdLNrgQ/0?wx_fmt=gif&tp=webp&wxfrom=5&wx_lazy=1
INFO: [ app_init ] --START--
INFO: Run Behavior\BuildLiteBehavior [ RunTime:0.000024s ]
INFO: [ app_init ] --END-- [ RunTime:0.000495s ]
ERR: 无法加载模块:Application

[ 2015-11-25T16:24:57+08:00 ] 36.32.0.248 /Application/Home/View/Public/bianjiqi/https://mmbiz.qlogo.cn/mmbiz/z9433rAGTDfiaaFED4iaX8CS6OIzViaEWFdYHqxw1jAtyo5296wzicjyFWsricb7jd6uRbdNdTZOFcIqveC0ISpbClg/0?wx_fmt=gif
INFO: [ app_init ] --START--
INFO: Run Behavior\BuildLiteBehavior [ RunTime:0.000021s ]
INFO: [ app_init ] --END-- [ RunTime:0.000486s ]
ERR: 无法加载模块:Application

[ 2015-11-25T16:25:40+08:00 ] 36.32.0.248 /Application/Home/View/Public/bianjiqi/https://mmbiz.qlogo.cn/mmbiz/z9433rAGTDfiaaFED4iaX8CS6OIzViaEWFdYHqxw1jAtyo5296wzicjyFWsricb7jd6uRbdNdTZOFcIqveC0ISpbClg/0?wx_fmt=gif
INFO: [ app_init ] --START--
INFO: Run Behavior\BuildLiteBehavior [ RunTime:0.000025s ]
INFO: [ app_init ] --END-- [ RunTime:0.000523s ]
ERR: 无法加载模块:Application

[ 2015-11-25T16:25:40+08:00 ] 36.32.0.248 /Application/Home/View/Public/bianjiqi/https://mmbiz.qlogo.cn/mmbiz/SlzGSgJicOCyyFCCia7KrgN9uruqH8dB461o9ZgmIVbOdRSicIpLRPBuciaGl0YKedcIfpXGI9TEia3a14TFWdLNrgQ/0?wx_fmt=gif&tp=webp&wxfrom=5&wx_lazy=1
INFO: [ app_init ] --START--
INFO: Run Behavior\BuildLiteBehavior [ RunTime:0.000020s ]
INFO: [ app_init ] --END-- [ RunTime:0.001917s ]
ERR: 无法加载模块:Application

[ 2015-11-25T16:26:22+08:00 ] 36.32.0.248 /Application/Home/View/Public/bianjiqi/https://mmbiz.qlogo.cn/mmbiz/SlzGSgJicOCyyFCCia7KrgN9uruqH8dB461o9ZgmIVbOdRSicIpLRPBuciaGl0YKedcIfpXGI9TEia3a14TFWdLNrgQ/0?wx_fmt=gif&tp=webp&wxfrom=5&wx_lazy=1
INFO: [ app_init ] --START--
INFO: Run Behavior\BuildLiteBehavior [ RunTime:0.000024s ]
INFO: [ app_init ] --END-- [ RunTime:0.000512s ]
ERR: 无法加载模块:Application

[ 2015-11-25T16:26:22+08:00 ] 36.32.0.248 /Application/Home/View/Public/bianjiqi/https://mmbiz.qlogo.cn/mmbiz/z9433rAGTDfiaaFED4iaX8CS6OIzViaEWFdYHqxw1jAtyo5296wzicjyFWsricb7jd6uRbdNdTZOFcIqveC0ISpbClg/0?wx_fmt=gif
INFO: [ app_init ] --START--
INFO: Run Behavior\BuildLiteBehavior [ RunTime:0.000021s ]
INFO: [ app_init ] --END-- [ RunTime:0.000483s ]
ERR: 无法加载模块:Application

[ 2015-11-25T16:27:13+08:00 ] 60.173.216.125 /Application/Home/View/Public/bianjiqi/https://mmbiz.qlogo.cn/mmbiz/SlzGSgJicOCyyFCCia7KrgN9uruqH8dB461o9ZgmIVbOdRSicIpLRPBuciaGl0YKedcIfpXGI9TEia3a14TFWdLNrgQ/0?wx_fmt=gif&tp=webp&wxfrom=5&wx_lazy=1
INFO: [ app_init ] --START--
INFO: Run Behavior\BuildLiteBehavior [ RunTime:0.000023s ]
INFO: [ app_init ] --END-- [ RunTime:0.000490s ]
ERR: 无法加载模块:Application

[ 2015-11-25T16:27:13+08:00 ] 60.173.216.125 /Application/Home/View/Public/bianjiqi/https://mmbiz.qlogo.cn/mmbiz/z9433rAGTDfiaaFED4iaX8CS6OIzViaEWFdYHqxw1jAtyo5296wzicjyFWsricb7jd6uRbdNdTZOFcIqveC0ISpbClg/0?wx_fmt=gif
INFO: [ app_init ] --START--
INFO: Run Behavior\BuildLiteBehavior [ RunTime:0.005186s ]
INFO: [ app_init ] --END-- [ RunTime:0.005654s ]
ERR: 无法加载模块:Application

[ 2015-11-25T16:31:13+08:00 ] 60.173.216.125 /Application/Home/View/Public/bianjiqi/https://mmbiz.qlogo.cn/mmbiz/z9433rAGTDfiaaFED4iaX8CS6OIzViaEWFdYHqxw1jAtyo5296wzicjyFWsricb7jd6uRbdNdTZOFcIqveC0ISpbClg/0?wx_fmt=gif
INFO: [ app_init ] --START--
INFO: Run Behavior\BuildLiteBehavior [ RunTime:0.000029s ]
INFO: [ app_init ] --END-- [ RunTime:0.000522s ]
ERR: 无法加载模块:Application

[ 2015-11-25T16:31:13+08:00 ] 60.173.216.125 /Application/Home/View/Public/bianjiqi/https://mmbiz.qlogo.cn/mmbiz/SlzGSgJicOCyyFCCia7KrgN9uruqH8dB461o9ZgmIVbOdRSicIpLRPBuciaGl0YKedcIfpXGI9TEia3a14TFWdLNrgQ/0?wx_fmt=gif&tp=webp&wxfrom=5&wx_lazy=1
INFO: [ app_init ] --START--
INFO: Run Behavior\BuildLiteBehavior [ RunTime:0.000019s ]
INFO: [ app_init ] --END-- [ RunTime:0.000474s ]
ERR: 无法加载模块:Application

[ 2015-11-25T16:32:07+08:00 ] 36.32.0.248 /Application/Home/View/Public/bianjiqi/https://mmbiz.qlogo.cn/mmbiz/z9433rAGTDfiaaFED4iaX8CS6OIzViaEWFdYHqxw1jAtyo5296wzicjyFWsricb7jd6uRbdNdTZOFcIqveC0ISpbClg/0?wx_fmt=gif
INFO: [ app_init ] --START--
INFO: Run Behavior\BuildLiteBehavior [ RunTime:0.000021s ]
INFO: [ app_init ] --END-- [ RunTime:0.000488s ]
ERR: 无法加载模块:Application

[ 2015-11-25T16:32:07+08:00 ] 36.32.0.248 /Application/Home/View/Public/bianjiqi/https://mmbiz.qlogo.cn/mmbiz/SlzGSgJicOCyyFCCia7KrgN9uruqH8dB461o9ZgmIVbOdRSicIpLRPBuciaGl0YKedcIfpXGI9TEia3a14TFWdLNrgQ/0?wx_fmt=gif&tp=webp&wxfrom=5&wx_lazy=1
INFO: [ app_init ] --START--
INFO: Run Behavior\BuildLiteBehavior [ RunTime:0.000023s ]
INFO: [ app_init ] --END-- [ RunTime:0.000498s ]
ERR: 无法加载模块:Application

[ 2015-11-25T16:33:06+08:00 ] 36.32.0.248 /Application/Home/View/Public/bianjiqi/https://mmbiz.qlogo.cn/mmbiz/z9433rAGTDfiaaFED4iaX8CS6OIzViaEWFdYHqxw1jAtyo5296wzicjyFWsricb7jd6uRbdNdTZOFcIqveC0ISpbClg/0?wx_fmt=gif
INFO: [ app_init ] --START--
INFO: Run Behavior\BuildLiteBehavior [ RunTime:0.000021s ]
INFO: [ app_init ] --END-- [ RunTime:0.000474s ]
ERR: 无法加载模块:Application

[ 2015-11-25T16:33:06+08:00 ] 36.32.0.248 /Application/Home/View/Public/bianjiqi/https://mmbiz.qlogo.cn/mmbiz/SlzGSgJicOCyyFCCia7KrgN9uruqH8dB461o9ZgmIVbOdRSicIpLRPBuciaGl0YKedcIfpXGI9TEia3a14TFWdLNrgQ/0?wx_fmt=gif&tp=webp&wxfrom=5&wx_lazy=1
INFO: [ app_init ] --START--
INFO: Run Behavior\BuildLiteBehavior [ RunTime:0.000020s ]
INFO: [ app_init ] --END-- [ RunTime:0.000451s ]
ERR: 无法加载模块:Application

[ 2015-11-25T16:33:11+08:00 ] 36.32.0.248 /Application/Home/View/Public/bianjiqi/https://mmbiz.qlogo.cn/mmbiz/z9433rAGTDfiaaFED4iaX8CS6OIzViaEWFdYHqxw1jAtyo5296wzicjyFWsricb7jd6uRbdNdTZOFcIqveC0ISpbClg/0?wx_fmt=gif
INFO: [ app_init ] --START--
INFO: Run Behavior\BuildLiteBehavior [ RunTime:0.000024s ]
INFO: [ app_init ] --END-- [ RunTime:0.000491s ]
ERR: 无法加载模块:Application

[ 2015-11-25T16:33:11+08:00 ] 36.32.0.248 /Application/Home/View/Public/bianjiqi/https://mmbiz.qlogo.cn/mmbiz/SlzGSgJicOCyyFCCia7KrgN9uruqH8dB461o9ZgmIVbOdRSicIpLRPBuciaGl0YKedcIfpXGI9TEia3a14TFWdLNrgQ/0?wx_fmt=gif&tp=webp&wxfrom=5&wx_lazy=1
INFO: [ app_init ] --START--
INFO: Run Behavior\BuildLiteBehavior [ RunTime:0.000020s ]
INFO: [ app_init ] --END-- [ RunTime:0.000488s ]
ERR: 无法加载模块:Application

[ 2015-11-25T16:34:02+08:00 ] 60.173.216.125 /Application/Home/View/Public/bianjiqi/https://mmbiz.qlogo.cn/mmbiz/z9433rAGTDfiaaFED4iaX8CS6OIzViaEWFdYHqxw1jAtyo5296wzicjyFWsricb7jd6uRbdNdTZOFcIqveC0ISpbClg/0?wx_fmt=gif
INFO: [ app_init ] --START--
INFO: Run Behavior\BuildLiteBehavior [ RunTime:0.000023s ]
INFO: [ app_init ] --END-- [ RunTime:0.000514s ]
ERR: 无法加载模块:Application

[ 2015-11-25T16:34:02+08:00 ] 60.173.216.125 /Application/Home/View/Public/bianjiqi/https://mmbiz.qlogo.cn/mmbiz/SlzGSgJicOCyyFCCia7KrgN9uruqH8dB461o9ZgmIVbOdRSicIpLRPBuciaGl0YKedcIfpXGI9TEia3a14TFWdLNrgQ/0?wx_fmt=gif&tp=webp&wxfrom=5&wx_lazy=1
INFO: [ app_init ] --START--
INFO: Run Behavior\BuildLiteBehavior [ RunTime:0.000021s ]
INFO: [ app_init ] --END-- [ RunTime:0.000510s ]
ERR: 无法加载模块:Application

[ 2015-11-25T16:34:02+08:00 ] 60.173.216.125 /Application/Home/View/Public/bianjiqi/https://mmbiz.qlogo.cn/mmbiz/z9433rAGTDfiaaFED4iaX8CS6OIzViaEWFdYHqxw1jAtyo5296wzicjyFWsricb7jd6uRbdNdTZOFcIqveC0ISpbClg/0?wx_fmt=gif
INFO: [ app_init ] --START--
INFO: Run Behavior\BuildLiteBehavior [ RunTime:0.000022s ]
INFO: [ app_init ] --END-- [ RunTime:0.000498s ]
ERR: 无法加载模块:Application

[ 2015-11-25T16:34:46+08:00 ] 36.32.0.248 /Application/Home/View/Public/bianjiqi/https://mmbiz.qlogo.cn/mmbiz/SlzGSgJicOCyyFCCia7KrgN9uruqH8dB461o9ZgmIVbOdRSicIpLRPBuciaGl0YKedcIfpXGI9TEia3a14TFWdLNrgQ/0?wx_fmt=gif&tp=webp&wxfrom=5&wx_lazy=1
INFO: [ app_init ] --START--
INFO: Run Behavior\BuildLiteBehavior [ RunTime:0.000022s ]
INFO: [ app_init ] --END-- [ RunTime:0.000525s ]
ERR: 无法加载模块:Application

[ 2015-11-25T16:34:46+08:00 ] 36.32.0.248 /Application/Home/View/Public/bianjiqi/https://mmbiz.qlogo.cn/mmbiz/z9433rAGTDfiaaFED4iaX8CS6OIzViaEWFdYHqxw1jAtyo5296wzicjyFWsricb7jd6uRbdNdTZOFcIqveC0ISpbClg/0?wx_fmt=gif
INFO: [ app_init ] --START--
INFO: Run Behavior\BuildLiteBehavior [ RunTime:0.000021s ]
INFO: [ app_init ] --END-- [ RunTime:0.000486s ]
ERR: 无法加载模块:Application

[ 2015-11-25T16:34:57+08:00 ] 36.32.0.248 /Application/Home/View/Public/bianjiqi/https://mmbiz.qlogo.cn/mmbiz/z9433rAGTDfiaaFED4iaX8CS6OIzViaEWFdYHqxw1jAtyo5296wzicjyFWsricb7jd6uRbdNdTZOFcIqveC0ISpbClg/0?wx_fmt=gif
INFO: [ app_init ] --START--
INFO: Run Behavior\BuildLiteBehavior [ RunTime:0.000028s ]
INFO: [ app_init ] --END-- [ RunTime:0.000681s ]
ERR: 无法加载模块:Application

[ 2015-11-25T16:34:57+08:00 ] 36.32.0.248 /Application/Home/View/Public/bianjiqi/https://mmbiz.qlogo.cn/mmbiz/SlzGSgJicOCyyFCCia7KrgN9uruqH8dB461o9ZgmIVbOdRSicIpLRPBuciaGl0YKedcIfpXGI9TEia3a14TFWdLNrgQ/0?wx_fmt=gif&tp=webp&wxfrom=5&wx_lazy=1
INFO: [ app_init ] --START--
INFO: Run Behavior\BuildLiteBehavior [ RunTime:0.000020s ]
INFO: [ app_init ] --END-- [ RunTime:0.000472s ]
ERR: 无法加载模块:Application

[ 2015-11-25T16:36:06+08:00 ] 36.32.0.248 /Application/Home/View/Public/bianjiqi/https://mmbiz.qlogo.cn/mmbiz/z9433rAGTDfiaaFED4iaX8CS6OIzViaEWFdYHqxw1jAtyo5296wzicjyFWsricb7jd6uRbdNdTZOFcIqveC0ISpbClg/0?wx_fmt=gif
INFO: [ app_init ] --START--
INFO: Run Behavior\BuildLiteBehavior [ RunTime:0.000030s ]
INFO: [ app_init ] --END-- [ RunTime:0.000647s ]
ERR: 无法加载模块:Application

[ 2015-11-25T16:36:06+08:00 ] 36.32.0.248 /Application/Home/View/Public/bianjiqi/https://mmbiz.qlogo.cn/mmbiz/SlzGSgJicOCyyFCCia7KrgN9uruqH8dB461o9ZgmIVbOdRSicIpLRPBuciaGl0YKedcIfpXGI9TEia3a14TFWdLNrgQ/0?wx_fmt=gif&tp=webp&wxfrom=5&wx_lazy=1
INFO: [ app_init ] --START--
INFO: Run Behavior\BuildLiteBehavior [ RunTime:0.000029s ]
INFO: [ app_init ] --END-- [ RunTime:0.000513s ]
ERR: 无法加载模块:Application

[ 2015-11-25T16:36:23+08:00 ] 36.32.0.248 /cgi-bin/readtemplate?t=vote/vote-new_tmpl&__biz=MTI0MDU3NDYwMQ==&supervoteid=1960514&token=1868430626&lang=zh_CN
INFO: [ app_init ] --START--
INFO: Run Behavior\BuildLiteBehavior [ RunTime:0.000022s ]
INFO: [ app_init ] --END-- [ RunTime:0.000556s ]
ERR: 无法加载模块:Cgi-bin

[ 2015-11-25T16:36:55+08:00 ] 36.32.0.248 /Application/Home/View/Public/bianjiqi/https://mmbiz.qlogo.cn/mmbiz/z9433rAGTDfiaaFED4iaX8CS6OIzViaEWFdYHqxw1jAtyo5296wzicjyFWsricb7jd6uRbdNdTZOFcIqveC0ISpbClg/0?wx_fmt=gif
INFO: [ app_init ] --START--
INFO: Run Behavior\BuildLiteBehavior [ RunTime:0.000025s ]
INFO: [ app_init ] --END-- [ RunTime:0.000537s ]
ERR: 无法加载模块:Application

[ 2015-11-25T16:36:56+08:00 ] 36.32.0.248 /Application/Home/View/Public/bianjiqi/https://mmbiz.qlogo.cn/mmbiz/SlzGSgJicOCyyFCCia7KrgN9uruqH8dB461o9ZgmIVbOdRSicIpLRPBuciaGl0YKedcIfpXGI9TEia3a14TFWdLNrgQ/0?wx_fmt=gif&tp=webp&wxfrom=5&wx_lazy=1
INFO: [ app_init ] --START--
INFO: Run Behavior\BuildLiteBehavior [ RunTime:0.000022s ]
INFO: [ app_init ] --END-- [ RunTime:0.000483s ]
ERR: 无法加载模块:Application

[ 2015-11-25T16:36:56+08:00 ] 36.32.0.248 /Application/Home/View/Public/bianjiqi/https://mmbiz.qlogo.cn/mmbiz/z9433rAGTDfiaaFED4iaX8CS6OIzViaEWFdYHqxw1jAtyo5296wzicjyFWsricb7jd6uRbdNdTZOFcIqveC0ISpbClg/0?wx_fmt=gif
INFO: [ app_init ] --START--
INFO: Run Behavior\BuildLiteBehavior [ RunTime:0.000066s ]
INFO: [ app_init ] --END-- [ RunTime:0.000703s ]
ERR: 无法加载模块:Application

[ 2015-11-25T16:37:28+08:00 ] 36.32.0.248 /Application/Home/View/Public/bianjiqi/https://mmbiz.qlogo.cn/mmbiz/z9433rAGTDfiaaFED4iaX8CS6OIzViaEWFdYHqxw1jAtyo5296wzicjyFWsricb7jd6uRbdNdTZOFcIqveC0ISpbClg/0?wx_fmt=gif
INFO: [ app_init ] --START--
INFO: Run Behavior\BuildLiteBehavior [ RunTime:0.000023s ]
INFO: [ app_init ] --END-- [ RunTime:0.000502s ]
ERR: 无法加载模块:Application

[ 2015-11-25T16:37:28+08:00 ] 36.32.0.248 /Application/Home/View/Public/bianjiqi/https://mmbiz.qlogo.cn/mmbiz/SlzGSgJicOCyyFCCia7KrgN9uruqH8dB461o9ZgmIVbOdRSicIpLRPBuciaGl0YKedcIfpXGI9TEia3a14TFWdLNrgQ/0?wx_fmt=gif&tp=webp&wxfrom=5&wx_lazy=1
INFO: [ app_init ] --START--
INFO: Run Behavior\BuildLiteBehavior [ RunTime:0.000019s ]
INFO: [ app_init ] --END-- [ RunTime:0.000466s ]
ERR: 无法加载模块:Application

[ 2015-11-25T16:38:49+08:00 ] 60.173.216.125 /Application/Home/View/Public/bianjiqi/https://mmbiz.qlogo.cn/mmbiz/SlzGSgJicOCyyFCCia7KrgN9uruqH8dB461o9ZgmIVbOdRSicIpLRPBuciaGl0YKedcIfpXGI9TEia3a14TFWdLNrgQ/0?wx_fmt=gif&tp=webp&wxfrom=5&wx_lazy=1
INFO: [ app_init ] --START--
INFO: Run Behavior\BuildLiteBehavior [ RunTime:0.000025s ]
INFO: [ app_init ] --END-- [ RunTime:0.000493s ]
ERR: 无法加载模块:Application

[ 2015-11-25T16:38:49+08:00 ] 60.173.216.125 /Application/Home/View/Public/bianjiqi/https://mmbiz.qlogo.cn/mmbiz/z9433rAGTDfiaaFED4iaX8CS6OIzViaEWFdYHqxw1jAtyo5296wzicjyFWsricb7jd6uRbdNdTZOFcIqveC0ISpbClg/0?wx_fmt=gif
INFO: [ app_init ] --START--
INFO: Run Behavior\BuildLiteBehavior [ RunTime:0.000020s ]
INFO: [ app_init ] --END-- [ RunTime:0.000461s ]
ERR: 无法加载模块:Application

