[ 2015-10-29T08:36:01+08:00 ] 36.32.0.248 /Application/Home/View/Public/bianjiqi/https://mmbiz.qlogo.cn/mmbiz/SlzGSgJicOCyyFCCia7KrgN9uruqH8dB461o9ZgmIVbOdRSicIpLRPBuciaGl0YKedcIfpXGI9TEia3a14TFWdLNrgQ/0?wx_fmt=gif&tp=webp&wxfrom=5&wx_lazy=1
INFO: [ app_init ] --START--
INFO: Run Behavior\BuildLiteBehavior [ RunTime:0.000020s ]
INFO: [ app_init ] --END-- [ RunTime:0.000476s ]
ERR: 无法加载模块:Application

[ 2015-10-29T08:36:01+08:00 ] 36.32.0.248 /Application/Home/View/Public/bianjiqi/https://mmbiz.qlogo.cn/mmbiz/z9433rAGTDfiaaFED4iaX8CS6OIzViaEWFdYHqxw1jAtyo5296wzicjyFWsricb7jd6uRbdNdTZOFcIqveC0ISpbClg/0?wx_fmt=gif
INFO: [ app_init ] --START--
INFO: Run Behavior\BuildLiteBehavior [ RunTime:0.000026s ]
INFO: [ app_init ] --END-- [ RunTime:0.000600s ]
ERR: 无法加载模块:Application

[ 2015-10-29T10:56:18+08:00 ] 36.32.0.248 /Application/Home/View/Public/bianjiqi/https://mmbiz.qlogo.cn/mmbiz/z9433rAGTDfiaaFED4iaX8CS6OIzViaEWFdYHqxw1jAtyo5296wzicjyFWsricb7jd6uRbdNdTZOFcIqveC0ISpbClg/0?wx_fmt=gif
INFO: [ app_init ] --START--
INFO: Run Behavior\BuildLiteBehavior [ RunTime:0.000025s ]
INFO: [ app_init ] --END-- [ RunTime:0.000492s ]
ERR: 无法加载模块:Application

[ 2015-10-29T10:56:18+08:00 ] 36.32.0.248 /Application/Home/View/Public/bianjiqi/https://mmbiz.qlogo.cn/mmbiz/SlzGSgJicOCyyFCCia7KrgN9uruqH8dB461o9ZgmIVbOdRSicIpLRPBuciaGl0YKedcIfpXGI9TEia3a14TFWdLNrgQ/0?wx_fmt=gif&tp=webp&wxfrom=5&wx_lazy=1
INFO: [ app_init ] --START--
INFO: Run Behavior\BuildLiteBehavior [ RunTime:0.000025s ]
INFO: [ app_init ] --END-- [ RunTime:0.000499s ]
ERR: 无法加载模块:Application

[ 2015-10-29T10:59:33+08:00 ] 36.32.0.248 /Application/Home/View/Public/bianjiqi/https://mmbiz.qlogo.cn/mmbiz/z9433rAGTDfiaaFED4iaX8CS6OIzViaEWFdYHqxw1jAtyo5296wzicjyFWsricb7jd6uRbdNdTZOFcIqveC0ISpbClg/0?wx_fmt=gif
INFO: [ app_init ] --START--
INFO: Run Behavior\BuildLiteBehavior [ RunTime:0.000027s ]
INFO: [ app_init ] --END-- [ RunTime:0.000510s ]
ERR: 无法加载模块:Application

[ 2015-10-29T10:59:33+08:00 ] 36.32.0.248 /Application/Home/View/Public/bianjiqi/https://mmbiz.qlogo.cn/mmbiz/SlzGSgJicOCyyFCCia7KrgN9uruqH8dB461o9ZgmIVbOdRSicIpLRPBuciaGl0YKedcIfpXGI9TEia3a14TFWdLNrgQ/0?wx_fmt=gif&tp=webp&wxfrom=5&wx_lazy=1
INFO: [ app_init ] --START--
INFO: Run Behavior\BuildLiteBehavior [ RunTime:0.000028s ]
INFO: [ app_init ] --END-- [ RunTime:0.000526s ]
ERR: 无法加载模块:Application

[ 2015-10-29T10:59:46+08:00 ] 36.32.0.248 /Application/Home/View/Public/bianjiqi/https://mmbiz.qlogo.cn/mmbiz/z9433rAGTDfiaaFED4iaX8CS6OIzViaEWFdYHqxw1jAtyo5296wzicjyFWsricb7jd6uRbdNdTZOFcIqveC0ISpbClg/0?wx_fmt=gif
INFO: [ app_init ] --START--
INFO: Run Behavior\BuildLiteBehavior [ RunTime:0.000031s ]
INFO: [ app_init ] --END-- [ RunTime:0.000576s ]
ERR: 无法加载模块:Application

[ 2015-10-29T10:59:46+08:00 ] 36.32.0.248 /Application/Home/View/Public/bianjiqi/https://mmbiz.qlogo.cn/mmbiz/SlzGSgJicOCyyFCCia7KrgN9uruqH8dB461o9ZgmIVbOdRSicIpLRPBuciaGl0YKedcIfpXGI9TEia3a14TFWdLNrgQ/0?wx_fmt=gif&tp=webp&wxfrom=5&wx_lazy=1
INFO: [ app_init ] --START--
INFO: Run Behavior\BuildLiteBehavior [ RunTime:0.000056s ]
INFO: [ app_init ] --END-- [ RunTime:0.000536s ]
ERR: 无法加载模块:Application

[ 2015-10-29T11:17:33+08:00 ] 36.32.0.248 /Application/Home/View/Public/bianjiqi/https://mmbiz.qlogo.cn/mmbiz/SlzGSgJicOCyyFCCia7KrgN9uruqH8dB461o9ZgmIVbOdRSicIpLRPBuciaGl0YKedcIfpXGI9TEia3a14TFWdLNrgQ/0?wx_fmt=gif&tp=webp&wxfrom=5&wx_lazy=1
INFO: [ app_init ] --START--
INFO: Run Behavior\BuildLiteBehavior [ RunTime:0.000028s ]
INFO: [ app_init ] --END-- [ RunTime:0.000536s ]
ERR: 无法加载模块:Application

[ 2015-10-29T11:17:33+08:00 ] 36.32.0.248 /Application/Home/View/Public/bianjiqi/https://mmbiz.qlogo.cn/mmbiz/z9433rAGTDfiaaFED4iaX8CS6OIzViaEWFdYHqxw1jAtyo5296wzicjyFWsricb7jd6uRbdNdTZOFcIqveC0ISpbClg/0?wx_fmt=gif
INFO: [ app_init ] --START--
INFO: Run Behavior\BuildLiteBehavior [ RunTime:0.000022s ]
INFO: [ app_init ] --END-- [ RunTime:0.000495s ]
ERR: 无法加载模块:Application

[ 2015-10-29T11:18:04+08:00 ] 36.32.0.248 /Application/Home/View/Public/bianjiqi/https://mmbiz.qlogo.cn/mmbiz/z9433rAGTDfiaaFED4iaX8CS6OIzViaEWFdYHqxw1jAtyo5296wzicjyFWsricb7jd6uRbdNdTZOFcIqveC0ISpbClg/0?wx_fmt=gif
INFO: [ app_init ] --START--
INFO: Run Behavior\BuildLiteBehavior [ RunTime:0.000030s ]
INFO: [ app_init ] --END-- [ RunTime:0.000772s ]
ERR: 无法加载模块:Application

[ 2015-10-29T11:18:04+08:00 ] 36.32.0.248 /Application/Home/View/Public/bianjiqi/https://mmbiz.qlogo.cn/mmbiz/SlzGSgJicOCyyFCCia7KrgN9uruqH8dB461o9ZgmIVbOdRSicIpLRPBuciaGl0YKedcIfpXGI9TEia3a14TFWdLNrgQ/0?wx_fmt=gif&tp=webp&wxfrom=5&wx_lazy=1
INFO: [ app_init ] --START--
INFO: Run Behavior\BuildLiteBehavior [ RunTime:0.000024s ]
INFO: [ app_init ] --END-- [ RunTime:0.000540s ]
ERR: 无法加载模块:Application

[ 2015-10-29T14:56:02+08:00 ] 36.32.0.248 /Application/Home/View/Public/bianjiqi/https://mmbiz.qlogo.cn/mmbiz/z9433rAGTDfiaaFED4iaX8CS6OIzViaEWFdYHqxw1jAtyo5296wzicjyFWsricb7jd6uRbdNdTZOFcIqveC0ISpbClg/0?wx_fmt=gif
INFO: [ app_init ] --START--
INFO: Run Behavior\BuildLiteBehavior [ RunTime:0.000024s ]
INFO: [ app_init ] --END-- [ RunTime:0.000488s ]
ERR: 无法加载模块:Application

[ 2015-10-29T14:56:02+08:00 ] 36.32.0.248 /Application/Home/View/Public/bianjiqi/https://mmbiz.qlogo.cn/mmbiz/SlzGSgJicOCyyFCCia7KrgN9uruqH8dB461o9ZgmIVbOdRSicIpLRPBuciaGl0YKedcIfpXGI9TEia3a14TFWdLNrgQ/0?wx_fmt=gif&tp=webp&wxfrom=5&wx_lazy=1
INFO: [ app_init ] --START--
INFO: Run Behavior\BuildLiteBehavior [ RunTime:0.000023s ]
INFO: [ app_init ] --END-- [ RunTime:0.000529s ]
ERR: 无法加载模块:Application

[ 2015-10-29T14:57:34+08:00 ] 36.32.0.248 /Application/Home/View/Public/bianjiqi/https://mmbiz.qlogo.cn/mmbiz/z9433rAGTDfiaaFED4iaX8CS6OIzViaEWFdYHqxw1jAtyo5296wzicjyFWsricb7jd6uRbdNdTZOFcIqveC0ISpbClg/0?wx_fmt=gif
INFO: [ app_init ] --START--
INFO: Run Behavior\BuildLiteBehavior [ RunTime:0.000026s ]
INFO: [ app_init ] --END-- [ RunTime:0.000619s ]
ERR: 无法加载模块:Application

[ 2015-10-29T14:57:34+08:00 ] 36.32.0.248 /Application/Home/View/Public/bianjiqi/https://mmbiz.qlogo.cn/mmbiz/SlzGSgJicOCyyFCCia7KrgN9uruqH8dB461o9ZgmIVbOdRSicIpLRPBuciaGl0YKedcIfpXGI9TEia3a14TFWdLNrgQ/0?wx_fmt=gif&tp=webp&wxfrom=5&wx_lazy=1
INFO: [ app_init ] --START--
INFO: Run Behavior\BuildLiteBehavior [ RunTime:0.000021s ]
INFO: [ app_init ] --END-- [ RunTime:0.000481s ]
ERR: 无法加载模块:Application

[ 2015-10-29T14:57:46+08:00 ] 36.32.0.248 /Application/Home/View/Public/bianjiqi/https://mmbiz.qlogo.cn/mmbiz/z9433rAGTDfiaaFED4iaX8CS6OIzViaEWFdYHqxw1jAtyo5296wzicjyFWsricb7jd6uRbdNdTZOFcIqveC0ISpbClg/0?wx_fmt=gif
INFO: [ app_init ] --START--
INFO: Run Behavior\BuildLiteBehavior [ RunTime:0.000035s ]
INFO: [ app_init ] --END-- [ RunTime:0.000683s ]
ERR: 无法加载模块:Application

[ 2015-10-29T14:57:46+08:00 ] 36.32.0.248 /Application/Home/View/Public/bianjiqi/https://mmbiz.qlogo.cn/mmbiz/SlzGSgJicOCyyFCCia7KrgN9uruqH8dB461o9ZgmIVbOdRSicIpLRPBuciaGl0YKedcIfpXGI9TEia3a14TFWdLNrgQ/0?wx_fmt=gif&tp=webp&wxfrom=5&wx_lazy=1
INFO: [ app_init ] --START--
INFO: Run Behavior\BuildLiteBehavior [ RunTime:0.000023s ]
INFO: [ app_init ] --END-- [ RunTime:0.000475s ]
ERR: 无法加载模块:Application

[ 2015-10-29T15:12:15+08:00 ] 36.32.0.248 /Application/Home/View/Public/bianjiqi/https://mmbiz.qlogo.cn/mmbiz/z9433rAGTDfiaaFED4iaX8CS6OIzViaEWFdYHqxw1jAtyo5296wzicjyFWsricb7jd6uRbdNdTZOFcIqveC0ISpbClg/0?wx_fmt=gif
INFO: [ app_init ] --START--
INFO: Run Behavior\BuildLiteBehavior [ RunTime:0.000022s ]
INFO: [ app_init ] --END-- [ RunTime:0.000630s ]
ERR: 无法加载模块:Application

[ 2015-10-29T15:12:15+08:00 ] 36.32.0.248 /Application/Home/View/Public/bianjiqi/https://mmbiz.qlogo.cn/mmbiz/SlzGSgJicOCyyFCCia7KrgN9uruqH8dB461o9ZgmIVbOdRSicIpLRPBuciaGl0YKedcIfpXGI9TEia3a14TFWdLNrgQ/0?wx_fmt=gif&tp=webp&wxfrom=5&wx_lazy=1
INFO: [ app_init ] --START--
INFO: Run Behavior\BuildLiteBehavior [ RunTime:0.000030s ]
INFO: [ app_init ] --END-- [ RunTime:0.000582s ]
ERR: 无法加载模块:Application

[ 2015-10-29T15:12:23+08:00 ] 36.32.0.248 /Application/Home/View/Public/bianjiqi/https://mmbiz.qlogo.cn/mmbiz/z9433rAGTDfiaaFED4iaX8CS6OIzViaEWFdYHqxw1jAtyo5296wzicjyFWsricb7jd6uRbdNdTZOFcIqveC0ISpbClg/0?wx_fmt=gif
INFO: [ app_init ] --START--
INFO: Run Behavior\BuildLiteBehavior [ RunTime:0.000023s ]
INFO: [ app_init ] --END-- [ RunTime:0.000506s ]
ERR: 无法加载模块:Application

[ 2015-10-29T15:12:23+08:00 ] 36.32.0.248 /Application/Home/View/Public/bianjiqi/https://mmbiz.qlogo.cn/mmbiz/SlzGSgJicOCyyFCCia7KrgN9uruqH8dB461o9ZgmIVbOdRSicIpLRPBuciaGl0YKedcIfpXGI9TEia3a14TFWdLNrgQ/0?wx_fmt=gif&tp=webp&wxfrom=5&wx_lazy=1
INFO: [ app_init ] --START--
INFO: Run Behavior\BuildLiteBehavior [ RunTime:0.000021s ]
INFO: [ app_init ] --END-- [ RunTime:0.000697s ]
ERR: 无法加载模块:Application

[ 2015-10-29T15:18:37+08:00 ] 36.32.0.248 /Application/Home/View/Public/bianjiqi/https://mmbiz.qlogo.cn/mmbiz/z9433rAGTDfiaaFED4iaX8CS6OIzViaEWFdYHqxw1jAtyo5296wzicjyFWsricb7jd6uRbdNdTZOFcIqveC0ISpbClg/0?wx_fmt=gif
INFO: [ app_init ] --START--
INFO: Run Behavior\BuildLiteBehavior [ RunTime:0.000026s ]
INFO: [ app_init ] --END-- [ RunTime:0.000549s ]
ERR: 无法加载模块:Application

[ 2015-10-29T15:18:37+08:00 ] 36.32.0.248 /Application/Home/View/Public/bianjiqi/https://mmbiz.qlogo.cn/mmbiz/SlzGSgJicOCyyFCCia7KrgN9uruqH8dB461o9ZgmIVbOdRSicIpLRPBuciaGl0YKedcIfpXGI9TEia3a14TFWdLNrgQ/0?wx_fmt=gif&tp=webp&wxfrom=5&wx_lazy=1
INFO: [ app_init ] --START--
INFO: Run Behavior\BuildLiteBehavior [ RunTime:0.000025s ]
INFO: [ app_init ] --END-- [ RunTime:0.000604s ]
ERR: 无法加载模块:Application

[ 2015-10-29T15:26:25+08:00 ] 36.32.0.248 /Application/Home/View/Public/bianjiqi/https://mmbiz.qlogo.cn/mmbiz/z9433rAGTDfiaaFED4iaX8CS6OIzViaEWFdYHqxw1jAtyo5296wzicjyFWsricb7jd6uRbdNdTZOFcIqveC0ISpbClg/0?wx_fmt=gif
INFO: [ app_init ] --START--
INFO: Run Behavior\BuildLiteBehavior [ RunTime:0.000026s ]
INFO: [ app_init ] --END-- [ RunTime:0.000496s ]
ERR: 无法加载模块:Application

[ 2015-10-29T15:26:25+08:00 ] 36.32.0.248 /Application/Home/View/Public/bianjiqi/https://mmbiz.qlogo.cn/mmbiz/SlzGSgJicOCyyFCCia7KrgN9uruqH8dB461o9ZgmIVbOdRSicIpLRPBuciaGl0YKedcIfpXGI9TEia3a14TFWdLNrgQ/0?wx_fmt=gif&tp=webp&wxfrom=5&wx_lazy=1
INFO: [ app_init ] --START--
INFO: Run Behavior\BuildLiteBehavior [ RunTime:0.000047s ]
INFO: [ app_init ] --END-- [ RunTime:0.000667s ]
ERR: 无法加载模块:Application

[ 2015-10-29T15:27:26+08:00 ] 36.32.0.248 /Application/Home/View/Public/bianjiqi/https://mmbiz.qlogo.cn/mmbiz/z9433rAGTDfiaaFED4iaX8CS6OIzViaEWFdYHqxw1jAtyo5296wzicjyFWsricb7jd6uRbdNdTZOFcIqveC0ISpbClg/0?wx_fmt=gif
INFO: [ app_init ] --START--
INFO: Run Behavior\BuildLiteBehavior [ RunTime:0.000024s ]
INFO: [ app_init ] --END-- [ RunTime:0.000518s ]
ERR: 无法加载模块:Application

[ 2015-10-29T15:27:26+08:00 ] 36.32.0.248 /Application/Home/View/Public/bianjiqi/https://mmbiz.qlogo.cn/mmbiz/SlzGSgJicOCyyFCCia7KrgN9uruqH8dB461o9ZgmIVbOdRSicIpLRPBuciaGl0YKedcIfpXGI9TEia3a14TFWdLNrgQ/0?wx_fmt=gif&tp=webp&wxfrom=5&wx_lazy=1
INFO: [ app_init ] --START--
INFO: Run Behavior\BuildLiteBehavior [ RunTime:0.000025s ]
INFO: [ app_init ] --END-- [ RunTime:0.000528s ]
ERR: 无法加载模块:Application

[ 2015-10-29T15:27:38+08:00 ] 36.32.0.248 /Application/Home/View/Public/bianjiqi/https://mmbiz.qlogo.cn/mmbiz/z9433rAGTDfiaaFED4iaX8CS6OIzViaEWFdYHqxw1jAtyo5296wzicjyFWsricb7jd6uRbdNdTZOFcIqveC0ISpbClg/0?wx_fmt=gif
INFO: [ app_init ] --START--
INFO: Run Behavior\BuildLiteBehavior [ RunTime:0.000028s ]
INFO: [ app_init ] --END-- [ RunTime:0.000521s ]
ERR: 无法加载模块:Application

[ 2015-10-29T15:27:38+08:00 ] 36.32.0.248 /Application/Home/View/Public/bianjiqi/https://mmbiz.qlogo.cn/mmbiz/SlzGSgJicOCyyFCCia7KrgN9uruqH8dB461o9ZgmIVbOdRSicIpLRPBuciaGl0YKedcIfpXGI9TEia3a14TFWdLNrgQ/0?wx_fmt=gif&tp=webp&wxfrom=5&wx_lazy=1
INFO: [ app_init ] --START--
INFO: Run Behavior\BuildLiteBehavior [ RunTime:0.000028s ]
INFO: [ app_init ] --END-- [ RunTime:0.000552s ]
ERR: 无法加载模块:Application

[ 2015-10-29T15:33:38+08:00 ] 36.32.0.248 /Application/Home/View/Public/bianjiqi/https://mmbiz.qlogo.cn/mmbiz/z9433rAGTDfiaaFED4iaX8CS6OIzViaEWFdYHqxw1jAtyo5296wzicjyFWsricb7jd6uRbdNdTZOFcIqveC0ISpbClg/0?wx_fmt=gif
INFO: [ app_init ] --START--
INFO: Run Behavior\BuildLiteBehavior [ RunTime:0.000029s ]
INFO: [ app_init ] --END-- [ RunTime:0.000546s ]
ERR: 无法加载模块:Application

[ 2015-10-29T15:33:38+08:00 ] 36.32.0.248 /Application/Home/View/Public/bianjiqi/https://mmbiz.qlogo.cn/mmbiz/SlzGSgJicOCyyFCCia7KrgN9uruqH8dB461o9ZgmIVbOdRSicIpLRPBuciaGl0YKedcIfpXGI9TEia3a14TFWdLNrgQ/0?wx_fmt=gif&tp=webp&wxfrom=5&wx_lazy=1
INFO: [ app_init ] --START--
INFO: Run Behavior\BuildLiteBehavior [ RunTime:0.000022s ]
INFO: [ app_init ] --END-- [ RunTime:0.000484s ]
ERR: 无法加载模块:Application

[ 2015-10-29T15:34:45+08:00 ] 36.32.0.248 /Application/Home/View/Public/bianjiqi/https://mmbiz.qlogo.cn/mmbiz/z9433rAGTDfiaaFED4iaX8CS6OIzViaEWFdYHqxw1jAtyo5296wzicjyFWsricb7jd6uRbdNdTZOFcIqveC0ISpbClg/0?wx_fmt=gif
INFO: [ app_init ] --START--
INFO: Run Behavior\BuildLiteBehavior [ RunTime:0.000023s ]
INFO: [ app_init ] --END-- [ RunTime:0.000530s ]
ERR: 无法加载模块:Application

[ 2015-10-29T15:34:46+08:00 ] 36.32.0.248 /Application/Home/View/Public/bianjiqi/https://mmbiz.qlogo.cn/mmbiz/SlzGSgJicOCyyFCCia7KrgN9uruqH8dB461o9ZgmIVbOdRSicIpLRPBuciaGl0YKedcIfpXGI9TEia3a14TFWdLNrgQ/0?wx_fmt=gif&tp=webp&wxfrom=5&wx_lazy=1
INFO: [ app_init ] --START--
INFO: Run Behavior\BuildLiteBehavior [ RunTime:0.000023s ]
INFO: [ app_init ] --END-- [ RunTime:0.000497s ]
ERR: 无法加载模块:Application

[ 2015-10-29T15:35:55+08:00 ] 36.32.0.248 /Application/Home/View/Public/bianjiqi/https://mmbiz.qlogo.cn/mmbiz/z9433rAGTDfiaaFED4iaX8CS6OIzViaEWFdYHqxw1jAtyo5296wzicjyFWsricb7jd6uRbdNdTZOFcIqveC0ISpbClg/0?wx_fmt=gif
INFO: [ app_init ] --START--
INFO: Run Behavior\BuildLiteBehavior [ RunTime:0.000022s ]
INFO: [ app_init ] --END-- [ RunTime:0.000503s ]
ERR: 无法加载模块:Application

[ 2015-10-29T15:35:56+08:00 ] 36.32.0.248 /Application/Home/View/Public/bianjiqi/https://mmbiz.qlogo.cn/mmbiz/SlzGSgJicOCyyFCCia7KrgN9uruqH8dB461o9ZgmIVbOdRSicIpLRPBuciaGl0YKedcIfpXGI9TEia3a14TFWdLNrgQ/0?wx_fmt=gif&tp=webp&wxfrom=5&wx_lazy=1
INFO: [ app_init ] --START--
INFO: Run Behavior\BuildLiteBehavior [ RunTime:0.000026s ]
INFO: [ app_init ] --END-- [ RunTime:0.000523s ]
ERR: 无法加载模块:Application

[ 2015-10-29T15:36:30+08:00 ] 36.32.0.248 /Application/Home/View/Public/bianjiqi/https://mmbiz.qlogo.cn/mmbiz/z9433rAGTDfiaaFED4iaX8CS6OIzViaEWFdYHqxw1jAtyo5296wzicjyFWsricb7jd6uRbdNdTZOFcIqveC0ISpbClg/0?wx_fmt=gif
INFO: [ app_init ] --START--
INFO: Run Behavior\BuildLiteBehavior [ RunTime:0.000020s ]
INFO: [ app_init ] --END-- [ RunTime:0.000460s ]
ERR: 无法加载模块:Application

[ 2015-10-29T15:36:30+08:00 ] 36.32.0.248 /Application/Home/View/Public/bianjiqi/https://mmbiz.qlogo.cn/mmbiz/SlzGSgJicOCyyFCCia7KrgN9uruqH8dB461o9ZgmIVbOdRSicIpLRPBuciaGl0YKedcIfpXGI9TEia3a14TFWdLNrgQ/0?wx_fmt=gif&tp=webp&wxfrom=5&wx_lazy=1
INFO: [ app_init ] --START--
INFO: Run Behavior\BuildLiteBehavior [ RunTime:0.000022s ]
INFO: [ app_init ] --END-- [ RunTime:0.000478s ]
ERR: 无法加载模块:Application

[ 2015-10-29T15:36:38+08:00 ] 36.32.0.248 /Application/Home/View/Public/bianjiqi/https://mmbiz.qlogo.cn/mmbiz/z9433rAGTDfiaaFED4iaX8CS6OIzViaEWFdYHqxw1jAtyo5296wzicjyFWsricb7jd6uRbdNdTZOFcIqveC0ISpbClg/0?wx_fmt=gif
INFO: [ app_init ] --START--
INFO: Run Behavior\BuildLiteBehavior [ RunTime:0.000049s ]
INFO: [ app_init ] --END-- [ RunTime:0.000535s ]
ERR: 无法加载模块:Application

[ 2015-10-29T15:36:38+08:00 ] 36.32.0.248 /Application/Home/View/Public/bianjiqi/https://mmbiz.qlogo.cn/mmbiz/SlzGSgJicOCyyFCCia7KrgN9uruqH8dB461o9ZgmIVbOdRSicIpLRPBuciaGl0YKedcIfpXGI9TEia3a14TFWdLNrgQ/0?wx_fmt=gif&tp=webp&wxfrom=5&wx_lazy=1
INFO: [ app_init ] --START--
INFO: Run Behavior\BuildLiteBehavior [ RunTime:0.000020s ]
INFO: [ app_init ] --END-- [ RunTime:0.000470s ]
ERR: 无法加载模块:Application

[ 2015-10-29T15:38:34+08:00 ] 36.32.0.248 /Application/Home/View/Public/bianjiqi/https://mmbiz.qlogo.cn/mmbiz/z9433rAGTDfiaaFED4iaX8CS6OIzViaEWFdYHqxw1jAtyo5296wzicjyFWsricb7jd6uRbdNdTZOFcIqveC0ISpbClg/0?wx_fmt=gif
INFO: [ app_init ] --START--
INFO: Run Behavior\BuildLiteBehavior [ RunTime:0.000029s ]
INFO: [ app_init ] --END-- [ RunTime:0.000486s ]
ERR: 无法加载模块:Application

[ 2015-10-29T15:38:34+08:00 ] 36.32.0.248 /Application/Home/View/Public/bianjiqi/https://mmbiz.qlogo.cn/mmbiz/SlzGSgJicOCyyFCCia7KrgN9uruqH8dB461o9ZgmIVbOdRSicIpLRPBuciaGl0YKedcIfpXGI9TEia3a14TFWdLNrgQ/0?wx_fmt=gif&tp=webp&wxfrom=5&wx_lazy=1
INFO: [ app_init ] --START--
INFO: Run Behavior\BuildLiteBehavior [ RunTime:0.000020s ]
INFO: [ app_init ] --END-- [ RunTime:0.000491s ]
ERR: 无法加载模块:Application

[ 2015-10-29T15:38:34+08:00 ] 36.32.0.248 /Application/Home/View/Public/bianjiqi/https://mmbiz.qlogo.cn/mmbiz/z9433rAGTDfiaaFED4iaX8CS6OIzViaEWFdYHqxw1jAtyo5296wzicjyFWsricb7jd6uRbdNdTZOFcIqveC0ISpbClg/0?wx_fmt=gif
INFO: [ app_init ] --START--
INFO: Run Behavior\BuildLiteBehavior [ RunTime:0.000026s ]
INFO: [ app_init ] --END-- [ RunTime:0.000587s ]
ERR: 无法加载模块:Application

[ 2015-10-29T15:38:34+08:00 ] 36.32.0.248 /Application/Home/View/Public/bianjiqi/https://mmbiz.qlogo.cn/mmbiz/SlzGSgJicOCyyFCCia7KrgN9uruqH8dB461o9ZgmIVbOdRSicIpLRPBuciaGl0YKedcIfpXGI9TEia3a14TFWdLNrgQ/0?wx_fmt=gif&tp=webp&wxfrom=5&wx_lazy=1
INFO: [ app_init ] --START--
INFO: Run Behavior\BuildLiteBehavior [ RunTime:0.000021s ]
INFO: [ app_init ] --END-- [ RunTime:0.000466s ]
ERR: 无法加载模块:Application

[ 2015-10-29T15:38:59+08:00 ] 36.32.0.248 /Application/Home/View/Public/bianjiqi/https://mmbiz.qlogo.cn/mmbiz/z9433rAGTDfiaaFED4iaX8CS6OIzViaEWFdYHqxw1jAtyo5296wzicjyFWsricb7jd6uRbdNdTZOFcIqveC0ISpbClg/0?wx_fmt=gif
INFO: [ app_init ] --START--
INFO: Run Behavior\BuildLiteBehavior [ RunTime:0.000022s ]
INFO: [ app_init ] --END-- [ RunTime:0.000543s ]
ERR: 无法加载模块:Application

[ 2015-10-29T15:38:59+08:00 ] 36.32.0.248 /Application/Home/View/Public/bianjiqi/https://mmbiz.qlogo.cn/mmbiz/SlzGSgJicOCyyFCCia7KrgN9uruqH8dB461o9ZgmIVbOdRSicIpLRPBuciaGl0YKedcIfpXGI9TEia3a14TFWdLNrgQ/0?wx_fmt=gif&tp=webp&wxfrom=5&wx_lazy=1
INFO: [ app_init ] --START--
INFO: Run Behavior\BuildLiteBehavior [ RunTime:0.000029s ]
INFO: [ app_init ] --END-- [ RunTime:0.000576s ]
ERR: 无法加载模块:Application

[ 2015-10-29T15:41:49+08:00 ] 36.32.0.248 /Application/Home/View/Public/bianjiqi/https://mmbiz.qlogo.cn/mmbiz/SlzGSgJicOCyyFCCia7KrgN9uruqH8dB461o9ZgmIVbOdRSicIpLRPBuciaGl0YKedcIfpXGI9TEia3a14TFWdLNrgQ/0?wx_fmt=gif&tp=webp&wxfrom=5&wx_lazy=1
INFO: [ app_init ] --START--
INFO: Run Behavior\BuildLiteBehavior [ RunTime:0.000025s ]
INFO: [ app_init ] --END-- [ RunTime:0.000507s ]
ERR: 无法加载模块:Application

[ 2015-10-29T15:41:49+08:00 ] 36.32.0.248 /Application/Home/View/Public/bianjiqi/https://mmbiz.qlogo.cn/mmbiz/z9433rAGTDfiaaFED4iaX8CS6OIzViaEWFdYHqxw1jAtyo5296wzicjyFWsricb7jd6uRbdNdTZOFcIqveC0ISpbClg/0?wx_fmt=gif
INFO: [ app_init ] --START--
INFO: Run Behavior\BuildLiteBehavior [ RunTime:0.000028s ]
INFO: [ app_init ] --END-- [ RunTime:0.000544s ]
ERR: 无法加载模块:Application

[ 2015-10-29T15:42:46+08:00 ] 36.32.0.248 /Application/Home/View/Public/bianjiqi/https://mmbiz.qlogo.cn/mmbiz/z9433rAGTDfiaaFED4iaX8CS6OIzViaEWFdYHqxw1jAtyo5296wzicjyFWsricb7jd6uRbdNdTZOFcIqveC0ISpbClg/0?wx_fmt=gif
INFO: [ app_init ] --START--
INFO: Run Behavior\BuildLiteBehavior [ RunTime:0.000025s ]
INFO: [ app_init ] --END-- [ RunTime:0.000521s ]
ERR: 无法加载模块:Application

[ 2015-10-29T15:42:46+08:00 ] 36.32.0.248 /Application/Home/View/Public/bianjiqi/https://mmbiz.qlogo.cn/mmbiz/SlzGSgJicOCyyFCCia7KrgN9uruqH8dB461o9ZgmIVbOdRSicIpLRPBuciaGl0YKedcIfpXGI9TEia3a14TFWdLNrgQ/0?wx_fmt=gif&tp=webp&wxfrom=5&wx_lazy=1
INFO: [ app_init ] --START--
INFO: Run Behavior\BuildLiteBehavior [ RunTime:0.000021s ]
INFO: [ app_init ] --END-- [ RunTime:0.000523s ]
ERR: 无法加载模块:Application

[ 2015-10-29T15:43:47+08:00 ] 36.32.0.248 /Application/Home/View/Public/bianjiqi/https://mmbiz.qlogo.cn/mmbiz/z9433rAGTDfiaaFED4iaX8CS6OIzViaEWFdYHqxw1jAtyo5296wzicjyFWsricb7jd6uRbdNdTZOFcIqveC0ISpbClg/0?wx_fmt=gif
INFO: [ app_init ] --START--
INFO: Run Behavior\BuildLiteBehavior [ RunTime:0.000025s ]
INFO: [ app_init ] --END-- [ RunTime:0.000550s ]
ERR: 无法加载模块:Application

[ 2015-10-29T15:43:47+08:00 ] 36.32.0.248 /Application/Home/View/Public/bianjiqi/https://mmbiz.qlogo.cn/mmbiz/SlzGSgJicOCyyFCCia7KrgN9uruqH8dB461o9ZgmIVbOdRSicIpLRPBuciaGl0YKedcIfpXGI9TEia3a14TFWdLNrgQ/0?wx_fmt=gif&tp=webp&wxfrom=5&wx_lazy=1
INFO: [ app_init ] --START--
INFO: Run Behavior\BuildLiteBehavior [ RunTime:0.000023s ]
INFO: [ app_init ] --END-- [ RunTime:0.000503s ]
ERR: 无法加载模块:Application

[ 2015-10-29T15:44:01+08:00 ] 36.32.0.248 /Application/Home/View/Public/bianjiqi/https://mmbiz.qlogo.cn/mmbiz/z9433rAGTDfiaaFED4iaX8CS6OIzViaEWFdYHqxw1jAtyo5296wzicjyFWsricb7jd6uRbdNdTZOFcIqveC0ISpbClg/0?wx_fmt=gif
INFO: [ app_init ] --START--
INFO: Run Behavior\BuildLiteBehavior [ RunTime:0.000026s ]
INFO: [ app_init ] --END-- [ RunTime:0.000528s ]
ERR: 无法加载模块:Application

[ 2015-10-29T15:44:01+08:00 ] 36.32.0.248 /Application/Home/View/Public/bianjiqi/https://mmbiz.qlogo.cn/mmbiz/SlzGSgJicOCyyFCCia7KrgN9uruqH8dB461o9ZgmIVbOdRSicIpLRPBuciaGl0YKedcIfpXGI9TEia3a14TFWdLNrgQ/0?wx_fmt=gif&tp=webp&wxfrom=5&wx_lazy=1
INFO: [ app_init ] --START--
INFO: Run Behavior\BuildLiteBehavior [ RunTime:0.000021s ]
INFO: [ app_init ] --END-- [ RunTime:0.000502s ]
ERR: 无法加载模块:Application

[ 2015-10-29T15:44:38+08:00 ] 36.32.0.248 /Application/Home/View/Public/bianjiqi/https://mmbiz.qlogo.cn/mmbiz/z9433rAGTDfiaaFED4iaX8CS6OIzViaEWFdYHqxw1jAtyo5296wzicjyFWsricb7jd6uRbdNdTZOFcIqveC0ISpbClg/0?wx_fmt=gif
INFO: [ app_init ] --START--
INFO: Run Behavior\BuildLiteBehavior [ RunTime:0.000023s ]
INFO: [ app_init ] --END-- [ RunTime:0.000594s ]
ERR: 无法加载模块:Application

[ 2015-10-29T15:44:38+08:00 ] 36.32.0.248 /Application/Home/View/Public/bianjiqi/https://mmbiz.qlogo.cn/mmbiz/SlzGSgJicOCyyFCCia7KrgN9uruqH8dB461o9ZgmIVbOdRSicIpLRPBuciaGl0YKedcIfpXGI9TEia3a14TFWdLNrgQ/0?wx_fmt=gif&tp=webp&wxfrom=5&wx_lazy=1
INFO: [ app_init ] --START--
INFO: Run Behavior\BuildLiteBehavior [ RunTime:0.000027s ]
INFO: [ app_init ] --END-- [ RunTime:0.000586s ]
ERR: 无法加载模块:Application

[ 2015-10-29T15:44:52+08:00 ] 36.32.0.248 /Application/Home/View/Public/bianjiqi/https://mmbiz.qlogo.cn/mmbiz/z9433rAGTDfiaaFED4iaX8CS6OIzViaEWFdYHqxw1jAtyo5296wzicjyFWsricb7jd6uRbdNdTZOFcIqveC0ISpbClg/0?wx_fmt=gif
INFO: [ app_init ] --START--
INFO: Run Behavior\BuildLiteBehavior [ RunTime:0.000023s ]
INFO: [ app_init ] --END-- [ RunTime:0.000511s ]
ERR: 无法加载模块:Application

[ 2015-10-29T15:44:52+08:00 ] 36.32.0.248 /Application/Home/View/Public/bianjiqi/https://mmbiz.qlogo.cn/mmbiz/SlzGSgJicOCyyFCCia7KrgN9uruqH8dB461o9ZgmIVbOdRSicIpLRPBuciaGl0YKedcIfpXGI9TEia3a14TFWdLNrgQ/0?wx_fmt=gif&tp=webp&wxfrom=5&wx_lazy=1
INFO: [ app_init ] --START--
INFO: Run Behavior\BuildLiteBehavior [ RunTime:0.000106s ]
INFO: [ app_init ] --END-- [ RunTime:0.000598s ]
ERR: 无法加载模块:Application

[ 2015-10-29T15:44:57+08:00 ] 36.32.0.248 /Application/Home/View/Public/bianjiqi/https://mmbiz.qlogo.cn/mmbiz/z9433rAGTDfiaaFED4iaX8CS6OIzViaEWFdYHqxw1jAtyo5296wzicjyFWsricb7jd6uRbdNdTZOFcIqveC0ISpbClg/0?wx_fmt=gif
INFO: [ app_init ] --START--
INFO: Run Behavior\BuildLiteBehavior [ RunTime:0.000025s ]
INFO: [ app_init ] --END-- [ RunTime:0.000553s ]
ERR: 无法加载模块:Application

[ 2015-10-29T15:44:57+08:00 ] 36.32.0.248 /Application/Home/View/Public/bianjiqi/https://mmbiz.qlogo.cn/mmbiz/SlzGSgJicOCyyFCCia7KrgN9uruqH8dB461o9ZgmIVbOdRSicIpLRPBuciaGl0YKedcIfpXGI9TEia3a14TFWdLNrgQ/0?wx_fmt=gif&tp=webp&wxfrom=5&wx_lazy=1
INFO: [ app_init ] --START--
INFO: Run Behavior\BuildLiteBehavior [ RunTime:0.000021s ]
INFO: [ app_init ] --END-- [ RunTime:0.000460s ]
ERR: 无法加载模块:Application

[ 2015-10-29T15:45:24+08:00 ] 36.32.0.248 /Application/Home/View/Public/bianjiqi/style/js/ZeroClipboard.min.map
INFO: [ app_init ] --START--
INFO: Run Behavior\BuildLiteBehavior [ RunTime:0.000023s ]
INFO: [ app_init ] --END-- [ RunTime:0.000476s ]
ERR: 无法加载模块:Application

[ 2015-10-29T15:47:54+08:00 ] 36.32.0.248 /Application/Home/View/Public/bianjiqi/https://mmbiz.qlogo.cn/mmbiz/z9433rAGTDfiaaFED4iaX8CS6OIzViaEWFdYHqxw1jAtyo5296wzicjyFWsricb7jd6uRbdNdTZOFcIqveC0ISpbClg/0?wx_fmt=gif
INFO: [ app_init ] --START--
INFO: Run Behavior\BuildLiteBehavior [ RunTime:0.000027s ]
INFO: [ app_init ] --END-- [ RunTime:0.000550s ]
ERR: 无法加载模块:Application

[ 2015-10-29T15:47:54+08:00 ] 36.32.0.248 /Application/Home/View/Public/bianjiqi/https://mmbiz.qlogo.cn/mmbiz/SlzGSgJicOCyyFCCia7KrgN9uruqH8dB461o9ZgmIVbOdRSicIpLRPBuciaGl0YKedcIfpXGI9TEia3a14TFWdLNrgQ/0?wx_fmt=gif&tp=webp&wxfrom=5&wx_lazy=1
INFO: [ app_init ] --START--
INFO: Run Behavior\BuildLiteBehavior [ RunTime:0.000020s ]
INFO: [ app_init ] --END-- [ RunTime:0.000488s ]
ERR: 无法加载模块:Application

[ 2015-10-29T15:51:16+08:00 ] 36.32.0.248 /Application/Home/View/Public/bianjiqi/https://mmbiz.qlogo.cn/mmbiz/z9433rAGTDfiaaFED4iaX8CS6OIzViaEWFdYHqxw1jAtyo5296wzicjyFWsricb7jd6uRbdNdTZOFcIqveC0ISpbClg/0?wx_fmt=gif
INFO: [ app_init ] --START--
INFO: Run Behavior\BuildLiteBehavior [ RunTime:0.000030s ]
INFO: [ app_init ] --END-- [ RunTime:0.000539s ]
ERR: 无法加载模块:Application

[ 2015-10-29T15:51:16+08:00 ] 36.32.0.248 /Application/Home/View/Public/bianjiqi/https://mmbiz.qlogo.cn/mmbiz/SlzGSgJicOCyyFCCia7KrgN9uruqH8dB461o9ZgmIVbOdRSicIpLRPBuciaGl0YKedcIfpXGI9TEia3a14TFWdLNrgQ/0?wx_fmt=gif&tp=webp&wxfrom=5&wx_lazy=1
INFO: [ app_init ] --START--
INFO: Run Behavior\BuildLiteBehavior [ RunTime:0.000023s ]
INFO: [ app_init ] --END-- [ RunTime:0.000491s ]
ERR: 无法加载模块:Application

[ 2015-10-29T15:54:19+08:00 ] 121.40.76.72 /Application/Home/View/Public/bianjiqi/https://mmbiz.qlogo.cn/mmbiz/z9433rAGTDfiaaFED4iaX8CS6OIzViaEWFdYHqxw1jAtyo5296wzicjyFWsricb7jd6uRbdNdTZOFcIqveC0ISpbClg/0?wx_fmt=gif
INFO: [ app_init ] --START--
INFO: Run Behavior\BuildLiteBehavior [ RunTime:0.000025s ]
INFO: [ app_init ] --END-- [ RunTime:0.000503s ]
ERR: 无法加载模块:Application

[ 2015-10-29T15:54:19+08:00 ] 121.40.76.72 /Application/Home/View/Public/bianjiqi/https://mmbiz.qlogo.cn/mmbiz/SlzGSgJicOCyyFCCia7KrgN9uruqH8dB461o9ZgmIVbOdRSicIpLRPBuciaGl0YKedcIfpXGI9TEia3a14TFWdLNrgQ/0?wx_fmt=gif&tp=webp&wxfrom=5&wx_lazy=1
INFO: [ app_init ] --START--
INFO: Run Behavior\BuildLiteBehavior [ RunTime:0.000025s ]
INFO: [ app_init ] --END-- [ RunTime:0.000479s ]
ERR: 无法加载模块:Application

[ 2015-10-29T15:56:17+08:00 ] 36.32.0.248 /Application/Home/View/Public/bianjiqi/https://mmbiz.qlogo.cn/mmbiz/z9433rAGTDfiaaFED4iaX8CS6OIzViaEWFdYHqxw1jAtyo5296wzicjyFWsricb7jd6uRbdNdTZOFcIqveC0ISpbClg/0?wx_fmt=gif
INFO: [ app_init ] --START--
INFO: Run Behavior\BuildLiteBehavior [ RunTime:0.000033s ]
INFO: [ app_init ] --END-- [ RunTime:0.000581s ]
ERR: 无法加载模块:Application

[ 2015-10-29T15:56:17+08:00 ] 36.32.0.248 /Application/Home/View/Public/bianjiqi/https://mmbiz.qlogo.cn/mmbiz/SlzGSgJicOCyyFCCia7KrgN9uruqH8dB461o9ZgmIVbOdRSicIpLRPBuciaGl0YKedcIfpXGI9TEia3a14TFWdLNrgQ/0?wx_fmt=gif&tp=webp&wxfrom=5&wx_lazy=1
INFO: [ app_init ] --START--
INFO: Run Behavior\BuildLiteBehavior [ RunTime:0.000026s ]
INFO: [ app_init ] --END-- [ RunTime:0.000531s ]
ERR: 无法加载模块:Application

[ 2015-10-29T15:56:27+08:00 ] 121.40.76.72 /Application/Home/View/Public/bianjiqi/style/js/ZeroClipboard.min.map
INFO: [ app_init ] --START--
INFO: Run Behavior\BuildLiteBehavior [ RunTime:0.000029s ]
INFO: [ app_init ] --END-- [ RunTime:0.000491s ]
ERR: 无法加载模块:Application

[ 2015-10-29T15:56:46+08:00 ] 121.40.76.72 /Application/Home/View/Public/bianjiqi/https://mmbiz.qlogo.cn/mmbiz/SlzGSgJicOCyyFCCia7KrgN9uruqH8dB461o9ZgmIVbOdRSicIpLRPBuciaGl0YKedcIfpXGI9TEia3a14TFWdLNrgQ/0?wx_fmt=gif&tp=webp&wxfrom=5&wx_lazy=1
INFO: [ app_init ] --START--
INFO: Run Behavior\BuildLiteBehavior [ RunTime:0.000025s ]
INFO: [ app_init ] --END-- [ RunTime:0.000541s ]
ERR: 无法加载模块:Application

[ 2015-10-29T15:56:49+08:00 ] 121.40.76.72 /Application/Home/View/Public/bianjiqi/https://mmbiz.qlogo.cn/mmbiz/z9433rAGTDfiaaFED4iaX8CS6OIzViaEWFdYHqxw1jAtyo5296wzicjyFWsricb7jd6uRbdNdTZOFcIqveC0ISpbClg/0?wx_fmt=gif
INFO: [ app_init ] --START--
INFO: Run Behavior\BuildLiteBehavior [ RunTime:0.000026s ]
INFO: [ app_init ] --END-- [ RunTime:0.000541s ]
ERR: 无法加载模块:Application

[ 2015-10-29T15:57:10+08:00 ] 121.40.76.72 /Application/Home/View/Public/bianjiqi/style/js/ZeroClipboard.min.map
INFO: [ app_init ] --START--
INFO: Run Behavior\BuildLiteBehavior [ RunTime:0.000024s ]
INFO: [ app_init ] --END-- [ RunTime:0.000523s ]
ERR: 无法加载模块:Application

[ 2015-10-29T15:58:06+08:00 ] 36.32.0.248 /Application/Home/View/Public/bianjiqi/style/js/ZeroClipboard.min.map
INFO: [ app_init ] --START--
INFO: Run Behavior\BuildLiteBehavior [ RunTime:0.000031s ]
INFO: [ app_init ] --END-- [ RunTime:0.000695s ]
ERR: 无法加载模块:Application

[ 2015-10-29T15:58:15+08:00 ] 121.40.76.72 /Application/Home/View/Public/bianjiqi/https://mmbiz.qlogo.cn/mmbiz/SlzGSgJicOCyyFCCia7KrgN9uruqH8dB461o9ZgmIVbOdRSicIpLRPBuciaGl0YKedcIfpXGI9TEia3a14TFWdLNrgQ/0?wx_fmt=gif&tp=webp&wxfrom=5&wx_lazy=1
INFO: [ app_init ] --START--
INFO: Run Behavior\BuildLiteBehavior [ RunTime:0.000027s ]
INFO: [ app_init ] --END-- [ RunTime:0.000516s ]
ERR: 无法加载模块:Application

[ 2015-10-29T15:58:15+08:00 ] 121.40.76.72 /Application/Home/View/Public/bianjiqi/https://mmbiz.qlogo.cn/mmbiz/z9433rAGTDfiaaFED4iaX8CS6OIzViaEWFdYHqxw1jAtyo5296wzicjyFWsricb7jd6uRbdNdTZOFcIqveC0ISpbClg/0?wx_fmt=gif
INFO: [ app_init ] --START--
INFO: Run Behavior\BuildLiteBehavior [ RunTime:0.000021s ]
INFO: [ app_init ] --END-- [ RunTime:0.000460s ]
ERR: 无法加载模块:Application

[ 2015-10-29T15:58:18+08:00 ] 121.40.76.72 /Application/Home/View/Public/bianjiqi/style/js/ZeroClipboard.min.map
INFO: [ app_init ] --START--
INFO: Run Behavior\BuildLiteBehavior [ RunTime:0.000027s ]
INFO: [ app_init ] --END-- [ RunTime:0.000541s ]
ERR: 无法加载模块:Application

[ 2015-10-29T16:09:27+08:00 ] 36.32.0.248 /Application/Home/View/Public/bianjiqi/https://mmbiz.qlogo.cn/mmbiz/z9433rAGTDfiaaFED4iaX8CS6OIzViaEWFdYHqxw1jAtyo5296wzicjyFWsricb7jd6uRbdNdTZOFcIqveC0ISpbClg/0?wx_fmt=gif
INFO: [ app_init ] --START--
INFO: Run Behavior\BuildLiteBehavior [ RunTime:0.000025s ]
INFO: [ app_init ] --END-- [ RunTime:0.000587s ]
ERR: 无法加载模块:Application

[ 2015-10-29T16:09:27+08:00 ] 36.32.0.248 /Application/Home/View/Public/bianjiqi/https://mmbiz.qlogo.cn/mmbiz/SlzGSgJicOCyyFCCia7KrgN9uruqH8dB461o9ZgmIVbOdRSicIpLRPBuciaGl0YKedcIfpXGI9TEia3a14TFWdLNrgQ/0?wx_fmt=gif&tp=webp&wxfrom=5&wx_lazy=1
INFO: [ app_init ] --START--
INFO: Run Behavior\BuildLiteBehavior [ RunTime:0.000047s ]
INFO: [ app_init ] --END-- [ RunTime:0.000525s ]
ERR: 无法加载模块:Application

[ 2015-10-29T16:10:27+08:00 ] 36.32.0.248 /Application/Home/View/Public/bianjiqi/https://mmbiz.qlogo.cn/mmbiz/z9433rAGTDfiaaFED4iaX8CS6OIzViaEWFdYHqxw1jAtyo5296wzicjyFWsricb7jd6uRbdNdTZOFcIqveC0ISpbClg/0?wx_fmt=gif
INFO: [ app_init ] --START--
INFO: Run Behavior\BuildLiteBehavior [ RunTime:0.000024s ]
INFO: [ app_init ] --END-- [ RunTime:0.000488s ]
ERR: 无法加载模块:Application

[ 2015-10-29T16:10:27+08:00 ] 36.32.0.248 /Application/Home/View/Public/bianjiqi/https://mmbiz.qlogo.cn/mmbiz/SlzGSgJicOCyyFCCia7KrgN9uruqH8dB461o9ZgmIVbOdRSicIpLRPBuciaGl0YKedcIfpXGI9TEia3a14TFWdLNrgQ/0?wx_fmt=gif&tp=webp&wxfrom=5&wx_lazy=1
INFO: [ app_init ] --START--
INFO: Run Behavior\BuildLiteBehavior [ RunTime:0.000022s ]
INFO: [ app_init ] --END-- [ RunTime:0.000505s ]
ERR: 无法加载模块:Application

[ 2015-10-29T16:11:08+08:00 ] 36.32.0.248 /Application/Home/View/Public/bianjiqi/https://mmbiz.qlogo.cn/mmbiz/z9433rAGTDfiaaFED4iaX8CS6OIzViaEWFdYHqxw1jAtyo5296wzicjyFWsricb7jd6uRbdNdTZOFcIqveC0ISpbClg/0?wx_fmt=gif
INFO: [ app_init ] --START--
INFO: Run Behavior\BuildLiteBehavior [ RunTime:0.000023s ]
INFO: [ app_init ] --END-- [ RunTime:0.000491s ]
ERR: 无法加载模块:Application

[ 2015-10-29T16:11:08+08:00 ] 36.32.0.248 /Application/Home/View/Public/bianjiqi/https://mmbiz.qlogo.cn/mmbiz/SlzGSgJicOCyyFCCia7KrgN9uruqH8dB461o9ZgmIVbOdRSicIpLRPBuciaGl0YKedcIfpXGI9TEia3a14TFWdLNrgQ/0?wx_fmt=gif&tp=webp&wxfrom=5&wx_lazy=1
INFO: [ app_init ] --START--
INFO: Run Behavior\BuildLiteBehavior [ RunTime:0.000023s ]
INFO: [ app_init ] --END-- [ RunTime:0.000495s ]
ERR: 无法加载模块:Application

[ 2015-10-29T16:11:14+08:00 ] 36.32.0.248 /Application/Home/View/Public/bianjiqi/https://mmbiz.qlogo.cn/mmbiz/z9433rAGTDfiaaFED4iaX8CS6OIzViaEWFdYHqxw1jAtyo5296wzicjyFWsricb7jd6uRbdNdTZOFcIqveC0ISpbClg/0?wx_fmt=gif
INFO: [ app_init ] --START--
INFO: Run Behavior\BuildLiteBehavior [ RunTime:0.000024s ]
INFO: [ app_init ] --END-- [ RunTime:0.000509s ]
ERR: 无法加载模块:Application

[ 2015-10-29T16:11:15+08:00 ] 36.32.0.248 /Application/Home/View/Public/bianjiqi/https://mmbiz.qlogo.cn/mmbiz/SlzGSgJicOCyyFCCia7KrgN9uruqH8dB461o9ZgmIVbOdRSicIpLRPBuciaGl0YKedcIfpXGI9TEia3a14TFWdLNrgQ/0?wx_fmt=gif&tp=webp&wxfrom=5&wx_lazy=1
INFO: [ app_init ] --START--
INFO: Run Behavior\BuildLiteBehavior [ RunTime:0.000024s ]
INFO: [ app_init ] --END-- [ RunTime:0.000487s ]
ERR: 无法加载模块:Application

[ 2015-10-29T16:16:22+08:00 ] 121.40.76.72 /Application/Home/View/Public/bianjiqi/https://mmbiz.qlogo.cn/mmbiz/z9433rAGTDfiaaFED4iaX8CS6OIzViaEWFdYHqxw1jAtyo5296wzicjyFWsricb7jd6uRbdNdTZOFcIqveC0ISpbClg/0?wx_fmt=gif
INFO: [ app_init ] --START--
INFO: Run Behavior\BuildLiteBehavior [ RunTime:0.000021s ]
INFO: [ app_init ] --END-- [ RunTime:0.000496s ]
ERR: 无法加载模块:Application

[ 2015-10-29T16:16:23+08:00 ] 121.40.76.72 /Application/Home/View/Public/bianjiqi/https://mmbiz.qlogo.cn/mmbiz/SlzGSgJicOCyyFCCia7KrgN9uruqH8dB461o9ZgmIVbOdRSicIpLRPBuciaGl0YKedcIfpXGI9TEia3a14TFWdLNrgQ/0?wx_fmt=gif&tp=webp&wxfrom=5&wx_lazy=1
INFO: [ app_init ] --START--
INFO: Run Behavior\BuildLiteBehavior [ RunTime:0.000021s ]
INFO: [ app_init ] --END-- [ RunTime:0.000476s ]
ERR: 无法加载模块:Application

[ 2015-10-29T16:22:54+08:00 ] 121.40.76.72 /Application/Home/View/Public/bianjiqi/https://mmbiz.qlogo.cn/mmbiz/z9433rAGTDfiaaFED4iaX8CS6OIzViaEWFdYHqxw1jAtyo5296wzicjyFWsricb7jd6uRbdNdTZOFcIqveC0ISpbClg/0?wx_fmt=gif
INFO: [ app_init ] --START--
INFO: Run Behavior\BuildLiteBehavior [ RunTime:0.000023s ]
INFO: [ app_init ] --END-- [ RunTime:0.000533s ]
ERR: 无法加载模块:Application

[ 2015-10-29T16:22:54+08:00 ] 121.40.76.72 /Application/Home/View/Public/bianjiqi/https://mmbiz.qlogo.cn/mmbiz/SlzGSgJicOCyyFCCia7KrgN9uruqH8dB461o9ZgmIVbOdRSicIpLRPBuciaGl0YKedcIfpXGI9TEia3a14TFWdLNrgQ/0?wx_fmt=gif&tp=webp&wxfrom=5&wx_lazy=1
INFO: [ app_init ] --START--
INFO: Run Behavior\BuildLiteBehavior [ RunTime:0.000025s ]
INFO: [ app_init ] --END-- [ RunTime:0.000509s ]
ERR: 无法加载模块:Application

[ 2015-10-29T16:28:53+08:00 ] 121.40.76.72 /Application/Home/View/Public/bianjiqi/https://mmbiz.qlogo.cn/mmbiz/z9433rAGTDfiaaFED4iaX8CS6OIzViaEWFdYHqxw1jAtyo5296wzicjyFWsricb7jd6uRbdNdTZOFcIqveC0ISpbClg/0?wx_fmt=gif
INFO: [ app_init ] --START--
INFO: Run Behavior\BuildLiteBehavior [ RunTime:0.000035s ]
INFO: [ app_init ] --END-- [ RunTime:0.000560s ]
ERR: 无法加载模块:Application

[ 2015-10-29T16:28:53+08:00 ] 121.40.76.72 /Application/Home/View/Public/bianjiqi/https://mmbiz.qlogo.cn/mmbiz/SlzGSgJicOCyyFCCia7KrgN9uruqH8dB461o9ZgmIVbOdRSicIpLRPBuciaGl0YKedcIfpXGI9TEia3a14TFWdLNrgQ/0?wx_fmt=gif&tp=webp&wxfrom=5&wx_lazy=1
INFO: [ app_init ] --START--
INFO: Run Behavior\BuildLiteBehavior [ RunTime:0.000024s ]
INFO: [ app_init ] --END-- [ RunTime:0.000497s ]
ERR: 无法加载模块:Application

