[ 2015-11-24T10:33:04+08:00 ] ::1 /backup/wxtest/Application/Home/View/Public/bianjiqi/js/jquery1.42.min.js
INFO: [ app_init ] --START--
INFO: Run Behavior\BuildLiteBehavior [ RunTime:0.000058s ]
INFO: [ app_init ] --END-- [ RunTime:0.001198s ]
ERR: 无法加载模块:Application

[ 2015-11-24T10:33:13+08:00 ] ::1 /backup/wxtest/Application/Home/View/Public/bianjiqi/images/img.jpg
INFO: [ app_init ] --START--
INFO: Run Behavior\BuildLiteBehavior [ RunTime:0.000048s ]
INFO: [ app_init ] --END-- [ RunTime:0.000732s ]
ERR: 无法加载模块:Application

[ 2015-11-24T10:34:07+08:00 ] ::1 /backup/wxtest/Application/Home/View/Public/bianjiqi/js/jquery1.42.min.js
INFO: [ app_init ] --START--
INFO: Run Behavior\BuildLiteBehavior [ RunTime:0.000055s ]
INFO: [ app_init ] --END-- [ RunTime:0.000921s ]
ERR: 无法加载模块:Application

[ 2015-11-24T10:34:08+08:00 ] ::1 /backup/wxtest/Application/Home/View/Public/bianjiqi/images/img.jpg
INFO: [ app_init ] --START--
INFO: Run Behavior\BuildLiteBehavior [ RunTime:0.000054s ]
INFO: [ app_init ] --END-- [ RunTime:0.001015s ]
ERR: 无法加载模块:Application

[ 2015-11-24T10:34:09+08:00 ] ::1 /backup/wxtest/Application/Home/View/Public/bianjiqi/images/img.jpg
INFO: [ app_init ] --START--
INFO: Run Behavior\BuildLiteBehavior [ RunTime:0.000053s ]
INFO: [ app_init ] --END-- [ RunTime:0.000860s ]
ERR: 无法加载模块:Application

[ 2015-11-24T10:34:11+08:00 ] ::1 /backup/wxtest/Application/Home/View/Public/bianjiqi/favicon.ico
INFO: [ app_init ] --START--
INFO: Run Behavior\BuildLiteBehavior [ RunTime:0.000034s ]
INFO: [ app_init ] --END-- [ RunTime:0.000634s ]
ERR: 无法加载模块:Application

[ 2015-11-24T10:34:12+08:00 ] ::1 /backup/wxtest/Application/Home/View/Public/bianjiqi/favicon.ico
INFO: [ app_init ] --START--
INFO: Run Behavior\BuildLiteBehavior [ RunTime:0.000053s ]
INFO: [ app_init ] --END-- [ RunTime:0.000798s ]
ERR: 无法加载模块:Application

[ 2015-11-24T10:35:56+08:00 ] ::1 /backup/wxtest/Application/Home/View/Public/bianjiqi/js/jquery1.42.min.js
INFO: [ app_init ] --START--
INFO: Run Behavior\BuildLiteBehavior [ RunTime:0.000058s ]
INFO: [ app_init ] --END-- [ RunTime:0.003288s ]
ERR: 无法加载模块:Application

[ 2015-11-24T10:36:00+08:00 ] ::1 /backup/wxtest/Application/Home/View/Public/bianjiqi/images/img.jpg
INFO: [ app_init ] --START--
INFO: Run Behavior\BuildLiteBehavior [ RunTime:0.000053s ]
INFO: [ app_init ] --END-- [ RunTime:0.000859s ]
ERR: 无法加载模块:Application

[ 2015-11-24T10:36:39+08:00 ] ::1 /backup/wxtest/Application/Home/View/Public/bianjiqi/js/jquery1.42.min.js
INFO: [ app_init ] --START--
INFO: Run Behavior\BuildLiteBehavior [ RunTime:0.000057s ]
INFO: [ app_init ] --END-- [ RunTime:0.000884s ]
ERR: 无法加载模块:Application

[ 2015-11-24T10:36:42+08:00 ] ::1 /backup/wxtest/Application/Home/View/Public/bianjiqi/images/img.jpg
INFO: [ app_init ] --START--
INFO: Run Behavior\BuildLiteBehavior [ RunTime:0.000056s ]
INFO: [ app_init ] --END-- [ RunTime:0.000831s ]
ERR: 无法加载模块:Application

[ 2015-11-24T10:36:50+08:00 ] ::1 /backup/wxtest/Application/Home/View/Public/bianjiqi/images/img.jpg
INFO: [ app_init ] --START--
INFO: Run Behavior\BuildLiteBehavior [ RunTime:0.000055s ]
INFO: [ app_init ] --END-- [ RunTime:0.000803s ]
ERR: 无法加载模块:Application

[ 2015-11-24T10:36:50+08:00 ] ::1 /backup/wxtest/Application/Home/View/Public/bianjiqi/js/jquery1.42.min.js
INFO: [ app_init ] --START--
INFO: Run Behavior\BuildLiteBehavior [ RunTime:0.000054s ]
INFO: [ app_init ] --END-- [ RunTime:0.000900s ]
ERR: 无法加载模块:Application

[ 2015-11-24T10:36:51+08:00 ] ::1 /backup/wxtest/Application/Home/View/Public/bianjiqi/images/img.jpg
INFO: [ app_init ] --START--
INFO: Run Behavior\BuildLiteBehavior [ RunTime:0.000052s ]
INFO: [ app_init ] --END-- [ RunTime:0.000783s ]
ERR: 无法加载模块:Application

[ 2015-11-24T10:37:01+08:00 ] ::1 /backup/wxtest/Application/Home/View/Public/bianjiqi/images/img.jpg
INFO: [ app_init ] --START--
INFO: Run Behavior\BuildLiteBehavior [ RunTime:0.000053s ]
INFO: [ app_init ] --END-- [ RunTime:0.000817s ]
ERR: 无法加载模块:Application

[ 2015-11-24T10:37:01+08:00 ] ::1 /backup/wxtest/Application/Home/View/Public/bianjiqi/js/jquery1.42.min.js
INFO: [ app_init ] --START--
INFO: Run Behavior\BuildLiteBehavior [ RunTime:0.000057s ]
INFO: [ app_init ] --END-- [ RunTime:0.000986s ]
ERR: 无法加载模块:Application

[ 2015-11-24T10:37:02+08:00 ] ::1 /backup/wxtest/Application/Home/View/Public/bianjiqi/images/img.jpg
INFO: [ app_init ] --START--
INFO: Run Behavior\BuildLiteBehavior [ RunTime:0.000033s ]
INFO: [ app_init ] --END-- [ RunTime:0.000688s ]
ERR: 无法加载模块:Application

[ 2015-11-24T15:02:35+08:00 ] ::1 /backup/wxtest/Application/Home/View/Public/bianjiqi/js/jquery1.42.min.js
INFO: [ app_init ] --START--
INFO: Run Behavior\BuildLiteBehavior [ RunTime:0.000054s ]
INFO: [ app_init ] --END-- [ RunTime:0.000839s ]
ERR: 无法加载模块:Application

[ 2015-11-24T15:02:35+08:00 ] ::1 /backup/wxtest/Application/Home/View/Public/bianjiqi/images/img.jpg
INFO: [ app_init ] --START--
INFO: Run Behavior\BuildLiteBehavior [ RunTime:0.000145s ]
INFO: [ app_init ] --END-- [ RunTime:0.001051s ]
ERR: 无法加载模块:Application

[ 2015-11-24T15:02:48+08:00 ] ::1 /backup/wxtest/Application/Home/View/Public/bianjiqi/images/img.jpg
INFO: [ app_init ] --START--
INFO: Run Behavior\BuildLiteBehavior [ RunTime:0.000058s ]
INFO: [ app_init ] --END-- [ RunTime:0.000869s ]
ERR: 无法加载模块:Application

[ 2015-11-24T15:02:48+08:00 ] ::1 /backup/wxtest/Application/Home/View/Public/bianjiqi/js/jquery1.42.min.js
INFO: [ app_init ] --START--
INFO: Run Behavior\BuildLiteBehavior [ RunTime:0.000069s ]
INFO: [ app_init ] --END-- [ RunTime:0.001638s ]
ERR: 无法加载模块:Application

[ 2015-11-24T15:02:48+08:00 ] ::1 /backup/wxtest/Application/Home/View/Public/bianjiqi/images/img.jpg
INFO: [ app_init ] --START--
INFO: Run Behavior\BuildLiteBehavior [ RunTime:0.000049s ]
INFO: [ app_init ] --END-- [ RunTime:0.000731s ]
ERR: 无法加载模块:Application

[ 2015-11-24T15:15:28+08:00 ] ::1 /backup/wxtest/Application/Home/View/Public/bianjiqi/js/jquery1.42.min.js
INFO: [ app_init ] --START--
INFO: Run Behavior\BuildLiteBehavior [ RunTime:0.000084s ]
INFO: [ app_init ] --END-- [ RunTime:0.002110s ]
ERR: 无法加载模块:Application

[ 2015-11-24T15:15:32+08:00 ] ::1 /backup/wxtest/Application/Home/View/Public/bianjiqi/images/img.jpg
INFO: [ app_init ] --START--
INFO: Run Behavior\BuildLiteBehavior [ RunTime:0.000070s ]
INFO: [ app_init ] --END-- [ RunTime:0.009364s ]
ERR: 无法加载模块:Application

[ 2015-11-24T15:16:00+08:00 ] ::1 /backup/wxtest/Application/Home/View/Public/bianjiqi/js/jquery1.42.min.js
INFO: [ app_init ] --START--
INFO: Run Behavior\BuildLiteBehavior [ RunTime:0.000117s ]
INFO: [ app_init ] --END-- [ RunTime:0.000988s ]
ERR: 无法加载模块:Application

[ 2015-11-24T15:16:01+08:00 ] ::1 /backup/wxtest/Application/Home/View/Public/bianjiqi/images/img.jpg
INFO: [ app_init ] --START--
INFO: Run Behavior\BuildLiteBehavior [ RunTime:0.000057s ]
INFO: [ app_init ] --END-- [ RunTime:0.000933s ]
ERR: 无法加载模块:Application

[ 2015-11-24T15:21:12+08:00 ] ::1 /backup/wxtest/Application/Home/View/Public/bianjiqi/images/img.jpg
INFO: [ app_init ] --START--
INFO: Run Behavior\BuildLiteBehavior [ RunTime:0.000056s ]
INFO: [ app_init ] --END-- [ RunTime:0.001148s ]
ERR: 无法加载模块:Application

[ 2015-11-24T15:21:12+08:00 ] ::1 /backup/wxtest/Application/Home/View/Public/bianjiqi/js/jquery1.42.min.js
INFO: [ app_init ] --START--
INFO: Run Behavior\BuildLiteBehavior [ RunTime:0.000054s ]
INFO: [ app_init ] --END-- [ RunTime:0.001229s ]
ERR: 无法加载模块:Application

[ 2015-11-24T15:21:12+08:00 ] ::1 /backup/wxtest/Application/Home/View/Public/bianjiqi/images/img.jpg
INFO: [ app_init ] --START--
INFO: Run Behavior\BuildLiteBehavior [ RunTime:0.000067s ]
INFO: [ app_init ] --END-- [ RunTime:0.000888s ]
ERR: 无法加载模块:Application

[ 2015-11-24T15:21:33+08:00 ] ::1 /backup/wxtest/Application/Home/View/Public/bianjiqi/js/jquery1.42.min.js
INFO: [ app_init ] --START--
INFO: Run Behavior\BuildLiteBehavior [ RunTime:0.000054s ]
INFO: [ app_init ] --END-- [ RunTime:0.000991s ]
ERR: 无法加载模块:Application

[ 2015-11-24T15:21:37+08:00 ] ::1 /backup/wxtest/Application/Home/View/Public/bianjiqi/images/img.jpg
INFO: [ app_init ] --START--
INFO: Run Behavior\BuildLiteBehavior [ RunTime:0.000053s ]
INFO: [ app_init ] --END-- [ RunTime:0.000865s ]
ERR: 无法加载模块:Application

[ 2015-11-24T15:21:50+08:00 ] ::1 /backup/wxtest/Application/Home/View/Public/bianjiqi/images/img.jpg
INFO: [ app_init ] --START--
INFO: Run Behavior\BuildLiteBehavior [ RunTime:0.000054s ]
INFO: [ app_init ] --END-- [ RunTime:0.000813s ]
ERR: 无法加载模块:Application

[ 2015-11-24T15:21:50+08:00 ] ::1 /backup/wxtest/Application/Home/View/Public/bianjiqi/js/jquery1.42.min.js
INFO: [ app_init ] --START--
INFO: Run Behavior\BuildLiteBehavior [ RunTime:0.000056s ]
INFO: [ app_init ] --END-- [ RunTime:0.000805s ]
ERR: 无法加载模块:Application

[ 2015-11-24T15:21:51+08:00 ] ::1 /backup/wxtest/Application/Home/View/Public/bianjiqi/images/img.jpg
INFO: [ app_init ] --START--
INFO: Run Behavior\BuildLiteBehavior [ RunTime:0.000074s ]
INFO: [ app_init ] --END-- [ RunTime:0.000949s ]
ERR: 无法加载模块:Application

[ 2015-11-24T15:22:16+08:00 ] ::1 /backup/wxtest/Application/Home/View/Public/bianjiqi/js/jquery1.42.min.js
INFO: [ app_init ] --START--
INFO: Run Behavior\BuildLiteBehavior [ RunTime:0.000055s ]
INFO: [ app_init ] --END-- [ RunTime:0.000846s ]
ERR: 无法加载模块:Application

[ 2015-11-24T15:22:17+08:00 ] ::1 /backup/wxtest/Application/Home/View/Public/bianjiqi/images/img.jpg
INFO: [ app_init ] --START--
INFO: Run Behavior\BuildLiteBehavior [ RunTime:0.000054s ]
INFO: [ app_init ] --END-- [ RunTime:0.000950s ]
ERR: 无法加载模块:Application

[ 2015-11-24T15:22:17+08:00 ] ::1 /backup/wxtest/Application/Home/View/Public/bianjiqi/images/img.jpg
INFO: [ app_init ] --START--
INFO: Run Behavior\BuildLiteBehavior [ RunTime:0.000034s ]
INFO: [ app_init ] --END-- [ RunTime:0.000530s ]
ERR: 无法加载模块:Application

[ 2015-11-24T15:23:12+08:00 ] ::1 /backup/wxtest/Application/Home/View/Public/bianjiqi/js/jquery1.42.min.js
INFO: [ app_init ] --START--
INFO: Run Behavior\BuildLiteBehavior [ RunTime:0.000060s ]
INFO: [ app_init ] --END-- [ RunTime:0.001095s ]
ERR: 无法加载模块:Application

[ 2015-11-24T15:23:16+08:00 ] ::1 /backup/wxtest/Application/Home/View/Public/bianjiqi/images/img.jpg
INFO: [ app_init ] --START--
INFO: Run Behavior\BuildLiteBehavior [ RunTime:0.000056s ]
INFO: [ app_init ] --END-- [ RunTime:0.000963s ]
ERR: 无法加载模块:Application

[ 2015-11-24T15:23:25+08:00 ] ::1 /backup/wxtest/Application/Home/View/Public/bianjiqi/images/img.jpg
INFO: [ app_init ] --START--
INFO: Run Behavior\BuildLiteBehavior [ RunTime:0.000053s ]
INFO: [ app_init ] --END-- [ RunTime:0.000791s ]
ERR: 无法加载模块:Application

[ 2015-11-24T15:23:25+08:00 ] ::1 /backup/wxtest/Application/Home/View/Public/bianjiqi/js/jquery1.42.min.js
INFO: [ app_init ] --START--
INFO: Run Behavior\BuildLiteBehavior [ RunTime:0.000053s ]
INFO: [ app_init ] --END-- [ RunTime:0.000878s ]
ERR: 无法加载模块:Application

[ 2015-11-24T15:23:26+08:00 ] ::1 /backup/wxtest/Application/Home/View/Public/bianjiqi/images/img.jpg
INFO: [ app_init ] --START--
INFO: Run Behavior\BuildLiteBehavior [ RunTime:0.000060s ]
INFO: [ app_init ] --END-- [ RunTime:0.001074s ]
ERR: 无法加载模块:Application

[ 2015-11-24T15:23:43+08:00 ] ::1 /backup/wxtest/Application/Home/View/Public/bianjiqi/js/jquery1.42.min.js
INFO: [ app_init ] --START--
INFO: Run Behavior\BuildLiteBehavior [ RunTime:0.000060s ]
INFO: [ app_init ] --END-- [ RunTime:0.001749s ]
ERR: 无法加载模块:Application

[ 2015-11-24T15:23:46+08:00 ] ::1 /backup/wxtest/Application/Home/View/Public/bianjiqi/images/img.jpg
INFO: [ app_init ] --START--
INFO: Run Behavior\BuildLiteBehavior [ RunTime:0.000054s ]
INFO: [ app_init ] --END-- [ RunTime:0.000900s ]
ERR: 无法加载模块:Application

[ 2015-11-24T15:23:55+08:00 ] ::1 /backup/wxtest/Application/Home/View/Public/bianjiqi/images/img.jpg
INFO: [ app_init ] --START--
INFO: Run Behavior\BuildLiteBehavior [ RunTime:0.000057s ]
INFO: [ app_init ] --END-- [ RunTime:0.000818s ]
ERR: 无法加载模块:Application

[ 2015-11-24T15:23:55+08:00 ] ::1 /backup/wxtest/Application/Home/View/Public/bianjiqi/js/jquery1.42.min.js
INFO: [ app_init ] --START--
INFO: Run Behavior\BuildLiteBehavior [ RunTime:0.000053s ]
INFO: [ app_init ] --END-- [ RunTime:0.000780s ]
ERR: 无法加载模块:Application

[ 2015-11-24T15:23:56+08:00 ] ::1 /backup/wxtest/Application/Home/View/Public/bianjiqi/images/img.jpg
INFO: [ app_init ] --START--
INFO: Run Behavior\BuildLiteBehavior [ RunTime:0.000052s ]
INFO: [ app_init ] --END-- [ RunTime:0.000784s ]
ERR: 无法加载模块:Application

[ 2015-11-24T15:26:26+08:00 ] ::1 /backup/wxtest/Application/Home/View/Public/bianjiqi/js/jquery1.42.min.js
INFO: [ app_init ] --START--
INFO: Run Behavior\BuildLiteBehavior [ RunTime:0.000054s ]
INFO: [ app_init ] --END-- [ RunTime:0.000863s ]
ERR: 无法加载模块:Application

[ 2015-11-24T15:26:26+08:00 ] ::1 /backup/wxtest/Application/Home/View/Public/bianjiqi/images/img.jpg
INFO: [ app_init ] --START--
INFO: Run Behavior\BuildLiteBehavior [ RunTime:0.000086s ]
INFO: [ app_init ] --END-- [ RunTime:0.000910s ]
ERR: 无法加载模块:Application

[ 2015-11-24T15:26:27+08:00 ] ::1 /backup/wxtest/Application/Home/View/Public/bianjiqi/images/img.jpg
INFO: [ app_init ] --START--
INFO: Run Behavior\BuildLiteBehavior [ RunTime:0.000053s ]
INFO: [ app_init ] --END-- [ RunTime:0.000815s ]
ERR: 无法加载模块:Application

[ 2015-11-24T15:26:41+08:00 ] ::1 /backup/wxtest/Application/Home/View/Public/bianjiqi/js/jquery1.42.min.js
INFO: [ app_init ] --START--
INFO: Run Behavior\BuildLiteBehavior [ RunTime:0.000057s ]
INFO: [ app_init ] --END-- [ RunTime:0.000883s ]
ERR: 无法加载模块:Application

[ 2015-11-24T15:26:41+08:00 ] ::1 /backup/wxtest/Application/Home/View/Public/bianjiqi/images/img.jpg
INFO: [ app_init ] --START--
INFO: Run Behavior\BuildLiteBehavior [ RunTime:0.000056s ]
INFO: [ app_init ] --END-- [ RunTime:0.000841s ]
ERR: 无法加载模块:Application

[ 2015-11-24T15:26:42+08:00 ] ::1 /backup/wxtest/Application/Home/View/Public/bianjiqi/images/img.jpg
INFO: [ app_init ] --START--
INFO: Run Behavior\BuildLiteBehavior [ RunTime:0.000033s ]
INFO: [ app_init ] --END-- [ RunTime:0.000507s ]
ERR: 无法加载模块:Application

