[ 2015-11-26T09:38:53+08:00 ] 36.32.0.248 /Application/Home/View/Public/bianjiqi/https://mmbiz.qlogo.cn/mmbiz/z9433rAGTDfiaaFED4iaX8CS6OIzViaEWFdYHqxw1jAtyo5296wzicjyFWsricb7jd6uRbdNdTZOFcIqveC0ISpbClg/0?wx_fmt=gif
INFO: [ app_init ] --START--
INFO: Run Behavior\BuildLiteBehavior [ RunTime:0.000029s ]
INFO: [ app_init ] --END-- [ RunTime:0.000523s ]
ERR: 无法加载模块:Application

[ 2015-11-26T09:38:53+08:00 ] 36.32.0.248 /Application/Home/View/Public/bianjiqi/https://mmbiz.qlogo.cn/mmbiz/SlzGSgJicOCyyFCCia7KrgN9uruqH8dB461o9ZgmIVbOdRSicIpLRPBuciaGl0YKedcIfpXGI9TEia3a14TFWdLNrgQ/0?wx_fmt=gif&tp=webp&wxfrom=5&wx_lazy=1
INFO: [ app_init ] --START--
INFO: Run Behavior\BuildLiteBehavior [ RunTime:0.000022s ]
INFO: [ app_init ] --END-- [ RunTime:0.000496s ]
ERR: 无法加载模块:Application

[ 2015-11-26T09:45:45+08:00 ] 36.32.0.248 /Application/Home/View/Public/bianjiqi/https://mmbiz.qlogo.cn/mmbiz/z9433rAGTDfiaaFED4iaX8CS6OIzViaEWFdYHqxw1jAtyo5296wzicjyFWsricb7jd6uRbdNdTZOFcIqveC0ISpbClg/0?wx_fmt=gif
INFO: [ app_init ] --START--
INFO: Run Behavior\BuildLiteBehavior [ RunTime:0.000024s ]
INFO: [ app_init ] --END-- [ RunTime:0.000510s ]
ERR: 无法加载模块:Application

[ 2015-11-26T09:45:45+08:00 ] 36.32.0.248 /Application/Home/View/Public/bianjiqi/https://mmbiz.qlogo.cn/mmbiz/SlzGSgJicOCyyFCCia7KrgN9uruqH8dB461o9ZgmIVbOdRSicIpLRPBuciaGl0YKedcIfpXGI9TEia3a14TFWdLNrgQ/0?wx_fmt=gif&tp=webp&wxfrom=5&wx_lazy=1
INFO: [ app_init ] --START--
INFO: Run Behavior\BuildLiteBehavior [ RunTime:0.000023s ]
INFO: [ app_init ] --END-- [ RunTime:0.000503s ]
ERR: 无法加载模块:Application

[ 2015-11-26T10:27:59+08:00 ] 36.32.0.248 /Application/Home/View/Public/bianjiqi/https://mmbiz.qlogo.cn/mmbiz/SlzGSgJicOCyyFCCia7KrgN9uruqH8dB461o9ZgmIVbOdRSicIpLRPBuciaGl0YKedcIfpXGI9TEia3a14TFWdLNrgQ/0?wx_fmt=gif&tp=webp&wxfrom=5&wx_lazy=1
INFO: [ app_init ] --START--
INFO: Run Behavior\BuildLiteBehavior [ RunTime:0.000025s ]
INFO: [ app_init ] --END-- [ RunTime:0.000525s ]
ERR: 无法加载模块:Application

[ 2015-11-26T10:27:59+08:00 ] 36.32.0.248 /Application/Home/View/Public/bianjiqi/https://mmbiz.qlogo.cn/mmbiz/z9433rAGTDfiaaFED4iaX8CS6OIzViaEWFdYHqxw1jAtyo5296wzicjyFWsricb7jd6uRbdNdTZOFcIqveC0ISpbClg/0?wx_fmt=gif
INFO: [ app_init ] --START--
INFO: Run Behavior\BuildLiteBehavior [ RunTime:0.000028s ]
INFO: [ app_init ] --END-- [ RunTime:0.000556s ]
ERR: 无法加载模块:Application

[ 2015-11-26T10:45:19+08:00 ] 36.32.0.248 /Application/Home/View/Public/bianjiqi/https://mmbiz.qlogo.cn/mmbiz/SlzGSgJicOCyyFCCia7KrgN9uruqH8dB461o9ZgmIVbOdRSicIpLRPBuciaGl0YKedcIfpXGI9TEia3a14TFWdLNrgQ/0?wx_fmt=gif&tp=webp&wxfrom=5&wx_lazy=1
INFO: [ app_init ] --START--
INFO: Run Behavior\BuildLiteBehavior [ RunTime:0.000019s ]
INFO: [ app_init ] --END-- [ RunTime:0.000495s ]
ERR: 无法加载模块:Application

[ 2015-11-26T10:45:19+08:00 ] 36.32.0.248 /Application/Home/View/Public/bianjiqi/https://mmbiz.qlogo.cn/mmbiz/z9433rAGTDfiaaFED4iaX8CS6OIzViaEWFdYHqxw1jAtyo5296wzicjyFWsricb7jd6uRbdNdTZOFcIqveC0ISpbClg/0?wx_fmt=gif
INFO: [ app_init ] --START--
INFO: Run Behavior\BuildLiteBehavior [ RunTime:0.000024s ]
INFO: [ app_init ] --END-- [ RunTime:0.005177s ]
ERR: 无法加载模块:Application

[ 2015-11-26T10:45:19+08:00 ] 36.32.0.248 /Application/Home/View/Public/bianjiqi/https://mmbiz.qlogo.cn/mmbiz/z9433rAGTDfiaaFED4iaX8CS6OIzViaEWFdYHqxw1jAtyo5296wzicjyFWsricb7jd6uRbdNdTZOFcIqveC0ISpbClg/0?wx_fmt=gif
INFO: [ app_init ] --START--
INFO: Run Behavior\BuildLiteBehavior [ RunTime:0.000022s ]
INFO: [ app_init ] --END-- [ RunTime:0.000491s ]
ERR: 无法加载模块:Application

[ 2015-11-26T10:45:19+08:00 ] 36.32.0.248 /Application/Home/View/Public/bianjiqi/https://mmbiz.qlogo.cn/mmbiz/SlzGSgJicOCyyFCCia7KrgN9uruqH8dB461o9ZgmIVbOdRSicIpLRPBuciaGl0YKedcIfpXGI9TEia3a14TFWdLNrgQ/0?wx_fmt=gif&tp=webp&wxfrom=5&wx_lazy=1
INFO: [ app_init ] --START--
INFO: Run Behavior\BuildLiteBehavior [ RunTime:0.000026s ]
INFO: [ app_init ] --END-- [ RunTime:0.000525s ]
ERR: 无法加载模块:Application

[ 2015-11-26T11:52:50+08:00 ] 36.32.0.248 /Application/Home/View/Public/bianjiqi/https://mmbiz.qlogo.cn/mmbiz/z9433rAGTDfiaaFED4iaX8CS6OIzViaEWFdYHqxw1jAtyo5296wzicjyFWsricb7jd6uRbdNdTZOFcIqveC0ISpbClg/0?wx_fmt=gif
INFO: [ app_init ] --START--
INFO: Run Behavior\BuildLiteBehavior [ RunTime:0.000024s ]
INFO: [ app_init ] --END-- [ RunTime:0.000501s ]
ERR: 无法加载模块:Application

[ 2015-11-26T11:52:50+08:00 ] 36.32.0.248 /Application/Home/View/Public/bianjiqi/https://mmbiz.qlogo.cn/mmbiz/SlzGSgJicOCyyFCCia7KrgN9uruqH8dB461o9ZgmIVbOdRSicIpLRPBuciaGl0YKedcIfpXGI9TEia3a14TFWdLNrgQ/0?wx_fmt=gif&tp=webp&wxfrom=5&wx_lazy=1
INFO: [ app_init ] --START--
INFO: Run Behavior\BuildLiteBehavior [ RunTime:0.000021s ]
INFO: [ app_init ] --END-- [ RunTime:0.000474s ]
ERR: 无法加载模块:Application

[ 2015-11-26T16:16:46+08:00 ] 36.32.0.248 /Application/Home/View/Public/bianjiqi/https://mmbiz.qlogo.cn/mmbiz/SlzGSgJicOCyyFCCia7KrgN9uruqH8dB461o9ZgmIVbOdRSicIpLRPBuciaGl0YKedcIfpXGI9TEia3a14TFWdLNrgQ/0?wx_fmt=gif&tp=webp&wxfrom=5&wx_lazy=1
INFO: [ app_init ] --START--
INFO: Run Behavior\BuildLiteBehavior [ RunTime:0.000022s ]
INFO: [ app_init ] --END-- [ RunTime:0.000478s ]
ERR: 无法加载模块:Application

[ 2015-11-26T16:16:46+08:00 ] 36.32.0.248 /Application/Home/View/Public/bianjiqi/https://mmbiz.qlogo.cn/mmbiz/z9433rAGTDfiaaFED4iaX8CS6OIzViaEWFdYHqxw1jAtyo5296wzicjyFWsricb7jd6uRbdNdTZOFcIqveC0ISpbClg/0?wx_fmt=gif
INFO: [ app_init ] --START--
INFO: Run Behavior\BuildLiteBehavior [ RunTime:0.000019s ]
INFO: [ app_init ] --END-- [ RunTime:0.000468s ]
ERR: 无法加载模块:Application

[ 2015-11-26T16:19:33+08:00 ] 36.32.0.248 /Application/Home/View/Public/bianjiqi/https://mmbiz.qlogo.cn/mmbiz/z9433rAGTDfiaaFED4iaX8CS6OIzViaEWFdYHqxw1jAtyo5296wzicjyFWsricb7jd6uRbdNdTZOFcIqveC0ISpbClg/0?wx_fmt=gif
INFO: [ app_init ] --START--
INFO: Run Behavior\BuildLiteBehavior [ RunTime:0.000023s ]
INFO: [ app_init ] --END-- [ RunTime:0.000553s ]
ERR: 无法加载模块:Application

[ 2015-11-26T16:19:33+08:00 ] 36.32.0.248 /Application/Home/View/Public/bianjiqi/https://mmbiz.qlogo.cn/mmbiz/SlzGSgJicOCyyFCCia7KrgN9uruqH8dB461o9ZgmIVbOdRSicIpLRPBuciaGl0YKedcIfpXGI9TEia3a14TFWdLNrgQ/0?wx_fmt=gif&tp=webp&wxfrom=5&wx_lazy=1
INFO: [ app_init ] --START--
INFO: Run Behavior\BuildLiteBehavior [ RunTime:0.000020s ]
INFO: [ app_init ] --END-- [ RunTime:0.000482s ]
ERR: 无法加载模块:Application

[ 2015-11-26T16:41:50+08:00 ] 36.32.0.248 /Application/Home/View/Public/bianjiqi/https://mmbiz.qlogo.cn/mmbiz/z9433rAGTDfiaaFED4iaX8CS6OIzViaEWFdYHqxw1jAtyo5296wzicjyFWsricb7jd6uRbdNdTZOFcIqveC0ISpbClg/0?wx_fmt=gif
INFO: [ app_init ] --START--
INFO: Run Behavior\BuildLiteBehavior [ RunTime:0.000021s ]
INFO: [ app_init ] --END-- [ RunTime:0.000474s ]
ERR: 无法加载模块:Application

[ 2015-11-26T16:41:50+08:00 ] 36.32.0.248 /Application/Home/View/Public/bianjiqi/https://mmbiz.qlogo.cn/mmbiz/SlzGSgJicOCyyFCCia7KrgN9uruqH8dB461o9ZgmIVbOdRSicIpLRPBuciaGl0YKedcIfpXGI9TEia3a14TFWdLNrgQ/0?wx_fmt=gif&tp=webp&wxfrom=5&wx_lazy=1
INFO: [ app_init ] --START--
INFO: Run Behavior\BuildLiteBehavior [ RunTime:0.000019s ]
INFO: [ app_init ] --END-- [ RunTime:0.000482s ]
ERR: 无法加载模块:Application

[ 2015-11-26T16:46:49+08:00 ] 36.32.0.248 /Application/Home/View/Public/bianjiqi/https://mmbiz.qlogo.cn/mmbiz/z9433rAGTDfiaaFED4iaX8CS6OIzViaEWFdYHqxw1jAtyo5296wzicjyFWsricb7jd6uRbdNdTZOFcIqveC0ISpbClg/0?wx_fmt=gif
INFO: [ app_init ] --START--
INFO: Run Behavior\BuildLiteBehavior [ RunTime:0.000021s ]
INFO: [ app_init ] --END-- [ RunTime:0.000522s ]
ERR: 无法加载模块:Application

[ 2015-11-26T16:46:49+08:00 ] 36.32.0.248 /Application/Home/View/Public/bianjiqi/https://mmbiz.qlogo.cn/mmbiz/SlzGSgJicOCyyFCCia7KrgN9uruqH8dB461o9ZgmIVbOdRSicIpLRPBuciaGl0YKedcIfpXGI9TEia3a14TFWdLNrgQ/0?wx_fmt=gif&tp=webp&wxfrom=5&wx_lazy=1
INFO: [ app_init ] --START--
INFO: Run Behavior\BuildLiteBehavior [ RunTime:0.000021s ]
INFO: [ app_init ] --END-- [ RunTime:0.000490s ]
ERR: 无法加载模块:Application

