[ 2015-10-30T08:25:34+08:00 ] 36.32.0.248 /Application/Home/View/Public/bianjiqi/https://mmbiz.qlogo.cn/mmbiz/SlzGSgJicOCyyFCCia7KrgN9uruqH8dB461o9ZgmIVbOdRSicIpLRPBuciaGl0YKedcIfpXGI9TEia3a14TFWdLNrgQ/0?wx_fmt=gif&tp=webp&wxfrom=5&wx_lazy=1
INFO: [ app_init ] --START--
INFO: Run Behavior\BuildLiteBehavior [ RunTime:0.000024s ]
INFO: [ app_init ] --END-- [ RunTime:0.000492s ]
ERR: 无法加载模块:Application

[ 2015-10-30T08:25:34+08:00 ] 36.32.0.248 /Application/Home/View/Public/bianjiqi/https://mmbiz.qlogo.cn/mmbiz/z9433rAGTDfiaaFED4iaX8CS6OIzViaEWFdYHqxw1jAtyo5296wzicjyFWsricb7jd6uRbdNdTZOFcIqveC0ISpbClg/0?wx_fmt=gif
INFO: [ app_init ] --START--
INFO: Run Behavior\BuildLiteBehavior [ RunTime:0.000027s ]
INFO: [ app_init ] --END-- [ RunTime:0.000605s ]
ERR: 无法加载模块:Application

[ 2015-10-30T08:25:34+08:00 ] 61.151.218.119 /Application/Home/View/Public/bianjiqi/https://mmbiz.qlogo.cn/mmbiz/z9433rAGTDfiaaFED4iaX8CS6OIzViaEWFdYHqxw1jAtyo5296wzicjyFWsricb7jd6uRbdNdTZOFcIqveC0ISpbClg/0?wx_fmt=gif
INFO: [ app_init ] --START--
INFO: Run Behavior\BuildLiteBehavior [ RunTime:0.000026s ]
INFO: [ app_init ] --END-- [ RunTime:0.000531s ]
ERR: 无法加载模块:Application

[ 2015-10-30T08:25:34+08:00 ] 112.64.235.252 /Application/Home/View/Public/bianjiqi/https://mmbiz.qlogo.cn/mmbiz/SlzGSgJicOCyyFCCia7KrgN9uruqH8dB461o9ZgmIVbOdRSicIpLRPBuciaGl0YKedcIfpXGI9TEia3a14TFWdLNrgQ/0?wx_fmt=gif&tp=webp&wxfrom=5&wx_lazy=1
INFO: [ app_init ] --START--
INFO: Run Behavior\BuildLiteBehavior [ RunTime:0.000029s ]
INFO: [ app_init ] --END-- [ RunTime:0.000559s ]
ERR: 无法加载模块:Application

[ 2015-10-30T09:22:33+08:00 ] 36.32.0.248 /Application/Home/View/Public/bianjiqi/https://mmbiz.qlogo.cn/mmbiz/z9433rAGTDfiaaFED4iaX8CS6OIzViaEWFdYHqxw1jAtyo5296wzicjyFWsricb7jd6uRbdNdTZOFcIqveC0ISpbClg/0?wx_fmt=gif
INFO: [ app_init ] --START--
INFO: Run Behavior\BuildLiteBehavior [ RunTime:0.000023s ]
INFO: [ app_init ] --END-- [ RunTime:0.000511s ]
ERR: 无法加载模块:Application

[ 2015-10-30T09:22:33+08:00 ] 36.32.0.248 /Application/Home/View/Public/bianjiqi/https://mmbiz.qlogo.cn/mmbiz/SlzGSgJicOCyyFCCia7KrgN9uruqH8dB461o9ZgmIVbOdRSicIpLRPBuciaGl0YKedcIfpXGI9TEia3a14TFWdLNrgQ/0?wx_fmt=gif&tp=webp&wxfrom=5&wx_lazy=1
INFO: [ app_init ] --START--
INFO: Run Behavior\BuildLiteBehavior [ RunTime:0.000026s ]
INFO: [ app_init ] --END-- [ RunTime:0.000522s ]
ERR: 无法加载模块:Application

[ 2015-10-30T09:23:18+08:00 ] 36.32.0.248 /Application/Home/View/Public/bianjiqi/https://mmbiz.qlogo.cn/mmbiz/z9433rAGTDfiaaFED4iaX8CS6OIzViaEWFdYHqxw1jAtyo5296wzicjyFWsricb7jd6uRbdNdTZOFcIqveC0ISpbClg/0?wx_fmt=gif
INFO: [ app_init ] --START--
INFO: Run Behavior\BuildLiteBehavior [ RunTime:0.000025s ]
INFO: [ app_init ] --END-- [ RunTime:0.000512s ]
ERR: 无法加载模块:Application

[ 2015-10-30T09:23:18+08:00 ] 36.32.0.248 /Application/Home/View/Public/bianjiqi/https://mmbiz.qlogo.cn/mmbiz/SlzGSgJicOCyyFCCia7KrgN9uruqH8dB461o9ZgmIVbOdRSicIpLRPBuciaGl0YKedcIfpXGI9TEia3a14TFWdLNrgQ/0?wx_fmt=gif&tp=webp&wxfrom=5&wx_lazy=1
INFO: [ app_init ] --START--
INFO: Run Behavior\BuildLiteBehavior [ RunTime:0.000023s ]
INFO: [ app_init ] --END-- [ RunTime:0.000496s ]
ERR: 无法加载模块:Application

[ 2015-10-30T10:38:15+08:00 ] 36.32.0.248 /Application/Home/View/Public/bianjiqi/https://mmbiz.qlogo.cn/mmbiz/z9433rAGTDfiaaFED4iaX8CS6OIzViaEWFdYHqxw1jAtyo5296wzicjyFWsricb7jd6uRbdNdTZOFcIqveC0ISpbClg/0?wx_fmt=gif
INFO: [ app_init ] --START--
INFO: Run Behavior\BuildLiteBehavior [ RunTime:0.000026s ]
INFO: [ app_init ] --END-- [ RunTime:0.000511s ]
ERR: 无法加载模块:Application

[ 2015-10-30T10:38:15+08:00 ] 36.32.0.248 /Application/Home/View/Public/bianjiqi/https://mmbiz.qlogo.cn/mmbiz/SlzGSgJicOCyyFCCia7KrgN9uruqH8dB461o9ZgmIVbOdRSicIpLRPBuciaGl0YKedcIfpXGI9TEia3a14TFWdLNrgQ/0?wx_fmt=gif&tp=webp&wxfrom=5&wx_lazy=1
INFO: [ app_init ] --START--
INFO: Run Behavior\BuildLiteBehavior [ RunTime:0.000022s ]
INFO: [ app_init ] --END-- [ RunTime:0.000508s ]
ERR: 无法加载模块:Application

[ 2015-10-30T10:38:33+08:00 ] 36.32.0.248 /Application/Home/View/Public/bianjiqi/https://mmbiz.qlogo.cn/mmbiz/z9433rAGTDfiaaFED4iaX8CS6OIzViaEWFdYHqxw1jAtyo5296wzicjyFWsricb7jd6uRbdNdTZOFcIqveC0ISpbClg/0?wx_fmt=gif
INFO: [ app_init ] --START--
INFO: Run Behavior\BuildLiteBehavior [ RunTime:0.000029s ]
INFO: [ app_init ] --END-- [ RunTime:0.000518s ]
ERR: 无法加载模块:Application

[ 2015-10-30T10:38:33+08:00 ] 36.32.0.248 /Application/Home/View/Public/bianjiqi/https://mmbiz.qlogo.cn/mmbiz/SlzGSgJicOCyyFCCia7KrgN9uruqH8dB461o9ZgmIVbOdRSicIpLRPBuciaGl0YKedcIfpXGI9TEia3a14TFWdLNrgQ/0?wx_fmt=gif&tp=webp&wxfrom=5&wx_lazy=1
INFO: [ app_init ] --START--
INFO: Run Behavior\BuildLiteBehavior [ RunTime:0.000026s ]
INFO: [ app_init ] --END-- [ RunTime:0.000523s ]
ERR: 无法加载模块:Application

[ 2015-10-30T10:38:44+08:00 ] 36.32.0.248 /Application/Home/View/Public/bianjiqi/https://mmbiz.qlogo.cn/mmbiz/z9433rAGTDfiaaFED4iaX8CS6OIzViaEWFdYHqxw1jAtyo5296wzicjyFWsricb7jd6uRbdNdTZOFcIqveC0ISpbClg/0?wx_fmt=gif
INFO: [ app_init ] --START--
INFO: Run Behavior\BuildLiteBehavior [ RunTime:0.000026s ]
INFO: [ app_init ] --END-- [ RunTime:0.000569s ]
ERR: 无法加载模块:Application

[ 2015-10-30T10:38:44+08:00 ] 36.32.0.248 /Application/Home/View/Public/bianjiqi/https://mmbiz.qlogo.cn/mmbiz/SlzGSgJicOCyyFCCia7KrgN9uruqH8dB461o9ZgmIVbOdRSicIpLRPBuciaGl0YKedcIfpXGI9TEia3a14TFWdLNrgQ/0?wx_fmt=gif&tp=webp&wxfrom=5&wx_lazy=1
INFO: [ app_init ] --START--
INFO: Run Behavior\BuildLiteBehavior [ RunTime:0.000032s ]
INFO: [ app_init ] --END-- [ RunTime:0.000687s ]
ERR: 无法加载模块:Application

[ 2015-10-30T10:38:44+08:00 ] 36.32.0.248 /Application/Home/View/Public/bianjiqi/https://mmbiz.qlogo.cn/mmbiz/z9433rAGTDfiaaFED4iaX8CS6OIzViaEWFdYHqxw1jAtyo5296wzicjyFWsricb7jd6uRbdNdTZOFcIqveC0ISpbClg/0?wx_fmt=gif
INFO: [ app_init ] --START--
INFO: Run Behavior\BuildLiteBehavior [ RunTime:0.000032s ]
INFO: [ app_init ] --END-- [ RunTime:0.000547s ]
ERR: 无法加载模块:Application

[ 2015-10-30T10:38:44+08:00 ] 36.32.0.248 /Application/Home/View/Public/bianjiqi/https://mmbiz.qlogo.cn/mmbiz/SlzGSgJicOCyyFCCia7KrgN9uruqH8dB461o9ZgmIVbOdRSicIpLRPBuciaGl0YKedcIfpXGI9TEia3a14TFWdLNrgQ/0?wx_fmt=gif&tp=webp&wxfrom=5&wx_lazy=1
INFO: [ app_init ] --START--
INFO: Run Behavior\BuildLiteBehavior [ RunTime:0.000030s ]
INFO: [ app_init ] --END-- [ RunTime:0.000727s ]
ERR: 无法加载模块:Application

[ 2015-10-30T10:39:38+08:00 ] 36.32.0.248 /Application/Home/View/Public/bianjiqi/https://mmbiz.qlogo.cn/mmbiz/z9433rAGTDfiaaFED4iaX8CS6OIzViaEWFdYHqxw1jAtyo5296wzicjyFWsricb7jd6uRbdNdTZOFcIqveC0ISpbClg/0?wx_fmt=gif
INFO: [ app_init ] --START--
INFO: Run Behavior\BuildLiteBehavior [ RunTime:0.000027s ]
INFO: [ app_init ] --END-- [ RunTime:0.000537s ]
ERR: 无法加载模块:Application

[ 2015-10-30T10:39:38+08:00 ] 36.32.0.248 /Application/Home/View/Public/bianjiqi/https://mmbiz.qlogo.cn/mmbiz/SlzGSgJicOCyyFCCia7KrgN9uruqH8dB461o9ZgmIVbOdRSicIpLRPBuciaGl0YKedcIfpXGI9TEia3a14TFWdLNrgQ/0?wx_fmt=gif&tp=webp&wxfrom=5&wx_lazy=1
INFO: [ app_init ] --START--
INFO: Run Behavior\BuildLiteBehavior [ RunTime:0.000026s ]
INFO: [ app_init ] --END-- [ RunTime:0.000500s ]
ERR: 无法加载模块:Application

[ 2015-10-30T10:40:41+08:00 ] 36.32.0.248 /Application/Home/View/Public/bianjiqi/https://mmbiz.qlogo.cn/mmbiz/SlzGSgJicOCyyFCCia7KrgN9uruqH8dB461o9ZgmIVbOdRSicIpLRPBuciaGl0YKedcIfpXGI9TEia3a14TFWdLNrgQ/0?wx_fmt=gif&tp=webp&wxfrom=5&wx_lazy=1
INFO: [ app_init ] --START--
INFO: Run Behavior\BuildLiteBehavior [ RunTime:0.000027s ]
INFO: [ app_init ] --END-- [ RunTime:0.000519s ]
ERR: 无法加载模块:Application

[ 2015-10-30T10:40:41+08:00 ] 36.32.0.248 /Application/Home/View/Public/bianjiqi/https://mmbiz.qlogo.cn/mmbiz/z9433rAGTDfiaaFED4iaX8CS6OIzViaEWFdYHqxw1jAtyo5296wzicjyFWsricb7jd6uRbdNdTZOFcIqveC0ISpbClg/0?wx_fmt=gif
INFO: [ app_init ] --START--
INFO: Run Behavior\BuildLiteBehavior [ RunTime:0.000023s ]
INFO: [ app_init ] --END-- [ RunTime:0.000520s ]
ERR: 无法加载模块:Application

[ 2015-10-30T10:41:08+08:00 ] 36.32.0.248 /Application/Home/View/Public/bianjiqi/https://mmbiz.qlogo.cn/mmbiz/z9433rAGTDfiaaFED4iaX8CS6OIzViaEWFdYHqxw1jAtyo5296wzicjyFWsricb7jd6uRbdNdTZOFcIqveC0ISpbClg/0?wx_fmt=gif
INFO: [ app_init ] --START--
INFO: Run Behavior\BuildLiteBehavior [ RunTime:0.000027s ]
INFO: [ app_init ] --END-- [ RunTime:0.000559s ]
ERR: 无法加载模块:Application

[ 2015-10-30T10:41:08+08:00 ] 36.32.0.248 /Application/Home/View/Public/bianjiqi/https://mmbiz.qlogo.cn/mmbiz/SlzGSgJicOCyyFCCia7KrgN9uruqH8dB461o9ZgmIVbOdRSicIpLRPBuciaGl0YKedcIfpXGI9TEia3a14TFWdLNrgQ/0?wx_fmt=gif&tp=webp&wxfrom=5&wx_lazy=1
INFO: [ app_init ] --START--
INFO: Run Behavior\BuildLiteBehavior [ RunTime:0.000021s ]
INFO: [ app_init ] --END-- [ RunTime:0.000463s ]
ERR: 无法加载模块:Application

[ 2015-10-30T10:41:25+08:00 ] 36.32.0.248 /Application/Home/View/Public/bianjiqi/https://mmbiz.qlogo.cn/mmbiz/z9433rAGTDfiaaFED4iaX8CS6OIzViaEWFdYHqxw1jAtyo5296wzicjyFWsricb7jd6uRbdNdTZOFcIqveC0ISpbClg/0?wx_fmt=gif
INFO: [ app_init ] --START--
INFO: Run Behavior\BuildLiteBehavior [ RunTime:0.000026s ]
INFO: [ app_init ] --END-- [ RunTime:0.000534s ]
ERR: 无法加载模块:Application

[ 2015-10-30T10:41:25+08:00 ] 36.32.0.248 /Application/Home/View/Public/bianjiqi/https://mmbiz.qlogo.cn/mmbiz/SlzGSgJicOCyyFCCia7KrgN9uruqH8dB461o9ZgmIVbOdRSicIpLRPBuciaGl0YKedcIfpXGI9TEia3a14TFWdLNrgQ/0?wx_fmt=gif&tp=webp&wxfrom=5&wx_lazy=1
INFO: [ app_init ] --START--
INFO: Run Behavior\BuildLiteBehavior [ RunTime:0.000021s ]
INFO: [ app_init ] --END-- [ RunTime:0.000539s ]
ERR: 无法加载模块:Application

[ 2015-10-30T10:41:44+08:00 ] 36.32.0.248 /Application/Home/View/Public/bianjiqi/https://mmbiz.qlogo.cn/mmbiz/z9433rAGTDfiaaFED4iaX8CS6OIzViaEWFdYHqxw1jAtyo5296wzicjyFWsricb7jd6uRbdNdTZOFcIqveC0ISpbClg/0?wx_fmt=gif
INFO: [ app_init ] --START--
INFO: Run Behavior\BuildLiteBehavior [ RunTime:0.000026s ]
INFO: [ app_init ] --END-- [ RunTime:0.000574s ]
ERR: 无法加载模块:Application

[ 2015-10-30T10:41:44+08:00 ] 36.32.0.248 /Application/Home/View/Public/bianjiqi/https://mmbiz.qlogo.cn/mmbiz/SlzGSgJicOCyyFCCia7KrgN9uruqH8dB461o9ZgmIVbOdRSicIpLRPBuciaGl0YKedcIfpXGI9TEia3a14TFWdLNrgQ/0?wx_fmt=gif&tp=webp&wxfrom=5&wx_lazy=1
INFO: [ app_init ] --START--
INFO: Run Behavior\BuildLiteBehavior [ RunTime:0.000024s ]
INFO: [ app_init ] --END-- [ RunTime:0.000563s ]
ERR: 无法加载模块:Application

[ 2015-10-30T10:43:29+08:00 ] 36.32.0.248 /Application/Home/View/Public/bianjiqi/https://mmbiz.qlogo.cn/mmbiz/SlzGSgJicOCyyFCCia7KrgN9uruqH8dB461o9ZgmIVbOdRSicIpLRPBuciaGl0YKedcIfpXGI9TEia3a14TFWdLNrgQ/0?wx_fmt=gif&tp=webp&wxfrom=5&wx_lazy=1
INFO: [ app_init ] --START--
INFO: Run Behavior\BuildLiteBehavior [ RunTime:0.000027s ]
INFO: [ app_init ] --END-- [ RunTime:0.000559s ]
ERR: 无法加载模块:Application

[ 2015-10-30T10:43:29+08:00 ] 36.32.0.248 /Application/Home/View/Public/bianjiqi/https://mmbiz.qlogo.cn/mmbiz/z9433rAGTDfiaaFED4iaX8CS6OIzViaEWFdYHqxw1jAtyo5296wzicjyFWsricb7jd6uRbdNdTZOFcIqveC0ISpbClg/0?wx_fmt=gif
INFO: [ app_init ] --START--
INFO: Run Behavior\BuildLiteBehavior [ RunTime:0.000038s ]
INFO: [ app_init ] --END-- [ RunTime:0.000593s ]
ERR: 无法加载模块:Application

[ 2015-10-30T10:44:08+08:00 ] 36.32.0.248 /Application/Home/View/Public/bianjiqi/https://mmbiz.qlogo.cn/mmbiz/z9433rAGTDfiaaFED4iaX8CS6OIzViaEWFdYHqxw1jAtyo5296wzicjyFWsricb7jd6uRbdNdTZOFcIqveC0ISpbClg/0?wx_fmt=gif
INFO: [ app_init ] --START--
INFO: Run Behavior\BuildLiteBehavior [ RunTime:0.000031s ]
INFO: [ app_init ] --END-- [ RunTime:0.000582s ]
ERR: 无法加载模块:Application

[ 2015-10-30T10:44:08+08:00 ] 36.32.0.248 /Application/Home/View/Public/bianjiqi/https://mmbiz.qlogo.cn/mmbiz/SlzGSgJicOCyyFCCia7KrgN9uruqH8dB461o9ZgmIVbOdRSicIpLRPBuciaGl0YKedcIfpXGI9TEia3a14TFWdLNrgQ/0?wx_fmt=gif&tp=webp&wxfrom=5&wx_lazy=1
INFO: [ app_init ] --START--
INFO: Run Behavior\BuildLiteBehavior [ RunTime:0.000024s ]
INFO: [ app_init ] --END-- [ RunTime:0.000511s ]
ERR: 无法加载模块:Application

[ 2015-10-30T10:44:29+08:00 ] 36.32.0.248 /Application/Home/View/Public/bianjiqi/https://mmbiz.qlogo.cn/mmbiz/z9433rAGTDfiaaFED4iaX8CS6OIzViaEWFdYHqxw1jAtyo5296wzicjyFWsricb7jd6uRbdNdTZOFcIqveC0ISpbClg/0?wx_fmt=gif
INFO: [ app_init ] --START--
INFO: Run Behavior\BuildLiteBehavior [ RunTime:0.000026s ]
INFO: [ app_init ] --END-- [ RunTime:0.000539s ]
ERR: 无法加载模块:Application

[ 2015-10-30T10:44:29+08:00 ] 36.32.0.248 /Application/Home/View/Public/bianjiqi/https://mmbiz.qlogo.cn/mmbiz/SlzGSgJicOCyyFCCia7KrgN9uruqH8dB461o9ZgmIVbOdRSicIpLRPBuciaGl0YKedcIfpXGI9TEia3a14TFWdLNrgQ/0?wx_fmt=gif&tp=webp&wxfrom=5&wx_lazy=1
INFO: [ app_init ] --START--
INFO: Run Behavior\BuildLiteBehavior [ RunTime:0.000036s ]
INFO: [ app_init ] --END-- [ RunTime:0.000558s ]
ERR: 无法加载模块:Application

[ 2015-10-30T10:44:59+08:00 ] 36.32.0.248 /Application/Home/View/Public/bianjiqi/https://mmbiz.qlogo.cn/mmbiz/z9433rAGTDfiaaFED4iaX8CS6OIzViaEWFdYHqxw1jAtyo5296wzicjyFWsricb7jd6uRbdNdTZOFcIqveC0ISpbClg/0?wx_fmt=gif
INFO: [ app_init ] --START--
INFO: Run Behavior\BuildLiteBehavior [ RunTime:0.000031s ]
INFO: [ app_init ] --END-- [ RunTime:0.000600s ]
ERR: 无法加载模块:Application

[ 2015-10-30T10:44:59+08:00 ] 36.32.0.248 /Application/Home/View/Public/bianjiqi/https://mmbiz.qlogo.cn/mmbiz/SlzGSgJicOCyyFCCia7KrgN9uruqH8dB461o9ZgmIVbOdRSicIpLRPBuciaGl0YKedcIfpXGI9TEia3a14TFWdLNrgQ/0?wx_fmt=gif&tp=webp&wxfrom=5&wx_lazy=1
INFO: [ app_init ] --START--
INFO: Run Behavior\BuildLiteBehavior [ RunTime:0.000022s ]
INFO: [ app_init ] --END-- [ RunTime:0.000477s ]
ERR: 无法加载模块:Application

[ 2015-10-30T10:49:34+08:00 ] 36.32.0.248 /Application/Home/View/Public/bianjiqi/https://mmbiz.qlogo.cn/mmbiz/SlzGSgJicOCyyFCCia7KrgN9uruqH8dB461o9ZgmIVbOdRSicIpLRPBuciaGl0YKedcIfpXGI9TEia3a14TFWdLNrgQ/0?wx_fmt=gif&tp=webp&wxfrom=5&wx_lazy=1
INFO: [ app_init ] --START--
INFO: Run Behavior\BuildLiteBehavior [ RunTime:0.000026s ]
INFO: [ app_init ] --END-- [ RunTime:0.000537s ]
ERR: 无法加载模块:Application

[ 2015-10-30T10:49:34+08:00 ] 36.32.0.248 /Application/Home/View/Public/bianjiqi/https://mmbiz.qlogo.cn/mmbiz/z9433rAGTDfiaaFED4iaX8CS6OIzViaEWFdYHqxw1jAtyo5296wzicjyFWsricb7jd6uRbdNdTZOFcIqveC0ISpbClg/0?wx_fmt=gif
INFO: [ app_init ] --START--
INFO: Run Behavior\BuildLiteBehavior [ RunTime:0.000034s ]
INFO: [ app_init ] --END-- [ RunTime:0.000545s ]
ERR: 无法加载模块:Application

[ 2015-10-30T10:50:36+08:00 ] 36.32.0.248 /Application/Home/View/Public/bianjiqi/https://mmbiz.qlogo.cn/mmbiz/z9433rAGTDfiaaFED4iaX8CS6OIzViaEWFdYHqxw1jAtyo5296wzicjyFWsricb7jd6uRbdNdTZOFcIqveC0ISpbClg/0?wx_fmt=gif
INFO: [ app_init ] --START--
INFO: Run Behavior\BuildLiteBehavior [ RunTime:0.000027s ]
INFO: [ app_init ] --END-- [ RunTime:0.000806s ]
ERR: 无法加载模块:Application

[ 2015-10-30T10:50:36+08:00 ] 36.32.0.248 /Application/Home/View/Public/bianjiqi/https://mmbiz.qlogo.cn/mmbiz/SlzGSgJicOCyyFCCia7KrgN9uruqH8dB461o9ZgmIVbOdRSicIpLRPBuciaGl0YKedcIfpXGI9TEia3a14TFWdLNrgQ/0?wx_fmt=gif&tp=webp&wxfrom=5&wx_lazy=1
INFO: [ app_init ] --START--
INFO: Run Behavior\BuildLiteBehavior [ RunTime:0.000023s ]
INFO: [ app_init ] --END-- [ RunTime:0.000530s ]
ERR: 无法加载模块:Application

[ 2015-10-30T10:51:08+08:00 ] 36.32.0.248 /Application/Home/View/Public/bianjiqi/https://mmbiz.qlogo.cn/mmbiz/SlzGSgJicOCyyFCCia7KrgN9uruqH8dB461o9ZgmIVbOdRSicIpLRPBuciaGl0YKedcIfpXGI9TEia3a14TFWdLNrgQ/0?wx_fmt=gif&tp=webp&wxfrom=5&wx_lazy=1
INFO: [ app_init ] --START--
INFO: Run Behavior\BuildLiteBehavior [ RunTime:0.000025s ]
INFO: [ app_init ] --END-- [ RunTime:0.000496s ]
ERR: 无法加载模块:Application

[ 2015-10-30T10:51:08+08:00 ] 36.32.0.248 /Application/Home/View/Public/bianjiqi/https://mmbiz.qlogo.cn/mmbiz/z9433rAGTDfiaaFED4iaX8CS6OIzViaEWFdYHqxw1jAtyo5296wzicjyFWsricb7jd6uRbdNdTZOFcIqveC0ISpbClg/0?wx_fmt=gif
INFO: [ app_init ] --START--
INFO: Run Behavior\BuildLiteBehavior [ RunTime:0.000027s ]
INFO: [ app_init ] --END-- [ RunTime:0.000670s ]
ERR: 无法加载模块:Application

[ 2015-10-30T10:51:45+08:00 ] 36.32.0.248 /Application/Home/View/Public/bianjiqi/https://mmbiz.qlogo.cn/mmbiz/z9433rAGTDfiaaFED4iaX8CS6OIzViaEWFdYHqxw1jAtyo5296wzicjyFWsricb7jd6uRbdNdTZOFcIqveC0ISpbClg/0?wx_fmt=gif
INFO: [ app_init ] --START--
INFO: Run Behavior\BuildLiteBehavior [ RunTime:0.000025s ]
INFO: [ app_init ] --END-- [ RunTime:0.000522s ]
ERR: 无法加载模块:Application

[ 2015-10-30T10:51:45+08:00 ] 36.32.0.248 /Application/Home/View/Public/bianjiqi/https://mmbiz.qlogo.cn/mmbiz/SlzGSgJicOCyyFCCia7KrgN9uruqH8dB461o9ZgmIVbOdRSicIpLRPBuciaGl0YKedcIfpXGI9TEia3a14TFWdLNrgQ/0?wx_fmt=gif&tp=webp&wxfrom=5&wx_lazy=1
INFO: [ app_init ] --START--
INFO: Run Behavior\BuildLiteBehavior [ RunTime:0.000025s ]
INFO: [ app_init ] --END-- [ RunTime:0.000518s ]
ERR: 无法加载模块:Application

[ 2015-10-30T10:52:05+08:00 ] 36.32.0.248 /Application/Home/View/Public/bianjiqi/https://mmbiz.qlogo.cn/mmbiz/z9433rAGTDfiaaFED4iaX8CS6OIzViaEWFdYHqxw1jAtyo5296wzicjyFWsricb7jd6uRbdNdTZOFcIqveC0ISpbClg/0?wx_fmt=gif
INFO: [ app_init ] --START--
INFO: Run Behavior\BuildLiteBehavior [ RunTime:0.000029s ]
INFO: [ app_init ] --END-- [ RunTime:0.000530s ]
ERR: 无法加载模块:Application

[ 2015-10-30T10:52:05+08:00 ] 36.32.0.248 /Application/Home/View/Public/bianjiqi/https://mmbiz.qlogo.cn/mmbiz/SlzGSgJicOCyyFCCia7KrgN9uruqH8dB461o9ZgmIVbOdRSicIpLRPBuciaGl0YKedcIfpXGI9TEia3a14TFWdLNrgQ/0?wx_fmt=gif&tp=webp&wxfrom=5&wx_lazy=1
INFO: [ app_init ] --START--
INFO: Run Behavior\BuildLiteBehavior [ RunTime:0.000026s ]
INFO: [ app_init ] --END-- [ RunTime:0.000511s ]
ERR: 无法加载模块:Application

[ 2015-10-30T10:52:29+08:00 ] 36.32.0.248 /Application/Home/View/Public/bianjiqi/https://mmbiz.qlogo.cn/mmbiz/z9433rAGTDfiaaFED4iaX8CS6OIzViaEWFdYHqxw1jAtyo5296wzicjyFWsricb7jd6uRbdNdTZOFcIqveC0ISpbClg/0?wx_fmt=gif
INFO: [ app_init ] --START--
INFO: Run Behavior\BuildLiteBehavior [ RunTime:0.000027s ]
INFO: [ app_init ] --END-- [ RunTime:0.000543s ]
ERR: 无法加载模块:Application

[ 2015-10-30T10:52:29+08:00 ] 36.32.0.248 /Application/Home/View/Public/bianjiqi/https://mmbiz.qlogo.cn/mmbiz/SlzGSgJicOCyyFCCia7KrgN9uruqH8dB461o9ZgmIVbOdRSicIpLRPBuciaGl0YKedcIfpXGI9TEia3a14TFWdLNrgQ/0?wx_fmt=gif&tp=webp&wxfrom=5&wx_lazy=1
INFO: [ app_init ] --START--
INFO: Run Behavior\BuildLiteBehavior [ RunTime:0.000030s ]
INFO: [ app_init ] --END-- [ RunTime:0.000533s ]
ERR: 无法加载模块:Application

[ 2015-10-30T10:53:09+08:00 ] 36.32.0.248 /Application/Home/View/Public/bianjiqi/https://mmbiz.qlogo.cn/mmbiz/z9433rAGTDfiaaFED4iaX8CS6OIzViaEWFdYHqxw1jAtyo5296wzicjyFWsricb7jd6uRbdNdTZOFcIqveC0ISpbClg/0?wx_fmt=gif
INFO: [ app_init ] --START--
INFO: Run Behavior\BuildLiteBehavior [ RunTime:0.000027s ]
INFO: [ app_init ] --END-- [ RunTime:0.000518s ]
ERR: 无法加载模块:Application

[ 2015-10-30T10:53:09+08:00 ] 36.32.0.248 /Application/Home/View/Public/bianjiqi/https://mmbiz.qlogo.cn/mmbiz/SlzGSgJicOCyyFCCia7KrgN9uruqH8dB461o9ZgmIVbOdRSicIpLRPBuciaGl0YKedcIfpXGI9TEia3a14TFWdLNrgQ/0?wx_fmt=gif&tp=webp&wxfrom=5&wx_lazy=1
INFO: [ app_init ] --START--
INFO: Run Behavior\BuildLiteBehavior [ RunTime:0.000026s ]
INFO: [ app_init ] --END-- [ RunTime:0.000494s ]
ERR: 无法加载模块:Application

[ 2015-10-30T10:54:15+08:00 ] 36.32.0.248 /Application/Home/View/Public/bianjiqi/https://mmbiz.qlogo.cn/mmbiz/z9433rAGTDfiaaFED4iaX8CS6OIzViaEWFdYHqxw1jAtyo5296wzicjyFWsricb7jd6uRbdNdTZOFcIqveC0ISpbClg/0?wx_fmt=gif
INFO: [ app_init ] --START--
INFO: Run Behavior\BuildLiteBehavior [ RunTime:0.000029s ]
INFO: [ app_init ] --END-- [ RunTime:0.006780s ]
ERR: 无法加载模块:Application

[ 2015-10-30T10:54:15+08:00 ] 36.32.0.248 /Application/Home/View/Public/bianjiqi/https://mmbiz.qlogo.cn/mmbiz/SlzGSgJicOCyyFCCia7KrgN9uruqH8dB461o9ZgmIVbOdRSicIpLRPBuciaGl0YKedcIfpXGI9TEia3a14TFWdLNrgQ/0?wx_fmt=gif&tp=webp&wxfrom=5&wx_lazy=1
INFO: [ app_init ] --START--
INFO: Run Behavior\BuildLiteBehavior [ RunTime:0.000028s ]
INFO: [ app_init ] --END-- [ RunTime:0.000520s ]
ERR: 无法加载模块:Application

[ 2015-10-30T10:54:23+08:00 ] 36.32.0.248 /Application/Home/View/Public/bianjiqi/https://mmbiz.qlogo.cn/mmbiz/z9433rAGTDfiaaFED4iaX8CS6OIzViaEWFdYHqxw1jAtyo5296wzicjyFWsricb7jd6uRbdNdTZOFcIqveC0ISpbClg/0?wx_fmt=gif
INFO: [ app_init ] --START--
INFO: Run Behavior\BuildLiteBehavior [ RunTime:0.000020s ]
INFO: [ app_init ] --END-- [ RunTime:0.000512s ]
ERR: 无法加载模块:Application

[ 2015-10-30T10:54:23+08:00 ] 36.32.0.248 /Application/Home/View/Public/bianjiqi/https://mmbiz.qlogo.cn/mmbiz/SlzGSgJicOCyyFCCia7KrgN9uruqH8dB461o9ZgmIVbOdRSicIpLRPBuciaGl0YKedcIfpXGI9TEia3a14TFWdLNrgQ/0?wx_fmt=gif&tp=webp&wxfrom=5&wx_lazy=1
INFO: [ app_init ] --START--
INFO: Run Behavior\BuildLiteBehavior [ RunTime:0.000027s ]
INFO: [ app_init ] --END-- [ RunTime:0.000533s ]
ERR: 无法加载模块:Application

[ 2015-10-30T10:54:38+08:00 ] 36.32.0.248 /Application/Home/View/Public/bianjiqi/https://mmbiz.qlogo.cn/mmbiz/z9433rAGTDfiaaFED4iaX8CS6OIzViaEWFdYHqxw1jAtyo5296wzicjyFWsricb7jd6uRbdNdTZOFcIqveC0ISpbClg/0?wx_fmt=gif
INFO: [ app_init ] --START--
INFO: Run Behavior\BuildLiteBehavior [ RunTime:0.000027s ]
INFO: [ app_init ] --END-- [ RunTime:0.000514s ]
ERR: 无法加载模块:Application

[ 2015-10-30T10:54:38+08:00 ] 36.32.0.248 /Application/Home/View/Public/bianjiqi/https://mmbiz.qlogo.cn/mmbiz/SlzGSgJicOCyyFCCia7KrgN9uruqH8dB461o9ZgmIVbOdRSicIpLRPBuciaGl0YKedcIfpXGI9TEia3a14TFWdLNrgQ/0?wx_fmt=gif&tp=webp&wxfrom=5&wx_lazy=1
INFO: [ app_init ] --START--
INFO: Run Behavior\BuildLiteBehavior [ RunTime:0.000024s ]
INFO: [ app_init ] --END-- [ RunTime:0.000482s ]
ERR: 无法加载模块:Application

[ 2015-10-30T10:54:42+08:00 ] 36.32.0.248 /Application/Home/View/Public/bianjiqi/https://mmbiz.qlogo.cn/mmbiz/z9433rAGTDfiaaFED4iaX8CS6OIzViaEWFdYHqxw1jAtyo5296wzicjyFWsricb7jd6uRbdNdTZOFcIqveC0ISpbClg/0?wx_fmt=gif
INFO: [ app_init ] --START--
INFO: Run Behavior\BuildLiteBehavior [ RunTime:0.000022s ]
INFO: [ app_init ] --END-- [ RunTime:0.000499s ]
ERR: 无法加载模块:Application

[ 2015-10-30T10:54:42+08:00 ] 36.32.0.248 /Application/Home/View/Public/bianjiqi/https://mmbiz.qlogo.cn/mmbiz/SlzGSgJicOCyyFCCia7KrgN9uruqH8dB461o9ZgmIVbOdRSicIpLRPBuciaGl0YKedcIfpXGI9TEia3a14TFWdLNrgQ/0?wx_fmt=gif&tp=webp&wxfrom=5&wx_lazy=1
INFO: [ app_init ] --START--
INFO: Run Behavior\BuildLiteBehavior [ RunTime:0.000027s ]
INFO: [ app_init ] --END-- [ RunTime:0.000529s ]
ERR: 无法加载模块:Application

[ 2015-10-30T10:54:47+08:00 ] 36.32.0.248 /Application/Home/View/Public/bianjiqi/https://mmbiz.qlogo.cn/mmbiz/z9433rAGTDfiaaFED4iaX8CS6OIzViaEWFdYHqxw1jAtyo5296wzicjyFWsricb7jd6uRbdNdTZOFcIqveC0ISpbClg/0?wx_fmt=gif
INFO: [ app_init ] --START--
INFO: Run Behavior\BuildLiteBehavior [ RunTime:0.000027s ]
INFO: [ app_init ] --END-- [ RunTime:0.000543s ]
ERR: 无法加载模块:Application

[ 2015-10-30T10:54:47+08:00 ] 36.32.0.248 /Application/Home/View/Public/bianjiqi/https://mmbiz.qlogo.cn/mmbiz/SlzGSgJicOCyyFCCia7KrgN9uruqH8dB461o9ZgmIVbOdRSicIpLRPBuciaGl0YKedcIfpXGI9TEia3a14TFWdLNrgQ/0?wx_fmt=gif&tp=webp&wxfrom=5&wx_lazy=1
INFO: [ app_init ] --START--
INFO: Run Behavior\BuildLiteBehavior [ RunTime:0.000028s ]
INFO: [ app_init ] --END-- [ RunTime:0.000579s ]
ERR: 无法加载模块:Application

[ 2015-10-30T10:55:42+08:00 ] 36.32.0.248 /Application/Home/View/Public/bianjiqi/https://mmbiz.qlogo.cn/mmbiz/z9433rAGTDfiaaFED4iaX8CS6OIzViaEWFdYHqxw1jAtyo5296wzicjyFWsricb7jd6uRbdNdTZOFcIqveC0ISpbClg/0?wx_fmt=gif
INFO: [ app_init ] --START--
INFO: Run Behavior\BuildLiteBehavior [ RunTime:0.000025s ]
INFO: [ app_init ] --END-- [ RunTime:0.000490s ]
ERR: 无法加载模块:Application

[ 2015-10-30T10:55:42+08:00 ] 36.32.0.248 /Application/Home/View/Public/bianjiqi/https://mmbiz.qlogo.cn/mmbiz/SlzGSgJicOCyyFCCia7KrgN9uruqH8dB461o9ZgmIVbOdRSicIpLRPBuciaGl0YKedcIfpXGI9TEia3a14TFWdLNrgQ/0?wx_fmt=gif&tp=webp&wxfrom=5&wx_lazy=1
INFO: [ app_init ] --START--
INFO: Run Behavior\BuildLiteBehavior [ RunTime:0.000031s ]
INFO: [ app_init ] --END-- [ RunTime:0.000817s ]
ERR: 无法加载模块:Application

[ 2015-10-30T10:56:12+08:00 ] 36.32.0.248 /Application/Home/View/Public/bianjiqi/https://mmbiz.qlogo.cn/mmbiz/z9433rAGTDfiaaFED4iaX8CS6OIzViaEWFdYHqxw1jAtyo5296wzicjyFWsricb7jd6uRbdNdTZOFcIqveC0ISpbClg/0?wx_fmt=gif
INFO: [ app_init ] --START--
INFO: Run Behavior\BuildLiteBehavior [ RunTime:0.000026s ]
INFO: [ app_init ] --END-- [ RunTime:0.000504s ]
ERR: 无法加载模块:Application

[ 2015-10-30T10:56:12+08:00 ] 36.32.0.248 /Application/Home/View/Public/bianjiqi/https://mmbiz.qlogo.cn/mmbiz/SlzGSgJicOCyyFCCia7KrgN9uruqH8dB461o9ZgmIVbOdRSicIpLRPBuciaGl0YKedcIfpXGI9TEia3a14TFWdLNrgQ/0?wx_fmt=gif&tp=webp&wxfrom=5&wx_lazy=1
INFO: [ app_init ] --START--
INFO: Run Behavior\BuildLiteBehavior [ RunTime:0.000027s ]
INFO: [ app_init ] --END-- [ RunTime:0.000514s ]
ERR: 无法加载模块:Application

[ 2015-10-30T10:56:32+08:00 ] 36.32.0.248 /Application/Home/View/Public/bianjiqi/https://mmbiz.qlogo.cn/mmbiz/z9433rAGTDfiaaFED4iaX8CS6OIzViaEWFdYHqxw1jAtyo5296wzicjyFWsricb7jd6uRbdNdTZOFcIqveC0ISpbClg/0?wx_fmt=gif
INFO: [ app_init ] --START--
INFO: Run Behavior\BuildLiteBehavior [ RunTime:0.000027s ]
INFO: [ app_init ] --END-- [ RunTime:0.000529s ]
ERR: 无法加载模块:Application

[ 2015-10-30T10:56:32+08:00 ] 36.32.0.248 /Application/Home/View/Public/bianjiqi/https://mmbiz.qlogo.cn/mmbiz/SlzGSgJicOCyyFCCia7KrgN9uruqH8dB461o9ZgmIVbOdRSicIpLRPBuciaGl0YKedcIfpXGI9TEia3a14TFWdLNrgQ/0?wx_fmt=gif&tp=webp&wxfrom=5&wx_lazy=1
INFO: [ app_init ] --START--
INFO: Run Behavior\BuildLiteBehavior [ RunTime:0.000023s ]
INFO: [ app_init ] --END-- [ RunTime:0.000539s ]
ERR: 无法加载模块:Application

[ 2015-10-30T10:58:18+08:00 ] 36.32.0.248 /Application/Home/View/Public/bianjiqi/https://mp.weixin.qq.com
INFO: [ app_init ] --START--
INFO: Run Behavior\BuildLiteBehavior [ RunTime:0.000026s ]
INFO: [ app_init ] --END-- [ RunTime:0.000525s ]
ERR: 无法加载模块:Application

[ 2015-10-30T11:20:25+08:00 ] 36.32.0.248 /Application/Home/View/Public/bianjiqi/https://mmbiz.qlogo.cn/mmbiz/z9433rAGTDfiaaFED4iaX8CS6OIzViaEWFdYHqxw1jAtyo5296wzicjyFWsricb7jd6uRbdNdTZOFcIqveC0ISpbClg/0?wx_fmt=gif
INFO: [ app_init ] --START--
INFO: Run Behavior\BuildLiteBehavior [ RunTime:0.000028s ]
INFO: [ app_init ] --END-- [ RunTime:0.000564s ]
ERR: 无法加载模块:Application

[ 2015-10-30T11:20:25+08:00 ] 36.32.0.248 /Application/Home/View/Public/bianjiqi/https://mmbiz.qlogo.cn/mmbiz/SlzGSgJicOCyyFCCia7KrgN9uruqH8dB461o9ZgmIVbOdRSicIpLRPBuciaGl0YKedcIfpXGI9TEia3a14TFWdLNrgQ/0?wx_fmt=gif&tp=webp&wxfrom=5&wx_lazy=1
INFO: [ app_init ] --START--
INFO: Run Behavior\BuildLiteBehavior [ RunTime:0.000023s ]
INFO: [ app_init ] --END-- [ RunTime:0.000498s ]
ERR: 无法加载模块:Application

[ 2015-10-30T11:20:34+08:00 ] 36.32.0.248 /Application/Home/View/Public/bianjiqi/https://mmbiz.qlogo.cn/mmbiz/SlzGSgJicOCyyFCCia7KrgN9uruqH8dB461o9ZgmIVbOdRSicIpLRPBuciaGl0YKedcIfpXGI9TEia3a14TFWdLNrgQ/0?wx_fmt=gif&tp=webp&wxfrom=5&wx_lazy=1
INFO: [ app_init ] --START--
INFO: Run Behavior\BuildLiteBehavior [ RunTime:0.000028s ]
INFO: [ app_init ] --END-- [ RunTime:0.000575s ]
ERR: 无法加载模块:Application

[ 2015-10-30T11:20:34+08:00 ] 36.32.0.248 /Application/Home/View/Public/bianjiqi/https://mmbiz.qlogo.cn/mmbiz/z9433rAGTDfiaaFED4iaX8CS6OIzViaEWFdYHqxw1jAtyo5296wzicjyFWsricb7jd6uRbdNdTZOFcIqveC0ISpbClg/0?wx_fmt=gif
INFO: [ app_init ] --START--
INFO: Run Behavior\BuildLiteBehavior [ RunTime:0.000036s ]
INFO: [ app_init ] --END-- [ RunTime:0.000911s ]
ERR: 无法加载模块:Application

[ 2015-10-30T11:20:49+08:00 ] 36.32.0.248 /Application/Home/View/Public/bianjiqi/https://mmbiz.qlogo.cn/mmbiz/SlzGSgJicOCyyFCCia7KrgN9uruqH8dB461o9ZgmIVbOdRSicIpLRPBuciaGl0YKedcIfpXGI9TEia3a14TFWdLNrgQ/0?wx_fmt=gif&tp=webp&wxfrom=5&wx_lazy=1
INFO: [ app_init ] --START--
INFO: Run Behavior\BuildLiteBehavior [ RunTime:0.000034s ]
INFO: [ app_init ] --END-- [ RunTime:0.000647s ]
ERR: 无法加载模块:Application

[ 2015-10-30T11:20:49+08:00 ] 36.32.0.248 /Application/Home/View/Public/bianjiqi/https://mmbiz.qlogo.cn/mmbiz/z9433rAGTDfiaaFED4iaX8CS6OIzViaEWFdYHqxw1jAtyo5296wzicjyFWsricb7jd6uRbdNdTZOFcIqveC0ISpbClg/0?wx_fmt=gif
INFO: [ app_init ] --START--
INFO: Run Behavior\BuildLiteBehavior [ RunTime:0.000024s ]
INFO: [ app_init ] --END-- [ RunTime:0.000494s ]
ERR: 无法加载模块:Application

[ 2015-10-30T13:57:53+08:00 ] 36.32.0.248 /Application/Home/View/Public/bianjiqi/https://mmbiz.qlogo.cn/mmbiz/z9433rAGTDfiaaFED4iaX8CS6OIzViaEWFdYHqxw1jAtyo5296wzicjyFWsricb7jd6uRbdNdTZOFcIqveC0ISpbClg/0?wx_fmt=gif
INFO: [ app_init ] --START--
INFO: Run Behavior\BuildLiteBehavior [ RunTime:0.000029s ]
INFO: [ app_init ] --END-- [ RunTime:0.000670s ]
ERR: 无法加载模块:Application

[ 2015-10-30T13:57:53+08:00 ] 36.32.0.248 /Application/Home/View/Public/bianjiqi/https://mmbiz.qlogo.cn/mmbiz/SlzGSgJicOCyyFCCia7KrgN9uruqH8dB461o9ZgmIVbOdRSicIpLRPBuciaGl0YKedcIfpXGI9TEia3a14TFWdLNrgQ/0?wx_fmt=gif&tp=webp&wxfrom=5&wx_lazy=1
INFO: [ app_init ] --START--
INFO: Run Behavior\BuildLiteBehavior [ RunTime:0.000019s ]
INFO: [ app_init ] --END-- [ RunTime:0.000454s ]
ERR: 无法加载模块:Application

[ 2015-10-30T14:00:30+08:00 ] 36.32.0.248 /Application/Home/View/Public/bianjiqi/https://mmbiz.qlogo.cn/mmbiz/SlzGSgJicOCyyFCCia7KrgN9uruqH8dB461o9ZgmIVbOdRSicIpLRPBuciaGl0YKedcIfpXGI9TEia3a14TFWdLNrgQ/0?wx_fmt=gif&tp=webp&wxfrom=5&wx_lazy=1
INFO: [ app_init ] --START--
INFO: Run Behavior\BuildLiteBehavior [ RunTime:0.000026s ]
INFO: [ app_init ] --END-- [ RunTime:0.000544s ]
ERR: 无法加载模块:Application

[ 2015-10-30T14:00:30+08:00 ] 36.32.0.248 /Application/Home/View/Public/bianjiqi/https://mmbiz.qlogo.cn/mmbiz/z9433rAGTDfiaaFED4iaX8CS6OIzViaEWFdYHqxw1jAtyo5296wzicjyFWsricb7jd6uRbdNdTZOFcIqveC0ISpbClg/0?wx_fmt=gif
INFO: [ app_init ] --START--
INFO: Run Behavior\BuildLiteBehavior [ RunTime:0.000023s ]
INFO: [ app_init ] --END-- [ RunTime:0.006567s ]
ERR: 无法加载模块:Application

[ 2015-10-30T14:05:43+08:00 ] 36.32.0.248 /Application/Home/View/Public/bianjiqi/https://mmbiz.qlogo.cn/mmbiz/z9433rAGTDfiaaFED4iaX8CS6OIzViaEWFdYHqxw1jAtyo5296wzicjyFWsricb7jd6uRbdNdTZOFcIqveC0ISpbClg/0?wx_fmt=gif
INFO: [ app_init ] --START--
INFO: Run Behavior\BuildLiteBehavior [ RunTime:0.000027s ]
INFO: [ app_init ] --END-- [ RunTime:0.000532s ]
ERR: 无法加载模块:Application

[ 2015-10-30T14:05:43+08:00 ] 36.32.0.248 /Application/Home/View/Public/bianjiqi/https://mmbiz.qlogo.cn/mmbiz/SlzGSgJicOCyyFCCia7KrgN9uruqH8dB461o9ZgmIVbOdRSicIpLRPBuciaGl0YKedcIfpXGI9TEia3a14TFWdLNrgQ/0?wx_fmt=gif&tp=webp&wxfrom=5&wx_lazy=1
INFO: [ app_init ] --START--
INFO: Run Behavior\BuildLiteBehavior [ RunTime:0.000029s ]
INFO: [ app_init ] --END-- [ RunTime:0.000516s ]
ERR: 无法加载模块:Application

[ 2015-10-30T14:09:09+08:00 ] 36.32.0.248 /Application/Home/View/Public/bianjiqi/https://mmbiz.qlogo.cn/mmbiz/z9433rAGTDfiaaFED4iaX8CS6OIzViaEWFdYHqxw1jAtyo5296wzicjyFWsricb7jd6uRbdNdTZOFcIqveC0ISpbClg/0?wx_fmt=gif
INFO: [ app_init ] --START--
INFO: Run Behavior\BuildLiteBehavior [ RunTime:0.000024s ]
INFO: [ app_init ] --END-- [ RunTime:0.000532s ]
ERR: 无法加载模块:Application

[ 2015-10-30T14:09:09+08:00 ] 36.32.0.248 /Application/Home/View/Public/bianjiqi/https://mmbiz.qlogo.cn/mmbiz/SlzGSgJicOCyyFCCia7KrgN9uruqH8dB461o9ZgmIVbOdRSicIpLRPBuciaGl0YKedcIfpXGI9TEia3a14TFWdLNrgQ/0?wx_fmt=gif&tp=webp&wxfrom=5&wx_lazy=1
INFO: [ app_init ] --START--
INFO: Run Behavior\BuildLiteBehavior [ RunTime:0.000024s ]
INFO: [ app_init ] --END-- [ RunTime:0.000506s ]
ERR: 无法加载模块:Application

[ 2015-10-30T14:11:01+08:00 ] 36.32.0.248 /Application/Home/View/Public/bianjiqi/https://mmbiz.qlogo.cn/mmbiz/z9433rAGTDfiaaFED4iaX8CS6OIzViaEWFdYHqxw1jAtyo5296wzicjyFWsricb7jd6uRbdNdTZOFcIqveC0ISpbClg/0?wx_fmt=gif
INFO: [ app_init ] --START--
INFO: Run Behavior\BuildLiteBehavior [ RunTime:0.000029s ]
INFO: [ app_init ] --END-- [ RunTime:0.000503s ]
ERR: 无法加载模块:Application

[ 2015-10-30T14:11:01+08:00 ] 36.32.0.248 /Application/Home/View/Public/bianjiqi/https://mmbiz.qlogo.cn/mmbiz/SlzGSgJicOCyyFCCia7KrgN9uruqH8dB461o9ZgmIVbOdRSicIpLRPBuciaGl0YKedcIfpXGI9TEia3a14TFWdLNrgQ/0?wx_fmt=gif&tp=webp&wxfrom=5&wx_lazy=1
INFO: [ app_init ] --START--
INFO: Run Behavior\BuildLiteBehavior [ RunTime:0.000021s ]
INFO: [ app_init ] --END-- [ RunTime:0.000562s ]
ERR: 无法加载模块:Application

[ 2015-10-30T14:12:12+08:00 ] 36.32.0.248 /Application/Home/View/Public/bianjiqi/https://mmbiz.qlogo.cn/mmbiz/z9433rAGTDfiaaFED4iaX8CS6OIzViaEWFdYHqxw1jAtyo5296wzicjyFWsricb7jd6uRbdNdTZOFcIqveC0ISpbClg/0?wx_fmt=gif
INFO: [ app_init ] --START--
INFO: Run Behavior\BuildLiteBehavior [ RunTime:0.000021s ]
INFO: [ app_init ] --END-- [ RunTime:0.000501s ]
ERR: 无法加载模块:Application

[ 2015-10-30T14:12:12+08:00 ] 36.32.0.248 /Application/Home/View/Public/bianjiqi/https://mmbiz.qlogo.cn/mmbiz/SlzGSgJicOCyyFCCia7KrgN9uruqH8dB461o9ZgmIVbOdRSicIpLRPBuciaGl0YKedcIfpXGI9TEia3a14TFWdLNrgQ/0?wx_fmt=gif&tp=webp&wxfrom=5&wx_lazy=1
INFO: [ app_init ] --START--
INFO: Run Behavior\BuildLiteBehavior [ RunTime:0.000026s ]
INFO: [ app_init ] --END-- [ RunTime:0.000572s ]
ERR: 无法加载模块:Application

[ 2015-10-30T14:12:34+08:00 ] 36.32.0.248 /Application/Home/View/Public/bianjiqi/https://mmbiz.qlogo.cn/mmbiz/z9433rAGTDfiaaFED4iaX8CS6OIzViaEWFdYHqxw1jAtyo5296wzicjyFWsricb7jd6uRbdNdTZOFcIqveC0ISpbClg/0?wx_fmt=gif
INFO: [ app_init ] --START--
INFO: Run Behavior\BuildLiteBehavior [ RunTime:0.000021s ]
INFO: [ app_init ] --END-- [ RunTime:0.000496s ]
ERR: 无法加载模块:Application

[ 2015-10-30T14:12:34+08:00 ] 36.32.0.248 /Application/Home/View/Public/bianjiqi/https://mmbiz.qlogo.cn/mmbiz/SlzGSgJicOCyyFCCia7KrgN9uruqH8dB461o9ZgmIVbOdRSicIpLRPBuciaGl0YKedcIfpXGI9TEia3a14TFWdLNrgQ/0?wx_fmt=gif&tp=webp&wxfrom=5&wx_lazy=1
INFO: [ app_init ] --START--
INFO: Run Behavior\BuildLiteBehavior [ RunTime:0.000021s ]
INFO: [ app_init ] --END-- [ RunTime:0.000488s ]
ERR: 无法加载模块:Application

[ 2015-10-30T14:12:39+08:00 ] 36.32.0.248 /Application/Home/View/Public/bianjiqi/https://mmbiz.qlogo.cn/mmbiz/SlzGSgJicOCyyFCCia7KrgN9uruqH8dB461o9ZgmIVbOdRSicIpLRPBuciaGl0YKedcIfpXGI9TEia3a14TFWdLNrgQ/0?wx_fmt=gif&tp=webp&wxfrom=5&wx_lazy=1
INFO: [ app_init ] --START--
INFO: Run Behavior\BuildLiteBehavior [ RunTime:0.000030s ]
INFO: [ app_init ] --END-- [ RunTime:0.000592s ]
ERR: 无法加载模块:Application

[ 2015-10-30T14:12:39+08:00 ] 36.32.0.248 /Application/Home/View/Public/bianjiqi/https://mmbiz.qlogo.cn/mmbiz/z9433rAGTDfiaaFED4iaX8CS6OIzViaEWFdYHqxw1jAtyo5296wzicjyFWsricb7jd6uRbdNdTZOFcIqveC0ISpbClg/0?wx_fmt=gif
INFO: [ app_init ] --START--
INFO: Run Behavior\BuildLiteBehavior [ RunTime:0.000020s ]
INFO: [ app_init ] --END-- [ RunTime:0.000467s ]
ERR: 无法加载模块:Application

[ 2015-10-30T14:12:40+08:00 ] 36.32.0.248 /Application/Home/View/Public/bianjiqi/https://mmbiz.qlogo.cn/mmbiz/z9433rAGTDfiaaFED4iaX8CS6OIzViaEWFdYHqxw1jAtyo5296wzicjyFWsricb7jd6uRbdNdTZOFcIqveC0ISpbClg/0?wx_fmt=gif
INFO: [ app_init ] --START--
INFO: Run Behavior\BuildLiteBehavior [ RunTime:0.000033s ]
INFO: [ app_init ] --END-- [ RunTime:0.000601s ]
ERR: 无法加载模块:Application

[ 2015-10-30T14:12:40+08:00 ] 36.32.0.248 /Application/Home/View/Public/bianjiqi/https://mmbiz.qlogo.cn/mmbiz/SlzGSgJicOCyyFCCia7KrgN9uruqH8dB461o9ZgmIVbOdRSicIpLRPBuciaGl0YKedcIfpXGI9TEia3a14TFWdLNrgQ/0?wx_fmt=gif&tp=webp&wxfrom=5&wx_lazy=1
INFO: [ app_init ] --START--
INFO: Run Behavior\BuildLiteBehavior [ RunTime:0.000020s ]
INFO: [ app_init ] --END-- [ RunTime:0.000485s ]
ERR: 无法加载模块:Application

[ 2015-10-30T14:27:34+08:00 ] 36.32.0.248 /Application/Home/View/Public/bianjiqi/style/js/ZeroClipboard.min.map
INFO: [ app_init ] --START--
INFO: Run Behavior\BuildLiteBehavior [ RunTime:0.000028s ]
INFO: [ app_init ] --END-- [ RunTime:0.000535s ]
ERR: 无法加载模块:Application

[ 2015-10-30T14:29:38+08:00 ] 36.32.0.248 /Application/Home/View/Public/bianjiqi/style/js/ZeroClipboard.min.map
INFO: [ app_init ] --START--
INFO: Run Behavior\BuildLiteBehavior [ RunTime:0.000024s ]
INFO: [ app_init ] --END-- [ RunTime:0.000529s ]
ERR: 无法加载模块:Application

[ 2015-10-30T14:29:40+08:00 ] 36.32.0.248 /Application/Home/View/Public/bianjiqi/https://mmbiz.qlogo.cn/mmbiz/z9433rAGTDfiaaFED4iaX8CS6OIzViaEWFdYHqxw1jAtyo5296wzicjyFWsricb7jd6uRbdNdTZOFcIqveC0ISpbClg/0?wx_fmt=gif
INFO: [ app_init ] --START--
INFO: Run Behavior\BuildLiteBehavior [ RunTime:0.000026s ]
INFO: [ app_init ] --END-- [ RunTime:0.000548s ]
ERR: 无法加载模块:Application

[ 2015-10-30T14:29:40+08:00 ] 36.32.0.248 /Application/Home/View/Public/bianjiqi/https://mmbiz.qlogo.cn/mmbiz/SlzGSgJicOCyyFCCia7KrgN9uruqH8dB461o9ZgmIVbOdRSicIpLRPBuciaGl0YKedcIfpXGI9TEia3a14TFWdLNrgQ/0?wx_fmt=gif&tp=webp&wxfrom=5&wx_lazy=1
INFO: [ app_init ] --START--
INFO: Run Behavior\BuildLiteBehavior [ RunTime:0.000024s ]
INFO: [ app_init ] --END-- [ RunTime:0.000522s ]
ERR: 无法加载模块:Application

[ 2015-10-30T14:29:41+08:00 ] 36.32.0.248 /Application/Home/View/Public/bianjiqi/https://mmbiz.qlogo.cn/mmbiz/z9433rAGTDfiaaFED4iaX8CS6OIzViaEWFdYHqxw1jAtyo5296wzicjyFWsricb7jd6uRbdNdTZOFcIqveC0ISpbClg/0?wx_fmt=gif
INFO: [ app_init ] --START--
INFO: Run Behavior\BuildLiteBehavior [ RunTime:0.000022s ]
INFO: [ app_init ] --END-- [ RunTime:0.000454s ]
ERR: 无法加载模块:Application

[ 2015-10-30T14:29:41+08:00 ] 36.32.0.248 /Application/Home/View/Public/bianjiqi/https://mmbiz.qlogo.cn/mmbiz/SlzGSgJicOCyyFCCia7KrgN9uruqH8dB461o9ZgmIVbOdRSicIpLRPBuciaGl0YKedcIfpXGI9TEia3a14TFWdLNrgQ/0?wx_fmt=gif&tp=webp&wxfrom=5&wx_lazy=1
INFO: [ app_init ] --START--
INFO: Run Behavior\BuildLiteBehavior [ RunTime:0.000026s ]
INFO: [ app_init ] --END-- [ RunTime:0.000538s ]
ERR: 无法加载模块:Application

[ 2015-10-30T14:33:10+08:00 ] 36.32.0.248 /Application/Home/View/Public/bianjiqi/https://mmbiz.qlogo.cn/mmbiz/z9433rAGTDfiaaFED4iaX8CS6OIzViaEWFdYHqxw1jAtyo5296wzicjyFWsricb7jd6uRbdNdTZOFcIqveC0ISpbClg/0?wx_fmt=gif
INFO: [ app_init ] --START--
INFO: Run Behavior\BuildLiteBehavior [ RunTime:0.000028s ]
INFO: [ app_init ] --END-- [ RunTime:0.000520s ]
ERR: 无法加载模块:Application

[ 2015-10-30T14:33:10+08:00 ] 36.32.0.248 /Application/Home/View/Public/bianjiqi/https://mmbiz.qlogo.cn/mmbiz/SlzGSgJicOCyyFCCia7KrgN9uruqH8dB461o9ZgmIVbOdRSicIpLRPBuciaGl0YKedcIfpXGI9TEia3a14TFWdLNrgQ/0?wx_fmt=gif&tp=webp&wxfrom=5&wx_lazy=1
INFO: [ app_init ] --START--
INFO: Run Behavior\BuildLiteBehavior [ RunTime:0.000028s ]
INFO: [ app_init ] --END-- [ RunTime:0.000562s ]
ERR: 无法加载模块:Application

[ 2015-10-30T14:34:00+08:00 ] 36.32.0.248 /Application/Home/View/Public/bianjiqi/https://mp.weixin.qq.com
INFO: [ app_init ] --START--
INFO: Run Behavior\BuildLiteBehavior [ RunTime:0.000024s ]
INFO: [ app_init ] --END-- [ RunTime:0.000533s ]
ERR: 无法加载模块:Application

