[ 2015-11-21T13:10:18+08:00 ] 111.161.57.49 /7b26d4601fbe440b35e496a0fcfa15f7/shoplogo/c621aba3acb7bdc5daf82967719c0e4a
INFO: [ app_init ] --START--
INFO: Run Behavior\BuildLiteBehavior [ RunTime:0.000073s ]
INFO: [ app_init ] --END-- [ RunTime:0.000542s ]
ERR: 无法加载模块:7b26d4601fbe440b35e496a0fcfa15f7

[ 2015-11-21T13:10:18+08:00 ] 111.161.57.49 /7b26d4601fbe440b35e496a0fcfa15f7/getNewMsg/?portalID=c621aba3acb7bdc5daf82967719c0e4a&usermac=30c7ae995c53
INFO: [ app_init ] --START--
INFO: Run Behavior\BuildLiteBehavior [ RunTime:0.000021s ]
INFO: [ app_init ] --END-- [ RunTime:0.000465s ]
ERR: 无法加载模块:7b26d4601fbe440b35e496a0fcfa15f7

[ 2015-11-21T13:10:19+08:00 ] 111.161.57.49 /7b26d4601fbe440b35e496a0fcfa15f7/getNewMsg/?portalID=c621aba3acb7bdc5daf82967719c0e4a&usermac=30c7ae995c53
INFO: [ app_init ] --START--
INFO: Run Behavior\BuildLiteBehavior [ RunTime:0.000027s ]
INFO: [ app_init ] --END-- [ RunTime:0.000552s ]
ERR: 无法加载模块:7b26d4601fbe440b35e496a0fcfa15f7

[ 2015-11-21T13:10:21+08:00 ] 111.161.57.49 /7b26d4601fbe440b35e496a0fcfa15f7/shoplogo/c621aba3acb7bdc5daf82967719c0e4a
INFO: [ app_init ] --START--
INFO: Run Behavior\BuildLiteBehavior [ RunTime:0.000022s ]
INFO: [ app_init ] --END-- [ RunTime:0.000476s ]
ERR: 无法加载模块:7b26d4601fbe440b35e496a0fcfa15f7

[ 2015-11-21T13:10:21+08:00 ] 111.161.57.49 /7b26d4601fbe440b35e496a0fcfa15f7/getNewMsg/?portalID=c621aba3acb7bdc5daf82967719c0e4a&usermac=30c7ae995c53
INFO: [ app_init ] --START--
INFO: Run Behavior\BuildLiteBehavior [ RunTime:0.000021s ]
INFO: [ app_init ] --END-- [ RunTime:0.000490s ]
ERR: 无法加载模块:7b26d4601fbe440b35e496a0fcfa15f7

[ 2015-11-21T13:10:23+08:00 ] 111.161.57.49 /7b26d4601fbe440b35e496a0fcfa15f7/shoplogo/c621aba3acb7bdc5daf82967719c0e4a
INFO: [ app_init ] --START--
INFO: Run Behavior\BuildLiteBehavior [ RunTime:0.000021s ]
INFO: [ app_init ] --END-- [ RunTime:0.000490s ]
ERR: 无法加载模块:7b26d4601fbe440b35e496a0fcfa15f7

[ 2015-11-21T13:10:23+08:00 ] 111.161.57.49 /7b26d4601fbe440b35e496a0fcfa15f7/getNewMsg/?portalID=c621aba3acb7bdc5daf82967719c0e4a&usermac=30c7ae995c53
INFO: [ app_init ] --START--
INFO: Run Behavior\BuildLiteBehavior [ RunTime:0.000026s ]
INFO: [ app_init ] --END-- [ RunTime:0.000525s ]
ERR: 无法加载模块:7b26d4601fbe440b35e496a0fcfa15f7

[ 2015-11-21T13:10:24+08:00 ] 101.226.125.115 /7b26d4601fbe440b35e496a0fcfa15f7/shoplogo/c621aba3acb7bdc5daf82967719c0e4a
INFO: [ app_init ] --START--
INFO: Run Behavior\BuildLiteBehavior [ RunTime:0.000022s ]
INFO: [ app_init ] --END-- [ RunTime:0.000490s ]
ERR: 无法加载模块:7b26d4601fbe440b35e496a0fcfa15f7

[ 2015-11-21T13:10:24+08:00 ] 111.161.57.49 /7b26d4601fbe440b35e496a0fcfa15f7/getNewMsg/?portalID=c621aba3acb7bdc5daf82967719c0e4a&usermac=30c7ae995c53
INFO: [ app_init ] --START--
INFO: Run Behavior\BuildLiteBehavior [ RunTime:0.000021s ]
INFO: [ app_init ] --END-- [ RunTime:0.000492s ]
ERR: 无法加载模块:7b26d4601fbe440b35e496a0fcfa15f7

[ 2015-11-21T13:10:26+08:00 ] 111.161.57.49 /7b26d4601fbe440b35e496a0fcfa15f7/shoplogo/c621aba3acb7bdc5daf82967719c0e4a
INFO: [ app_init ] --START--
INFO: Run Behavior\BuildLiteBehavior [ RunTime:0.000023s ]
INFO: [ app_init ] --END-- [ RunTime:0.000482s ]
ERR: 无法加载模块:7b26d4601fbe440b35e496a0fcfa15f7

[ 2015-11-21T13:10:26+08:00 ] 111.161.57.49 /7b26d4601fbe440b35e496a0fcfa15f7/getNewMsg/?portalID=c621aba3acb7bdc5daf82967719c0e4a&usermac=30c7ae995c53
INFO: [ app_init ] --START--
INFO: Run Behavior\BuildLiteBehavior [ RunTime:0.000021s ]
INFO: [ app_init ] --END-- [ RunTime:0.000500s ]
ERR: 无法加载模块:7b26d4601fbe440b35e496a0fcfa15f7

[ 2015-11-21T13:10:26+08:00 ] 111.161.57.49 /7b26d4601fbe440b35e496a0fcfa15f7/getNewMsg/?portalID=c621aba3acb7bdc5daf82967719c0e4a&usermac=30c7ae995c53
INFO: [ app_init ] --START--
INFO: Run Behavior\BuildLiteBehavior [ RunTime:0.000021s ]
INFO: [ app_init ] --END-- [ RunTime:0.000485s ]
ERR: 无法加载模块:7b26d4601fbe440b35e496a0fcfa15f7

