[ 2015-11-23T16:41:05+08:00 ] ::1 /backup/wxtest/Application/Home/View/Public/bianjiqi/js/jquery1.42.min.js
INFO: [ app_init ] --START--
INFO: Run Behavior\BuildLiteBehavior [ RunTime:0.000087s ]
INFO: [ app_init ] --END-- [ RunTime:0.002722s ]
ERR: 无法加载模块:Application

[ 2015-11-23T16:41:05+08:00 ] ::1 /backup/wxtest/Application/Home/View/Public/bianjiqi/images/img.jpg
INFO: [ app_init ] --START--
INFO: Run Behavior\BuildLiteBehavior [ RunTime:0.000056s ]
INFO: [ app_init ] --END-- [ RunTime:0.000861s ]
ERR: 无法加载模块:Application

[ 2015-11-23T16:41:27+08:00 ] ::1 /backup/wxtest/Application/Home/View/Public/bianjiqi/js/jquery1.42.min.js
INFO: [ app_init ] --START--
INFO: Run Behavior\BuildLiteBehavior [ RunTime:0.000053s ]
INFO: [ app_init ] --END-- [ RunTime:0.000853s ]
ERR: 无法加载模块:Application

[ 2015-11-23T16:41:27+08:00 ] ::1 /backup/wxtest/Application/Home/View/Public/bianjiqi/images/img.jpg
INFO: [ app_init ] --START--
INFO: Run Behavior\BuildLiteBehavior [ RunTime:0.000053s ]
INFO: [ app_init ] --END-- [ RunTime:0.000837s ]
ERR: 无法加载模块:Application

[ 2015-11-23T16:41:28+08:00 ] ::1 /backup/wxtest/Application/Home/View/Public/bianjiqi/images/img.jpg
INFO: [ app_init ] --START--
INFO: Run Behavior\BuildLiteBehavior [ RunTime:0.000037s ]
INFO: [ app_init ] --END-- [ RunTime:0.000738s ]
ERR: 无法加载模块:Application

[ 2015-11-23T16:41:30+08:00 ] ::1 /backup/wxtest/Application/Home/View/Public/bianjiqi/favicon.ico
INFO: [ app_init ] --START--
INFO: Run Behavior\BuildLiteBehavior [ RunTime:0.000057s ]
INFO: [ app_init ] --END-- [ RunTime:0.000927s ]
ERR: 无法加载模块:Application

