[ 2015-11-13T11:10:02+08:00 ] 36.32.0.248 /Application/Home/View/Public/bianjiqi/https://mmbiz.qlogo.cn/mmbiz/z9433rAGTDfiaaFED4iaX8CS6OIzViaEWFdYHqxw1jAtyo5296wzicjyFWsricb7jd6uRbdNdTZOFcIqveC0ISpbClg/0?wx_fmt=gif
INFO: [ app_init ] --START--
INFO: Run Behavior\BuildLiteBehavior [ RunTime:0.000025s ]
INFO: [ app_init ] --END-- [ RunTime:0.000559s ]
ERR: 无法加载模块:Application

[ 2015-11-13T11:10:02+08:00 ] 36.32.0.248 /Application/Home/View/Public/bianjiqi/https://mmbiz.qlogo.cn/mmbiz/SlzGSgJicOCyyFCCia7KrgN9uruqH8dB461o9ZgmIVbOdRSicIpLRPBuciaGl0YKedcIfpXGI9TEia3a14TFWdLNrgQ/0?wx_fmt=gif&tp=webp&wxfrom=5&wx_lazy=1
INFO: [ app_init ] --START--
INFO: Run Behavior\BuildLiteBehavior [ RunTime:0.000022s ]
INFO: [ app_init ] --END-- [ RunTime:0.000508s ]
ERR: 无法加载模块:Application

[ 2015-11-13T11:10:02+08:00 ] 180.153.163.191 /Application/Home/View/Public/bianjiqi/https://mmbiz.qlogo.cn/mmbiz/z9433rAGTDfiaaFED4iaX8CS6OIzViaEWFdYHqxw1jAtyo5296wzicjyFWsricb7jd6uRbdNdTZOFcIqveC0ISpbClg/0?wx_fmt=gif
INFO: [ app_init ] --START--
INFO: Run Behavior\BuildLiteBehavior [ RunTime:0.000026s ]
INFO: [ app_init ] --END-- [ RunTime:0.000507s ]
ERR: 无法加载模块:Application

[ 2015-11-13T11:10:02+08:00 ] 101.226.33.220 /Application/Home/View/Public/bianjiqi/https://mmbiz.qlogo.cn/mmbiz/SlzGSgJicOCyyFCCia7KrgN9uruqH8dB461o9ZgmIVbOdRSicIpLRPBuciaGl0YKedcIfpXGI9TEia3a14TFWdLNrgQ/0?wx_fmt=gif&tp=webp&wxfrom=5&wx_lazy=1
INFO: [ app_init ] --START--
INFO: Run Behavior\BuildLiteBehavior [ RunTime:0.000020s ]
INFO: [ app_init ] --END-- [ RunTime:0.000467s ]
ERR: 无法加载模块:Application

